
*** Running vivado
    with args -log design_1_axis_subset_converter_1_0.vds -m64 -product Vivado -mode batch -messageDb vivado.pb -notrace -source design_1_axis_subset_converter_1_0.tcl


****** Vivado v2025.1 (64-bit)
  **** SW Build 6140274 on Wed May 21 22:58:25 MDT 2025
  **** IP Build 6138677 on Thu May 22 03:10:11 MDT 2025
  **** SharedData Build 6139179 on Tue May 20 17:58:58 MDT 2025
  **** Start of session at: Thu Mar 26 14:13:55 2026
    ** Copyright 1986-2022 Xilinx, Inc. All Rights Reserved.
    ** Copyright 2022-2025 Advanced Micro Devices, Inc. All Rights Reserved.

source design_1_axis_subset_converter_1_0.tcl -notrace
create_project: Time (s): cpu = 00:00:10 ; elapsed = 00:00:05 . Memory (MB): peak = 1547.668 ; gain = 64.059 ; free physical = 180 ; free virtual = 18950
INFO: [IP_Flow 19-234] Refreshing IP repositories
INFO: [IP_Flow 19-1700] Loaded user IP repository '/media/thifj/923884033883E497/Linux_usable/hls4ml/projeto_hls_saida/myproject_prj/solution1/impl/ip'.
INFO: [IP_Flow 19-2313] Loaded Vivado IP repository '/home/thifj/Desktop/Xilinx/2025.1/Vivado/data/ip'.
Command: synth_design -top design_1_axis_subset_converter_1_0 -part xczu7ev-ffvc1156-2-e -incremental_mode off -mode out_of_context
Starting synth_design
Attempting to get a license for feature 'Synthesis' and/or device 'xczu7ev'
INFO: [Common 17-349] Got license for feature 'Synthesis' and/or device 'xczu7ev'
INFO: [Device 21-403] Loading part xczu7ev-ffvc1156-2-e
INFO: [Synth 8-7079] Multithreading enabled for synth_design using a maximum of 7 processes.
INFO: [Synth 8-7078] Launching helper process for spawning children vivado processes
INFO: [Synth 8-7075] Helper process launched with PID 15328
---------------------------------------------------------------------------------
Starting RTL Elaboration : Time (s): cpu = 00:00:05 ; elapsed = 00:00:07 . Memory (MB): peak = 2824.199 ; gain = 145.859 ; free physical = 183 ; free virtual = 7423
---------------------------------------------------------------------------------
INFO: [Synth 8-6157] synthesizing module 'design_1_axis_subset_converter_1_0' [/media/thifj/923884033883E497/Linux_usable/hls4ml/vivado_project/hlsforml/hlsforml.gen/sources_1/bd/design_1/ip/design_1_axis_subset_converter_1_0/synth/design_1_axis_subset_converter_1_0.v:53]
INFO: [Synth 8-6157] synthesizing module 'top_design_1_axis_subset_converter_1_0' [/media/thifj/923884033883E497/Linux_usable/hls4ml/vivado_project/hlsforml/hlsforml.gen/sources_1/bd/design_1/ip/design_1_axis_subset_converter_1_0/hdl/top_design_1_axis_subset_converter_1_0.v:60]
INFO: [Synth 8-6157] synthesizing module 'axis_subset_converter_v1_1_35_core' [/media/thifj/923884033883E497/Linux_usable/hls4ml/vivado_project/hlsforml/hlsforml.gen/sources_1/bd/design_1/ipshared/26da/hdl/axis_subset_converter_v1_1_vl_rfs.v:61]
INFO: [Synth 8-6155] done synthesizing module 'axis_subset_converter_v1_1_35_core' (0#1) [/media/thifj/923884033883E497/Linux_usable/hls4ml/vivado_project/hlsforml/hlsforml.gen/sources_1/bd/design_1/ipshared/26da/hdl/axis_subset_converter_v1_1_vl_rfs.v:61]
INFO: [Synth 8-6157] synthesizing module 'tdata_design_1_axis_subset_converter_1_0' [/media/thifj/923884033883E497/Linux_usable/hls4ml/vivado_project/hlsforml/hlsforml.gen/sources_1/bd/design_1/ip/design_1_axis_subset_converter_1_0/hdl/tdata_design_1_axis_subset_converter_1_0.v:48]
INFO: [Synth 8-6155] done synthesizing module 'tdata_design_1_axis_subset_converter_1_0' (0#1) [/media/thifj/923884033883E497/Linux_usable/hls4ml/vivado_project/hlsforml/hlsforml.gen/sources_1/bd/design_1/ip/design_1_axis_subset_converter_1_0/hdl/tdata_design_1_axis_subset_converter_1_0.v:48]
INFO: [Synth 8-6157] synthesizing module 'tuser_design_1_axis_subset_converter_1_0' [/media/thifj/923884033883E497/Linux_usable/hls4ml/vivado_project/hlsforml/hlsforml.gen/sources_1/bd/design_1/ip/design_1_axis_subset_converter_1_0/hdl/tuser_design_1_axis_subset_converter_1_0.v:48]
INFO: [Synth 8-6155] done synthesizing module 'tuser_design_1_axis_subset_converter_1_0' (0#1) [/media/thifj/923884033883E497/Linux_usable/hls4ml/vivado_project/hlsforml/hlsforml.gen/sources_1/bd/design_1/ip/design_1_axis_subset_converter_1_0/hdl/tuser_design_1_axis_subset_converter_1_0.v:48]
INFO: [Synth 8-6157] synthesizing module 'tid_design_1_axis_subset_converter_1_0' [/media/thifj/923884033883E497/Linux_usable/hls4ml/vivado_project/hlsforml/hlsforml.gen/sources_1/bd/design_1/ip/design_1_axis_subset_converter_1_0/hdl/tid_design_1_axis_subset_converter_1_0.v:48]
INFO: [Synth 8-6155] done synthesizing module 'tid_design_1_axis_subset_converter_1_0' (0#1) [/media/thifj/923884033883E497/Linux_usable/hls4ml/vivado_project/hlsforml/hlsforml.gen/sources_1/bd/design_1/ip/design_1_axis_subset_converter_1_0/hdl/tid_design_1_axis_subset_converter_1_0.v:48]
INFO: [Synth 8-6157] synthesizing module 'tdest_design_1_axis_subset_converter_1_0' [/media/thifj/923884033883E497/Linux_usable/hls4ml/vivado_project/hlsforml/hlsforml.gen/sources_1/bd/design_1/ip/design_1_axis_subset_converter_1_0/hdl/tdest_design_1_axis_subset_converter_1_0.v:48]
INFO: [Synth 8-6155] done synthesizing module 'tdest_design_1_axis_subset_converter_1_0' (0#1) [/media/thifj/923884033883E497/Linux_usable/hls4ml/vivado_project/hlsforml/hlsforml.gen/sources_1/bd/design_1/ip/design_1_axis_subset_converter_1_0/hdl/tdest_design_1_axis_subset_converter_1_0.v:48]
INFO: [Synth 8-6157] synthesizing module 'tstrb_design_1_axis_subset_converter_1_0' [/media/thifj/923884033883E497/Linux_usable/hls4ml/vivado_project/hlsforml/hlsforml.gen/sources_1/bd/design_1/ip/design_1_axis_subset_converter_1_0/hdl/tstrb_design_1_axis_subset_converter_1_0.v:48]
INFO: [Synth 8-6155] done synthesizing module 'tstrb_design_1_axis_subset_converter_1_0' (0#1) [/media/thifj/923884033883E497/Linux_usable/hls4ml/vivado_project/hlsforml/hlsforml.gen/sources_1/bd/design_1/ip/design_1_axis_subset_converter_1_0/hdl/tstrb_design_1_axis_subset_converter_1_0.v:48]
INFO: [Synth 8-6157] synthesizing module 'tkeep_design_1_axis_subset_converter_1_0' [/media/thifj/923884033883E497/Linux_usable/hls4ml/vivado_project/hlsforml/hlsforml.gen/sources_1/bd/design_1/ip/design_1_axis_subset_converter_1_0/hdl/tkeep_design_1_axis_subset_converter_1_0.v:48]
INFO: [Synth 8-6155] done synthesizing module 'tkeep_design_1_axis_subset_converter_1_0' (0#1) [/media/thifj/923884033883E497/Linux_usable/hls4ml/vivado_project/hlsforml/hlsforml.gen/sources_1/bd/design_1/ip/design_1_axis_subset_converter_1_0/hdl/tkeep_design_1_axis_subset_converter_1_0.v:48]
INFO: [Synth 8-6157] synthesizing module 'tlast_design_1_axis_subset_converter_1_0' [/media/thifj/923884033883E497/Linux_usable/hls4ml/vivado_project/hlsforml/hlsforml.gen/sources_1/bd/design_1/ip/design_1_axis_subset_converter_1_0/hdl/tlast_design_1_axis_subset_converter_1_0.v:48]
INFO: [Synth 8-6155] done synthesizing module 'tlast_design_1_axis_subset_converter_1_0' (0#1) [/media/thifj/923884033883E497/Linux_usable/hls4ml/vivado_project/hlsforml/hlsforml.gen/sources_1/bd/design_1/ip/design_1_axis_subset_converter_1_0/hdl/tlast_design_1_axis_subset_converter_1_0.v:48]
INFO: [Synth 8-6155] done synthesizing module 'top_design_1_axis_subset_converter_1_0' (0#1) [/media/thifj/923884033883E497/Linux_usable/hls4ml/vivado_project/hlsforml/hlsforml.gen/sources_1/bd/design_1/ip/design_1_axis_subset_converter_1_0/hdl/top_design_1_axis_subset_converter_1_0.v:60]
INFO: [Synth 8-6155] done synthesizing module 'design_1_axis_subset_converter_1_0' (0#1) [/media/thifj/923884033883E497/Linux_usable/hls4ml/vivado_project/hlsforml/hlsforml.gen/sources_1/bd/design_1/ip/design_1_axis_subset_converter_1_0/synth/design_1_axis_subset_converter_1_0.v:53]
WARNING: [Synth 8-7129] Port tid[0] in module tlast_design_1_axis_subset_converter_1_0 is either unconnected or has no load
WARNING: [Synth 8-7129] Port tdata[511] in module tlast_design_1_axis_subset_converter_1_0 is either unconnected or has no load
WARNING: [Synth 8-7129] Port tdata[510] in module tlast_design_1_axis_subset_converter_1_0 is either unconnected or has no load
WARNING: [Synth 8-7129] Port tdata[509] in module tlast_design_1_axis_subset_converter_1_0 is either unconnected or has no load
WARNING: [Synth 8-7129] Port tdata[508] in module tlast_design_1_axis_subset_converter_1_0 is either unconnected or has no load
WARNING: [Synth 8-7129] Port tdata[507] in module tlast_design_1_axis_subset_converter_1_0 is either unconnected or has no load
WARNING: [Synth 8-7129] Port tdata[506] in module tlast_design_1_axis_subset_converter_1_0 is either unconnected or has no load
WARNING: [Synth 8-7129] Port tdata[505] in module tlast_design_1_axis_subset_converter_1_0 is either unconnected or has no load
WARNING: [Synth 8-7129] Port tdata[504] in module tlast_design_1_axis_subset_converter_1_0 is either unconnected or has no load
WARNING: [Synth 8-7129] Port tdata[503] in module tlast_design_1_axis_subset_converter_1_0 is either unconnected or has no load
WARNING: [Synth 8-7129] Port tdata[502] in module tlast_design_1_axis_subset_converter_1_0 is either unconnected or has no load
WARNING: [Synth 8-7129] Port tdata[501] in module tlast_design_1_axis_subset_converter_1_0 is either unconnected or has no load
WARNING: [Synth 8-7129] Port tdata[500] in module tlast_design_1_axis_subset_converter_1_0 is either unconnected or has no load
WARNING: [Synth 8-7129] Port tdata[499] in module tlast_design_1_axis_subset_converter_1_0 is either unconnected or has no load
WARNING: [Synth 8-7129] Port tdata[498] in module tlast_design_1_axis_subset_converter_1_0 is either unconnected or has no load
WARNING: [Synth 8-7129] Port tdata[497] in module tlast_design_1_axis_subset_converter_1_0 is either unconnected or has no load
WARNING: [Synth 8-7129] Port tdata[496] in module tlast_design_1_axis_subset_converter_1_0 is either unconnected or has no load
WARNING: [Synth 8-7129] Port tdata[495] in module tlast_design_1_axis_subset_converter_1_0 is either unconnected or has no load
WARNING: [Synth 8-7129] Port tdata[494] in module tlast_design_1_axis_subset_converter_1_0 is either unconnected or has no load
WARNING: [Synth 8-7129] Port tdata[493] in module tlast_design_1_axis_subset_converter_1_0 is either unconnected or has no load
WARNING: [Synth 8-7129] Port tdata[492] in module tlast_design_1_axis_subset_converter_1_0 is either unconnected or has no load
WARNING: [Synth 8-7129] Port tdata[491] in module tlast_design_1_axis_subset_converter_1_0 is either unconnected or has no load
WARNING: [Synth 8-7129] Port tdata[490] in module tlast_design_1_axis_subset_converter_1_0 is either unconnected or has no load
WARNING: [Synth 8-7129] Port tdata[489] in module tlast_design_1_axis_subset_converter_1_0 is either unconnected or has no load
WARNING: [Synth 8-7129] Port tdata[488] in module tlast_design_1_axis_subset_converter_1_0 is either unconnected or has no load
WARNING: [Synth 8-7129] Port tdata[487] in module tlast_design_1_axis_subset_converter_1_0 is either unconnected or has no load
WARNING: [Synth 8-7129] Port tdata[486] in module tlast_design_1_axis_subset_converter_1_0 is either unconnected or has no load
WARNING: [Synth 8-7129] Port tdata[485] in module tlast_design_1_axis_subset_converter_1_0 is either unconnected or has no load
WARNING: [Synth 8-7129] Port tdata[484] in module tlast_design_1_axis_subset_converter_1_0 is either unconnected or has no load
WARNING: [Synth 8-7129] Port tdata[483] in module tlast_design_1_axis_subset_converter_1_0 is either unconnected or has no load
WARNING: [Synth 8-7129] Port tdata[482] in module tlast_design_1_axis_subset_converter_1_0 is either unconnected or has no load
WARNING: [Synth 8-7129] Port tdata[481] in module tlast_design_1_axis_subset_converter_1_0 is either unconnected or has no load
WARNING: [Synth 8-7129] Port tdata[480] in module tlast_design_1_axis_subset_converter_1_0 is either unconnected or has no load
WARNING: [Synth 8-7129] Port tdata[479] in module tlast_design_1_axis_subset_converter_1_0 is either unconnected or has no load
WARNING: [Synth 8-7129] Port tdata[478] in module tlast_design_1_axis_subset_converter_1_0 is either unconnected or has no load
WARNING: [Synth 8-7129] Port tdata[477] in module tlast_design_1_axis_subset_converter_1_0 is either unconnected or has no load
WARNING: [Synth 8-7129] Port tdata[476] in module tlast_design_1_axis_subset_converter_1_0 is either unconnected or has no load
WARNING: [Synth 8-7129] Port tdata[475] in module tlast_design_1_axis_subset_converter_1_0 is either unconnected or has no load
WARNING: [Synth 8-7129] Port tdata[474] in module tlast_design_1_axis_subset_converter_1_0 is either unconnected or has no load
WARNING: [Synth 8-7129] Port tdata[473] in module tlast_design_1_axis_subset_converter_1_0 is either unconnected or has no load
WARNING: [Synth 8-7129] Port tdata[472] in module tlast_design_1_axis_subset_converter_1_0 is either unconnected or has no load
WARNING: [Synth 8-7129] Port tdata[471] in module tlast_design_1_axis_subset_converter_1_0 is either unconnected or has no load
WARNING: [Synth 8-7129] Port tdata[470] in module tlast_design_1_axis_subset_converter_1_0 is either unconnected or has no load
WARNING: [Synth 8-7129] Port tdata[469] in module tlast_design_1_axis_subset_converter_1_0 is either unconnected or has no load
WARNING: [Synth 8-7129] Port tdata[468] in module tlast_design_1_axis_subset_converter_1_0 is either unconnected or has no load
WARNING: [Synth 8-7129] Port tdata[467] in module tlast_design_1_axis_subset_converter_1_0 is either unconnected or has no load
WARNING: [Synth 8-7129] Port tdata[466] in module tlast_design_1_axis_subset_converter_1_0 is either unconnected or has no load
WARNING: [Synth 8-7129] Port tdata[465] in module tlast_design_1_axis_subset_converter_1_0 is either unconnected or has no load
WARNING: [Synth 8-7129] Port tdata[464] in module tlast_design_1_axis_subset_converter_1_0 is either unconnected or has no load
WARNING: [Synth 8-7129] Port tdata[463] in module tlast_design_1_axis_subset_converter_1_0 is either unconnected or has no load
WARNING: [Synth 8-7129] Port tdata[462] in module tlast_design_1_axis_subset_converter_1_0 is either unconnected or has no load
WARNING: [Synth 8-7129] Port tdata[461] in module tlast_design_1_axis_subset_converter_1_0 is either unconnected or has no load
WARNING: [Synth 8-7129] Port tdata[460] in module tlast_design_1_axis_subset_converter_1_0 is either unconnected or has no load
WARNING: [Synth 8-7129] Port tdata[459] in module tlast_design_1_axis_subset_converter_1_0 is either unconnected or has no load
WARNING: [Synth 8-7129] Port tdata[458] in module tlast_design_1_axis_subset_converter_1_0 is either unconnected or has no load
WARNING: [Synth 8-7129] Port tdata[457] in module tlast_design_1_axis_subset_converter_1_0 is either unconnected or has no load
WARNING: [Synth 8-7129] Port tdata[456] in module tlast_design_1_axis_subset_converter_1_0 is either unconnected or has no load
WARNING: [Synth 8-7129] Port tdata[455] in module tlast_design_1_axis_subset_converter_1_0 is either unconnected or has no load
WARNING: [Synth 8-7129] Port tdata[454] in module tlast_design_1_axis_subset_converter_1_0 is either unconnected or has no load
WARNING: [Synth 8-7129] Port tdata[453] in module tlast_design_1_axis_subset_converter_1_0 is either unconnected or has no load
WARNING: [Synth 8-7129] Port tdata[452] in module tlast_design_1_axis_subset_converter_1_0 is either unconnected or has no load
WARNING: [Synth 8-7129] Port tdata[451] in module tlast_design_1_axis_subset_converter_1_0 is either unconnected or has no load
WARNING: [Synth 8-7129] Port tdata[450] in module tlast_design_1_axis_subset_converter_1_0 is either unconnected or has no load
WARNING: [Synth 8-7129] Port tdata[449] in module tlast_design_1_axis_subset_converter_1_0 is either unconnected or has no load
WARNING: [Synth 8-7129] Port tdata[448] in module tlast_design_1_axis_subset_converter_1_0 is either unconnected or has no load
WARNING: [Synth 8-7129] Port tdata[447] in module tlast_design_1_axis_subset_converter_1_0 is either unconnected or has no load
WARNING: [Synth 8-7129] Port tdata[446] in module tlast_design_1_axis_subset_converter_1_0 is either unconnected or has no load
WARNING: [Synth 8-7129] Port tdata[445] in module tlast_design_1_axis_subset_converter_1_0 is either unconnected or has no load
WARNING: [Synth 8-7129] Port tdata[444] in module tlast_design_1_axis_subset_converter_1_0 is either unconnected or has no load
WARNING: [Synth 8-7129] Port tdata[443] in module tlast_design_1_axis_subset_converter_1_0 is either unconnected or has no load
WARNING: [Synth 8-7129] Port tdata[442] in module tlast_design_1_axis_subset_converter_1_0 is either unconnected or has no load
WARNING: [Synth 8-7129] Port tdata[441] in module tlast_design_1_axis_subset_converter_1_0 is either unconnected or has no load
WARNING: [Synth 8-7129] Port tdata[440] in module tlast_design_1_axis_subset_converter_1_0 is either unconnected or has no load
WARNING: [Synth 8-7129] Port tdata[439] in module tlast_design_1_axis_subset_converter_1_0 is either unconnected or has no load
WARNING: [Synth 8-7129] Port tdata[438] in module tlast_design_1_axis_subset_converter_1_0 is either unconnected or has no load
WARNING: [Synth 8-7129] Port tdata[437] in module tlast_design_1_axis_subset_converter_1_0 is either unconnected or has no load
WARNING: [Synth 8-7129] Port tdata[436] in module tlast_design_1_axis_subset_converter_1_0 is either unconnected or has no load
WARNING: [Synth 8-7129] Port tdata[435] in module tlast_design_1_axis_subset_converter_1_0 is either unconnected or has no load
WARNING: [Synth 8-7129] Port tdata[434] in module tlast_design_1_axis_subset_converter_1_0 is either unconnected or has no load
WARNING: [Synth 8-7129] Port tdata[433] in module tlast_design_1_axis_subset_converter_1_0 is either unconnected or has no load
WARNING: [Synth 8-7129] Port tdata[432] in module tlast_design_1_axis_subset_converter_1_0 is either unconnected or has no load
WARNING: [Synth 8-7129] Port tdata[431] in module tlast_design_1_axis_subset_converter_1_0 is either unconnected or has no load
WARNING: [Synth 8-7129] Port tdata[430] in module tlast_design_1_axis_subset_converter_1_0 is either unconnected or has no load
WARNING: [Synth 8-7129] Port tdata[429] in module tlast_design_1_axis_subset_converter_1_0 is either unconnected or has no load
WARNING: [Synth 8-7129] Port tdata[428] in module tlast_design_1_axis_subset_converter_1_0 is either unconnected or has no load
WARNING: [Synth 8-7129] Port tdata[427] in module tlast_design_1_axis_subset_converter_1_0 is either unconnected or has no load
WARNING: [Synth 8-7129] Port tdata[426] in module tlast_design_1_axis_subset_converter_1_0 is either unconnected or has no load
WARNING: [Synth 8-7129] Port tdata[425] in module tlast_design_1_axis_subset_converter_1_0 is either unconnected or has no load
WARNING: [Synth 8-7129] Port tdata[424] in module tlast_design_1_axis_subset_converter_1_0 is either unconnected or has no load
WARNING: [Synth 8-7129] Port tdata[423] in module tlast_design_1_axis_subset_converter_1_0 is either unconnected or has no load
WARNING: [Synth 8-7129] Port tdata[422] in module tlast_design_1_axis_subset_converter_1_0 is either unconnected or has no load
WARNING: [Synth 8-7129] Port tdata[421] in module tlast_design_1_axis_subset_converter_1_0 is either unconnected or has no load
WARNING: [Synth 8-7129] Port tdata[420] in module tlast_design_1_axis_subset_converter_1_0 is either unconnected or has no load
WARNING: [Synth 8-7129] Port tdata[419] in module tlast_design_1_axis_subset_converter_1_0 is either unconnected or has no load
WARNING: [Synth 8-7129] Port tdata[418] in module tlast_design_1_axis_subset_converter_1_0 is either unconnected or has no load
WARNING: [Synth 8-7129] Port tdata[417] in module tlast_design_1_axis_subset_converter_1_0 is either unconnected or has no load
WARNING: [Synth 8-7129] Port tdata[416] in module tlast_design_1_axis_subset_converter_1_0 is either unconnected or has no load
WARNING: [Synth 8-7129] Port tdata[415] in module tlast_design_1_axis_subset_converter_1_0 is either unconnected or has no load
WARNING: [Synth 8-7129] Port tdata[414] in module tlast_design_1_axis_subset_converter_1_0 is either unconnected or has no load
WARNING: [Synth 8-7129] Port tdata[413] in module tlast_design_1_axis_subset_converter_1_0 is either unconnected or has no load
INFO: [Common 17-14] Message 'Synth 8-7129' appears 100 times and further instances of the messages will be disabled. Use the Tcl command set_msg_config to change the current settings.
---------------------------------------------------------------------------------
Finished RTL Elaboration : Time (s): cpu = 00:00:07 ; elapsed = 00:00:08 . Memory (MB): peak = 2905.168 ; gain = 226.828 ; free physical = 200 ; free virtual = 6592
---------------------------------------------------------------------------------
---------------------------------------------------------------------------------
Start Handling Custom Attributes
---------------------------------------------------------------------------------
---------------------------------------------------------------------------------
Finished Handling Custom Attributes : Time (s): cpu = 00:00:07 ; elapsed = 00:00:09 . Memory (MB): peak = 2911.105 ; gain = 232.766 ; free physical = 211 ; free virtual = 6572
---------------------------------------------------------------------------------
---------------------------------------------------------------------------------
Finished RTL Optimization Phase 1 : Time (s): cpu = 00:00:07 ; elapsed = 00:00:09 . Memory (MB): peak = 2911.105 ; gain = 232.766 ; free physical = 211 ; free virtual = 6572
---------------------------------------------------------------------------------
Netlist sorting complete. Time (s): cpu = 00:00:00.02 ; elapsed = 00:00:00.01 . Memory (MB): peak = 2911.105 ; gain = 0.000 ; free physical = 196 ; free virtual = 6542
INFO: [Project 1-570] Preparing netlist for logic optimization

Processing XDC Constraints
Initializing timing engine
Parsing XDC File [/media/thifj/923884033883E497/Linux_usable/hls4ml/vivado_project/hlsforml/hlsforml.gen/sources_1/bd/design_1/ip/design_1_axis_subset_converter_1_0/design_1_axis_subset_converter_1_0_ooc.xdc] for cell 'inst'
Finished Parsing XDC File [/media/thifj/923884033883E497/Linux_usable/hls4ml/vivado_project/hlsforml/hlsforml.gen/sources_1/bd/design_1/ip/design_1_axis_subset_converter_1_0/design_1_axis_subset_converter_1_0_ooc.xdc] for cell 'inst'
Parsing XDC File [/media/thifj/923884033883E497/Linux_usable/hls4ml/vivado_project/hlsforml/hlsforml.runs/design_1_axis_subset_converter_1_0_synth_1/dont_touch.xdc]
Finished Parsing XDC File [/media/thifj/923884033883E497/Linux_usable/hls4ml/vivado_project/hlsforml/hlsforml.runs/design_1_axis_subset_converter_1_0_synth_1/dont_touch.xdc]
Completed Processing XDC Constraints

Netlist sorting complete. Time (s): cpu = 00:00:00 ; elapsed = 00:00:00 . Memory (MB): peak = 2963.000 ; gain = 0.000 ; free physical = 150 ; free virtual = 6100
INFO: [Project 1-111] Unisim Transformation Summary:
No Unisim elements were transformed.

Constraint Validation Runtime : Time (s): cpu = 00:00:00.04 ; elapsed = 00:00:00.05 . Memory (MB): peak = 2963.035 ; gain = 0.000 ; free physical = 206 ; free virtual = 6109
INFO: [Designutils 20-5008] Incremental synthesis strategy off
---------------------------------------------------------------------------------
Finished Constraint Validation : Time (s): cpu = 00:00:16 ; elapsed = 00:00:19 . Memory (MB): peak = 2963.035 ; gain = 284.695 ; free physical = 154 ; free virtual = 6011
---------------------------------------------------------------------------------
---------------------------------------------------------------------------------
Start Loading Part and Timing Information
---------------------------------------------------------------------------------
Loading part: xczu7ev-ffvc1156-2-e
INFO: [Synth 8-6742] Reading net delay rules and data
---------------------------------------------------------------------------------
Finished Loading Part and Timing Information : Time (s): cpu = 00:00:16 ; elapsed = 00:00:19 . Memory (MB): peak = 2971.004 ; gain = 292.664 ; free physical = 154 ; free virtual = 6012
---------------------------------------------------------------------------------
---------------------------------------------------------------------------------
Start Applying 'set_property' XDC Constraints
---------------------------------------------------------------------------------
---------------------------------------------------------------------------------
Finished applying 'set_property' XDC Constraints : Time (s): cpu = 00:00:16 ; elapsed = 00:00:19 . Memory (MB): peak = 2971.004 ; gain = 292.664 ; free physical = 155 ; free virtual = 6012
---------------------------------------------------------------------------------
---------------------------------------------------------------------------------
Finished RTL Optimization Phase 2 : Time (s): cpu = 00:00:16 ; elapsed = 00:00:19 . Memory (MB): peak = 2971.004 ; gain = 292.664 ; free physical = 155 ; free virtual = 6015
---------------------------------------------------------------------------------
---------------------------------------------------------------------------------
Start RTL Component Statistics 
---------------------------------------------------------------------------------
Detailed RTL Component Info : 
---------------------------------------------------------------------------------
Finished RTL Component Statistics 
---------------------------------------------------------------------------------
---------------------------------------------------------------------------------
Start Part Resource Summary
---------------------------------------------------------------------------------
Part Resources:
DSPs: 1728 (col length:144)
BRAMs: 624 (col length: RAMB18 144 RAMB36 72)
---------------------------------------------------------------------------------
Finished Part Resource Summary
---------------------------------------------------------------------------------
---------------------------------------------------------------------------------
Start Cross Boundary and Area Optimization
---------------------------------------------------------------------------------
WARNING: [Synth 8-7080] Parallel synthesis criteria is not met
---------------------------------------------------------------------------------
Finished Cross Boundary and Area Optimization : Time (s): cpu = 00:00:18 ; elapsed = 00:00:20 . Memory (MB): peak = 2971.004 ; gain = 292.664 ; free physical = 181 ; free virtual = 5993
---------------------------------------------------------------------------------
---------------------------------------------------------------------------------
Start Applying XDC Timing Constraints
---------------------------------------------------------------------------------
---------------------------------------------------------------------------------
Finished Applying XDC Timing Constraints : Time (s): cpu = 00:00:25 ; elapsed = 00:00:28 . Memory (MB): peak = 3614.613 ; gain = 936.273 ; free physical = 188 ; free virtual = 3149
---------------------------------------------------------------------------------
---------------------------------------------------------------------------------
Start Timing Optimization
---------------------------------------------------------------------------------
---------------------------------------------------------------------------------
Finished Timing Optimization : Time (s): cpu = 00:00:25 ; elapsed = 00:00:28 . Memory (MB): peak = 3614.613 ; gain = 936.273 ; free physical = 184 ; free virtual = 3147
---------------------------------------------------------------------------------
---------------------------------------------------------------------------------
Start Technology Mapping
---------------------------------------------------------------------------------
---------------------------------------------------------------------------------
Finished Technology Mapping : Time (s): cpu = 00:00:25 ; elapsed = 00:00:28 . Memory (MB): peak = 3624.629 ; gain = 946.289 ; free physical = 157 ; free virtual = 3117
---------------------------------------------------------------------------------
---------------------------------------------------------------------------------
Start IO Insertion
---------------------------------------------------------------------------------
---------------------------------------------------------------------------------
Start Flattening Before IO Insertion
---------------------------------------------------------------------------------
---------------------------------------------------------------------------------
Finished Flattening Before IO Insertion
---------------------------------------------------------------------------------
---------------------------------------------------------------------------------
Start Final Netlist Cleanup
---------------------------------------------------------------------------------
---------------------------------------------------------------------------------
Finished Final Netlist Cleanup
---------------------------------------------------------------------------------
---------------------------------------------------------------------------------
Finished IO Insertion : Time (s): cpu = 00:00:28 ; elapsed = 00:00:33 . Memory (MB): peak = 3807.441 ; gain = 1129.102 ; free physical = 149 ; free virtual = 1117
---------------------------------------------------------------------------------
---------------------------------------------------------------------------------
Start Renaming Generated Instances
---------------------------------------------------------------------------------
---------------------------------------------------------------------------------
Finished Renaming Generated Instances : Time (s): cpu = 00:00:28 ; elapsed = 00:00:33 . Memory (MB): peak = 3807.441 ; gain = 1129.102 ; free physical = 151 ; free virtual = 1118
---------------------------------------------------------------------------------
---------------------------------------------------------------------------------
Start Rebuilding User Hierarchy
---------------------------------------------------------------------------------
---------------------------------------------------------------------------------
Finished Rebuilding User Hierarchy : Time (s): cpu = 00:00:28 ; elapsed = 00:00:33 . Memory (MB): peak = 3807.441 ; gain = 1129.102 ; free physical = 155 ; free virtual = 1118
---------------------------------------------------------------------------------
---------------------------------------------------------------------------------
Start Renaming Generated Ports
---------------------------------------------------------------------------------
---------------------------------------------------------------------------------
Finished Renaming Generated Ports : Time (s): cpu = 00:00:28 ; elapsed = 00:00:33 . Memory (MB): peak = 3807.441 ; gain = 1129.102 ; free physical = 155 ; free virtual = 1117
---------------------------------------------------------------------------------
---------------------------------------------------------------------------------
Start Handling Custom Attributes
---------------------------------------------------------------------------------
---------------------------------------------------------------------------------
Finished Handling Custom Attributes : Time (s): cpu = 00:00:28 ; elapsed = 00:00:33 . Memory (MB): peak = 3807.441 ; gain = 1129.102 ; free physical = 156 ; free virtual = 1117
---------------------------------------------------------------------------------
---------------------------------------------------------------------------------
Start Renaming Generated Nets
---------------------------------------------------------------------------------
---------------------------------------------------------------------------------
Finished Renaming Generated Nets : Time (s): cpu = 00:00:28 ; elapsed = 00:00:33 . Memory (MB): peak = 3807.441 ; gain = 1129.102 ; free physical = 157 ; free virtual = 1116
---------------------------------------------------------------------------------
---------------------------------------------------------------------------------
Start Writing Synthesis Report
---------------------------------------------------------------------------------

Report BlackBoxes: 
+-+--------------+----------+
| |BlackBox name |Instances |
+-+--------------+----------+
+-+--------------+----------+

Report Cell Usage: 
+-+-----+------+
| |Cell |Count |
+-+-----+------+
+-+-----+------+
---------------------------------------------------------------------------------
Finished Writing Synthesis Report : Time (s): cpu = 00:00:28 ; elapsed = 00:00:33 . Memory (MB): peak = 3807.441 ; gain = 1129.102 ; free physical = 159 ; free virtual = 1115
---------------------------------------------------------------------------------
Synthesis finished with 0 errors, 0 critical warnings and 287 warnings.
Synthesis Optimization Runtime : Time (s): cpu = 00:00:24 ; elapsed = 00:00:28 . Memory (MB): peak = 3807.441 ; gain = 1077.172 ; free physical = 158 ; free virtual = 1007
Synthesis Optimization Complete : Time (s): cpu = 00:00:29 ; elapsed = 00:00:34 . Memory (MB): peak = 3807.441 ; gain = 1129.102 ; free physical = 156 ; free virtual = 1005
INFO: [Project 1-571] Translating synthesized netlist
Netlist sorting complete. Time (s): cpu = 00:00:00.01 ; elapsed = 00:00:00 . Memory (MB): peak = 3807.441 ; gain = 0.000 ; free physical = 157 ; free virtual = 1003
INFO: [Project 1-570] Preparing netlist for logic optimization
INFO: [Opt 31-138] Pushed 0 inverter(s) to 0 load pin(s).
Netlist sorting complete. Time (s): cpu = 00:00:00 ; elapsed = 00:00:00 . Memory (MB): peak = 3807.441 ; gain = 0.000 ; free physical = 223 ; free virtual = 1112
INFO: [Project 1-111] Unisim Transformation Summary:
No Unisim elements were transformed.

Synth Design complete | Checksum: 648f00e5
INFO: [Common 17-83] Releasing license: Synthesis
38 Infos, 101 Warnings, 0 Critical Warnings and 0 Errors encountered.
synth_design completed successfully
synth_design: Time (s): cpu = 00:00:39 ; elapsed = 00:00:45 . Memory (MB): peak = 3807.441 ; gain = 2238.008 ; free physical = 150 ; free virtual = 1369
INFO: [Common 17-2834] synth_design peak Physical Memory [PSS] (MB): overall = 1576.720; main = 1534.265; forked = 181.848
INFO: [Common 17-2834] synth_design peak Virtual Memory [VSS] (MB): overall = 4646.715; main = 3733.758; forked = 964.082
INFO: [Common 17-1381] The checkpoint '/media/thifj/923884033883E497/Linux_usable/hls4ml/vivado_project/hlsforml/hlsforml.runs/design_1_axis_subset_converter_1_0_synth_1/design_1_axis_subset_converter_1_0.dcp' has been generated.
INFO: [Coretcl 2-1648] Added synthesis output to IP cache for IP design_1_axis_subset_converter_1_0, cache-ID = 2a5748adf3f8365b
INFO: [Common 17-1381] The checkpoint '/media/thifj/923884033883E497/Linux_usable/hls4ml/vivado_project/hlsforml/hlsforml.runs/design_1_axis_subset_converter_1_0_synth_1/design_1_axis_subset_converter_1_0.dcp' has been generated.
INFO: [Vivado 12-24828] Executing command : report_utilization -file design_1_axis_subset_converter_1_0_utilization_synth.rpt -pb design_1_axis_subset_converter_1_0_utilization_synth.pb
INFO: [Common 17-206] Exiting Vivado at Thu Mar 26 14:14:51 2026...
