

================================================================
== Vitis HLS Report for 'myproject'
================================================================
* Date:           Fri Mar 27 15:02:39 2026

* Version:        2025.1 (Build 6135595 on May 21 2025)
* Project:        myproject_prj
* Solution:       solution1 (Vivado IP Flow Target)
* Product family: zynq
* Target device:  xc7z020-clg400-1


================================================================
== Performance Estimates
================================================================
+ Timing: 
    * Summary: 
    +--------+---------+----------+------------+
    |  Clock |  Target | Estimated| Uncertainty|
    +--------+---------+----------+------------+
    |ap_clk  |  5.00 ns|  3.624 ns|     1.35 ns|
    +--------+---------+----------+------------+

+ Latency: 
    * Summary: 
    +---------+---------+----------+----------+-----+-----+---------+
    |  Latency (cycles) |  Latency (absolute) |  Interval | Pipeline|
    |   min   |   max   |    min   |    max   | min | max |   Type  |
    +---------+---------+----------+----------+-----+-----+---------+
    |       32|       32|  0.160 us|  0.160 us|    1|    1|      yes|
    +---------+---------+----------+----------+-----+-----+---------+

    + Detail: 
        * Instance: 
        N/A

        * Loop: 
        N/A

============================================================
+ Verbose Summary: Synthesis Manager
============================================================
InlineROM: 1
ExposeGlobal: 0
============================================================
+ Verbose Summary: CDFG Model
============================================================
IsTopModel: 1
ResetActiveHigh: 1
IsCombinational: 0
IsDatapathOnly: 0
HasWiredReturn: 1
HasMFsm: 2
HasVarLatency: 0
IsPipeline: 1
IsRtlPipelined: 1
IsInstanceOverlapped: 0
IsDontTouch: 0
HasImplIP: 0
IsGatedGlobalClock: 0

+ Individual pipeline summary: 
  * Pipeline-0: initiation interval (II) = 1, depth = 33


============================================================
+ Verbose Summary: Schedule
============================================================
* Number of FSM states : 33
* Pipeline : 1
  Pipeline-0 : II = 1, D = 33, States = { 1 2 3 4 5 6 7 8 9 10 11 12 13 14 15 16 17 18 19 20 21 22 23 24 25 26 27 28 29 30 31 32 33 }
* Dataflow Pipeline: 0

* FSM state transitions: 
1 --> 2 
2 --> 3 
3 --> 4 
4 --> 5 
5 --> 6 
6 --> 7 
7 --> 8 
8 --> 9 
9 --> 10 
10 --> 11 
11 --> 12 
12 --> 13 
13 --> 14 
14 --> 15 
15 --> 16 
16 --> 17 
17 --> 18 
18 --> 19 
19 --> 20 
20 --> 21 
21 --> 22 
22 --> 23 
23 --> 24 
24 --> 25 
25 --> 26 
26 --> 27 
27 --> 28 
28 --> 29 
29 --> 30 
30 --> 31 
31 --> 32 
32 --> 33 
33 --> 

* FSM state operations: 

State 1 <SV = 0> <Delay = 3.34>
ST_1 : Operation 34 [1/1] (0.00ns)   --->   "%input_layer_read = read i64 @_ssdm_op_Read.ap_vld.i64P0A, i64 %input_layer"   --->   Operation 34 'read' 'input_layer_read' <Predicate = true> <Delay = 0.00>
ST_1 : Operation 35 [6/6] (3.34ns)   --->   "%call_ret1 = call i128 @dense_latency<ap_fixed<16, 6, 5, 3, 0>, ap_fixed<16, 6, 5, 3, 0>, config2>, i64 %input_layer_read" [firmware/nnet_utils/nnet_dense.h:54->firmware/nnet_utils/nnet_dense.h:45->firmware/myproject.cpp:51]   --->   Operation 35 'call' 'call_ret1' <Predicate = true> <Delay = 3.34> <CoreType = "Generic">   --->   Generic Core

State 2 <SV = 1> <Delay = 3.34>
ST_2 : Operation 36 [5/6] (3.34ns)   --->   "%call_ret1 = call i128 @dense_latency<ap_fixed<16, 6, 5, 3, 0>, ap_fixed<16, 6, 5, 3, 0>, config2>, i64 %input_layer_read" [firmware/nnet_utils/nnet_dense.h:54->firmware/nnet_utils/nnet_dense.h:45->firmware/myproject.cpp:51]   --->   Operation 36 'call' 'call_ret1' <Predicate = true> <Delay = 3.34> <CoreType = "Generic">   --->   Generic Core

State 3 <SV = 2> <Delay = 3.34>
ST_3 : Operation 37 [4/6] (3.34ns)   --->   "%call_ret1 = call i128 @dense_latency<ap_fixed<16, 6, 5, 3, 0>, ap_fixed<16, 6, 5, 3, 0>, config2>, i64 %input_layer_read" [firmware/nnet_utils/nnet_dense.h:54->firmware/nnet_utils/nnet_dense.h:45->firmware/myproject.cpp:51]   --->   Operation 37 'call' 'call_ret1' <Predicate = true> <Delay = 3.34> <CoreType = "Generic">   --->   Generic Core

State 4 <SV = 3> <Delay = 3.34>
ST_4 : Operation 38 [3/6] (3.34ns)   --->   "%call_ret1 = call i128 @dense_latency<ap_fixed<16, 6, 5, 3, 0>, ap_fixed<16, 6, 5, 3, 0>, config2>, i64 %input_layer_read" [firmware/nnet_utils/nnet_dense.h:54->firmware/nnet_utils/nnet_dense.h:45->firmware/myproject.cpp:51]   --->   Operation 38 'call' 'call_ret1' <Predicate = true> <Delay = 3.34> <CoreType = "Generic">   --->   Generic Core

State 5 <SV = 4> <Delay = 3.34>
ST_5 : Operation 39 [2/6] (3.34ns)   --->   "%call_ret1 = call i128 @dense_latency<ap_fixed<16, 6, 5, 3, 0>, ap_fixed<16, 6, 5, 3, 0>, config2>, i64 %input_layer_read" [firmware/nnet_utils/nnet_dense.h:54->firmware/nnet_utils/nnet_dense.h:45->firmware/myproject.cpp:51]   --->   Operation 39 'call' 'call_ret1' <Predicate = true> <Delay = 3.34> <CoreType = "Generic">   --->   Generic Core

State 6 <SV = 5> <Delay = 2.07>
ST_6 : Operation 40 [1/6] (2.07ns)   --->   "%call_ret1 = call i128 @dense_latency<ap_fixed<16, 6, 5, 3, 0>, ap_fixed<16, 6, 5, 3, 0>, config2>, i64 %input_layer_read" [firmware/nnet_utils/nnet_dense.h:54->firmware/nnet_utils/nnet_dense.h:45->firmware/myproject.cpp:51]   --->   Operation 40 'call' 'call_ret1' <Predicate = true> <Delay = 2.07> <CoreType = "Generic">   --->   Generic Core
ST_6 : Operation 41 [1/1] (0.00ns)   --->   "%layer2_out = extractvalue i128 %call_ret1" [firmware/nnet_utils/nnet_dense.h:54->firmware/nnet_utils/nnet_dense.h:45->firmware/myproject.cpp:51]   --->   Operation 41 'extractvalue' 'layer2_out' <Predicate = true> <Delay = 0.00>
ST_6 : Operation 42 [1/1] (0.00ns)   --->   "%layer2_out_1 = extractvalue i128 %call_ret1" [firmware/nnet_utils/nnet_dense.h:54->firmware/nnet_utils/nnet_dense.h:45->firmware/myproject.cpp:51]   --->   Operation 42 'extractvalue' 'layer2_out_1' <Predicate = true> <Delay = 0.00>
ST_6 : Operation 43 [1/1] (0.00ns)   --->   "%layer2_out_2 = extractvalue i128 %call_ret1" [firmware/nnet_utils/nnet_dense.h:54->firmware/nnet_utils/nnet_dense.h:45->firmware/myproject.cpp:51]   --->   Operation 43 'extractvalue' 'layer2_out_2' <Predicate = true> <Delay = 0.00>
ST_6 : Operation 44 [1/1] (0.00ns)   --->   "%layer2_out_3 = extractvalue i128 %call_ret1" [firmware/nnet_utils/nnet_dense.h:54->firmware/nnet_utils/nnet_dense.h:45->firmware/myproject.cpp:51]   --->   Operation 44 'extractvalue' 'layer2_out_3' <Predicate = true> <Delay = 0.00>
ST_6 : Operation 45 [1/1] (0.00ns)   --->   "%layer2_out_4 = extractvalue i128 %call_ret1" [firmware/nnet_utils/nnet_dense.h:54->firmware/nnet_utils/nnet_dense.h:45->firmware/myproject.cpp:51]   --->   Operation 45 'extractvalue' 'layer2_out_4' <Predicate = true> <Delay = 0.00>
ST_6 : Operation 46 [1/1] (0.00ns)   --->   "%layer2_out_5 = extractvalue i128 %call_ret1" [firmware/nnet_utils/nnet_dense.h:54->firmware/nnet_utils/nnet_dense.h:45->firmware/myproject.cpp:51]   --->   Operation 46 'extractvalue' 'layer2_out_5' <Predicate = true> <Delay = 0.00>
ST_6 : Operation 47 [1/1] (0.00ns)   --->   "%layer2_out_6 = extractvalue i128 %call_ret1" [firmware/nnet_utils/nnet_dense.h:54->firmware/nnet_utils/nnet_dense.h:45->firmware/myproject.cpp:51]   --->   Operation 47 'extractvalue' 'layer2_out_6' <Predicate = true> <Delay = 0.00>
ST_6 : Operation 48 [1/1] (0.00ns)   --->   "%layer2_out_7 = extractvalue i128 %call_ret1" [firmware/nnet_utils/nnet_dense.h:54->firmware/nnet_utils/nnet_dense.h:45->firmware/myproject.cpp:51]   --->   Operation 48 'extractvalue' 'layer2_out_7' <Predicate = true> <Delay = 0.00>

State 7 <SV = 6> <Delay = 2.83>
ST_7 : Operation 49 [1/1] (2.83ns)   --->   "%call_ret2 = call i128 @relu<ap_fixed<16, 6, 5, 3, 0>, ap_fixed<16, 6, 5, 3, 0>, relu_config3>, i16 %layer2_out, i16 %layer2_out_1, i16 %layer2_out_2, i16 %layer2_out_3, i16 %layer2_out_4, i16 %layer2_out_5, i16 %layer2_out_6, i16 %layer2_out_7" [firmware/myproject.cpp:53]   --->   Operation 49 'call' 'call_ret2' <Predicate = true> <Delay = 2.83> <CoreType = "Generic">   --->   Generic Core
ST_7 : Operation 50 [1/1] (0.00ns)   --->   "%layer3_out = extractvalue i128 %call_ret2" [firmware/myproject.cpp:53]   --->   Operation 50 'extractvalue' 'layer3_out' <Predicate = true> <Delay = 0.00>
ST_7 : Operation 51 [1/1] (0.00ns)   --->   "%layer3_out_1 = extractvalue i128 %call_ret2" [firmware/myproject.cpp:53]   --->   Operation 51 'extractvalue' 'layer3_out_1' <Predicate = true> <Delay = 0.00>
ST_7 : Operation 52 [1/1] (0.00ns)   --->   "%layer3_out_2 = extractvalue i128 %call_ret2" [firmware/myproject.cpp:53]   --->   Operation 52 'extractvalue' 'layer3_out_2' <Predicate = true> <Delay = 0.00>
ST_7 : Operation 53 [1/1] (0.00ns)   --->   "%layer3_out_3 = extractvalue i128 %call_ret2" [firmware/myproject.cpp:53]   --->   Operation 53 'extractvalue' 'layer3_out_3' <Predicate = true> <Delay = 0.00>
ST_7 : Operation 54 [1/1] (0.00ns)   --->   "%layer3_out_4 = extractvalue i128 %call_ret2" [firmware/myproject.cpp:53]   --->   Operation 54 'extractvalue' 'layer3_out_4' <Predicate = true> <Delay = 0.00>
ST_7 : Operation 55 [1/1] (0.00ns)   --->   "%layer3_out_5 = extractvalue i128 %call_ret2" [firmware/myproject.cpp:53]   --->   Operation 55 'extractvalue' 'layer3_out_5' <Predicate = true> <Delay = 0.00>
ST_7 : Operation 56 [1/1] (0.00ns)   --->   "%layer3_out_6 = extractvalue i128 %call_ret2" [firmware/myproject.cpp:53]   --->   Operation 56 'extractvalue' 'layer3_out_6' <Predicate = true> <Delay = 0.00>
ST_7 : Operation 57 [1/1] (0.00ns)   --->   "%layer3_out_7 = extractvalue i128 %call_ret2" [firmware/myproject.cpp:53]   --->   Operation 57 'extractvalue' 'layer3_out_7' <Predicate = true> <Delay = 0.00>

State 8 <SV = 7> <Delay = 3.34>
ST_8 : Operation 58 [7/7] (3.34ns)   --->   "%call_ret3 = call i128 @dense_latency<ap_fixed<16, 6, 5, 3, 0>, ap_fixed<16, 6, 5, 3, 0>, config4>, i16 %layer3_out, i16 %layer3_out_1, i16 %layer3_out_2, i16 %layer3_out_3, i16 %layer3_out_4, i16 %layer3_out_5, i16 %layer3_out_6, i16 %layer3_out_7" [firmware/nnet_utils/nnet_dense.h:54->firmware/nnet_utils/nnet_dense.h:45->firmware/myproject.cpp:55]   --->   Operation 58 'call' 'call_ret3' <Predicate = true> <Delay = 3.34> <CoreType = "Generic">   --->   Generic Core

State 9 <SV = 8> <Delay = 3.62>
ST_9 : Operation 59 [6/7] (3.62ns)   --->   "%call_ret3 = call i128 @dense_latency<ap_fixed<16, 6, 5, 3, 0>, ap_fixed<16, 6, 5, 3, 0>, config4>, i16 %layer3_out, i16 %layer3_out_1, i16 %layer3_out_2, i16 %layer3_out_3, i16 %layer3_out_4, i16 %layer3_out_5, i16 %layer3_out_6, i16 %layer3_out_7" [firmware/nnet_utils/nnet_dense.h:54->firmware/nnet_utils/nnet_dense.h:45->firmware/myproject.cpp:55]   --->   Operation 59 'call' 'call_ret3' <Predicate = true> <Delay = 3.62> <CoreType = "Generic">   --->   Generic Core

State 10 <SV = 9> <Delay = 3.62>
ST_10 : Operation 60 [5/7] (3.62ns)   --->   "%call_ret3 = call i128 @dense_latency<ap_fixed<16, 6, 5, 3, 0>, ap_fixed<16, 6, 5, 3, 0>, config4>, i16 %layer3_out, i16 %layer3_out_1, i16 %layer3_out_2, i16 %layer3_out_3, i16 %layer3_out_4, i16 %layer3_out_5, i16 %layer3_out_6, i16 %layer3_out_7" [firmware/nnet_utils/nnet_dense.h:54->firmware/nnet_utils/nnet_dense.h:45->firmware/myproject.cpp:55]   --->   Operation 60 'call' 'call_ret3' <Predicate = true> <Delay = 3.62> <CoreType = "Generic">   --->   Generic Core

State 11 <SV = 10> <Delay = 3.62>
ST_11 : Operation 61 [4/7] (3.62ns)   --->   "%call_ret3 = call i128 @dense_latency<ap_fixed<16, 6, 5, 3, 0>, ap_fixed<16, 6, 5, 3, 0>, config4>, i16 %layer3_out, i16 %layer3_out_1, i16 %layer3_out_2, i16 %layer3_out_3, i16 %layer3_out_4, i16 %layer3_out_5, i16 %layer3_out_6, i16 %layer3_out_7" [firmware/nnet_utils/nnet_dense.h:54->firmware/nnet_utils/nnet_dense.h:45->firmware/myproject.cpp:55]   --->   Operation 61 'call' 'call_ret3' <Predicate = true> <Delay = 3.62> <CoreType = "Generic">   --->   Generic Core

State 12 <SV = 11> <Delay = 3.62>
ST_12 : Operation 62 [3/7] (3.62ns)   --->   "%call_ret3 = call i128 @dense_latency<ap_fixed<16, 6, 5, 3, 0>, ap_fixed<16, 6, 5, 3, 0>, config4>, i16 %layer3_out, i16 %layer3_out_1, i16 %layer3_out_2, i16 %layer3_out_3, i16 %layer3_out_4, i16 %layer3_out_5, i16 %layer3_out_6, i16 %layer3_out_7" [firmware/nnet_utils/nnet_dense.h:54->firmware/nnet_utils/nnet_dense.h:45->firmware/myproject.cpp:55]   --->   Operation 62 'call' 'call_ret3' <Predicate = true> <Delay = 3.62> <CoreType = "Generic">   --->   Generic Core

State 13 <SV = 12> <Delay = 3.62>
ST_13 : Operation 63 [2/7] (3.62ns)   --->   "%call_ret3 = call i128 @dense_latency<ap_fixed<16, 6, 5, 3, 0>, ap_fixed<16, 6, 5, 3, 0>, config4>, i16 %layer3_out, i16 %layer3_out_1, i16 %layer3_out_2, i16 %layer3_out_3, i16 %layer3_out_4, i16 %layer3_out_5, i16 %layer3_out_6, i16 %layer3_out_7" [firmware/nnet_utils/nnet_dense.h:54->firmware/nnet_utils/nnet_dense.h:45->firmware/myproject.cpp:55]   --->   Operation 63 'call' 'call_ret3' <Predicate = true> <Delay = 3.62> <CoreType = "Generic">   --->   Generic Core

State 14 <SV = 13> <Delay = 2.07>
ST_14 : Operation 64 [1/7] (2.07ns)   --->   "%call_ret3 = call i128 @dense_latency<ap_fixed<16, 6, 5, 3, 0>, ap_fixed<16, 6, 5, 3, 0>, config4>, i16 %layer3_out, i16 %layer3_out_1, i16 %layer3_out_2, i16 %layer3_out_3, i16 %layer3_out_4, i16 %layer3_out_5, i16 %layer3_out_6, i16 %layer3_out_7" [firmware/nnet_utils/nnet_dense.h:54->firmware/nnet_utils/nnet_dense.h:45->firmware/myproject.cpp:55]   --->   Operation 64 'call' 'call_ret3' <Predicate = true> <Delay = 2.07> <CoreType = "Generic">   --->   Generic Core
ST_14 : Operation 65 [1/1] (0.00ns)   --->   "%layer4_out = extractvalue i128 %call_ret3" [firmware/nnet_utils/nnet_dense.h:54->firmware/nnet_utils/nnet_dense.h:45->firmware/myproject.cpp:55]   --->   Operation 65 'extractvalue' 'layer4_out' <Predicate = true> <Delay = 0.00>
ST_14 : Operation 66 [1/1] (0.00ns)   --->   "%layer4_out_1 = extractvalue i128 %call_ret3" [firmware/nnet_utils/nnet_dense.h:54->firmware/nnet_utils/nnet_dense.h:45->firmware/myproject.cpp:55]   --->   Operation 66 'extractvalue' 'layer4_out_1' <Predicate = true> <Delay = 0.00>
ST_14 : Operation 67 [1/1] (0.00ns)   --->   "%layer4_out_2 = extractvalue i128 %call_ret3" [firmware/nnet_utils/nnet_dense.h:54->firmware/nnet_utils/nnet_dense.h:45->firmware/myproject.cpp:55]   --->   Operation 67 'extractvalue' 'layer4_out_2' <Predicate = true> <Delay = 0.00>
ST_14 : Operation 68 [1/1] (0.00ns)   --->   "%layer4_out_3 = extractvalue i128 %call_ret3" [firmware/nnet_utils/nnet_dense.h:54->firmware/nnet_utils/nnet_dense.h:45->firmware/myproject.cpp:55]   --->   Operation 68 'extractvalue' 'layer4_out_3' <Predicate = true> <Delay = 0.00>
ST_14 : Operation 69 [1/1] (0.00ns)   --->   "%layer4_out_4 = extractvalue i128 %call_ret3" [firmware/nnet_utils/nnet_dense.h:54->firmware/nnet_utils/nnet_dense.h:45->firmware/myproject.cpp:55]   --->   Operation 69 'extractvalue' 'layer4_out_4' <Predicate = true> <Delay = 0.00>
ST_14 : Operation 70 [1/1] (0.00ns)   --->   "%layer4_out_5 = extractvalue i128 %call_ret3" [firmware/nnet_utils/nnet_dense.h:54->firmware/nnet_utils/nnet_dense.h:45->firmware/myproject.cpp:55]   --->   Operation 70 'extractvalue' 'layer4_out_5' <Predicate = true> <Delay = 0.00>
ST_14 : Operation 71 [1/1] (0.00ns)   --->   "%layer4_out_6 = extractvalue i128 %call_ret3" [firmware/nnet_utils/nnet_dense.h:54->firmware/nnet_utils/nnet_dense.h:45->firmware/myproject.cpp:55]   --->   Operation 71 'extractvalue' 'layer4_out_6' <Predicate = true> <Delay = 0.00>
ST_14 : Operation 72 [1/1] (0.00ns)   --->   "%layer4_out_7 = extractvalue i128 %call_ret3" [firmware/nnet_utils/nnet_dense.h:54->firmware/nnet_utils/nnet_dense.h:45->firmware/myproject.cpp:55]   --->   Operation 72 'extractvalue' 'layer4_out_7' <Predicate = true> <Delay = 0.00>

State 15 <SV = 14> <Delay = 2.83>
ST_15 : Operation 73 [1/1] (2.83ns)   --->   "%call_ret4 = call i128 @relu<ap_fixed<16, 6, 5, 3, 0>, ap_fixed<16, 6, 5, 3, 0>, relu_config5>, i16 %layer4_out, i16 %layer4_out_1, i16 %layer4_out_2, i16 %layer4_out_3, i16 %layer4_out_4, i16 %layer4_out_5, i16 %layer4_out_6, i16 %layer4_out_7" [firmware/myproject.cpp:57]   --->   Operation 73 'call' 'call_ret4' <Predicate = true> <Delay = 2.83> <CoreType = "Generic">   --->   Generic Core
ST_15 : Operation 74 [1/1] (0.00ns)   --->   "%layer5_out = extractvalue i128 %call_ret4" [firmware/myproject.cpp:57]   --->   Operation 74 'extractvalue' 'layer5_out' <Predicate = true> <Delay = 0.00>
ST_15 : Operation 75 [1/1] (0.00ns)   --->   "%layer5_out_1 = extractvalue i128 %call_ret4" [firmware/myproject.cpp:57]   --->   Operation 75 'extractvalue' 'layer5_out_1' <Predicate = true> <Delay = 0.00>
ST_15 : Operation 76 [1/1] (0.00ns)   --->   "%layer5_out_2 = extractvalue i128 %call_ret4" [firmware/myproject.cpp:57]   --->   Operation 76 'extractvalue' 'layer5_out_2' <Predicate = true> <Delay = 0.00>
ST_15 : Operation 77 [1/1] (0.00ns)   --->   "%layer5_out_3 = extractvalue i128 %call_ret4" [firmware/myproject.cpp:57]   --->   Operation 77 'extractvalue' 'layer5_out_3' <Predicate = true> <Delay = 0.00>
ST_15 : Operation 78 [1/1] (0.00ns)   --->   "%layer5_out_4 = extractvalue i128 %call_ret4" [firmware/myproject.cpp:57]   --->   Operation 78 'extractvalue' 'layer5_out_4' <Predicate = true> <Delay = 0.00>
ST_15 : Operation 79 [1/1] (0.00ns)   --->   "%layer5_out_5 = extractvalue i128 %call_ret4" [firmware/myproject.cpp:57]   --->   Operation 79 'extractvalue' 'layer5_out_5' <Predicate = true> <Delay = 0.00>
ST_15 : Operation 80 [1/1] (0.00ns)   --->   "%layer5_out_6 = extractvalue i128 %call_ret4" [firmware/myproject.cpp:57]   --->   Operation 80 'extractvalue' 'layer5_out_6' <Predicate = true> <Delay = 0.00>
ST_15 : Operation 81 [1/1] (0.00ns)   --->   "%layer5_out_7 = extractvalue i128 %call_ret4" [firmware/myproject.cpp:57]   --->   Operation 81 'extractvalue' 'layer5_out_7' <Predicate = true> <Delay = 0.00>

State 16 <SV = 15> <Delay = 3.34>
ST_16 : Operation 82 [7/7] (3.34ns)   --->   "%call_ret5 = call i48 @dense_latency<ap_fixed<16, 6, 5, 3, 0>, ap_fixed<16, 6, 5, 3, 0>, config6>, i16 %layer5_out, i16 %layer5_out_1, i16 %layer5_out_2, i16 %layer5_out_3, i16 %layer5_out_4, i16 %layer5_out_5, i16 %layer5_out_6, i16 %layer5_out_7" [firmware/nnet_utils/nnet_dense.h:54->firmware/nnet_utils/nnet_dense.h:45->firmware/myproject.cpp:59]   --->   Operation 82 'call' 'call_ret5' <Predicate = true> <Delay = 3.34> <CoreType = "Generic">   --->   Generic Core

State 17 <SV = 16> <Delay = 3.34>
ST_17 : Operation 83 [6/7] (3.34ns)   --->   "%call_ret5 = call i48 @dense_latency<ap_fixed<16, 6, 5, 3, 0>, ap_fixed<16, 6, 5, 3, 0>, config6>, i16 %layer5_out, i16 %layer5_out_1, i16 %layer5_out_2, i16 %layer5_out_3, i16 %layer5_out_4, i16 %layer5_out_5, i16 %layer5_out_6, i16 %layer5_out_7" [firmware/nnet_utils/nnet_dense.h:54->firmware/nnet_utils/nnet_dense.h:45->firmware/myproject.cpp:59]   --->   Operation 83 'call' 'call_ret5' <Predicate = true> <Delay = 3.34> <CoreType = "Generic">   --->   Generic Core

State 18 <SV = 17> <Delay = 3.34>
ST_18 : Operation 84 [5/7] (3.34ns)   --->   "%call_ret5 = call i48 @dense_latency<ap_fixed<16, 6, 5, 3, 0>, ap_fixed<16, 6, 5, 3, 0>, config6>, i16 %layer5_out, i16 %layer5_out_1, i16 %layer5_out_2, i16 %layer5_out_3, i16 %layer5_out_4, i16 %layer5_out_5, i16 %layer5_out_6, i16 %layer5_out_7" [firmware/nnet_utils/nnet_dense.h:54->firmware/nnet_utils/nnet_dense.h:45->firmware/myproject.cpp:59]   --->   Operation 84 'call' 'call_ret5' <Predicate = true> <Delay = 3.34> <CoreType = "Generic">   --->   Generic Core

State 19 <SV = 18> <Delay = 3.34>
ST_19 : Operation 85 [4/7] (3.34ns)   --->   "%call_ret5 = call i48 @dense_latency<ap_fixed<16, 6, 5, 3, 0>, ap_fixed<16, 6, 5, 3, 0>, config6>, i16 %layer5_out, i16 %layer5_out_1, i16 %layer5_out_2, i16 %layer5_out_3, i16 %layer5_out_4, i16 %layer5_out_5, i16 %layer5_out_6, i16 %layer5_out_7" [firmware/nnet_utils/nnet_dense.h:54->firmware/nnet_utils/nnet_dense.h:45->firmware/myproject.cpp:59]   --->   Operation 85 'call' 'call_ret5' <Predicate = true> <Delay = 3.34> <CoreType = "Generic">   --->   Generic Core

State 20 <SV = 19> <Delay = 3.34>
ST_20 : Operation 86 [3/7] (3.34ns)   --->   "%call_ret5 = call i48 @dense_latency<ap_fixed<16, 6, 5, 3, 0>, ap_fixed<16, 6, 5, 3, 0>, config6>, i16 %layer5_out, i16 %layer5_out_1, i16 %layer5_out_2, i16 %layer5_out_3, i16 %layer5_out_4, i16 %layer5_out_5, i16 %layer5_out_6, i16 %layer5_out_7" [firmware/nnet_utils/nnet_dense.h:54->firmware/nnet_utils/nnet_dense.h:45->firmware/myproject.cpp:59]   --->   Operation 86 'call' 'call_ret5' <Predicate = true> <Delay = 3.34> <CoreType = "Generic">   --->   Generic Core

State 21 <SV = 20> <Delay = 3.34>
ST_21 : Operation 87 [2/7] (3.34ns)   --->   "%call_ret5 = call i48 @dense_latency<ap_fixed<16, 6, 5, 3, 0>, ap_fixed<16, 6, 5, 3, 0>, config6>, i16 %layer5_out, i16 %layer5_out_1, i16 %layer5_out_2, i16 %layer5_out_3, i16 %layer5_out_4, i16 %layer5_out_5, i16 %layer5_out_6, i16 %layer5_out_7" [firmware/nnet_utils/nnet_dense.h:54->firmware/nnet_utils/nnet_dense.h:45->firmware/myproject.cpp:59]   --->   Operation 87 'call' 'call_ret5' <Predicate = true> <Delay = 3.34> <CoreType = "Generic">   --->   Generic Core

State 22 <SV = 21> <Delay = 2.07>
ST_22 : Operation 88 [1/7] (2.07ns)   --->   "%call_ret5 = call i48 @dense_latency<ap_fixed<16, 6, 5, 3, 0>, ap_fixed<16, 6, 5, 3, 0>, config6>, i16 %layer5_out, i16 %layer5_out_1, i16 %layer5_out_2, i16 %layer5_out_3, i16 %layer5_out_4, i16 %layer5_out_5, i16 %layer5_out_6, i16 %layer5_out_7" [firmware/nnet_utils/nnet_dense.h:54->firmware/nnet_utils/nnet_dense.h:45->firmware/myproject.cpp:59]   --->   Operation 88 'call' 'call_ret5' <Predicate = true> <Delay = 2.07> <CoreType = "Generic">   --->   Generic Core
ST_22 : Operation 89 [1/1] (0.00ns)   --->   "%layer6_out = extractvalue i48 %call_ret5" [firmware/nnet_utils/nnet_dense.h:54->firmware/nnet_utils/nnet_dense.h:45->firmware/myproject.cpp:59]   --->   Operation 89 'extractvalue' 'layer6_out' <Predicate = true> <Delay = 0.00>
ST_22 : Operation 90 [1/1] (0.00ns)   --->   "%layer6_out_1 = extractvalue i48 %call_ret5" [firmware/nnet_utils/nnet_dense.h:54->firmware/nnet_utils/nnet_dense.h:45->firmware/myproject.cpp:59]   --->   Operation 90 'extractvalue' 'layer6_out_1' <Predicate = true> <Delay = 0.00>
ST_22 : Operation 91 [1/1] (0.00ns)   --->   "%layer6_out_2 = extractvalue i48 %call_ret5" [firmware/nnet_utils/nnet_dense.h:54->firmware/nnet_utils/nnet_dense.h:45->firmware/myproject.cpp:59]   --->   Operation 91 'extractvalue' 'layer6_out_2' <Predicate = true> <Delay = 0.00>

State 23 <SV = 22> <Delay = 3.05>
ST_23 : Operation 92 [11/11] (3.05ns)   --->   "%call_ret = call i48 @softmax_stable<ap_fixed,ap_fixed<16,6,5,3,0>,softmax_config7>, i16 %layer6_out, i16 %layer6_out_1, i16 %layer6_out_2, i11 %exp_table, i18 %invert_table" [firmware/nnet_utils/nnet_activation.h:388->firmware/myproject.cpp:61]   --->   Operation 92 'call' 'call_ret' <Predicate = true> <Delay = 3.05> <CoreType = "Generic">   --->   Generic Core

State 24 <SV = 23> <Delay = 3.34>
ST_24 : Operation 93 [10/11] (3.34ns)   --->   "%call_ret = call i48 @softmax_stable<ap_fixed,ap_fixed<16,6,5,3,0>,softmax_config7>, i16 %layer6_out, i16 %layer6_out_1, i16 %layer6_out_2, i11 %exp_table, i18 %invert_table" [firmware/nnet_utils/nnet_activation.h:388->firmware/myproject.cpp:61]   --->   Operation 93 'call' 'call_ret' <Predicate = true> <Delay = 3.34> <CoreType = "Generic">   --->   Generic Core

State 25 <SV = 24> <Delay = 3.34>
ST_25 : Operation 94 [9/11] (3.34ns)   --->   "%call_ret = call i48 @softmax_stable<ap_fixed,ap_fixed<16,6,5,3,0>,softmax_config7>, i16 %layer6_out, i16 %layer6_out_1, i16 %layer6_out_2, i11 %exp_table, i18 %invert_table" [firmware/nnet_utils/nnet_activation.h:388->firmware/myproject.cpp:61]   --->   Operation 94 'call' 'call_ret' <Predicate = true> <Delay = 3.34> <CoreType = "Generic">   --->   Generic Core

State 26 <SV = 25> <Delay = 3.34>
ST_26 : Operation 95 [8/11] (3.34ns)   --->   "%call_ret = call i48 @softmax_stable<ap_fixed,ap_fixed<16,6,5,3,0>,softmax_config7>, i16 %layer6_out, i16 %layer6_out_1, i16 %layer6_out_2, i11 %exp_table, i18 %invert_table" [firmware/nnet_utils/nnet_activation.h:388->firmware/myproject.cpp:61]   --->   Operation 95 'call' 'call_ret' <Predicate = true> <Delay = 3.34> <CoreType = "Generic">   --->   Generic Core

State 27 <SV = 26> <Delay = 3.34>
ST_27 : Operation 96 [7/11] (3.34ns)   --->   "%call_ret = call i48 @softmax_stable<ap_fixed,ap_fixed<16,6,5,3,0>,softmax_config7>, i16 %layer6_out, i16 %layer6_out_1, i16 %layer6_out_2, i11 %exp_table, i18 %invert_table" [firmware/nnet_utils/nnet_activation.h:388->firmware/myproject.cpp:61]   --->   Operation 96 'call' 'call_ret' <Predicate = true> <Delay = 3.34> <CoreType = "Generic">   --->   Generic Core

State 28 <SV = 27> <Delay = 3.34>
ST_28 : Operation 97 [6/11] (3.34ns)   --->   "%call_ret = call i48 @softmax_stable<ap_fixed,ap_fixed<16,6,5,3,0>,softmax_config7>, i16 %layer6_out, i16 %layer6_out_1, i16 %layer6_out_2, i11 %exp_table, i18 %invert_table" [firmware/nnet_utils/nnet_activation.h:388->firmware/myproject.cpp:61]   --->   Operation 97 'call' 'call_ret' <Predicate = true> <Delay = 3.34> <CoreType = "Generic">   --->   Generic Core

State 29 <SV = 28> <Delay = 3.34>
ST_29 : Operation 98 [5/11] (3.34ns)   --->   "%call_ret = call i48 @softmax_stable<ap_fixed,ap_fixed<16,6,5,3,0>,softmax_config7>, i16 %layer6_out, i16 %layer6_out_1, i16 %layer6_out_2, i11 %exp_table, i18 %invert_table" [firmware/nnet_utils/nnet_activation.h:388->firmware/myproject.cpp:61]   --->   Operation 98 'call' 'call_ret' <Predicate = true> <Delay = 3.34> <CoreType = "Generic">   --->   Generic Core

State 30 <SV = 29> <Delay = 3.34>
ST_30 : Operation 99 [4/11] (3.34ns)   --->   "%call_ret = call i48 @softmax_stable<ap_fixed,ap_fixed<16,6,5,3,0>,softmax_config7>, i16 %layer6_out, i16 %layer6_out_1, i16 %layer6_out_2, i11 %exp_table, i18 %invert_table" [firmware/nnet_utils/nnet_activation.h:388->firmware/myproject.cpp:61]   --->   Operation 99 'call' 'call_ret' <Predicate = true> <Delay = 3.34> <CoreType = "Generic">   --->   Generic Core

State 31 <SV = 30> <Delay = 3.34>
ST_31 : Operation 100 [3/11] (3.34ns)   --->   "%call_ret = call i48 @softmax_stable<ap_fixed,ap_fixed<16,6,5,3,0>,softmax_config7>, i16 %layer6_out, i16 %layer6_out_1, i16 %layer6_out_2, i11 %exp_table, i18 %invert_table" [firmware/nnet_utils/nnet_activation.h:388->firmware/myproject.cpp:61]   --->   Operation 100 'call' 'call_ret' <Predicate = true> <Delay = 3.34> <CoreType = "Generic">   --->   Generic Core

State 32 <SV = 31> <Delay = 3.34>
ST_32 : Operation 101 [2/11] (3.34ns)   --->   "%call_ret = call i48 @softmax_stable<ap_fixed,ap_fixed<16,6,5,3,0>,softmax_config7>, i16 %layer6_out, i16 %layer6_out_1, i16 %layer6_out_2, i11 %exp_table, i18 %invert_table" [firmware/nnet_utils/nnet_activation.h:388->firmware/myproject.cpp:61]   --->   Operation 101 'call' 'call_ret' <Predicate = true> <Delay = 3.34> <CoreType = "Generic">   --->   Generic Core

State 33 <SV = 32> <Delay = 3.34>
ST_33 : Operation 102 [1/1] (0.00ns)   --->   "%specpipeline_ln0 = specpipeline void @_ssdm_op_SpecPipeline, i32 4294967295, i32 0, i32 0, i32 0, void @empty_0"   --->   Operation 102 'specpipeline' 'specpipeline_ln0' <Predicate = true> <Delay = 0.00>
ST_33 : Operation 103 [1/1] (0.00ns)   --->   "%spectopmodule_ln0 = spectopmodule void @_ssdm_op_SpecTopModule, void @empty_2"   --->   Operation 103 'spectopmodule' 'spectopmodule_ln0' <Predicate = true> <Delay = 0.00>
ST_33 : Operation 104 [1/1] (0.00ns)   --->   "%specbitsmap_ln0 = specbitsmap void @_ssdm_op_SpecBitsMap, i64 %input_layer"   --->   Operation 104 'specbitsmap' 'specbitsmap_ln0' <Predicate = true> <Delay = 0.00>
ST_33 : Operation 105 [1/1] (0.00ns)   --->   "%specinterface_ln0 = specinterface void @_ssdm_op_SpecInterface, i64 %input_layer, void @empty, i32 4294967295, i32 4294967295, void @empty_0, i32 0, i32 0, void @empty_0, void @empty_0, void @empty_0, i32 0, i32 0, i32 0, i32 0, void @empty_0, void @empty_0, i32 4294967295, i32 0, i32 0"   --->   Operation 105 'specinterface' 'specinterface_ln0' <Predicate = true> <Delay = 0.00>
ST_33 : Operation 106 [1/1] (0.00ns)   --->   "%specbitsmap_ln0 = specbitsmap void @_ssdm_op_SpecBitsMap, i16 %layer7_out_0"   --->   Operation 106 'specbitsmap' 'specbitsmap_ln0' <Predicate = true> <Delay = 0.00>
ST_33 : Operation 107 [1/1] (0.00ns)   --->   "%specinterface_ln0 = specinterface void @_ssdm_op_SpecInterface, i16 %layer7_out_0, void @empty, i32 4294967295, i32 4294967295, void @empty_0, i32 0, i32 0, void @empty_0, void @empty_0, void @empty_0, i32 0, i32 0, i32 0, i32 0, void @empty_0, void @empty_0, i32 4294967295, i32 0, i32 0"   --->   Operation 107 'specinterface' 'specinterface_ln0' <Predicate = true> <Delay = 0.00>
ST_33 : Operation 108 [1/1] (0.00ns)   --->   "%specbitsmap_ln0 = specbitsmap void @_ssdm_op_SpecBitsMap, i16 %layer7_out_1"   --->   Operation 108 'specbitsmap' 'specbitsmap_ln0' <Predicate = true> <Delay = 0.00>
ST_33 : Operation 109 [1/1] (0.00ns)   --->   "%specinterface_ln0 = specinterface void @_ssdm_op_SpecInterface, i16 %layer7_out_1, void @empty, i32 4294967295, i32 4294967295, void @empty_0, i32 0, i32 0, void @empty_0, void @empty_0, void @empty_0, i32 0, i32 0, i32 0, i32 0, void @empty_0, void @empty_0, i32 4294967295, i32 0, i32 0"   --->   Operation 109 'specinterface' 'specinterface_ln0' <Predicate = true> <Delay = 0.00>
ST_33 : Operation 110 [1/1] (0.00ns)   --->   "%specbitsmap_ln0 = specbitsmap void @_ssdm_op_SpecBitsMap, i16 %layer7_out_2"   --->   Operation 110 'specbitsmap' 'specbitsmap_ln0' <Predicate = true> <Delay = 0.00>
ST_33 : Operation 111 [1/1] (0.00ns)   --->   "%specinterface_ln0 = specinterface void @_ssdm_op_SpecInterface, i16 %layer7_out_2, void @empty, i32 4294967295, i32 4294967295, void @empty_0, i32 0, i32 0, void @empty_0, void @empty_0, void @empty_0, i32 0, i32 0, i32 0, i32 0, void @empty_0, void @empty_0, i32 4294967295, i32 0, i32 0"   --->   Operation 111 'specinterface' 'specinterface_ln0' <Predicate = true> <Delay = 0.00>
ST_33 : Operation 112 [1/11] (3.34ns)   --->   "%call_ret = call i48 @softmax_stable<ap_fixed,ap_fixed<16,6,5,3,0>,softmax_config7>, i16 %layer6_out, i16 %layer6_out_1, i16 %layer6_out_2, i11 %exp_table, i18 %invert_table" [firmware/nnet_utils/nnet_activation.h:388->firmware/myproject.cpp:61]   --->   Operation 112 'call' 'call_ret' <Predicate = true> <Delay = 3.34> <CoreType = "Generic">   --->   Generic Core
ST_33 : Operation 113 [1/1] (0.00ns)   --->   "%layer7_out_0_ret = extractvalue i48 %call_ret" [firmware/nnet_utils/nnet_activation.h:388->firmware/myproject.cpp:61]   --->   Operation 113 'extractvalue' 'layer7_out_0_ret' <Predicate = true> <Delay = 0.00>
ST_33 : Operation 114 [1/1] (0.00ns)   --->   "%write_ln388 = write void @_ssdm_op_Write.ap_vld.i16P0A, i16 %layer7_out_0, i16 %layer7_out_0_ret" [firmware/nnet_utils/nnet_activation.h:388->firmware/myproject.cpp:61]   --->   Operation 114 'write' 'write_ln388' <Predicate = true> <Delay = 0.00>
ST_33 : Operation 115 [1/1] (0.00ns)   --->   "%layer7_out_1_ret = extractvalue i48 %call_ret" [firmware/nnet_utils/nnet_activation.h:388->firmware/myproject.cpp:61]   --->   Operation 115 'extractvalue' 'layer7_out_1_ret' <Predicate = true> <Delay = 0.00>
ST_33 : Operation 116 [1/1] (0.00ns)   --->   "%write_ln388 = write void @_ssdm_op_Write.ap_vld.i16P0A, i16 %layer7_out_1, i16 %layer7_out_1_ret" [firmware/nnet_utils/nnet_activation.h:388->firmware/myproject.cpp:61]   --->   Operation 116 'write' 'write_ln388' <Predicate = true> <Delay = 0.00>
ST_33 : Operation 117 [1/1] (0.00ns)   --->   "%layer7_out_2_ret = extractvalue i48 %call_ret" [firmware/nnet_utils/nnet_activation.h:388->firmware/myproject.cpp:61]   --->   Operation 117 'extractvalue' 'layer7_out_2_ret' <Predicate = true> <Delay = 0.00>
ST_33 : Operation 118 [1/1] (0.00ns)   --->   "%write_ln388 = write void @_ssdm_op_Write.ap_vld.i16P0A, i16 %layer7_out_2, i16 %layer7_out_2_ret" [firmware/nnet_utils/nnet_activation.h:388->firmware/myproject.cpp:61]   --->   Operation 118 'write' 'write_ln388' <Predicate = true> <Delay = 0.00>
ST_33 : Operation 119 [1/1] (0.00ns)   --->   "%ret_ln63 = ret" [firmware/myproject.cpp:63]   --->   Operation 119 'ret' 'ret_ln63' <Predicate = true> <Delay = 0.00>


============================================================
+ Verbose Summary: Timing violations
============================================================
Target clock period: 5.000ns, clock uncertainty: 1.350ns.

 <State 1>: 3.349ns
The critical path consists of the following:
	wire read operation ('input_layer_read') on port 'input_layer' [17]  (0.000 ns)
	'call' operation 128 bit ('call_ret1', firmware/nnet_utils/nnet_dense.h:54->firmware/nnet_utils/nnet_dense.h:45->firmware/myproject.cpp:51) to 'dense_latency<ap_fixed<16, 6, 5, 3, 0>, ap_fixed<16, 6, 5, 3, 0>, config2>' [18]  (3.349 ns)

 <State 2>: 3.349ns
The critical path consists of the following:
	'call' operation 128 bit ('call_ret1', firmware/nnet_utils/nnet_dense.h:54->firmware/nnet_utils/nnet_dense.h:45->firmware/myproject.cpp:51) to 'dense_latency<ap_fixed<16, 6, 5, 3, 0>, ap_fixed<16, 6, 5, 3, 0>, config2>' [18]  (3.349 ns)

 <State 3>: 3.349ns
The critical path consists of the following:
	'call' operation 128 bit ('call_ret1', firmware/nnet_utils/nnet_dense.h:54->firmware/nnet_utils/nnet_dense.h:45->firmware/myproject.cpp:51) to 'dense_latency<ap_fixed<16, 6, 5, 3, 0>, ap_fixed<16, 6, 5, 3, 0>, config2>' [18]  (3.349 ns)

 <State 4>: 3.349ns
The critical path consists of the following:
	'call' operation 128 bit ('call_ret1', firmware/nnet_utils/nnet_dense.h:54->firmware/nnet_utils/nnet_dense.h:45->firmware/myproject.cpp:51) to 'dense_latency<ap_fixed<16, 6, 5, 3, 0>, ap_fixed<16, 6, 5, 3, 0>, config2>' [18]  (3.349 ns)

 <State 5>: 3.349ns
The critical path consists of the following:
	'call' operation 128 bit ('call_ret1', firmware/nnet_utils/nnet_dense.h:54->firmware/nnet_utils/nnet_dense.h:45->firmware/myproject.cpp:51) to 'dense_latency<ap_fixed<16, 6, 5, 3, 0>, ap_fixed<16, 6, 5, 3, 0>, config2>' [18]  (3.349 ns)

 <State 6>: 2.077ns
The critical path consists of the following:
	'call' operation 128 bit ('call_ret1', firmware/nnet_utils/nnet_dense.h:54->firmware/nnet_utils/nnet_dense.h:45->firmware/myproject.cpp:51) to 'dense_latency<ap_fixed<16, 6, 5, 3, 0>, ap_fixed<16, 6, 5, 3, 0>, config2>' [18]  (2.077 ns)

 <State 7>: 2.830ns
The critical path consists of the following:
	'call' operation 128 bit ('call_ret2', firmware/myproject.cpp:53) to 'relu<ap_fixed<16, 6, 5, 3, 0>, ap_fixed<16, 6, 5, 3, 0>, relu_config3>' [27]  (2.830 ns)

 <State 8>: 3.349ns
The critical path consists of the following:
	'call' operation 128 bit ('call_ret3', firmware/nnet_utils/nnet_dense.h:54->firmware/nnet_utils/nnet_dense.h:45->firmware/myproject.cpp:55) to 'dense_latency<ap_fixed<16, 6, 5, 3, 0>, ap_fixed<16, 6, 5, 3, 0>, config4>' [36]  (3.349 ns)

 <State 9>: 3.624ns
The critical path consists of the following:
	'call' operation 128 bit ('call_ret3', firmware/nnet_utils/nnet_dense.h:54->firmware/nnet_utils/nnet_dense.h:45->firmware/myproject.cpp:55) to 'dense_latency<ap_fixed<16, 6, 5, 3, 0>, ap_fixed<16, 6, 5, 3, 0>, config4>' [36]  (3.624 ns)

 <State 10>: 3.624ns
The critical path consists of the following:
	'call' operation 128 bit ('call_ret3', firmware/nnet_utils/nnet_dense.h:54->firmware/nnet_utils/nnet_dense.h:45->firmware/myproject.cpp:55) to 'dense_latency<ap_fixed<16, 6, 5, 3, 0>, ap_fixed<16, 6, 5, 3, 0>, config4>' [36]  (3.624 ns)

 <State 11>: 3.624ns
The critical path consists of the following:
	'call' operation 128 bit ('call_ret3', firmware/nnet_utils/nnet_dense.h:54->firmware/nnet_utils/nnet_dense.h:45->firmware/myproject.cpp:55) to 'dense_latency<ap_fixed<16, 6, 5, 3, 0>, ap_fixed<16, 6, 5, 3, 0>, config4>' [36]  (3.624 ns)

 <State 12>: 3.624ns
The critical path consists of the following:
	'call' operation 128 bit ('call_ret3', firmware/nnet_utils/nnet_dense.h:54->firmware/nnet_utils/nnet_dense.h:45->firmware/myproject.cpp:55) to 'dense_latency<ap_fixed<16, 6, 5, 3, 0>, ap_fixed<16, 6, 5, 3, 0>, config4>' [36]  (3.624 ns)

 <State 13>: 3.624ns
The critical path consists of the following:
	'call' operation 128 bit ('call_ret3', firmware/nnet_utils/nnet_dense.h:54->firmware/nnet_utils/nnet_dense.h:45->firmware/myproject.cpp:55) to 'dense_latency<ap_fixed<16, 6, 5, 3, 0>, ap_fixed<16, 6, 5, 3, 0>, config4>' [36]  (3.624 ns)

 <State 14>: 2.077ns
The critical path consists of the following:
	'call' operation 128 bit ('call_ret3', firmware/nnet_utils/nnet_dense.h:54->firmware/nnet_utils/nnet_dense.h:45->firmware/myproject.cpp:55) to 'dense_latency<ap_fixed<16, 6, 5, 3, 0>, ap_fixed<16, 6, 5, 3, 0>, config4>' [36]  (2.077 ns)

 <State 15>: 2.830ns
The critical path consists of the following:
	'call' operation 128 bit ('call_ret4', firmware/myproject.cpp:57) to 'relu<ap_fixed<16, 6, 5, 3, 0>, ap_fixed<16, 6, 5, 3, 0>, relu_config5>' [45]  (2.830 ns)

 <State 16>: 3.349ns
The critical path consists of the following:
	'call' operation 48 bit ('call_ret5', firmware/nnet_utils/nnet_dense.h:54->firmware/nnet_utils/nnet_dense.h:45->firmware/myproject.cpp:59) to 'dense_latency<ap_fixed<16, 6, 5, 3, 0>, ap_fixed<16, 6, 5, 3, 0>, config6>' [54]  (3.349 ns)

 <State 17>: 3.349ns
The critical path consists of the following:
	'call' operation 48 bit ('call_ret5', firmware/nnet_utils/nnet_dense.h:54->firmware/nnet_utils/nnet_dense.h:45->firmware/myproject.cpp:59) to 'dense_latency<ap_fixed<16, 6, 5, 3, 0>, ap_fixed<16, 6, 5, 3, 0>, config6>' [54]  (3.349 ns)

 <State 18>: 3.349ns
The critical path consists of the following:
	'call' operation 48 bit ('call_ret5', firmware/nnet_utils/nnet_dense.h:54->firmware/nnet_utils/nnet_dense.h:45->firmware/myproject.cpp:59) to 'dense_latency<ap_fixed<16, 6, 5, 3, 0>, ap_fixed<16, 6, 5, 3, 0>, config6>' [54]  (3.349 ns)

 <State 19>: 3.349ns
The critical path consists of the following:
	'call' operation 48 bit ('call_ret5', firmware/nnet_utils/nnet_dense.h:54->firmware/nnet_utils/nnet_dense.h:45->firmware/myproject.cpp:59) to 'dense_latency<ap_fixed<16, 6, 5, 3, 0>, ap_fixed<16, 6, 5, 3, 0>, config6>' [54]  (3.349 ns)

 <State 20>: 3.349ns
The critical path consists of the following:
	'call' operation 48 bit ('call_ret5', firmware/nnet_utils/nnet_dense.h:54->firmware/nnet_utils/nnet_dense.h:45->firmware/myproject.cpp:59) to 'dense_latency<ap_fixed<16, 6, 5, 3, 0>, ap_fixed<16, 6, 5, 3, 0>, config6>' [54]  (3.349 ns)

 <State 21>: 3.349ns
The critical path consists of the following:
	'call' operation 48 bit ('call_ret5', firmware/nnet_utils/nnet_dense.h:54->firmware/nnet_utils/nnet_dense.h:45->firmware/myproject.cpp:59) to 'dense_latency<ap_fixed<16, 6, 5, 3, 0>, ap_fixed<16, 6, 5, 3, 0>, config6>' [54]  (3.349 ns)

 <State 22>: 2.077ns
The critical path consists of the following:
	'call' operation 48 bit ('call_ret5', firmware/nnet_utils/nnet_dense.h:54->firmware/nnet_utils/nnet_dense.h:45->firmware/myproject.cpp:59) to 'dense_latency<ap_fixed<16, 6, 5, 3, 0>, ap_fixed<16, 6, 5, 3, 0>, config6>' [54]  (2.077 ns)

 <State 23>: 3.055ns
The critical path consists of the following:
	'call' operation 48 bit ('call_ret', firmware/nnet_utils/nnet_activation.h:388->firmware/myproject.cpp:61) to 'softmax_stable<ap_fixed,ap_fixed<16,6,5,3,0>,softmax_config7>' [58]  (3.055 ns)

 <State 24>: 3.349ns
The critical path consists of the following:
	'call' operation 48 bit ('call_ret', firmware/nnet_utils/nnet_activation.h:388->firmware/myproject.cpp:61) to 'softmax_stable<ap_fixed,ap_fixed<16,6,5,3,0>,softmax_config7>' [58]  (3.349 ns)

 <State 25>: 3.349ns
The critical path consists of the following:
	'call' operation 48 bit ('call_ret', firmware/nnet_utils/nnet_activation.h:388->firmware/myproject.cpp:61) to 'softmax_stable<ap_fixed,ap_fixed<16,6,5,3,0>,softmax_config7>' [58]  (3.349 ns)

 <State 26>: 3.349ns
The critical path consists of the following:
	'call' operation 48 bit ('call_ret', firmware/nnet_utils/nnet_activation.h:388->firmware/myproject.cpp:61) to 'softmax_stable<ap_fixed,ap_fixed<16,6,5,3,0>,softmax_config7>' [58]  (3.349 ns)

 <State 27>: 3.349ns
The critical path consists of the following:
	'call' operation 48 bit ('call_ret', firmware/nnet_utils/nnet_activation.h:388->firmware/myproject.cpp:61) to 'softmax_stable<ap_fixed,ap_fixed<16,6,5,3,0>,softmax_config7>' [58]  (3.349 ns)

 <State 28>: 3.349ns
The critical path consists of the following:
	'call' operation 48 bit ('call_ret', firmware/nnet_utils/nnet_activation.h:388->firmware/myproject.cpp:61) to 'softmax_stable<ap_fixed,ap_fixed<16,6,5,3,0>,softmax_config7>' [58]  (3.349 ns)

 <State 29>: 3.349ns
The critical path consists of the following:
	'call' operation 48 bit ('call_ret', firmware/nnet_utils/nnet_activation.h:388->firmware/myproject.cpp:61) to 'softmax_stable<ap_fixed,ap_fixed<16,6,5,3,0>,softmax_config7>' [58]  (3.349 ns)

 <State 30>: 3.349ns
The critical path consists of the following:
	'call' operation 48 bit ('call_ret', firmware/nnet_utils/nnet_activation.h:388->firmware/myproject.cpp:61) to 'softmax_stable<ap_fixed,ap_fixed<16,6,5,3,0>,softmax_config7>' [58]  (3.349 ns)

 <State 31>: 3.349ns
The critical path consists of the following:
	'call' operation 48 bit ('call_ret', firmware/nnet_utils/nnet_activation.h:388->firmware/myproject.cpp:61) to 'softmax_stable<ap_fixed,ap_fixed<16,6,5,3,0>,softmax_config7>' [58]  (3.349 ns)

 <State 32>: 3.349ns
The critical path consists of the following:
	'call' operation 48 bit ('call_ret', firmware/nnet_utils/nnet_activation.h:388->firmware/myproject.cpp:61) to 'softmax_stable<ap_fixed,ap_fixed<16,6,5,3,0>,softmax_config7>' [58]  (3.349 ns)

 <State 33>: 3.349ns
The critical path consists of the following:
	'call' operation 48 bit ('call_ret', firmware/nnet_utils/nnet_activation.h:388->firmware/myproject.cpp:61) to 'softmax_stable<ap_fixed,ap_fixed<16,6,5,3,0>,softmax_config7>' [58]  (3.349 ns)


============================================================
+ Verbose Summary: Binding
============================================================
N/A
* FSMD analyzer results:
  - Output states:
 - Input state : 
  - Chain level:
	State 1
	State 2
	State 3
	State 4
	State 5
	State 6
	State 7
	State 8
	State 9
	State 10
	State 11
	State 12
	State 13
	State 14
	State 15
	State 16
	State 17
	State 18
	State 19
	State 20
	State 21
	State 22
	State 23
	State 24
	State 25
	State 26
	State 27
	State 28
	State 29
	State 30
	State 31
	State 32
	State 33


============================================================
+ Verbose Summary: Datapath Resource usage 
============================================================
N/A
