/media/thifj/923884033883E497/Linux_usable/hls4ml/projeto_iris_hls4ml/iris_model/projeto_iris_hls_ip_axi/myproject_prj/solution1/.autopilot/db/myproject.pp.0.cpp:29470:5: warning: Added loop label VITIS_LOOP_676_1:   [xilinx-label-all-loops]
    for (unsigned i = low; i != high+1; ++i) {
    ^~~
    VITIS_LOOP_676_1: 
/media/thifj/923884033883E497/Linux_usable/hls4ml/projeto_iris_hls4ml/iris_model/projeto_iris_hls_ip_axi/myproject_prj/solution1/.autopilot/db/myproject.pp.0.cpp:29470:5: note: FIX-IT applied suggested code changes
/media/thifj/923884033883E497/Linux_usable/hls4ml/projeto_iris_hls4ml/iris_model/projeto_iris_hls_ip_axi/myproject_prj/solution1/.autopilot/db/myproject.pp.0.cpp:29484:5: warning: Added loop label VITIS_LOOP_690_1:   [xilinx-label-all-loops]
    for (unsigned i = low; i != high+1; ++i) {
    ^~~
    VITIS_LOOP_690_1: 
/media/thifj/923884033883E497/Linux_usable/hls4ml/projeto_iris_hls4ml/iris_model/projeto_iris_hls_ip_axi/myproject_prj/solution1/.autopilot/db/myproject.pp.0.cpp:29484:5: note: FIX-IT applied suggested code changes
/media/thifj/923884033883E497/Linux_usable/hls4ml/projeto_iris_hls4ml/iris_model/projeto_iris_hls_ip_axi/myproject_prj/solution1/.autopilot/db/myproject.pp.0.cpp:29498:5: warning: Added loop label VITIS_LOOP_704_1:   [xilinx-label-all-loops]
    for (unsigned i = low; i != high+1; ++i) {
    ^~~
    VITIS_LOOP_704_1: 
/media/thifj/923884033883E497/Linux_usable/hls4ml/projeto_iris_hls4ml/iris_model/projeto_iris_hls_ip_axi/myproject_prj/solution1/.autopilot/db/myproject.pp.0.cpp:29498:5: note: FIX-IT applied suggested code changes
/media/thifj/923884033883E497/Linux_usable/hls4ml/projeto_iris_hls4ml/iris_model/projeto_iris_hls_ip_axi/myproject_prj/solution1/.autopilot/db/myproject.pp.0.cpp:31454:7: warning: Added loop label VITIS_LOOP_1248_1:   [xilinx-label-all-loops]
      for (i = 0; i < __N - 1; ++i) {
      ^~~
      VITIS_LOOP_1248_1: 
/media/thifj/923884033883E497/Linux_usable/hls4ml/projeto_iris_hls4ml/iris_model/projeto_iris_hls_ip_axi/myproject_prj/solution1/.autopilot/db/myproject.pp.0.cpp:31454:7: note: FIX-IT applied suggested code changes
/media/thifj/923884033883E497/Linux_usable/hls4ml/projeto_iris_hls4ml/iris_model/projeto_iris_hls_ip_axi/myproject_prj/solution1/.autopilot/db/myproject.pp.0.cpp:33615:9: warning: Added loop label VITIS_LOOP_27_1:   [xilinx-label-all-loops]
        for (unsigned i = 0; i < N; i++) {
        ^~~
        VITIS_LOOP_27_1: 
/media/thifj/923884033883E497/Linux_usable/hls4ml/projeto_iris_hls4ml/iris_model/projeto_iris_hls_ip_axi/myproject_prj/solution1/.autopilot/db/myproject.pp.0.cpp:33615:9: note: FIX-IT applied suggested code changes
/media/thifj/923884033883E497/Linux_usable/hls4ml/projeto_iris_hls4ml/iris_model/projeto_iris_hls_ip_axi/myproject_prj/solution1/.autopilot/db/myproject.pp.0.cpp:33627:9: warning: Added loop label VITIS_LOOP_39_1:   [xilinx-label-all-loops]
        for (unsigned i = 0; i < N; i++) {
        ^~~
        VITIS_LOOP_39_1: 
/media/thifj/923884033883E497/Linux_usable/hls4ml/projeto_iris_hls4ml/iris_model/projeto_iris_hls_ip_axi/myproject_prj/solution1/.autopilot/db/myproject.pp.0.cpp:33627:9: note: FIX-IT applied suggested code changes
/media/thifj/923884033883E497/Linux_usable/hls4ml/projeto_iris_hls4ml/iris_model/projeto_iris_hls_ip_axi/myproject_prj/solution1/.autopilot/db/myproject.pp.0.cpp:33644:9: warning: Added loop label VITIS_LOOP_56_1:   [xilinx-label-all-loops]
        for (size_t i = 0; i < N; i++) {
        ^~~
        VITIS_LOOP_56_1: 
/media/thifj/923884033883E497/Linux_usable/hls4ml/projeto_iris_hls4ml/iris_model/projeto_iris_hls_ip_axi/myproject_prj/solution1/.autopilot/db/myproject.pp.0.cpp:33644:9: note: FIX-IT applied suggested code changes
/media/thifj/923884033883E497/Linux_usable/hls4ml/projeto_iris_hls4ml/iris_model/projeto_iris_hls_ip_axi/myproject_prj/solution1/.autopilot/db/myproject.pp.0.cpp:56842:5: warning: Added loop label VITIS_LOOP_265_1:   [xilinx-label-all-loops]
    for (typename std::vector<src_T>::const_iterator i = in_begin; i != in_end; ++i) {
    ^~~
    VITIS_LOOP_265_1: 
/media/thifj/923884033883E497/Linux_usable/hls4ml/projeto_iris_hls4ml/iris_model/projeto_iris_hls_ip_axi/myproject_prj/solution1/.autopilot/db/myproject.pp.0.cpp:56842:5: note: FIX-IT applied suggested code changes
/media/thifj/923884033883E497/Linux_usable/hls4ml/projeto_iris_hls4ml/iris_model/projeto_iris_hls_ip_axi/myproject_prj/solution1/.autopilot/db/myproject.pp.0.cpp:56852:5: warning: Added loop label VITIS_LOOP_275_1:   [xilinx-label-all-loops]
    for (auto i = 0; i < SIZE; i++)
    ^~~
    VITIS_LOOP_275_1: 
/media/thifj/923884033883E497/Linux_usable/hls4ml/projeto_iris_hls4ml/iris_model/projeto_iris_hls_ip_axi/myproject_prj/solution1/.autopilot/db/myproject.pp.0.cpp:56852:5: note: FIX-IT applied suggested code changes
/media/thifj/923884033883E497/Linux_usable/hls4ml/projeto_iris_hls4ml/iris_model/projeto_iris_hls_ip_axi/myproject_prj/solution1/.autopilot/db/myproject.pp.0.cpp:56863:5: warning: Added loop label VITIS_LOOP_286_1:   [xilinx-label-all-loops]
    for (int i = 0; i < SIZE; i++) {
    ^~~
    VITIS_LOOP_286_1: 
/media/thifj/923884033883E497/Linux_usable/hls4ml/projeto_iris_hls4ml/iris_model/projeto_iris_hls_ip_axi/myproject_prj/solution1/.autopilot/db/myproject.pp.0.cpp:56863:5: note: FIX-IT applied suggested code changes
/media/thifj/923884033883E497/Linux_usable/hls4ml/projeto_iris_hls4ml/iris_model/projeto_iris_hls_ip_axi/myproject_prj/solution1/.autopilot/db/myproject.pp.0.cpp:56870:5: warning: Added loop label VITIS_LOOP_293_1:   [xilinx-label-all-loops]
    for (int i = 0; i < SIZE / res_T::size; i++) {
    ^~~
    VITIS_LOOP_293_1: 
/media/thifj/923884033883E497/Linux_usable/hls4ml/projeto_iris_hls4ml/iris_model/projeto_iris_hls_ip_axi/myproject_prj/solution1/.autopilot/db/myproject.pp.0.cpp:56870:5: note: FIX-IT applied suggested code changes
/media/thifj/923884033883E497/Linux_usable/hls4ml/projeto_iris_hls4ml/iris_model/projeto_iris_hls_ip_axi/myproject_prj/solution1/.autopilot/db/myproject.pp.0.cpp:56872:9: warning: Added loop label VITIS_LOOP_295_2:   [xilinx-label-all-loops]
        for (int j = 0; j < res_T::size; j++) {
        ^~~
        VITIS_LOOP_295_2: 
/media/thifj/923884033883E497/Linux_usable/hls4ml/projeto_iris_hls4ml/iris_model/projeto_iris_hls_ip_axi/myproject_prj/solution1/.autopilot/db/myproject.pp.0.cpp:56872:9: note: FIX-IT applied suggested code changes
/media/thifj/923884033883E497/Linux_usable/hls4ml/projeto_iris_hls4ml/iris_model/projeto_iris_hls_ip_axi/myproject_prj/solution1/.autopilot/db/myproject.pp.0.cpp:56884:5: warning: Added loop label VITIS_LOOP_307_1:   [xilinx-label-all-loops]
    for (int i = 0; i < SIZE / data_T::size; i++) {
    ^~~
    VITIS_LOOP_307_1: 
/media/thifj/923884033883E497/Linux_usable/hls4ml/projeto_iris_hls4ml/iris_model/projeto_iris_hls_ip_axi/myproject_prj/solution1/.autopilot/db/myproject.pp.0.cpp:56884:5: note: FIX-IT applied suggested code changes
/media/thifj/923884033883E497/Linux_usable/hls4ml/projeto_iris_hls4ml/iris_model/projeto_iris_hls_ip_axi/myproject_prj/solution1/.autopilot/db/myproject.pp.0.cpp:56886:9: warning: Added loop label VITIS_LOOP_309_2:   [xilinx-label-all-loops]
        for (int j = 0; j < data_T::size; j++) {
        ^~~
        VITIS_LOOP_309_2: 
/media/thifj/923884033883E497/Linux_usable/hls4ml/projeto_iris_hls4ml/iris_model/projeto_iris_hls_ip_axi/myproject_prj/solution1/.autopilot/db/myproject.pp.0.cpp:56886:9: note: FIX-IT applied suggested code changes
/media/thifj/923884033883E497/Linux_usable/hls4ml/projeto_iris_hls4ml/iris_model/projeto_iris_hls_ip_axi/myproject_prj/solution1/.autopilot/db/myproject.pp.0.cpp:56901:5: warning: Added loop label VITIS_LOOP_324_1:   [xilinx-label-all-loops]
    for (int ii = 0; ii < nrows; ii++) {
    ^~~
    VITIS_LOOP_324_1: 
/media/thifj/923884033883E497/Linux_usable/hls4ml/projeto_iris_hls4ml/iris_model/projeto_iris_hls_ip_axi/myproject_prj/solution1/.autopilot/db/myproject.pp.0.cpp:56901:5: note: FIX-IT applied suggested code changes
/media/thifj/923884033883E497/Linux_usable/hls4ml/projeto_iris_hls4ml/iris_model/projeto_iris_hls_ip_axi/myproject_prj/solution1/.autopilot/db/myproject.pp.0.cpp:56921:5: warning: Added loop label VITIS_LOOP_344_1:   [xilinx-label-all-loops]
    for (int ii = 0; ii < nrows; ii++) {
    ^~~
    VITIS_LOOP_344_1: 
/media/thifj/923884033883E497/Linux_usable/hls4ml/projeto_iris_hls4ml/iris_model/projeto_iris_hls_ip_axi/myproject_prj/solution1/.autopilot/db/myproject.pp.0.cpp:56921:5: note: FIX-IT applied suggested code changes
/media/thifj/923884033883E497/Linux_usable/hls4ml/projeto_iris_hls4ml/iris_model/projeto_iris_hls_ip_axi/myproject_prj/solution1/.autopilot/db/myproject.pp.0.cpp:56922:9: warning: Added loop label VITIS_LOOP_345_2:   [xilinx-label-all-loops]
        for (int jj = 0; jj < ncols; jj++) {
        ^~~
        VITIS_LOOP_345_2: 
/media/thifj/923884033883E497/Linux_usable/hls4ml/projeto_iris_hls4ml/iris_model/projeto_iris_hls_ip_axi/myproject_prj/solution1/.autopilot/db/myproject.pp.0.cpp:56922:9: note: FIX-IT applied suggested code changes
/media/thifj/923884033883E497/Linux_usable/hls4ml/projeto_iris_hls4ml/iris_model/projeto_iris_hls_ip_axi/myproject_prj/solution1/.autopilot/db/myproject.pp.0.cpp:56937:5: warning: Added loop label VITIS_LOOP_360_1:   [xilinx-label-all-loops]
    for (int ii = 0; ii < N_IN; ii++) {
    ^~~
    VITIS_LOOP_360_1: 
/media/thifj/923884033883E497/Linux_usable/hls4ml/projeto_iris_hls4ml/iris_model/projeto_iris_hls_ip_axi/myproject_prj/solution1/.autopilot/db/myproject.pp.0.cpp:56937:5: note: FIX-IT applied suggested code changes
/media/thifj/923884033883E497/Linux_usable/hls4ml/projeto_iris_hls4ml/iris_model/projeto_iris_hls_ip_axi/myproject_prj/solution1/.autopilot/db/myproject.pp.0.cpp:56944:5: warning: Added loop label VITIS_LOOP_367_1:   [xilinx-label-all-loops]
    for (int ii = 0; ii < N_IN; ii++) {
    ^~~
    VITIS_LOOP_367_1: 
/media/thifj/923884033883E497/Linux_usable/hls4ml/projeto_iris_hls4ml/iris_model/projeto_iris_hls_ip_axi/myproject_prj/solution1/.autopilot/db/myproject.pp.0.cpp:56944:5: note: FIX-IT applied suggested code changes
/media/thifj/923884033883E497/Linux_usable/hls4ml/projeto_iris_hls4ml/iris_model/projeto_iris_hls_ip_axi/myproject_prj/solution1/.autopilot/db/myproject.pp.0.cpp:57254:5: warning: Added loop label VITIS_LOOP_136_1:   [xilinx-label-all-loops]
    for (int ii = 0; ii < CONFIG_T::out_width / CONFIG_T::n_partitions; ii++) {
    ^~~
    VITIS_LOOP_136_1: 
/media/thifj/923884033883E497/Linux_usable/hls4ml/projeto_iris_hls4ml/iris_model/projeto_iris_hls_ip_axi/myproject_prj/solution1/.autopilot/db/myproject.pp.0.cpp:57254:5: note: FIX-IT applied suggested code changes
/media/thifj/923884033883E497/Linux_usable/hls4ml/projeto_iris_hls4ml/iris_model/projeto_iris_hls_ip_axi/myproject_prj/solution1/.autopilot/db/myproject.pp.0.cpp:57255:9: warning: Added loop label VITIS_LOOP_137_2:   [xilinx-label-all-loops]
        for (int ff = 0; ff < CONFIG_T::n_filt; ff++) {
        ^~~
        VITIS_LOOP_137_2: 
/media/thifj/923884033883E497/Linux_usable/hls4ml/projeto_iris_hls4ml/iris_model/projeto_iris_hls_ip_axi/myproject_prj/solution1/.autopilot/db/myproject.pp.0.cpp:57255:9: note: FIX-IT applied suggested code changes
/media/thifj/923884033883E497/Linux_usable/hls4ml/projeto_iris_hls4ml/iris_model/projeto_iris_hls_ip_axi/myproject_prj/solution1/.autopilot/db/myproject.pp.0.cpp:57276:5: warning: Added loop label VITIS_LOOP_158_3:   [xilinx-label-all-loops]
    for (int ii = 0; ii < CONFIG_T::out_width / CONFIG_T::n_partitions; ii++) {
    ^~~
    VITIS_LOOP_158_3: 
/media/thifj/923884033883E497/Linux_usable/hls4ml/projeto_iris_hls4ml/iris_model/projeto_iris_hls_ip_axi/myproject_prj/solution1/.autopilot/db/myproject.pp.0.cpp:57276:5: note: FIX-IT applied suggested code changes
/media/thifj/923884033883E497/Linux_usable/hls4ml/projeto_iris_hls4ml/iris_model/projeto_iris_hls_ip_axi/myproject_prj/solution1/.autopilot/db/myproject.pp.0.cpp:57277:9: warning: Added loop label VITIS_LOOP_159_4:   [xilinx-label-all-loops]
        for (int ff = 0; ff < CONFIG_T::n_filt; ff++) {
        ^~~
        VITIS_LOOP_159_4: 
/media/thifj/923884033883E497/Linux_usable/hls4ml/projeto_iris_hls4ml/iris_model/projeto_iris_hls_ip_axi/myproject_prj/solution1/.autopilot/db/myproject.pp.0.cpp:57277:9: note: FIX-IT applied suggested code changes
/media/thifj/923884033883E497/Linux_usable/hls4ml/projeto_iris_hls4ml/iris_model/projeto_iris_hls_ip_axi/myproject_prj/solution1/.autopilot/db/myproject.pp.0.cpp:57424:2: warning: Added loop label VITIS_LOOP_31_1:   [xilinx-label-all-loops]
 for (int ii = 0; ii < CONFIG_T::n_in; ii++) {
 ^~~
 VITIS_LOOP_31_1: 
/media/thifj/923884033883E497/Linux_usable/hls4ml/projeto_iris_hls4ml/iris_model/projeto_iris_hls_ip_axi/myproject_prj/solution1/.autopilot/db/myproject.pp.0.cpp:57424:2: note: FIX-IT applied suggested code changes
/media/thifj/923884033883E497/Linux_usable/hls4ml/projeto_iris_hls4ml/iris_model/projeto_iris_hls_ip_axi/myproject_prj/solution1/.autopilot/db/myproject.pp.0.cpp:57436:5: warning: Added loop label VITIS_LOOP_43_1:   [xilinx-label-all-loops]
    for (int ii = 0; ii < CONFIG_T::n_in; ii++) {
    ^~~
    VITIS_LOOP_43_1: 
/media/thifj/923884033883E497/Linux_usable/hls4ml/projeto_iris_hls4ml/iris_model/projeto_iris_hls_ip_axi/myproject_prj/solution1/.autopilot/db/myproject.pp.0.cpp:57436:5: note: FIX-IT applied suggested code changes
/media/thifj/923884033883E497/Linux_usable/hls4ml/projeto_iris_hls4ml/iris_model/projeto_iris_hls_ip_axi/myproject_prj/solution1/.autopilot/db/myproject.pp.0.cpp:57450:5: warning: Added loop label VITIS_LOOP_57_1:   [xilinx-label-all-loops]
    for (int ii = 0; ii < CONFIG_T::n_in; ii++) {
    ^~~
    VITIS_LOOP_57_1: 
/media/thifj/923884033883E497/Linux_usable/hls4ml/projeto_iris_hls4ml/iris_model/projeto_iris_hls_ip_axi/myproject_prj/solution1/.autopilot/db/myproject.pp.0.cpp:57450:5: note: FIX-IT applied suggested code changes
/media/thifj/923884033883E497/Linux_usable/hls4ml/projeto_iris_hls4ml/iris_model/projeto_iris_hls_ip_axi/myproject_prj/solution1/.autopilot/db/myproject.pp.0.cpp:57477:5: warning: Added loop label VITIS_LOOP_84_1:   [xilinx-label-all-loops]
    for (int ii = 0; ii < N_TABLE; ii++) {
    ^~~
    VITIS_LOOP_84_1: 
/media/thifj/923884033883E497/Linux_usable/hls4ml/projeto_iris_hls4ml/iris_model/projeto_iris_hls_ip_axi/myproject_prj/solution1/.autopilot/db/myproject.pp.0.cpp:57477:5: note: FIX-IT applied suggested code changes
/media/thifj/923884033883E497/Linux_usable/hls4ml/projeto_iris_hls4ml/iris_model/projeto_iris_hls_ip_axi/myproject_prj/solution1/.autopilot/db/myproject.pp.0.cpp:57507:5: warning: Added loop label VITIS_LOOP_114_1:   [xilinx-label-all-loops]
    for (int ii = 0; ii < CONFIG_T::n_in; ii++) {
    ^~~
    VITIS_LOOP_114_1: 
/media/thifj/923884033883E497/Linux_usable/hls4ml/projeto_iris_hls4ml/iris_model/projeto_iris_hls_ip_axi/myproject_prj/solution1/.autopilot/db/myproject.pp.0.cpp:57507:5: note: FIX-IT applied suggested code changes
/media/thifj/923884033883E497/Linux_usable/hls4ml/projeto_iris_hls4ml/iris_model/projeto_iris_hls_ip_axi/myproject_prj/solution1/.autopilot/db/myproject.pp.0.cpp:57544:5: warning: Added loop label VITIS_LOOP_151_1:   [xilinx-label-all-loops]
    for (unsigned i = 0; i < CONFIG_T::exp_table_size; i++) {
    ^~~
    VITIS_LOOP_151_1: 
/media/thifj/923884033883E497/Linux_usable/hls4ml/projeto_iris_hls4ml/iris_model/projeto_iris_hls_ip_axi/myproject_prj/solution1/.autopilot/db/myproject.pp.0.cpp:57544:5: note: FIX-IT applied suggested code changes
/media/thifj/923884033883E497/Linux_usable/hls4ml/projeto_iris_hls4ml/iris_model/projeto_iris_hls_ip_axi/myproject_prj/solution1/.autopilot/db/myproject.pp.0.cpp:57560:5: warning: Added loop label VITIS_LOOP_167_1:   [xilinx-label-all-loops]
    for (unsigned i = 0; i < CONFIG_T::inv_table_size; i++) {
    ^~~
    VITIS_LOOP_167_1: 
/media/thifj/923884033883E497/Linux_usable/hls4ml/projeto_iris_hls4ml/iris_model/projeto_iris_hls_ip_axi/myproject_prj/solution1/.autopilot/db/myproject.pp.0.cpp:57560:5: note: FIX-IT applied suggested code changes
/media/thifj/923884033883E497/Linux_usable/hls4ml/projeto_iris_hls4ml/iris_model/projeto_iris_hls_ip_axi/myproject_prj/solution1/.autopilot/db/myproject.pp.0.cpp:57593:5: warning: Added loop label VITIS_LOOP_200_1:   [xilinx-label-all-loops]
    for (unsigned i = 0; i < CONFIG_T::n_slice; i++) {
    ^~~
    VITIS_LOOP_200_1: 
/media/thifj/923884033883E497/Linux_usable/hls4ml/projeto_iris_hls4ml/iris_model/projeto_iris_hls_ip_axi/myproject_prj/solution1/.autopilot/db/myproject.pp.0.cpp:57593:5: note: FIX-IT applied suggested code changes
/media/thifj/923884033883E497/Linux_usable/hls4ml/projeto_iris_hls4ml/iris_model/projeto_iris_hls_ip_axi/myproject_prj/solution1/.autopilot/db/myproject.pp.0.cpp:57606:5: warning: Added loop label VITIS_LOOP_213_2:   [xilinx-label-all-loops]
    for (unsigned i = 0; i < CONFIG_T::n_slice; i++) {
    ^~~
    VITIS_LOOP_213_2: 
/media/thifj/923884033883E497/Linux_usable/hls4ml/projeto_iris_hls4ml/iris_model/projeto_iris_hls_ip_axi/myproject_prj/solution1/.autopilot/db/myproject.pp.0.cpp:57606:5: note: FIX-IT applied suggested code changes
/media/thifj/923884033883E497/Linux_usable/hls4ml/projeto_iris_hls4ml/iris_model/projeto_iris_hls_ip_axi/myproject_prj/solution1/.autopilot/db/myproject.pp.0.cpp:57639:5: warning: Added loop label VITIS_LOOP_246_1:   [xilinx-label-all-loops]
    for (unsigned i = 0; i < CONFIG_T::n_slice; i++) {
    ^~~
    VITIS_LOOP_246_1: 
/media/thifj/923884033883E497/Linux_usable/hls4ml/projeto_iris_hls4ml/iris_model/projeto_iris_hls_ip_axi/myproject_prj/solution1/.autopilot/db/myproject.pp.0.cpp:57639:5: note: FIX-IT applied suggested code changes
/media/thifj/923884033883E497/Linux_usable/hls4ml/projeto_iris_hls4ml/iris_model/projeto_iris_hls_ip_axi/myproject_prj/solution1/.autopilot/db/myproject.pp.0.cpp:57648:5: warning: Added loop label VITIS_LOOP_255_2:   [xilinx-label-all-loops]
    for (unsigned i = 0; i < CONFIG_T::n_slice; i++) {
    ^~~
    VITIS_LOOP_255_2: 
/media/thifj/923884033883E497/Linux_usable/hls4ml/projeto_iris_hls4ml/iris_model/projeto_iris_hls_ip_axi/myproject_prj/solution1/.autopilot/db/myproject.pp.0.cpp:57648:5: note: FIX-IT applied suggested code changes
/media/thifj/923884033883E497/Linux_usable/hls4ml/projeto_iris_hls4ml/iris_model/projeto_iris_hls_ip_axi/myproject_prj/solution1/.autopilot/db/myproject.pp.0.cpp:57661:5: warning: Added loop label VITIS_LOOP_268_3:   [xilinx-label-all-loops]
    for (unsigned i = 0; i < CONFIG_T::n_slice; i++) {
    ^~~
    VITIS_LOOP_268_3: 
/media/thifj/923884033883E497/Linux_usable/hls4ml/projeto_iris_hls4ml/iris_model/projeto_iris_hls_ip_axi/myproject_prj/solution1/.autopilot/db/myproject.pp.0.cpp:57661:5: note: FIX-IT applied suggested code changes
/media/thifj/923884033883E497/Linux_usable/hls4ml/projeto_iris_hls4ml/iris_model/projeto_iris_hls_ip_axi/myproject_prj/solution1/.autopilot/db/myproject.pp.0.cpp:57668:5: warning: Added loop label VITIS_LOOP_275_1:   [xilinx-label-all-loops]
    for (int ii = 0; ii < N_TABLE; ii++) {
    ^~~
    VITIS_LOOP_275_1: 
/media/thifj/923884033883E497/Linux_usable/hls4ml/projeto_iris_hls4ml/iris_model/projeto_iris_hls_ip_axi/myproject_prj/solution1/.autopilot/db/myproject.pp.0.cpp:57668:5: note: FIX-IT applied suggested code changes
/media/thifj/923884033883E497/Linux_usable/hls4ml/projeto_iris_hls4ml/iris_model/projeto_iris_hls_ip_axi/myproject_prj/solution1/.autopilot/db/myproject.pp.0.cpp:57681:5: warning: Added loop label VITIS_LOOP_288_1:   [xilinx-label-all-loops]
    for (int ii = 0; ii < N_TABLE; ii++) {
    ^~~
    VITIS_LOOP_288_1: 
/media/thifj/923884033883E497/Linux_usable/hls4ml/projeto_iris_hls4ml/iris_model/projeto_iris_hls_ip_axi/myproject_prj/solution1/.autopilot/db/myproject.pp.0.cpp:57681:5: note: FIX-IT applied suggested code changes
/media/thifj/923884033883E497/Linux_usable/hls4ml/projeto_iris_hls4ml/iris_model/projeto_iris_hls_ip_axi/myproject_prj/solution1/.autopilot/db/myproject.pp.0.cpp:57718:5: warning: Added loop label VITIS_LOOP_325_1:   [xilinx-label-all-loops]
    for (int ii = 0; ii < CONFIG_T::n_slice; ii++) {
    ^~~
    VITIS_LOOP_325_1: 
/media/thifj/923884033883E497/Linux_usable/hls4ml/projeto_iris_hls4ml/iris_model/projeto_iris_hls_ip_axi/myproject_prj/solution1/.autopilot/db/myproject.pp.0.cpp:57718:5: note: FIX-IT applied suggested code changes
/media/thifj/923884033883E497/Linux_usable/hls4ml/projeto_iris_hls4ml/iris_model/projeto_iris_hls_ip_axi/myproject_prj/solution1/.autopilot/db/myproject.pp.0.cpp:57723:5: warning: Added loop label VITIS_LOOP_330_2:   [xilinx-label-all-loops]
    for (int ii = 0; ii < CONFIG_T::n_slice; ii++) {
    ^~~
    VITIS_LOOP_330_2: 
/media/thifj/923884033883E497/Linux_usable/hls4ml/projeto_iris_hls4ml/iris_model/projeto_iris_hls_ip_axi/myproject_prj/solution1/.autopilot/db/myproject.pp.0.cpp:57723:5: note: FIX-IT applied suggested code changes
/media/thifj/923884033883E497/Linux_usable/hls4ml/projeto_iris_hls4ml/iris_model/projeto_iris_hls_ip_axi/myproject_prj/solution1/.autopilot/db/myproject.pp.0.cpp:57724:9: warning: Added loop label VITIS_LOOP_331_3:   [xilinx-label-all-loops]
        for (int jj = 0; jj < CONFIG_T::n_slice; jj++) {
        ^~~
        VITIS_LOOP_331_3: 
/media/thifj/923884033883E497/Linux_usable/hls4ml/projeto_iris_hls4ml/iris_model/projeto_iris_hls_ip_axi/myproject_prj/solution1/.autopilot/db/myproject.pp.0.cpp:57724:9: note: FIX-IT applied suggested code changes
/media/thifj/923884033883E497/Linux_usable/hls4ml/projeto_iris_hls4ml/iris_model/projeto_iris_hls_ip_axi/myproject_prj/solution1/.autopilot/db/myproject.pp.0.cpp:57741:5: warning: Added loop label VITIS_LOOP_348_4:   [xilinx-label-all-loops]
    for (int ii = 0; ii < CONFIG_T::n_slice; ii++) {
    ^~~
    VITIS_LOOP_348_4: 
/media/thifj/923884033883E497/Linux_usable/hls4ml/projeto_iris_hls4ml/iris_model/projeto_iris_hls_ip_axi/myproject_prj/solution1/.autopilot/db/myproject.pp.0.cpp:57741:5: note: FIX-IT applied suggested code changes
/media/thifj/923884033883E497/Linux_usable/hls4ml/projeto_iris_hls4ml/iris_model/projeto_iris_hls_ip_axi/myproject_prj/solution1/.autopilot/db/myproject.pp.0.cpp:57754:5: warning: Added loop label VITIS_LOOP_361_1:   [xilinx-label-all-loops]
    for (int i = 0; i < CONFIG_T::n_slice; i++) {
    ^~~
    VITIS_LOOP_361_1: 
/media/thifj/923884033883E497/Linux_usable/hls4ml/projeto_iris_hls4ml/iris_model/projeto_iris_hls_ip_axi/myproject_prj/solution1/.autopilot/db/myproject.pp.0.cpp:57754:5: note: FIX-IT applied suggested code changes
/media/thifj/923884033883E497/Linux_usable/hls4ml/projeto_iris_hls4ml/iris_model/projeto_iris_hls_ip_axi/myproject_prj/solution1/.autopilot/db/myproject.pp.0.cpp:57762:5: warning: Added loop label VITIS_LOOP_369_2:   [xilinx-label-all-loops]
    for (int i = 1; i < CONFIG_T::n_slice; i++) {
    ^~~
    VITIS_LOOP_369_2: 
/media/thifj/923884033883E497/Linux_usable/hls4ml/projeto_iris_hls4ml/iris_model/projeto_iris_hls_ip_axi/myproject_prj/solution1/.autopilot/db/myproject.pp.0.cpp:57762:5: note: FIX-IT applied suggested code changes
/media/thifj/923884033883E497/Linux_usable/hls4ml/projeto_iris_hls4ml/iris_model/projeto_iris_hls_ip_axi/myproject_prj/solution1/.autopilot/db/myproject.pp.0.cpp:57798:5: warning: Added loop label VITIS_LOOP_405_1:   [xilinx-label-all-loops]
    for (signed i = 0; i < CONFIG_T::n_outer; i++) {
    ^~~
    VITIS_LOOP_405_1: 
/media/thifj/923884033883E497/Linux_usable/hls4ml/projeto_iris_hls4ml/iris_model/projeto_iris_hls_ip_axi/myproject_prj/solution1/.autopilot/db/myproject.pp.0.cpp:57798:5: note: FIX-IT applied suggested code changes
/media/thifj/923884033883E497/Linux_usable/hls4ml/projeto_iris_hls4ml/iris_model/projeto_iris_hls_ip_axi/myproject_prj/solution1/.autopilot/db/myproject.pp.0.cpp:57800:2: warning: Added loop label VITIS_LOOP_407_2:   [xilinx-label-all-loops]
 for (signed k = 0; k < CONFIG_T::n_inner; k++) {
 ^~~
 VITIS_LOOP_407_2: 
/media/thifj/923884033883E497/Linux_usable/hls4ml/projeto_iris_hls4ml/iris_model/projeto_iris_hls_ip_axi/myproject_prj/solution1/.autopilot/db/myproject.pp.0.cpp:57800:2: note: FIX-IT applied suggested code changes
/media/thifj/923884033883E497/Linux_usable/hls4ml/projeto_iris_hls4ml/iris_model/projeto_iris_hls_ip_axi/myproject_prj/solution1/.autopilot/db/myproject.pp.0.cpp:57802:2: warning: Added loop label VITIS_LOOP_409_3:   [xilinx-label-all-loops]
 for (signed j = 0; j < CONFIG_T::n_slice; j++) {
 ^~~
 VITIS_LOOP_409_3: 
/media/thifj/923884033883E497/Linux_usable/hls4ml/projeto_iris_hls4ml/iris_model/projeto_iris_hls_ip_axi/myproject_prj/solution1/.autopilot/db/myproject.pp.0.cpp:57802:2: note: FIX-IT applied suggested code changes
/media/thifj/923884033883E497/Linux_usable/hls4ml/projeto_iris_hls4ml/iris_model/projeto_iris_hls_ip_axi/myproject_prj/solution1/.autopilot/db/myproject.pp.0.cpp:57807:13: warning: Added loop label VITIS_LOOP_414_4:   [xilinx-label-all-loops]
            for (signed j = 0; j < CONFIG_T::n_slice; j++) {
            ^~~
            VITIS_LOOP_414_4: 
/media/thifj/923884033883E497/Linux_usable/hls4ml/projeto_iris_hls4ml/iris_model/projeto_iris_hls_ip_axi/myproject_prj/solution1/.autopilot/db/myproject.pp.0.cpp:57807:13: note: FIX-IT applied suggested code changes
/media/thifj/923884033883E497/Linux_usable/hls4ml/projeto_iris_hls4ml/iris_model/projeto_iris_hls_ip_axi/myproject_prj/solution1/.autopilot/db/myproject.pp.0.cpp:57820:5: warning: Added loop label VITIS_LOOP_427_1:   [xilinx-label-all-loops]
    for (int ii = 0; ii < N_TABLE; ii++) {
    ^~~
    VITIS_LOOP_427_1: 
/media/thifj/923884033883E497/Linux_usable/hls4ml/projeto_iris_hls4ml/iris_model/projeto_iris_hls_ip_axi/myproject_prj/solution1/.autopilot/db/myproject.pp.0.cpp:57820:5: note: FIX-IT applied suggested code changes
/media/thifj/923884033883E497/Linux_usable/hls4ml/projeto_iris_hls4ml/iris_model/projeto_iris_hls_ip_axi/myproject_prj/solution1/.autopilot/db/myproject.pp.0.cpp:57850:5: warning: Added loop label VITIS_LOOP_457_1:   [xilinx-label-all-loops]
    for (int ii = 0; ii < CONFIG_T::n_in; ii++) {
    ^~~
    VITIS_LOOP_457_1: 
/media/thifj/923884033883E497/Linux_usable/hls4ml/projeto_iris_hls4ml/iris_model/projeto_iris_hls_ip_axi/myproject_prj/solution1/.autopilot/db/myproject.pp.0.cpp:57850:5: note: FIX-IT applied suggested code changes
/media/thifj/923884033883E497/Linux_usable/hls4ml/projeto_iris_hls4ml/iris_model/projeto_iris_hls_ip_axi/myproject_prj/solution1/.autopilot/db/myproject.pp.0.cpp:57877:2: warning: Added loop label VITIS_LOOP_484_1:   [xilinx-label-all-loops]
 for (int ii = 0; ii < CONFIG_T::n_in; ii++) {
 ^~~
 VITIS_LOOP_484_1: 
/media/thifj/923884033883E497/Linux_usable/hls4ml/projeto_iris_hls4ml/iris_model/projeto_iris_hls_ip_axi/myproject_prj/solution1/.autopilot/db/myproject.pp.0.cpp:57877:2: note: FIX-IT applied suggested code changes
/media/thifj/923884033883E497/Linux_usable/hls4ml/projeto_iris_hls4ml/iris_model/projeto_iris_hls_ip_axi/myproject_prj/solution1/.autopilot/db/myproject.pp.0.cpp:57891:2: warning: Added loop label VITIS_LOOP_498_1:   [xilinx-label-all-loops]
 for (int ii = 0; ii < CONFIG_T::n_in; ii++) {
 ^~~
 VITIS_LOOP_498_1: 
/media/thifj/923884033883E497/Linux_usable/hls4ml/projeto_iris_hls4ml/iris_model/projeto_iris_hls_ip_axi/myproject_prj/solution1/.autopilot/db/myproject.pp.0.cpp:57891:2: note: FIX-IT applied suggested code changes
/media/thifj/923884033883E497/Linux_usable/hls4ml/projeto_iris_hls4ml/iris_model/projeto_iris_hls_ip_axi/myproject_prj/solution1/.autopilot/db/myproject.pp.0.cpp:57907:5: warning: Added loop label VITIS_LOOP_514_1:   [xilinx-label-all-loops]
    for (int ii = 0; ii < CONFIG_T::n_in; ii++) {
    ^~~
    VITIS_LOOP_514_1: 
/media/thifj/923884033883E497/Linux_usable/hls4ml/projeto_iris_hls4ml/iris_model/projeto_iris_hls_ip_axi/myproject_prj/solution1/.autopilot/db/myproject.pp.0.cpp:57907:5: note: FIX-IT applied suggested code changes
/media/thifj/923884033883E497/Linux_usable/hls4ml/projeto_iris_hls4ml/iris_model/projeto_iris_hls_ip_axi/myproject_prj/solution1/.autopilot/db/myproject.pp.0.cpp:57925:5: warning: Added loop label VITIS_LOOP_532_1:   [xilinx-label-all-loops]
    for (int ii = 0; ii < CONFIG_T::n_in; ii++) {
    ^~~
    VITIS_LOOP_532_1: 
/media/thifj/923884033883E497/Linux_usable/hls4ml/projeto_iris_hls4ml/iris_model/projeto_iris_hls_ip_axi/myproject_prj/solution1/.autopilot/db/myproject.pp.0.cpp:57925:5: note: FIX-IT applied suggested code changes
/media/thifj/923884033883E497/Linux_usable/hls4ml/projeto_iris_hls4ml/iris_model/projeto_iris_hls_ip_axi/myproject_prj/solution1/.autopilot/db/myproject.pp.0.cpp:57942:5: warning: Added loop label VITIS_LOOP_549_1:   [xilinx-label-all-loops]
    for (int ii = 0; ii < CONFIG_T::n_in; ii++) {
    ^~~
    VITIS_LOOP_549_1: 
/media/thifj/923884033883E497/Linux_usable/hls4ml/projeto_iris_hls4ml/iris_model/projeto_iris_hls_ip_axi/myproject_prj/solution1/.autopilot/db/myproject.pp.0.cpp:57942:5: note: FIX-IT applied suggested code changes
/media/thifj/923884033883E497/Linux_usable/hls4ml/projeto_iris_hls4ml/iris_model/projeto_iris_hls_ip_axi/myproject_prj/solution1/.autopilot/db/myproject.pp.0.cpp:57959:5: warning: Added loop label VITIS_LOOP_566_1:   [xilinx-label-all-loops]
    for (int ii = 0; ii < N_TABLE; ii++) {
    ^~~
    VITIS_LOOP_566_1: 
/media/thifj/923884033883E497/Linux_usable/hls4ml/projeto_iris_hls4ml/iris_model/projeto_iris_hls_ip_axi/myproject_prj/solution1/.autopilot/db/myproject.pp.0.cpp:57959:5: note: FIX-IT applied suggested code changes
/media/thifj/923884033883E497/Linux_usable/hls4ml/projeto_iris_hls4ml/iris_model/projeto_iris_hls_ip_axi/myproject_prj/solution1/.autopilot/db/myproject.pp.0.cpp:57989:5: warning: Added loop label VITIS_LOOP_596_1:   [xilinx-label-all-loops]
    for (int ii = 0; ii < CONFIG_T::n_in; ii++) {
    ^~~
    VITIS_LOOP_596_1: 
/media/thifj/923884033883E497/Linux_usable/hls4ml/projeto_iris_hls4ml/iris_model/projeto_iris_hls_ip_axi/myproject_prj/solution1/.autopilot/db/myproject.pp.0.cpp:57989:5: note: FIX-IT applied suggested code changes
/media/thifj/923884033883E497/Linux_usable/hls4ml/projeto_iris_hls4ml/iris_model/projeto_iris_hls_ip_axi/myproject_prj/solution1/.autopilot/db/myproject.pp.0.cpp:58008:5: warning: Added loop label VITIS_LOOP_615_1:   [xilinx-label-all-loops]
    for (int ii = 0; ii < N_TABLE; ii++) {
    ^~~
    VITIS_LOOP_615_1: 
/media/thifj/923884033883E497/Linux_usable/hls4ml/projeto_iris_hls4ml/iris_model/projeto_iris_hls_ip_axi/myproject_prj/solution1/.autopilot/db/myproject.pp.0.cpp:58008:5: note: FIX-IT applied suggested code changes
/media/thifj/923884033883E497/Linux_usable/hls4ml/projeto_iris_hls4ml/iris_model/projeto_iris_hls_ip_axi/myproject_prj/solution1/.autopilot/db/myproject.pp.0.cpp:58038:5: warning: Added loop label VITIS_LOOP_645_1:   [xilinx-label-all-loops]
    for (int ii = 0; ii < CONFIG_T::n_in; ii++) {
    ^~~
    VITIS_LOOP_645_1: 
/media/thifj/923884033883E497/Linux_usable/hls4ml/projeto_iris_hls4ml/iris_model/projeto_iris_hls_ip_axi/myproject_prj/solution1/.autopilot/db/myproject.pp.0.cpp:58038:5: note: FIX-IT applied suggested code changes
/media/thifj/923884033883E497/Linux_usable/hls4ml/projeto_iris_hls4ml/iris_model/projeto_iris_hls_ip_axi/myproject_prj/solution1/.autopilot/db/myproject.pp.0.cpp:58057:5: warning: Added loop label VITIS_LOOP_664_1:   [xilinx-label-all-loops]
    for (int ii = 0; ii < N_TABLE; ii++) {
    ^~~
    VITIS_LOOP_664_1: 
/media/thifj/923884033883E497/Linux_usable/hls4ml/projeto_iris_hls4ml/iris_model/projeto_iris_hls_ip_axi/myproject_prj/solution1/.autopilot/db/myproject.pp.0.cpp:58057:5: note: FIX-IT applied suggested code changes
/media/thifj/923884033883E497/Linux_usable/hls4ml/projeto_iris_hls4ml/iris_model/projeto_iris_hls_ip_axi/myproject_prj/solution1/.autopilot/db/myproject.pp.0.cpp:58087:5: warning: Added loop label VITIS_LOOP_694_1:   [xilinx-label-all-loops]
    for (int ii = 0; ii < CONFIG_T::n_in; ii++) {
    ^~~
    VITIS_LOOP_694_1: 
/media/thifj/923884033883E497/Linux_usable/hls4ml/projeto_iris_hls4ml/iris_model/projeto_iris_hls_ip_axi/myproject_prj/solution1/.autopilot/db/myproject.pp.0.cpp:58087:5: note: FIX-IT applied suggested code changes
/media/thifj/923884033883E497/Linux_usable/hls4ml/projeto_iris_hls4ml/iris_model/projeto_iris_hls_ip_axi/myproject_prj/solution1/.autopilot/db/myproject.pp.0.cpp:58114:5: warning: Added loop label VITIS_LOOP_721_1:   [xilinx-label-all-loops]
    for (int ii = 0; ii < N_TABLE; ii++) {
    ^~~
    VITIS_LOOP_721_1: 
/media/thifj/923884033883E497/Linux_usable/hls4ml/projeto_iris_hls4ml/iris_model/projeto_iris_hls_ip_axi/myproject_prj/solution1/.autopilot/db/myproject.pp.0.cpp:58114:5: note: FIX-IT applied suggested code changes
/media/thifj/923884033883E497/Linux_usable/hls4ml/projeto_iris_hls4ml/iris_model/projeto_iris_hls_ip_axi/myproject_prj/solution1/.autopilot/db/myproject.pp.0.cpp:58142:2: warning: Added loop label VITIS_LOOP_749_1:   [xilinx-label-all-loops]
 for (int ii = 0; ii < CONFIG_T::n_in; ii++) {
 ^~~
 VITIS_LOOP_749_1: 
/media/thifj/923884033883E497/Linux_usable/hls4ml/projeto_iris_hls4ml/iris_model/projeto_iris_hls_ip_axi/myproject_prj/solution1/.autopilot/db/myproject.pp.0.cpp:58142:2: note: FIX-IT applied suggested code changes
/media/thifj/923884033883E497/Linux_usable/hls4ml/projeto_iris_hls4ml/iris_model/projeto_iris_hls_ip_axi/myproject_prj/solution1/.autopilot/db/myproject.pp.0.cpp:58172:5: warning: Added loop label VITIS_LOOP_779_1:   [xilinx-label-all-loops]
    for (int ii = 0; ii < CONFIG_T::n_in; ii++) {
    ^~~
    VITIS_LOOP_779_1: 
/media/thifj/923884033883E497/Linux_usable/hls4ml/projeto_iris_hls4ml/iris_model/projeto_iris_hls_ip_axi/myproject_prj/solution1/.autopilot/db/myproject.pp.0.cpp:58172:5: note: FIX-IT applied suggested code changes
/media/thifj/923884033883E497/Linux_usable/hls4ml/projeto_iris_hls4ml/iris_model/projeto_iris_hls_ip_axi/myproject_prj/solution1/.autopilot/db/myproject.pp.0.cpp:58201:5: warning: Added loop label VITIS_LOOP_808_1:   [xilinx-label-all-loops]
    for (int ii = 0; ii < CONFIG_T::n_in; ii++) {
    ^~~
    VITIS_LOOP_808_1: 
/media/thifj/923884033883E497/Linux_usable/hls4ml/projeto_iris_hls4ml/iris_model/projeto_iris_hls_ip_axi/myproject_prj/solution1/.autopilot/db/myproject.pp.0.cpp:58201:5: note: FIX-IT applied suggested code changes
/media/thifj/923884033883E497/Linux_usable/hls4ml/projeto_iris_hls4ml/iris_model/projeto_iris_hls_ip_axi/myproject_prj/solution1/.autopilot/db/myproject.pp.0.cpp:58221:5: warning: Added loop label VITIS_LOOP_828_1:   [xilinx-label-all-loops]
    for (int ii = 0; ii < CONFIG_T::n_in; ii++) {
    ^~~
    VITIS_LOOP_828_1: 
/media/thifj/923884033883E497/Linux_usable/hls4ml/projeto_iris_hls4ml/iris_model/projeto_iris_hls_ip_axi/myproject_prj/solution1/.autopilot/db/myproject.pp.0.cpp:58221:5: note: FIX-IT applied suggested code changes
/media/thifj/923884033883E497/Linux_usable/hls4ml/projeto_iris_hls4ml/iris_model/projeto_iris_hls_ip_axi/myproject_prj/solution1/.autopilot/db/myproject.pp.0.cpp:58466:9: warning: Added loop label VITIS_LOOP_229_1:   [xilinx-label-all-loops]
        for (int i = 0; i < N / data_T::size; i++) {
        ^~~
        VITIS_LOOP_229_1: 
/media/thifj/923884033883E497/Linux_usable/hls4ml/projeto_iris_hls4ml/iris_model/projeto_iris_hls_ip_axi/myproject_prj/solution1/.autopilot/db/myproject.pp.0.cpp:58466:9: note: FIX-IT applied suggested code changes
/media/thifj/923884033883E497/Linux_usable/hls4ml/projeto_iris_hls4ml/iris_model/projeto_iris_hls_ip_axi/myproject_prj/solution1/.autopilot/db/myproject.pp.0.cpp:58473:13: warning: Added loop label VITIS_LOOP_236_2:   [xilinx-label-all-loops]
            for (int j = 0; j < data_T::size; j++) {
            ^~~
            VITIS_LOOP_236_2: 
/media/thifj/923884033883E497/Linux_usable/hls4ml/projeto_iris_hls4ml/iris_model/projeto_iris_hls_ip_axi/myproject_prj/solution1/.autopilot/db/myproject.pp.0.cpp:58473:13: note: FIX-IT applied suggested code changes
/media/thifj/923884033883E497/Linux_usable/hls4ml/projeto_iris_hls4ml/iris_model/projeto_iris_hls_ip_axi/myproject_prj/solution1/.autopilot/db/myproject.pp.0.cpp:58482:9: warning: Added loop label VITIS_LOOP_245_3:   [xilinx-label-all-loops]
        for (int i = 0; i < N / data_T::size; i++) {
        ^~~
        VITIS_LOOP_245_3: 
/media/thifj/923884033883E497/Linux_usable/hls4ml/projeto_iris_hls4ml/iris_model/projeto_iris_hls_ip_axi/myproject_prj/solution1/.autopilot/db/myproject.pp.0.cpp:58482:9: note: FIX-IT applied suggested code changes
/media/thifj/923884033883E497/Linux_usable/hls4ml/projeto_iris_hls4ml/iris_model/projeto_iris_hls_ip_axi/myproject_prj/solution1/.autopilot/db/myproject.pp.0.cpp:58491:13: warning: Added loop label VITIS_LOOP_254_4:   [xilinx-label-all-loops]
            for (int j = 0; j < pack_diff; j++) {
            ^~~
            VITIS_LOOP_254_4: 
/media/thifj/923884033883E497/Linux_usable/hls4ml/projeto_iris_hls4ml/iris_model/projeto_iris_hls_ip_axi/myproject_prj/solution1/.autopilot/db/myproject.pp.0.cpp:58491:13: note: FIX-IT applied suggested code changes
/media/thifj/923884033883E497/Linux_usable/hls4ml/projeto_iris_hls4ml/iris_model/projeto_iris_hls_ip_axi/myproject_prj/solution1/.autopilot/db/myproject.pp.0.cpp:58495:17: warning: Added loop label VITIS_LOOP_258_5:   [xilinx-label-all-loops]
                for (int k = 0; k < res_T::size; k++) {
                ^~~
                VITIS_LOOP_258_5: 
/media/thifj/923884033883E497/Linux_usable/hls4ml/projeto_iris_hls4ml/iris_model/projeto_iris_hls_ip_axi/myproject_prj/solution1/.autopilot/db/myproject.pp.0.cpp:58495:17: note: FIX-IT applied suggested code changes
/media/thifj/923884033883E497/Linux_usable/hls4ml/projeto_iris_hls4ml/iris_model/projeto_iris_hls_ip_axi/myproject_prj/solution1/.autopilot/db/myproject.pp.0.cpp:58506:9: warning: Added loop label VITIS_LOOP_269_6:   [xilinx-label-all-loops]
        for (int i = 0; i < N / data_T::size; i++) {
        ^~~
        VITIS_LOOP_269_6: 
/media/thifj/923884033883E497/Linux_usable/hls4ml/projeto_iris_hls4ml/iris_model/projeto_iris_hls_ip_axi/myproject_prj/solution1/.autopilot/db/myproject.pp.0.cpp:58506:9: note: FIX-IT applied suggested code changes
/media/thifj/923884033883E497/Linux_usable/hls4ml/projeto_iris_hls4ml/iris_model/projeto_iris_hls_ip_axi/myproject_prj/solution1/.autopilot/db/myproject.pp.0.cpp:58510:13: warning: Added loop label VITIS_LOOP_273_7:   [xilinx-label-all-loops]
            for (int j = 0; j < data_T::size; j++) {
            ^~~
            VITIS_LOOP_273_7: 
/media/thifj/923884033883E497/Linux_usable/hls4ml/projeto_iris_hls4ml/iris_model/projeto_iris_hls_ip_axi/myproject_prj/solution1/.autopilot/db/myproject.pp.0.cpp:58510:13: note: FIX-IT applied suggested code changes
/media/thifj/923884033883E497/Linux_usable/hls4ml/projeto_iris_hls4ml/iris_model/projeto_iris_hls_ip_axi/myproject_prj/solution1/.autopilot/db/myproject.pp.0.cpp:58534:9: warning: Added loop label VITIS_LOOP_297_1:   [xilinx-label-all-loops]
        for (int j = 0; j < n_dupl; j++) {
        ^~~
        VITIS_LOOP_297_1: 
/media/thifj/923884033883E497/Linux_usable/hls4ml/projeto_iris_hls4ml/iris_model/projeto_iris_hls_ip_axi/myproject_prj/solution1/.autopilot/db/myproject.pp.0.cpp:58534:9: note: FIX-IT applied suggested code changes
/media/thifj/923884033883E497/Linux_usable/hls4ml/projeto_iris_hls4ml/iris_model/projeto_iris_hls_ip_axi/myproject_prj/solution1/.autopilot/db/myproject.pp.0.cpp:58538:13: warning: Added loop label VITIS_LOOP_301_2:   [xilinx-label-all-loops]
            for (int k = 0; k < res_T::size; k++) {
            ^~~
            VITIS_LOOP_301_2: 
/media/thifj/923884033883E497/Linux_usable/hls4ml/projeto_iris_hls4ml/iris_model/projeto_iris_hls_ip_axi/myproject_prj/solution1/.autopilot/db/myproject.pp.0.cpp:58538:13: note: FIX-IT applied suggested code changes
/media/thifj/923884033883E497/Linux_usable/hls4ml/projeto_iris_hls4ml/iris_model/projeto_iris_hls_ip_axi/myproject_prj/solution1/.autopilot/db/myproject.pp.0.cpp:58557:9: warning: Added loop label VITIS_LOOP_320_1:   [xilinx-label-all-loops]
        for (int k = 0; k < res_T::size; k++) {
        ^~~
        VITIS_LOOP_320_1: 
/media/thifj/923884033883E497/Linux_usable/hls4ml/projeto_iris_hls4ml/iris_model/projeto_iris_hls_ip_axi/myproject_prj/solution1/.autopilot/db/myproject.pp.0.cpp:58557:9: note: FIX-IT applied suggested code changes
/media/thifj/923884033883E497/Linux_usable/hls4ml/projeto_iris_hls4ml/iris_model/projeto_iris_hls_ip_axi/myproject_prj/solution1/.autopilot/db/myproject.pp.0.cpp:58781:9: warning: Added loop label VITIS_LOOP_211_1:   [xilinx-label-all-loops]
        for (unsigned j = 0; j < data_T::size; j++) {
        ^~~
        VITIS_LOOP_211_1: 
/media/thifj/923884033883E497/Linux_usable/hls4ml/projeto_iris_hls4ml/iris_model/projeto_iris_hls_ip_axi/myproject_prj/solution1/.autopilot/db/myproject.pp.0.cpp:58781:9: note: FIX-IT applied suggested code changes
/media/thifj/923884033883E497/Linux_usable/hls4ml/projeto_iris_hls4ml/iris_model/projeto_iris_hls_ip_axi/myproject_prj/solution1/.autopilot/db/myproject.pp.0.cpp:58790:9: warning: Added loop label VITIS_LOOP_220_2:   [xilinx-label-all-loops]
        for (unsigned j = 0; j < data_T::size; j++) {
        ^~~
        VITIS_LOOP_220_2: 
/media/thifj/923884033883E497/Linux_usable/hls4ml/projeto_iris_hls4ml/iris_model/projeto_iris_hls_ip_axi/myproject_prj/solution1/.autopilot/db/myproject.pp.0.cpp:58790:9: note: FIX-IT applied suggested code changes
/media/thifj/923884033883E497/Linux_usable/hls4ml/projeto_iris_hls4ml/iris_model/projeto_iris_hls_ip_axi/myproject_prj/solution1/.autopilot/db/myproject.pp.0.cpp:58895:5: warning: Added loop label VITIS_LOOP_325_1:   [xilinx-label-all-loops]
    for (int i = 0; i < CONFIG_T::n_in / res_T::size; i++) {
    ^~~
    VITIS_LOOP_325_1: 
/media/thifj/923884033883E497/Linux_usable/hls4ml/projeto_iris_hls4ml/iris_model/projeto_iris_hls_ip_axi/myproject_prj/solution1/.autopilot/db/myproject.pp.0.cpp:58895:5: note: FIX-IT applied suggested code changes
/media/thifj/923884033883E497/Linux_usable/hls4ml/projeto_iris_hls4ml/iris_model/projeto_iris_hls_ip_axi/myproject_prj/solution1/.autopilot/db/myproject.pp.0.cpp:58900:9: warning: Added loop label VITIS_LOOP_330_2:   [xilinx-label-all-loops]
        for (int i = 0; i < res_T::size; i++) {
        ^~~
        VITIS_LOOP_330_2: 
/media/thifj/923884033883E497/Linux_usable/hls4ml/projeto_iris_hls4ml/iris_model/projeto_iris_hls_ip_axi/myproject_prj/solution1/.autopilot/db/myproject.pp.0.cpp:58900:9: note: FIX-IT applied suggested code changes
/media/thifj/923884033883E497/Linux_usable/hls4ml/projeto_iris_hls4ml/iris_model/projeto_iris_hls_ip_axi/myproject_prj/solution1/.autopilot/db/myproject.pp.0.cpp:58908:9: warning: Added loop label VITIS_LOOP_338_3:   [xilinx-label-all-loops]
        for (int i = 1; i < res_T::size; i++) {
        ^~~
        VITIS_LOOP_338_3: 
/media/thifj/923884033883E497/Linux_usable/hls4ml/projeto_iris_hls4ml/iris_model/projeto_iris_hls_ip_axi/myproject_prj/solution1/.autopilot/db/myproject.pp.0.cpp:58908:9: note: FIX-IT applied suggested code changes
/media/thifj/923884033883E497/Linux_usable/hls4ml/projeto_iris_hls4ml/iris_model/projeto_iris_hls_ip_axi/myproject_prj/solution1/.autopilot/db/myproject.pp.0.cpp:59490:9: error: Resource with core_name: ROM_nP_BRAM pragma is ignored, because this core doesn't exist at all  [clang-diagnostic-error]
#pragma HLS RESOURCE variable=weights core=ROM_nP_BRAM
        ^
/media/thifj/923884033883E497/Linux_usable/hls4ml/projeto_iris_hls4ml/iris_model/projeto_iris_hls_ip_axi/myproject_prj/solution1/.autopilot/db/myproject.pp.0.cpp:59564:9: error: Resource with core_name: ROM_nP_BRAM pragma is ignored, because this core doesn't exist at all  [clang-diagnostic-error]
#pragma HLS RESOURCE variable=weights core=ROM_nP_BRAM
        ^
/media/thifj/923884033883E497/Linux_usable/hls4ml/projeto_iris_hls4ml/iris_model/projeto_iris_hls_ip_axi/myproject_prj/solution1/.autopilot/db/myproject.pp.0.cpp:59646:9: error: Resource with core_name: ROM_nP_BRAM pragma is ignored, because this core doesn't exist at all  [clang-diagnostic-error]
#pragma HLS RESOURCE variable=weights core=ROM_nP_BRAM
        ^
/media/thifj/923884033883E497/Linux_usable/hls4ml/projeto_iris_hls4ml/iris_model/projeto_iris_hls_ip_axi/myproject_prj/solution1/.autopilot/db/myproject.pp.0.cpp:59819:5: warning: Added loop label VITIS_LOOP_14_1:   [xilinx-label-all-loops]
    for (unsigned k = 0; k < CONFIG_T::n_out; k++) {
    ^~~
    VITIS_LOOP_14_1: 
/media/thifj/923884033883E497/Linux_usable/hls4ml/projeto_iris_hls4ml/iris_model/projeto_iris_hls_ip_axi/myproject_prj/solution1/.autopilot/db/myproject.pp.0.cpp:59819:5: note: FIX-IT applied suggested code changes
/media/thifj/923884033883E497/Linux_usable/hls4ml/projeto_iris_hls4ml/iris_model/projeto_iris_hls_ip_axi/myproject_prj/solution1/.autopilot/db/myproject.pp.0.cpp:59879:9: warning: Added loop label VITIS_LOOP_74_1:   [xilinx-label-all-loops]
        for (int im = 0; im < CONFIG_T::n_out; im++) {
        ^~~
        VITIS_LOOP_74_1: 
/media/thifj/923884033883E497/Linux_usable/hls4ml/projeto_iris_hls4ml/iris_model/projeto_iris_hls_ip_axi/myproject_prj/solution1/.autopilot/db/myproject.pp.0.cpp:59879:9: note: FIX-IT applied suggested code changes
