

================================================================
== Vitis HLS Report for 'relu_ap_fixed_16_6_5_3_0_ap_fixed_16_6_5_3_0_relu_config3_s'
================================================================
* Date:           Fri Mar 27 15:02:38 2026

* Version:        2025.1 (Build 6135595 on May 21 2025)
* Project:        myproject_prj
* Solution:       solution1 (Vivado IP Flow Target)
* Product family: zynq
* Target device:  xc7z020-clg400-1


================================================================
== Performance Estimates
================================================================
+ Timing: 
    * Summary: 
    +--------+---------+----------+------------+
    |  Clock |  Target | Estimated| Uncertainty|
    +--------+---------+----------+------------+
    |ap_clk  |  5.00 ns|  2.830 ns|     1.35 ns|
    +--------+---------+----------+------------+

+ Latency: 
    * Summary: 
    +---------+---------+----------+----------+-----+-----+---------+
    |  Latency (cycles) |  Latency (absolute) |  Interval | Pipeline|
    |   min   |   max   |    min   |    max   | min | max |   Type  |
    +---------+---------+----------+----------+-----+-----+---------+
    |        0|        0|      0 ns|      0 ns|    1|    1|      yes|
    +---------+---------+----------+----------+-----+-----+---------+

    + Detail: 
        * Instance: 
        N/A

        * Loop: 
        N/A

============================================================
+ Verbose Summary: Synthesis Manager
============================================================
InlineROM: 1
ExposeGlobal: 0
============================================================
+ Verbose Summary: CDFG Model
============================================================
IsTopModel: 0
ResetActiveHigh: 1
IsCombinational: 0
IsDatapathOnly: 0
HasWiredReturn: 1
HasMFsm: 2
HasVarLatency: 0
IsPipeline: 1
IsRtlPipelined: 0
IsInstanceOverlapped: 0
IsDontTouch: 0
HasImplIP: 0
IsGatedGlobalClock: 0

+ Individual pipeline summary: 
  * Pipeline-0: initiation interval (II) = 1, depth = 1


============================================================
+ Verbose Summary: Schedule
============================================================
* Number of FSM states : 1
* Pipeline : 1
  Pipeline-0 : II = 1, D = 1, States = { 1 }
* Dataflow Pipeline: 0

* FSM state transitions: 
1 --> 

* FSM state operations: 

State 1 <SV = 0> <Delay = 2.83>
ST_1 : Operation 2 [1/1] (0.00ns)   --->   "%data_7_val_read = read i16 @_ssdm_op_Read.ap_auto.i16, i16 %data_7_val" [firmware/nnet_utils/nnet_activation.h:39]   --->   Operation 2 'read' 'data_7_val_read' <Predicate = true> <Delay = 0.00>
ST_1 : Operation 3 [1/1] (0.00ns)   --->   "%data_6_val_read = read i16 @_ssdm_op_Read.ap_auto.i16, i16 %data_6_val" [firmware/nnet_utils/nnet_activation.h:39]   --->   Operation 3 'read' 'data_6_val_read' <Predicate = true> <Delay = 0.00>
ST_1 : Operation 4 [1/1] (0.00ns)   --->   "%data_5_val_read = read i16 @_ssdm_op_Read.ap_auto.i16, i16 %data_5_val" [firmware/nnet_utils/nnet_activation.h:39]   --->   Operation 4 'read' 'data_5_val_read' <Predicate = true> <Delay = 0.00>
ST_1 : Operation 5 [1/1] (0.00ns)   --->   "%data_4_val_read = read i16 @_ssdm_op_Read.ap_auto.i16, i16 %data_4_val" [firmware/nnet_utils/nnet_activation.h:39]   --->   Operation 5 'read' 'data_4_val_read' <Predicate = true> <Delay = 0.00>
ST_1 : Operation 6 [1/1] (0.00ns)   --->   "%data_3_val_read = read i16 @_ssdm_op_Read.ap_auto.i16, i16 %data_3_val" [firmware/nnet_utils/nnet_activation.h:39]   --->   Operation 6 'read' 'data_3_val_read' <Predicate = true> <Delay = 0.00>
ST_1 : Operation 7 [1/1] (0.00ns)   --->   "%data_2_val_read = read i16 @_ssdm_op_Read.ap_auto.i16, i16 %data_2_val" [firmware/nnet_utils/nnet_activation.h:39]   --->   Operation 7 'read' 'data_2_val_read' <Predicate = true> <Delay = 0.00>
ST_1 : Operation 8 [1/1] (0.00ns)   --->   "%data_1_val_read = read i16 @_ssdm_op_Read.ap_auto.i16, i16 %data_1_val" [firmware/nnet_utils/nnet_activation.h:39]   --->   Operation 8 'read' 'data_1_val_read' <Predicate = true> <Delay = 0.00>
ST_1 : Operation 9 [1/1] (0.00ns)   --->   "%data_0_val_read = read i16 @_ssdm_op_Read.ap_auto.i16, i16 %data_0_val" [firmware/nnet_utils/nnet_activation.h:39]   --->   Operation 9 'read' 'data_0_val_read' <Predicate = true> <Delay = 0.00>
ST_1 : Operation 10 [1/1] (0.00ns)   --->   "%trunc_ln39 = trunc i16 %data_7_val_read" [firmware/nnet_utils/nnet_activation.h:39]   --->   Operation 10 'trunc' 'trunc_ln39' <Predicate = (icmp_ln45_14)> <Delay = 0.00>
ST_1 : Operation 11 [1/1] (0.00ns)   --->   "%trunc_ln39_8 = trunc i16 %data_6_val_read" [firmware/nnet_utils/nnet_activation.h:39]   --->   Operation 11 'trunc' 'trunc_ln39_8' <Predicate = (icmp_ln45_13)> <Delay = 0.00>
ST_1 : Operation 12 [1/1] (0.00ns)   --->   "%trunc_ln39_9 = trunc i16 %data_5_val_read" [firmware/nnet_utils/nnet_activation.h:39]   --->   Operation 12 'trunc' 'trunc_ln39_9' <Predicate = (icmp_ln45_12)> <Delay = 0.00>
ST_1 : Operation 13 [1/1] (0.00ns)   --->   "%trunc_ln39_10 = trunc i16 %data_4_val_read" [firmware/nnet_utils/nnet_activation.h:39]   --->   Operation 13 'trunc' 'trunc_ln39_10' <Predicate = (icmp_ln45_11)> <Delay = 0.00>
ST_1 : Operation 14 [1/1] (0.00ns)   --->   "%trunc_ln39_11 = trunc i16 %data_3_val_read" [firmware/nnet_utils/nnet_activation.h:39]   --->   Operation 14 'trunc' 'trunc_ln39_11' <Predicate = (icmp_ln45_10)> <Delay = 0.00>
ST_1 : Operation 15 [1/1] (0.00ns)   --->   "%trunc_ln39_12 = trunc i16 %data_2_val_read" [firmware/nnet_utils/nnet_activation.h:39]   --->   Operation 15 'trunc' 'trunc_ln39_12' <Predicate = (icmp_ln45_9)> <Delay = 0.00>
ST_1 : Operation 16 [1/1] (0.00ns)   --->   "%trunc_ln39_13 = trunc i16 %data_1_val_read" [firmware/nnet_utils/nnet_activation.h:39]   --->   Operation 16 'trunc' 'trunc_ln39_13' <Predicate = (icmp_ln45_8)> <Delay = 0.00>
ST_1 : Operation 17 [1/1] (0.00ns)   --->   "%trunc_ln39_14 = trunc i16 %data_0_val_read" [firmware/nnet_utils/nnet_activation.h:39]   --->   Operation 17 'trunc' 'trunc_ln39_14' <Predicate = (icmp_ln45)> <Delay = 0.00>
ST_1 : Operation 18 [1/1] (0.00ns)   --->   "%specpipeline_ln39 = specpipeline void @_ssdm_op_SpecPipeline, i32 4294967295, i32 0, i32 0, i32 0, void @empty_0" [firmware/nnet_utils/nnet_activation.h:39]   --->   Operation 18 'specpipeline' 'specpipeline_ln39' <Predicate = true> <Delay = 0.00>
ST_1 : Operation 19 [1/1] (2.07ns)   --->   "%icmp_ln45 = icmp_sgt  i16 %data_0_val_read, i16 0" [firmware/nnet_utils/nnet_activation.h:45]   --->   Operation 19 'icmp' 'icmp_ln45' <Predicate = true> <Delay = 2.07> <CoreInst = "Cmp">   --->   Core 9 'Cmp' <Latency = 0> <II = 1> <Delay = 2.07> <FuncUnit> <Opcode : 'seteq' 'setne' 'setle' 'setge' 'setlt' 'setgt'> <InPorts = 2> <OutPorts = 1>
ST_1 : Operation 20 [1/1] (0.75ns)   --->   "%select_ln45 = select i1 %icmp_ln45, i15 %trunc_ln39_14, i15 0" [firmware/nnet_utils/nnet_activation.h:45]   --->   Operation 20 'select' 'select_ln45' <Predicate = true> <Delay = 0.75> <CoreInst = "Sel">   --->   Core 73 'Sel' <Latency = 0> <II = 1> <Delay = 0.75> <FuncUnit> <Opcode : 'select'> <InPorts = 3> <OutPorts = 1>
ST_1 : Operation 21 [1/1] (0.00ns)   --->   "%zext_ln42 = zext i15 %select_ln45" [firmware/nnet_utils/nnet_activation.h:42]   --->   Operation 21 'zext' 'zext_ln42' <Predicate = true> <Delay = 0.00>
ST_1 : Operation 22 [1/1] (2.07ns)   --->   "%icmp_ln45_8 = icmp_sgt  i16 %data_1_val_read, i16 0" [firmware/nnet_utils/nnet_activation.h:45]   --->   Operation 22 'icmp' 'icmp_ln45_8' <Predicate = true> <Delay = 2.07> <CoreInst = "Cmp">   --->   Core 9 'Cmp' <Latency = 0> <II = 1> <Delay = 2.07> <FuncUnit> <Opcode : 'seteq' 'setne' 'setle' 'setge' 'setlt' 'setgt'> <InPorts = 2> <OutPorts = 1>
ST_1 : Operation 23 [1/1] (0.75ns)   --->   "%select_ln45_8 = select i1 %icmp_ln45_8, i15 %trunc_ln39_13, i15 0" [firmware/nnet_utils/nnet_activation.h:45]   --->   Operation 23 'select' 'select_ln45_8' <Predicate = true> <Delay = 0.75> <CoreInst = "Sel">   --->   Core 73 'Sel' <Latency = 0> <II = 1> <Delay = 0.75> <FuncUnit> <Opcode : 'select'> <InPorts = 3> <OutPorts = 1>
ST_1 : Operation 24 [1/1] (0.00ns)   --->   "%zext_ln45 = zext i15 %select_ln45_8" [firmware/nnet_utils/nnet_activation.h:45]   --->   Operation 24 'zext' 'zext_ln45' <Predicate = true> <Delay = 0.00>
ST_1 : Operation 25 [1/1] (2.07ns)   --->   "%icmp_ln45_9 = icmp_sgt  i16 %data_2_val_read, i16 0" [firmware/nnet_utils/nnet_activation.h:45]   --->   Operation 25 'icmp' 'icmp_ln45_9' <Predicate = true> <Delay = 2.07> <CoreInst = "Cmp">   --->   Core 9 'Cmp' <Latency = 0> <II = 1> <Delay = 2.07> <FuncUnit> <Opcode : 'seteq' 'setne' 'setle' 'setge' 'setlt' 'setgt'> <InPorts = 2> <OutPorts = 1>
ST_1 : Operation 26 [1/1] (0.75ns)   --->   "%select_ln45_9 = select i1 %icmp_ln45_9, i15 %trunc_ln39_12, i15 0" [firmware/nnet_utils/nnet_activation.h:45]   --->   Operation 26 'select' 'select_ln45_9' <Predicate = true> <Delay = 0.75> <CoreInst = "Sel">   --->   Core 73 'Sel' <Latency = 0> <II = 1> <Delay = 0.75> <FuncUnit> <Opcode : 'select'> <InPorts = 3> <OutPorts = 1>
ST_1 : Operation 27 [1/1] (0.00ns)   --->   "%zext_ln45_5 = zext i15 %select_ln45_9" [firmware/nnet_utils/nnet_activation.h:45]   --->   Operation 27 'zext' 'zext_ln45_5' <Predicate = true> <Delay = 0.00>
ST_1 : Operation 28 [1/1] (2.07ns)   --->   "%icmp_ln45_10 = icmp_sgt  i16 %data_3_val_read, i16 0" [firmware/nnet_utils/nnet_activation.h:45]   --->   Operation 28 'icmp' 'icmp_ln45_10' <Predicate = true> <Delay = 2.07> <CoreInst = "Cmp">   --->   Core 9 'Cmp' <Latency = 0> <II = 1> <Delay = 2.07> <FuncUnit> <Opcode : 'seteq' 'setne' 'setle' 'setge' 'setlt' 'setgt'> <InPorts = 2> <OutPorts = 1>
ST_1 : Operation 29 [1/1] (0.75ns)   --->   "%select_ln45_10 = select i1 %icmp_ln45_10, i15 %trunc_ln39_11, i15 0" [firmware/nnet_utils/nnet_activation.h:45]   --->   Operation 29 'select' 'select_ln45_10' <Predicate = true> <Delay = 0.75> <CoreInst = "Sel">   --->   Core 73 'Sel' <Latency = 0> <II = 1> <Delay = 0.75> <FuncUnit> <Opcode : 'select'> <InPorts = 3> <OutPorts = 1>
ST_1 : Operation 30 [1/1] (0.00ns)   --->   "%zext_ln45_6 = zext i15 %select_ln45_10" [firmware/nnet_utils/nnet_activation.h:45]   --->   Operation 30 'zext' 'zext_ln45_6' <Predicate = true> <Delay = 0.00>
ST_1 : Operation 31 [1/1] (2.07ns)   --->   "%icmp_ln45_11 = icmp_sgt  i16 %data_4_val_read, i16 0" [firmware/nnet_utils/nnet_activation.h:45]   --->   Operation 31 'icmp' 'icmp_ln45_11' <Predicate = true> <Delay = 2.07> <CoreInst = "Cmp">   --->   Core 9 'Cmp' <Latency = 0> <II = 1> <Delay = 2.07> <FuncUnit> <Opcode : 'seteq' 'setne' 'setle' 'setge' 'setlt' 'setgt'> <InPorts = 2> <OutPorts = 1>
ST_1 : Operation 32 [1/1] (0.75ns)   --->   "%select_ln45_11 = select i1 %icmp_ln45_11, i15 %trunc_ln39_10, i15 0" [firmware/nnet_utils/nnet_activation.h:45]   --->   Operation 32 'select' 'select_ln45_11' <Predicate = true> <Delay = 0.75> <CoreInst = "Sel">   --->   Core 73 'Sel' <Latency = 0> <II = 1> <Delay = 0.75> <FuncUnit> <Opcode : 'select'> <InPorts = 3> <OutPorts = 1>
ST_1 : Operation 33 [1/1] (0.00ns)   --->   "%zext_ln45_7 = zext i15 %select_ln45_11" [firmware/nnet_utils/nnet_activation.h:45]   --->   Operation 33 'zext' 'zext_ln45_7' <Predicate = true> <Delay = 0.00>
ST_1 : Operation 34 [1/1] (2.07ns)   --->   "%icmp_ln45_12 = icmp_sgt  i16 %data_5_val_read, i16 0" [firmware/nnet_utils/nnet_activation.h:45]   --->   Operation 34 'icmp' 'icmp_ln45_12' <Predicate = true> <Delay = 2.07> <CoreInst = "Cmp">   --->   Core 9 'Cmp' <Latency = 0> <II = 1> <Delay = 2.07> <FuncUnit> <Opcode : 'seteq' 'setne' 'setle' 'setge' 'setlt' 'setgt'> <InPorts = 2> <OutPorts = 1>
ST_1 : Operation 35 [1/1] (0.75ns)   --->   "%select_ln45_12 = select i1 %icmp_ln45_12, i15 %trunc_ln39_9, i15 0" [firmware/nnet_utils/nnet_activation.h:45]   --->   Operation 35 'select' 'select_ln45_12' <Predicate = true> <Delay = 0.75> <CoreInst = "Sel">   --->   Core 73 'Sel' <Latency = 0> <II = 1> <Delay = 0.75> <FuncUnit> <Opcode : 'select'> <InPorts = 3> <OutPorts = 1>
ST_1 : Operation 36 [1/1] (0.00ns)   --->   "%zext_ln45_8 = zext i15 %select_ln45_12" [firmware/nnet_utils/nnet_activation.h:45]   --->   Operation 36 'zext' 'zext_ln45_8' <Predicate = true> <Delay = 0.00>
ST_1 : Operation 37 [1/1] (2.07ns)   --->   "%icmp_ln45_13 = icmp_sgt  i16 %data_6_val_read, i16 0" [firmware/nnet_utils/nnet_activation.h:45]   --->   Operation 37 'icmp' 'icmp_ln45_13' <Predicate = true> <Delay = 2.07> <CoreInst = "Cmp">   --->   Core 9 'Cmp' <Latency = 0> <II = 1> <Delay = 2.07> <FuncUnit> <Opcode : 'seteq' 'setne' 'setle' 'setge' 'setlt' 'setgt'> <InPorts = 2> <OutPorts = 1>
ST_1 : Operation 38 [1/1] (0.75ns)   --->   "%select_ln45_13 = select i1 %icmp_ln45_13, i15 %trunc_ln39_8, i15 0" [firmware/nnet_utils/nnet_activation.h:45]   --->   Operation 38 'select' 'select_ln45_13' <Predicate = true> <Delay = 0.75> <CoreInst = "Sel">   --->   Core 73 'Sel' <Latency = 0> <II = 1> <Delay = 0.75> <FuncUnit> <Opcode : 'select'> <InPorts = 3> <OutPorts = 1>
ST_1 : Operation 39 [1/1] (0.00ns)   --->   "%zext_ln42_2 = zext i15 %select_ln45_13" [firmware/nnet_utils/nnet_activation.h:42]   --->   Operation 39 'zext' 'zext_ln42_2' <Predicate = true> <Delay = 0.00>
ST_1 : Operation 40 [1/1] (2.07ns)   --->   "%icmp_ln45_14 = icmp_sgt  i16 %data_7_val_read, i16 0" [firmware/nnet_utils/nnet_activation.h:45]   --->   Operation 40 'icmp' 'icmp_ln45_14' <Predicate = true> <Delay = 2.07> <CoreInst = "Cmp">   --->   Core 9 'Cmp' <Latency = 0> <II = 1> <Delay = 2.07> <FuncUnit> <Opcode : 'seteq' 'setne' 'setle' 'setge' 'setlt' 'setgt'> <InPorts = 2> <OutPorts = 1>
ST_1 : Operation 41 [1/1] (0.75ns)   --->   "%select_ln45_14 = select i1 %icmp_ln45_14, i15 %trunc_ln39, i15 0" [firmware/nnet_utils/nnet_activation.h:45]   --->   Operation 41 'select' 'select_ln45_14' <Predicate = true> <Delay = 0.75> <CoreInst = "Sel">   --->   Core 73 'Sel' <Latency = 0> <II = 1> <Delay = 0.75> <FuncUnit> <Opcode : 'select'> <InPorts = 3> <OutPorts = 1>
ST_1 : Operation 42 [1/1] (0.00ns)   --->   "%zext_ln50 = zext i15 %select_ln45_14" [firmware/nnet_utils/nnet_activation.h:50]   --->   Operation 42 'zext' 'zext_ln50' <Predicate = true> <Delay = 0.00>
ST_1 : Operation 43 [1/1] (0.00ns)   --->   "%mrv = insertvalue i128 <undef>, i16 %zext_ln42" [firmware/nnet_utils/nnet_activation.h:50]   --->   Operation 43 'insertvalue' 'mrv' <Predicate = true> <Delay = 0.00>
ST_1 : Operation 44 [1/1] (0.00ns)   --->   "%mrv_1 = insertvalue i128 %mrv, i16 %zext_ln45" [firmware/nnet_utils/nnet_activation.h:50]   --->   Operation 44 'insertvalue' 'mrv_1' <Predicate = true> <Delay = 0.00>
ST_1 : Operation 45 [1/1] (0.00ns)   --->   "%mrv_2 = insertvalue i128 %mrv_1, i16 %zext_ln45_5" [firmware/nnet_utils/nnet_activation.h:50]   --->   Operation 45 'insertvalue' 'mrv_2' <Predicate = true> <Delay = 0.00>
ST_1 : Operation 46 [1/1] (0.00ns)   --->   "%mrv_3 = insertvalue i128 %mrv_2, i16 %zext_ln45_6" [firmware/nnet_utils/nnet_activation.h:50]   --->   Operation 46 'insertvalue' 'mrv_3' <Predicate = true> <Delay = 0.00>
ST_1 : Operation 47 [1/1] (0.00ns)   --->   "%mrv_4 = insertvalue i128 %mrv_3, i16 %zext_ln45_7" [firmware/nnet_utils/nnet_activation.h:50]   --->   Operation 47 'insertvalue' 'mrv_4' <Predicate = true> <Delay = 0.00>
ST_1 : Operation 48 [1/1] (0.00ns)   --->   "%mrv_5 = insertvalue i128 %mrv_4, i16 %zext_ln45_8" [firmware/nnet_utils/nnet_activation.h:50]   --->   Operation 48 'insertvalue' 'mrv_5' <Predicate = true> <Delay = 0.00>
ST_1 : Operation 49 [1/1] (0.00ns)   --->   "%mrv_6 = insertvalue i128 %mrv_5, i16 %zext_ln42_2" [firmware/nnet_utils/nnet_activation.h:50]   --->   Operation 49 'insertvalue' 'mrv_6' <Predicate = true> <Delay = 0.00>
ST_1 : Operation 50 [1/1] (0.00ns)   --->   "%mrv_7 = insertvalue i128 %mrv_6, i16 %zext_ln50" [firmware/nnet_utils/nnet_activation.h:50]   --->   Operation 50 'insertvalue' 'mrv_7' <Predicate = true> <Delay = 0.00>
ST_1 : Operation 51 [1/1] (0.00ns)   --->   "%ret_ln50 = ret i128 %mrv_7" [firmware/nnet_utils/nnet_activation.h:50]   --->   Operation 51 'ret' 'ret_ln50' <Predicate = true> <Delay = 0.00>


============================================================
+ Verbose Summary: Timing violations
============================================================
Target clock period: 5.000ns, clock uncertainty: 1.350ns.

 <State 1>: 2.830ns
The critical path consists of the following:
	wire read operation ('data_0_val_read', firmware/nnet_utils/nnet_activation.h:39) on port 'data_0_val' (firmware/nnet_utils/nnet_activation.h:39) [16]  (0.000 ns)
	'icmp' operation 1 bit ('icmp_ln45', firmware/nnet_utils/nnet_activation.h:45) [26]  (2.077 ns)
	'select' operation 15 bit ('select_ln45', firmware/nnet_utils/nnet_activation.h:45) [27]  (0.754 ns)


============================================================
+ Verbose Summary: Binding
============================================================
N/A
* FSMD analyzer results:
  - Output states:
 - Input state : 
  - Chain level:
	State 1


============================================================
+ Verbose Summary: Datapath Resource usage 
============================================================
N/A
