

================================================================
== Vitis HLS Report for 'softmax_stable_ap_fixed_ap_fixed_16_6_5_3_0_softmax_config7_s'
================================================================
* Date:           Fri Mar 27 15:02:38 2026

* Version:        2025.1 (Build 6135595 on May 21 2025)
* Project:        myproject_prj
* Solution:       solution1 (Vivado IP Flow Target)
* Product family: zynq
* Target device:  xc7z020-clg400-1


================================================================
== Performance Estimates
================================================================
+ Timing: 
    * Summary: 
    +--------+---------+----------+------------+
    |  Clock |  Target | Estimated| Uncertainty|
    +--------+---------+----------+------------+
    |ap_clk  |  5.00 ns|  3.349 ns|     1.35 ns|
    +--------+---------+----------+------------+

+ Latency: 
    * Summary: 
    +---------+---------+-----------+-----------+-----+-----+---------+
    |  Latency (cycles) |   Latency (absolute)  |  Interval | Pipeline|
    |   min   |   max   |    min    |    max    | min | max |   Type  |
    +---------+---------+-----------+-----------+-----+-----+---------+
    |        9|        9|  45.000 ns|  45.000 ns|    1|    1|      yes|
    +---------+---------+-----------+-----------+-----+-----+---------+

    + Detail: 
        * Instance: 
        N/A

        * Loop: 
        N/A

============================================================
+ Verbose Summary: Synthesis Manager
============================================================
InlineROM: 1
ExposeGlobal: 0
============================================================
+ Verbose Summary: CDFG Model
============================================================
IsTopModel: 0
ResetActiveHigh: 1
IsCombinational: 0
IsDatapathOnly: 0
HasWiredReturn: 1
HasMFsm: 2
HasVarLatency: 0
IsPipeline: 1
IsRtlPipelined: 1
IsInstanceOverlapped: 0
IsDontTouch: 0
HasImplIP: 0
IsGatedGlobalClock: 0

+ Individual pipeline summary: 
  * Pipeline-0: initiation interval (II) = 1, depth = 10


============================================================
+ Verbose Summary: Schedule
============================================================
* Number of FSM states : 10
* Pipeline : 1
  Pipeline-0 : II = 1, D = 10, States = { 1 2 3 4 5 6 7 8 9 10 }
* Dataflow Pipeline: 0

* FSM state transitions: 
1 --> 2 
2 --> 3 
3 --> 4 
4 --> 5 
5 --> 6 
6 --> 7 
7 --> 8 
8 --> 9 
9 --> 10 
10 --> 

* FSM state operations: 

State 1 <SV = 0> <Delay = 3.05>
ST_1 : Operation 11 [1/1] (0.00ns)   --->   "%data_2_val_read = read i16 @_ssdm_op_Read.ap_auto.i16, i16 %data_2_val" [firmware/nnet_utils/nnet_common.h:66->firmware/nnet_utils/nnet_common.h:44->firmware/nnet_utils/nnet_common.h:46->firmware/nnet_utils/nnet_activation.h:243]   --->   Operation 11 'read' 'data_2_val_read' <Predicate = true> <Delay = 0.00>
ST_1 : Operation 12 [1/1] (0.00ns)   --->   "%data_1_val_read = read i16 @_ssdm_op_Read.ap_auto.i16, i16 %data_1_val" [firmware/nnet_utils/nnet_common.h:66->firmware/nnet_utils/nnet_common.h:44->firmware/nnet_utils/nnet_common.h:46->firmware/nnet_utils/nnet_activation.h:243]   --->   Operation 12 'read' 'data_1_val_read' <Predicate = true> <Delay = 0.00>
ST_1 : Operation 13 [1/1] (0.00ns)   --->   "%data_0_val_read = read i16 @_ssdm_op_Read.ap_auto.i16, i16 %data_0_val" [firmware/nnet_utils/nnet_common.h:66->firmware/nnet_utils/nnet_common.h:44->firmware/nnet_utils/nnet_common.h:46->firmware/nnet_utils/nnet_activation.h:243]   --->   Operation 13 'read' 'data_0_val_read' <Predicate = true> <Delay = 0.00>
ST_1 : Operation 14 [1/1] (2.07ns)   --->   "%icmp_ln66 = icmp_slt  i16 %data_0_val_read, i16 %data_1_val_read" [firmware/nnet_utils/nnet_common.h:66->firmware/nnet_utils/nnet_common.h:44->firmware/nnet_utils/nnet_common.h:46->firmware/nnet_utils/nnet_activation.h:243]   --->   Operation 14 'icmp' 'icmp_ln66' <Predicate = true> <Delay = 2.07> <CoreInst = "Cmp">   --->   Core 9 'Cmp' <Latency = 0> <II = 1> <Delay = 2.07> <FuncUnit> <Opcode : 'seteq' 'setne' 'setle' 'setge' 'setlt' 'setgt'> <InPorts = 2> <OutPorts = 1>
ST_1 : Operation 15 [1/1] (0.00ns) (grouped into LUT with out node a)   --->   "%xor_ln66 = xor i1 %icmp_ln66, i1 1" [firmware/nnet_utils/nnet_common.h:66->firmware/nnet_utils/nnet_common.h:44->firmware/nnet_utils/nnet_common.h:46->firmware/nnet_utils/nnet_activation.h:243]   --->   Operation 15 'xor' 'xor_ln66' <Predicate = true> <Delay = 0.00> <CoreInst = "LogicGate">   --->   Core 74 'LogicGate' <Latency = 0> <II = 1> <Delay = 0.97> <FuncUnit> <Opcode : 'and' 'or' 'xor'> <InPorts = 2> <OutPorts = 1>
ST_1 : Operation 16 [1/1] (0.97ns) (out node of the LUT)   --->   "%a = select i1 %xor_ln66, i16 %data_0_val_read, i16 %data_1_val_read" [firmware/nnet_utils/nnet_common.h:66->firmware/nnet_utils/nnet_common.h:44->firmware/nnet_utils/nnet_common.h:46->firmware/nnet_utils/nnet_activation.h:243]   --->   Operation 16 'select' 'a' <Predicate = true> <Delay = 0.97> <CoreInst = "Sel">   --->   Core 73 'Sel' <Latency = 0> <II = 1> <Delay = 0.80> <FuncUnit> <Opcode : 'select'> <InPorts = 3> <OutPorts = 1>
ST_1 : Operation 17 [1/1] (0.00ns)   --->   "%trunc_ln66_1 = trunc i16 %data_2_val_read" [firmware/nnet_utils/nnet_common.h:66->firmware/nnet_utils/nnet_common.h:46->firmware/nnet_utils/nnet_activation.h:243]   --->   Operation 17 'trunc' 'trunc_ln66_1' <Predicate = true> <Delay = 0.00>
ST_1 : Operation 18 [1/1] (0.00ns)   --->   "%trunc_ln248 = trunc i16 %data_0_val_read" [firmware/nnet_utils/nnet_activation.h:248]   --->   Operation 18 'trunc' 'trunc_ln248' <Predicate = true> <Delay = 0.00>
ST_1 : Operation 19 [1/1] (0.00ns)   --->   "%trunc_ln248_1 = trunc i16 %data_1_val_read" [firmware/nnet_utils/nnet_activation.h:248]   --->   Operation 19 'trunc' 'trunc_ln248_1' <Predicate = true> <Delay = 0.00>

State 2 <SV = 1> <Delay = 3.05>
ST_2 : Operation 20 [1/1] (2.07ns)   --->   "%icmp_ln66_1 = icmp_slt  i16 %a, i16 %data_2_val_read" [firmware/nnet_utils/nnet_common.h:66->firmware/nnet_utils/nnet_common.h:46->firmware/nnet_utils/nnet_activation.h:243]   --->   Operation 20 'icmp' 'icmp_ln66_1' <Predicate = true> <Delay = 2.07> <CoreInst = "Cmp">   --->   Core 9 'Cmp' <Latency = 0> <II = 1> <Delay = 2.07> <FuncUnit> <Opcode : 'seteq' 'setne' 'setle' 'setge' 'setlt' 'setgt'> <InPorts = 2> <OutPorts = 1>
ST_2 : Operation 21 [1/1] (0.00ns) (grouped into LUT with out node select_ln66)   --->   "%xor_ln66_1 = xor i1 %icmp_ln66_1, i1 1" [firmware/nnet_utils/nnet_common.h:66->firmware/nnet_utils/nnet_common.h:46->firmware/nnet_utils/nnet_activation.h:243]   --->   Operation 21 'xor' 'xor_ln66_1' <Predicate = true> <Delay = 0.00> <CoreInst = "LogicGate">   --->   Core 74 'LogicGate' <Latency = 0> <II = 1> <Delay = 0.97> <FuncUnit> <Opcode : 'and' 'or' 'xor'> <InPorts = 2> <OutPorts = 1>
ST_2 : Operation 22 [1/1] (0.00ns) (grouped into LUT with out node select_ln66)   --->   "%trunc_ln66 = trunc i16 %a" [firmware/nnet_utils/nnet_common.h:66->firmware/nnet_utils/nnet_common.h:46->firmware/nnet_utils/nnet_activation.h:243]   --->   Operation 22 'trunc' 'trunc_ln66' <Predicate = true> <Delay = 0.00>
ST_2 : Operation 23 [1/1] (0.97ns) (out node of the LUT)   --->   "%select_ln66 = select i1 %xor_ln66_1, i15 %trunc_ln66, i15 %trunc_ln66_1" [firmware/nnet_utils/nnet_common.h:66->firmware/nnet_utils/nnet_common.h:46->firmware/nnet_utils/nnet_activation.h:243]   --->   Operation 23 'select' 'select_ln66' <Predicate = true> <Delay = 0.97> <CoreInst = "Sel">   --->   Core 73 'Sel' <Latency = 0> <II = 1> <Delay = 0.75> <FuncUnit> <Opcode : 'select'> <InPorts = 3> <OutPorts = 1>

State 3 <SV = 2> <Delay = 1.94>
ST_3 : Operation 24 [1/1] (1.94ns)   --->   "%x = sub i15 %select_ln66, i15 %trunc_ln248" [firmware/nnet_utils/nnet_activation.h:248]   --->   Operation 24 'sub' 'x' <Predicate = true> <Delay = 1.94> <CoreInst = "Adder">   --->   Core 1 'Adder' <Latency = 0> <II = 1> <Delay = 1.94> <FuncUnit> <Opcode : 'add' 'sub'> <InPorts = 2> <OutPorts = 1>
ST_3 : Operation 25 [1/1] (1.94ns)   --->   "%x_1 = sub i15 %select_ln66, i15 %trunc_ln248_1" [firmware/nnet_utils/nnet_activation.h:248]   --->   Operation 25 'sub' 'x_1' <Predicate = true> <Delay = 1.94> <CoreInst = "Adder">   --->   Core 1 'Adder' <Latency = 0> <II = 1> <Delay = 1.94> <FuncUnit> <Opcode : 'add' 'sub'> <InPorts = 2> <OutPorts = 1>
ST_3 : Operation 26 [1/1] (1.94ns)   --->   "%x_2 = sub i15 %select_ln66, i15 %trunc_ln66_1" [firmware/nnet_utils/nnet_activation.h:248]   --->   Operation 26 'sub' 'x_2' <Predicate = true> <Delay = 1.94> <CoreInst = "Adder">   --->   Core 1 'Adder' <Latency = 0> <II = 1> <Delay = 1.94> <FuncUnit> <Opcode : 'add' 'sub'> <InPorts = 2> <OutPorts = 1>
ST_3 : Operation 27 [1/1] (0.00ns)   --->   "%tmp = partselect i10 @_ssdm_op_PartSelect.i10.i15.i32.i32, i15 %x, i32 5, i32 14" [firmware/nnet_utils/nnet_activation.h:145->firmware/nnet_utils/nnet_activation.h:257]   --->   Operation 27 'partselect' 'tmp' <Predicate = true> <Delay = 0.00>
ST_3 : Operation 28 [1/1] (0.00ns)   --->   "%tmp_2 = partselect i10 @_ssdm_op_PartSelect.i10.i15.i32.i32, i15 %x_1, i32 5, i32 14" [firmware/nnet_utils/nnet_activation.h:145->firmware/nnet_utils/nnet_activation.h:257]   --->   Operation 28 'partselect' 'tmp_2' <Predicate = true> <Delay = 0.00>
ST_3 : Operation 29 [1/1] (0.00ns)   --->   "%tmp_4 = partselect i10 @_ssdm_op_PartSelect.i10.i15.i32.i32, i15 %x_2, i32 5, i32 14" [firmware/nnet_utils/nnet_activation.h:145->firmware/nnet_utils/nnet_activation.h:257]   --->   Operation 29 'partselect' 'tmp_4' <Predicate = true> <Delay = 0.00>

State 4 <SV = 3> <Delay = 3.25>
ST_4 : Operation 30 [1/1] (0.00ns)   --->   "%zext_ln258 = zext i10 %tmp" [firmware/nnet_utils/nnet_activation.h:258]   --->   Operation 30 'zext' 'zext_ln258' <Predicate = true> <Delay = 0.00>
ST_4 : Operation 31 [1/1] (0.00ns)   --->   "%exp_table_addr = getelementptr i11 %exp_table, i64 0, i64 %zext_ln258" [firmware/nnet_utils/nnet_activation.h:258]   --->   Operation 31 'getelementptr' 'exp_table_addr' <Predicate = true> <Delay = 0.00>
ST_4 : Operation 32 [2/2] (3.25ns)   --->   "%a_1 = load i10 %exp_table_addr" [firmware/nnet_utils/nnet_activation.h:258]   --->   Operation 32 'load' 'a_1' <Predicate = true> <Delay = 3.25> <CoreInst = "ROM">   --->   Core 94 'ROM' <Latency = 1> <II = 1> <Delay = 3.25> <Storage> <Opcode : 'load'> <Ports = 0> <Width = 11> <Depth = 1024> <ROM>
ST_4 : Operation 33 [1/1] (0.00ns)   --->   "%zext_ln258_1 = zext i10 %tmp_2" [firmware/nnet_utils/nnet_activation.h:258]   --->   Operation 33 'zext' 'zext_ln258_1' <Predicate = true> <Delay = 0.00>
ST_4 : Operation 34 [1/1] (0.00ns)   --->   "%exp_table_addr_1 = getelementptr i11 %exp_table, i64 0, i64 %zext_ln258_1" [firmware/nnet_utils/nnet_activation.h:258]   --->   Operation 34 'getelementptr' 'exp_table_addr_1' <Predicate = true> <Delay = 0.00>
ST_4 : Operation 35 [2/2] (3.25ns)   --->   "%b = load i10 %exp_table_addr_1" [firmware/nnet_utils/nnet_activation.h:258]   --->   Operation 35 'load' 'b' <Predicate = true> <Delay = 3.25> <CoreInst = "ROM">   --->   Core 94 'ROM' <Latency = 1> <II = 1> <Delay = 3.25> <Storage> <Opcode : 'load'> <Ports = 0> <Width = 11> <Depth = 1024> <ROM>
ST_4 : Operation 36 [1/1] (0.00ns)   --->   "%zext_ln258_2 = zext i10 %tmp_4" [firmware/nnet_utils/nnet_activation.h:258]   --->   Operation 36 'zext' 'zext_ln258_2' <Predicate = true> <Delay = 0.00>
ST_4 : Operation 37 [1/1] (0.00ns)   --->   "%exp_table_addr_2 = getelementptr i11 %exp_table, i64 0, i64 %zext_ln258_2" [firmware/nnet_utils/nnet_activation.h:258]   --->   Operation 37 'getelementptr' 'exp_table_addr_2' <Predicate = true> <Delay = 0.00>
ST_4 : Operation 38 [2/2] (3.25ns)   --->   "%b_1 = load i10 %exp_table_addr_2" [firmware/nnet_utils/nnet_activation.h:258]   --->   Operation 38 'load' 'b_1' <Predicate = true> <Delay = 3.25> <CoreInst = "ROM">   --->   Core 94 'ROM' <Latency = 1> <II = 1> <Delay = 3.25> <Storage> <Opcode : 'load'> <Ports = 0> <Width = 11> <Depth = 1024> <ROM>

State 5 <SV = 4> <Delay = 3.25>
ST_5 : Operation 39 [1/2] ( I:3.25ns O:3.25ns )   --->   "%a_1 = load i10 %exp_table_addr" [firmware/nnet_utils/nnet_activation.h:258]   --->   Operation 39 'load' 'a_1' <Predicate = true> <Delay = 3.25> <CoreInst = "ROM">   --->   Core 94 'ROM' <Latency = 1> <II = 1> <Delay = 3.25> <Storage> <Opcode : 'load'> <Ports = 0> <Width = 11> <Depth = 1024> <ROM>
ST_5 : Operation 40 [1/2] ( I:3.25ns O:3.25ns )   --->   "%b = load i10 %exp_table_addr_1" [firmware/nnet_utils/nnet_activation.h:258]   --->   Operation 40 'load' 'b' <Predicate = true> <Delay = 3.25> <CoreInst = "ROM">   --->   Core 94 'ROM' <Latency = 1> <II = 1> <Delay = 3.25> <Storage> <Opcode : 'load'> <Ports = 0> <Width = 11> <Depth = 1024> <ROM>
ST_5 : Operation 41 [1/2] ( I:3.25ns O:3.25ns )   --->   "%b_1 = load i10 %exp_table_addr_2" [firmware/nnet_utils/nnet_activation.h:258]   --->   Operation 41 'load' 'b_1' <Predicate = true> <Delay = 3.25> <CoreInst = "ROM">   --->   Core 94 'ROM' <Latency = 1> <II = 1> <Delay = 3.25> <Storage> <Opcode : 'load'> <Ports = 0> <Width = 11> <Depth = 1024> <ROM>

State 6 <SV = 5> <Delay = 3.18>
ST_6 : Operation 42 [1/1] (0.00ns)   --->   "%zext_ln141 = zext i11 %a_1" [firmware/nnet_utils/nnet_activation.h:141->firmware/nnet_utils/nnet_activation.h:257]   --->   Operation 42 'zext' 'zext_ln141' <Predicate = true> <Delay = 0.00>
ST_6 : Operation 43 [1/1] (0.00ns)   --->   "%zext_ln141_1 = zext i11 %b" [firmware/nnet_utils/nnet_activation.h:141->firmware/nnet_utils/nnet_activation.h:257]   --->   Operation 43 'zext' 'zext_ln141_1' <Predicate = true> <Delay = 0.00>
ST_6 : Operation 44 [1/1] (0.00ns)   --->   "%zext_ln51 = zext i11 %b_1" [firmware/nnet_utils/nnet_common.h:51->firmware/nnet_utils/nnet_common.h:44->firmware/nnet_utils/nnet_common.h:46->firmware/nnet_utils/nnet_activation.h:264]   --->   Operation 44 'zext' 'zext_ln51' <Predicate = true> <Delay = 0.00>
ST_6 : Operation 45 [1/1] (1.63ns)   --->   "%add_ln51_1 = add i12 %zext_ln141, i12 %zext_ln51" [firmware/nnet_utils/nnet_common.h:51->firmware/nnet_utils/nnet_common.h:46->firmware/nnet_utils/nnet_activation.h:264]   --->   Operation 45 'add' 'add_ln51_1' <Predicate = true> <Delay = 1.63> <CoreInst = "Adder">   --->   Core 1 'Adder' <Latency = 0> <II = 1> <Delay = 1.63> <FuncUnit> <Opcode : 'add' 'sub'> <InPorts = 2> <OutPorts = 1>
ST_6 : Operation 46 [1/1] (1.54ns)   --->   "%add_ln51 = add i12 %add_ln51_1, i12 %zext_ln141_1" [firmware/nnet_utils/nnet_common.h:51->firmware/nnet_utils/nnet_common.h:46->firmware/nnet_utils/nnet_activation.h:264]   --->   Operation 46 'add' 'add_ln51' <Predicate = true> <Delay = 1.54> <CoreInst = "Adder">   --->   Core 1 'Adder' <Latency = 0> <II = 1> <Delay = 1.54> <FuncUnit> <Opcode : 'add' 'sub'> <InPorts = 2> <OutPorts = 1>
ST_6 : Operation 47 [1/1] (0.00ns)   --->   "%tmp_1 = partselect i4 @_ssdm_op_PartSelect.i4.i12.i32.i32, i12 %add_ln51, i32 8, i32 11" [firmware/nnet_utils/nnet_activation.h:145->firmware/nnet_utils/nnet_activation.h:267]   --->   Operation 47 'partselect' 'tmp_1' <Predicate = true> <Delay = 0.00>

State 7 <SV = 6> <Delay = 3.25>
ST_7 : Operation 48 [1/1] (0.00ns)   --->   "%zext_ln267 = zext i4 %tmp_1" [firmware/nnet_utils/nnet_activation.h:267]   --->   Operation 48 'zext' 'zext_ln267' <Predicate = true> <Delay = 0.00>
ST_7 : Operation 49 [1/1] (0.00ns)   --->   "%invert_table_addr = getelementptr i18 %invert_table, i64 0, i64 %zext_ln267" [firmware/nnet_utils/nnet_activation.h:267]   --->   Operation 49 'getelementptr' 'invert_table_addr' <Predicate = true> <Delay = 0.00>
ST_7 : Operation 50 [2/2] (3.25ns)   --->   "%inv_exp_sum = load i10 %invert_table_addr" [firmware/nnet_utils/nnet_activation.h:267]   --->   Operation 50 'load' 'inv_exp_sum' <Predicate = true> <Delay = 3.25> <CoreInst = "ROM">   --->   Core 94 'ROM' <Latency = 1> <II = 1> <Delay = 3.25> <Storage> <Opcode : 'load'> <Ports = 0> <Width = 18> <Depth = 1024> <ROM>

State 8 <SV = 7> <Delay = 3.25>
ST_8 : Operation 51 [1/2] ( I:3.25ns O:3.25ns )   --->   "%inv_exp_sum = load i10 %invert_table_addr" [firmware/nnet_utils/nnet_activation.h:267]   --->   Operation 51 'load' 'inv_exp_sum' <Predicate = true> <Delay = 3.25> <CoreInst = "ROM">   --->   Core 94 'ROM' <Latency = 1> <II = 1> <Delay = 3.25> <Storage> <Opcode : 'load'> <Ports = 0> <Width = 18> <Depth = 1024> <ROM>

State 9 <SV = 8> <Delay = 3.34>
ST_9 : Operation 52 [1/1] (0.00ns)   --->   "%sext_ln270 = sext i18 %inv_exp_sum" [firmware/nnet_utils/nnet_activation.h:270]   --->   Operation 52 'sext' 'sext_ln270' <Predicate = true> <Delay = 0.00>
ST_9 : Operation 53 [1/1] (0.00ns)   --->   "%zext_ln270 = zext i11 %a_1" [firmware/nnet_utils/nnet_activation.h:270]   --->   Operation 53 'zext' 'zext_ln270' <Predicate = true> <Delay = 0.00>
ST_9 : Operation 54 [2/2] (3.34ns)   --->   "%mul_ln270 = mul i26 %sext_ln270, i26 %zext_ln270" [firmware/nnet_utils/nnet_activation.h:270]   --->   Operation 54 'mul' 'mul_ln270' <Predicate = true> <Delay = 3.34> <CoreInst = "Multiplier">   --->   Core 3 'Multiplier' <Latency = 1> <II = 1> <Delay = 3.34> <FuncUnit> <Opcode : 'mul'> <InPorts = 2> <OutPorts = 1>
ST_9 : Operation 55 [1/1] (0.00ns)   --->   "%zext_ln270_1 = zext i11 %b" [firmware/nnet_utils/nnet_activation.h:270]   --->   Operation 55 'zext' 'zext_ln270_1' <Predicate = true> <Delay = 0.00>
ST_9 : Operation 56 [2/2] (3.34ns)   --->   "%mul_ln270_1 = mul i26 %sext_ln270, i26 %zext_ln270_1" [firmware/nnet_utils/nnet_activation.h:270]   --->   Operation 56 'mul' 'mul_ln270_1' <Predicate = true> <Delay = 3.34> <CoreInst = "Multiplier">   --->   Core 3 'Multiplier' <Latency = 1> <II = 1> <Delay = 3.34> <FuncUnit> <Opcode : 'mul'> <InPorts = 2> <OutPorts = 1>
ST_9 : Operation 57 [1/1] (0.00ns)   --->   "%zext_ln270_2 = zext i11 %b_1" [firmware/nnet_utils/nnet_activation.h:270]   --->   Operation 57 'zext' 'zext_ln270_2' <Predicate = true> <Delay = 0.00>
ST_9 : Operation 58 [2/2] (3.34ns)   --->   "%mul_ln270_2 = mul i26 %sext_ln270, i26 %zext_ln270_2" [firmware/nnet_utils/nnet_activation.h:270]   --->   Operation 58 'mul' 'mul_ln270_2' <Predicate = true> <Delay = 3.34> <CoreInst = "Multiplier">   --->   Core 3 'Multiplier' <Latency = 1> <II = 1> <Delay = 3.34> <FuncUnit> <Opcode : 'mul'> <InPorts = 2> <OutPorts = 1>

State 10 <SV = 9> <Delay = 3.34>
ST_10 : Operation 59 [1/1] (0.00ns)   --->   "%specpipeline_ln220 = specpipeline void @_ssdm_op_SpecPipeline, i32 4294967295, i32 0, i32 0, i32 0, void @empty_0" [firmware/nnet_utils/nnet_activation.h:220]   --->   Operation 59 'specpipeline' 'specpipeline_ln220' <Predicate = true> <Delay = 0.00>
ST_10 : Operation 60 [1/2] (3.34ns)   --->   "%mul_ln270 = mul i26 %sext_ln270, i26 %zext_ln270" [firmware/nnet_utils/nnet_activation.h:270]   --->   Operation 60 'mul' 'mul_ln270' <Predicate = true> <Delay = 3.34> <CoreInst = "Multiplier">   --->   Core 3 'Multiplier' <Latency = 1> <II = 1> <Delay = 3.34> <FuncUnit> <Opcode : 'mul'> <InPorts = 2> <OutPorts = 1>
ST_10 : Operation 61 [1/1] (0.00ns)   --->   "%trunc_ln1 = partselect i16 @_ssdm_op_PartSelect.i16.i26.i32.i32, i26 %mul_ln270, i32 10, i32 25" [firmware/nnet_utils/nnet_activation.h:270]   --->   Operation 61 'partselect' 'trunc_ln1' <Predicate = true> <Delay = 0.00>
ST_10 : Operation 62 [1/2] (3.34ns)   --->   "%mul_ln270_1 = mul i26 %sext_ln270, i26 %zext_ln270_1" [firmware/nnet_utils/nnet_activation.h:270]   --->   Operation 62 'mul' 'mul_ln270_1' <Predicate = true> <Delay = 3.34> <CoreInst = "Multiplier">   --->   Core 3 'Multiplier' <Latency = 1> <II = 1> <Delay = 3.34> <FuncUnit> <Opcode : 'mul'> <InPorts = 2> <OutPorts = 1>
ST_10 : Operation 63 [1/1] (0.00ns)   --->   "%trunc_ln270_1 = partselect i16 @_ssdm_op_PartSelect.i16.i26.i32.i32, i26 %mul_ln270_1, i32 10, i32 25" [firmware/nnet_utils/nnet_activation.h:270]   --->   Operation 63 'partselect' 'trunc_ln270_1' <Predicate = true> <Delay = 0.00>
ST_10 : Operation 64 [1/2] (3.34ns)   --->   "%mul_ln270_2 = mul i26 %sext_ln270, i26 %zext_ln270_2" [firmware/nnet_utils/nnet_activation.h:270]   --->   Operation 64 'mul' 'mul_ln270_2' <Predicate = true> <Delay = 3.34> <CoreInst = "Multiplier">   --->   Core 3 'Multiplier' <Latency = 1> <II = 1> <Delay = 3.34> <FuncUnit> <Opcode : 'mul'> <InPorts = 2> <OutPorts = 1>
ST_10 : Operation 65 [1/1] (0.00ns)   --->   "%trunc_ln270_2 = partselect i16 @_ssdm_op_PartSelect.i16.i26.i32.i32, i26 %mul_ln270_2, i32 10, i32 25" [firmware/nnet_utils/nnet_activation.h:270]   --->   Operation 65 'partselect' 'trunc_ln270_2' <Predicate = true> <Delay = 0.00>
ST_10 : Operation 66 [1/1] (0.00ns)   --->   "%mrv = insertvalue i48 <undef>, i16 %trunc_ln1" [firmware/nnet_utils/nnet_activation.h:272]   --->   Operation 66 'insertvalue' 'mrv' <Predicate = true> <Delay = 0.00>
ST_10 : Operation 67 [1/1] (0.00ns)   --->   "%mrv_1 = insertvalue i48 %mrv, i16 %trunc_ln270_1" [firmware/nnet_utils/nnet_activation.h:272]   --->   Operation 67 'insertvalue' 'mrv_1' <Predicate = true> <Delay = 0.00>
ST_10 : Operation 68 [1/1] (0.00ns)   --->   "%mrv_2 = insertvalue i48 %mrv_1, i16 %trunc_ln270_2" [firmware/nnet_utils/nnet_activation.h:272]   --->   Operation 68 'insertvalue' 'mrv_2' <Predicate = true> <Delay = 0.00>
ST_10 : Operation 69 [1/1] (0.00ns)   --->   "%ret_ln272 = ret i48 %mrv_2" [firmware/nnet_utils/nnet_activation.h:272]   --->   Operation 69 'ret' 'ret_ln272' <Predicate = true> <Delay = 0.00>


============================================================
+ Verbose Summary: Timing violations
============================================================
Target clock period: 5.000ns, clock uncertainty: 1.350ns.

 <State 1>: 3.055ns
The critical path consists of the following:
	wire read operation ('b', firmware/nnet_utils/nnet_common.h:66->firmware/nnet_utils/nnet_common.h:44->firmware/nnet_utils/nnet_common.h:46->firmware/nnet_utils/nnet_activation.h:243) on port 'data_1_val' (firmware/nnet_utils/nnet_common.h:66->firmware/nnet_utils/nnet_common.h:44->firmware/nnet_utils/nnet_common.h:46->firmware/nnet_utils/nnet_activation.h:243) [8]  (0.000 ns)
	'icmp' operation 1 bit ('icmp_ln66', firmware/nnet_utils/nnet_common.h:66->firmware/nnet_utils/nnet_common.h:44->firmware/nnet_utils/nnet_common.h:46->firmware/nnet_utils/nnet_activation.h:243) [10]  (2.077 ns)
	'xor' operation 1 bit ('xor_ln66', firmware/nnet_utils/nnet_common.h:66->firmware/nnet_utils/nnet_common.h:44->firmware/nnet_utils/nnet_common.h:46->firmware/nnet_utils/nnet_activation.h:243) [11]  (0.000 ns)
	'select' operation 16 bit ('a', firmware/nnet_utils/nnet_common.h:66->firmware/nnet_utils/nnet_common.h:44->firmware/nnet_utils/nnet_common.h:46->firmware/nnet_utils/nnet_activation.h:243) [12]  (0.978 ns)

 <State 2>: 3.055ns
The critical path consists of the following:
	'icmp' operation 1 bit ('icmp_ln66_1', firmware/nnet_utils/nnet_common.h:66->firmware/nnet_utils/nnet_common.h:46->firmware/nnet_utils/nnet_activation.h:243) [13]  (2.077 ns)
	'xor' operation 1 bit ('xor_ln66_1', firmware/nnet_utils/nnet_common.h:66->firmware/nnet_utils/nnet_common.h:46->firmware/nnet_utils/nnet_activation.h:243) [14]  (0.000 ns)
	'select' operation 15 bit ('select_ln66', firmware/nnet_utils/nnet_common.h:66->firmware/nnet_utils/nnet_common.h:46->firmware/nnet_utils/nnet_activation.h:243) [17]  (0.978 ns)

 <State 3>: 1.944ns
The critical path consists of the following:
	'sub' operation 15 bit ('x', firmware/nnet_utils/nnet_activation.h:248) [19]  (1.944 ns)

 <State 4>: 3.254ns
The critical path consists of the following:
	'getelementptr' operation 10 bit ('exp_table_addr', firmware/nnet_utils/nnet_activation.h:258) [25]  (0.000 ns)
	'load' operation 11 bit ('a', firmware/nnet_utils/nnet_activation.h:258) on array 'exp_table' [26]  (3.254 ns)

 <State 5>: 3.254ns
The critical path consists of the following:
	'load' operation 11 bit ('a', firmware/nnet_utils/nnet_activation.h:258) on array 'exp_table' [26]  (3.254 ns)

 <State 6>: 3.186ns
The critical path consists of the following:
	'add' operation 12 bit ('add_ln51_1', firmware/nnet_utils/nnet_common.h:51->firmware/nnet_utils/nnet_common.h:46->firmware/nnet_utils/nnet_activation.h:264) [38]  (1.639 ns)
	'add' operation 12 bit ('add_ln51', firmware/nnet_utils/nnet_common.h:51->firmware/nnet_utils/nnet_common.h:46->firmware/nnet_utils/nnet_activation.h:264) [39]  (1.547 ns)

 <State 7>: 3.254ns
The critical path consists of the following:
	'getelementptr' operation 10 bit ('invert_table_addr', firmware/nnet_utils/nnet_activation.h:267) [42]  (0.000 ns)
	'load' operation 18 bit ('inv_exp_sum', firmware/nnet_utils/nnet_activation.h:267) on array 'invert_table' [43]  (3.254 ns)

 <State 8>: 3.254ns
The critical path consists of the following:
	'load' operation 18 bit ('inv_exp_sum', firmware/nnet_utils/nnet_activation.h:267) on array 'invert_table' [43]  (3.254 ns)

 <State 9>: 3.349ns
The critical path consists of the following:
	'mul' operation 26 bit ('mul_ln270', firmware/nnet_utils/nnet_activation.h:270) [46]  (3.349 ns)

 <State 10>: 3.349ns
The critical path consists of the following:
	'mul' operation 26 bit ('mul_ln270', firmware/nnet_utils/nnet_activation.h:270) [46]  (3.349 ns)


============================================================
+ Verbose Summary: Binding
============================================================
N/A
* FSMD analyzer results:
  - Output states:
 - Input state : 
  - Chain level:
	State 1
	State 2
	State 3
	State 4
	State 5
	State 6
	State 7
	State 8
	State 9
	State 10


============================================================
+ Verbose Summary: Datapath Resource usage 
============================================================
N/A
