

================================================================
== Vitis HLS Report for 'softmax_stable_ap_fixed_ap_fixed_16_6_5_3_0_softmax_config7_s'
================================================================
* Date:           Fri Mar 27 15:02:40 2026

* Version:        2025.1 (Build 6135595 on May 21 2025)
* Project:        myproject_prj
* Solution:       solution1 (Vivado IP Flow Target)
* Product family: zynq
* Target device:  xc7z020-clg400-1


================================================================
== Performance Estimates
================================================================
+ Timing: 
    * Summary: 
    +--------+---------+----------+------------+
    |  Clock |  Target | Estimated| Uncertainty|
    +--------+---------+----------+------------+
    |ap_clk  |  5.00 ns|  3.349 ns|     1.35 ns|
    +--------+---------+----------+------------+

+ Latency: 
    * Summary: 
    +---------+---------+-----------+-----------+-----+-----+---------+
    |  Latency (cycles) |   Latency (absolute)  |  Interval | Pipeline|
    |   min   |   max   |    min    |    max    | min | max |   Type  |
    +---------+---------+-----------+-----------+-----+-----+---------+
    |        9|        9|  45.000 ns|  45.000 ns|    1|    1|      yes|
    +---------+---------+-----------+-----------+-----+-----+---------+

    + Detail: 
        * Instance: 
        N/A

        * Loop: 
        N/A



================================================================
== Utilization Estimates
================================================================
* Summary: 
+-----------------+---------+-----+--------+-------+-----+
|       Name      | BRAM_18K| DSP |   FF   |  LUT  | URAM|
+-----------------+---------+-----+--------+-------+-----+
|DSP              |        -|    -|       -|      -|    -|
|Expression       |        -|    -|       0|    165|    -|
|FIFO             |        -|    -|       -|      -|    -|
|Instance         |        -|    3|     225|      6|    -|
|Memory           |        3|    -|       0|      0|    -|
|Multiplexer      |        -|    -|       0|     42|    -|
|Register         |        -|    -|     511|     96|    -|
+-----------------+---------+-----+--------+-------+-----+
|Total            |        3|    3|     736|    309|    0|
+-----------------+---------+-----+--------+-------+-----+
|Available        |      280|  220|  106400|  53200|    0|
+-----------------+---------+-----+--------+-------+-----+
|Utilization (%)  |        1|    1|      ~0|     ~0|    0|
+-----------------+---------+-----+--------+-------+-----+

+ Detail: 
    * Instance: 
    +--------------------------+---------------------+---------+----+----+----+-----+
    |         Instance         |        Module       | BRAM_18K| DSP| FF | LUT| URAM|
    +--------------------------+---------------------+---------+----+----+----+-----+
    |mul_18s_11ns_26_2_0_U153  |mul_18s_11ns_26_2_0  |        0|   1|  75|   2|    0|
    |mul_18s_11ns_26_2_0_U154  |mul_18s_11ns_26_2_0  |        0|   1|  75|   2|    0|
    |mul_18s_11ns_26_2_0_U155  |mul_18s_11ns_26_2_0  |        0|   1|  75|   2|    0|
    +--------------------------+---------------------+---------+----+----+----+-----+
    |Total                     |                     |        0|   3| 225|   6|    0|
    +--------------------------+---------------------+---------+----+----+----+-----+

    * DSP: 
    N/A

    * Memory: 
    +----------------+----------------------------------------------------------------------------------+---------+---+----+-----+------+-----+------+-------------+
    |     Memory     |                                      Module                                      | BRAM_18K| FF| LUT| URAM| Words| Bits| Banks| W*Bits*Banks|
    +----------------+----------------------------------------------------------------------------------+---------+---+----+-----+------+-----+------+-------------+
    |exp_table_U     |softmax_stable_ap_fixed_ap_fixed_16_6_5_3_0_softmax_config7_s_exp_table_ROM_Abkb  |        2|  0|   0|    0|  1024|   11|     1|        11264|
    |invert_table_U  |softmax_stable_ap_fixed_ap_fixed_16_6_5_3_0_softmax_config7_s_invert_table_ROcud  |        1|  0|   0|    0|  1024|   18|     1|        18432|
    +----------------+----------------------------------------------------------------------------------+---------+---+----+-----+------+-----+------+-------------+
    |Total           |                                                                                  |        3|  0|   0|    0|  2048|   29|     2|        29696|
    +----------------+----------------------------------------------------------------------------------+---------+---+----+-----+------+-----+------+-------------+

    * FIFO: 
    N/A

    * Expression: 
    +-----------------------+----------+----+---+----+------------+------------+
    |     Variable Name     | Operation| DSP| FF| LUT| Bitwidth P0| Bitwidth P1|
    +-----------------------+----------+----+---+----+------------+------------+
    |add_ln51_1_fu_227_p2   |         +|   0|  0|  12|          12|          12|
    |add_ln51_fu_233_p2     |         +|   0|  0|  12|          12|          12|
    |x_1_fu_168_p2          |         -|   0|  0|  20|          15|          15|
    |x_2_fu_172_p2          |         -|   0|  0|  20|          15|          15|
    |x_fu_164_p2            |         -|   0|  0|  20|          15|          15|
    |icmp_ln66_1_fu_144_p2  |      icmp|   0|  0|  23|          16|          16|
    |icmp_ln66_fu_112_p2    |      icmp|   0|  0|  23|          16|          16|
    |a_fu_124_p3            |    select|   0|  0|  16|           1|          16|
    |select_ln66_fu_157_p3  |    select|   0|  0|  15|           1|          15|
    |xor_ln66_1_fu_148_p2   |       xor|   0|  0|   2|           1|           2|
    |xor_ln66_fu_118_p2     |       xor|   0|  0|   2|           1|           2|
    +-----------------------+----------+----+---+----+------------+------------+
    |Total                  |          |   0|  0| 165|         105|         136|
    +-----------------------+----------+----+---+----+------------+------------+

    * Multiplexer: 
    +-------------+----+-----------+-----+-----------+
    |     Name    | LUT| Input Size| Bits| Total Bits|
    +-------------+----+-----------+-----+-----------+
    |ap_return_0  |  14|          3|   16|         48|
    |ap_return_1  |  14|          3|   16|         48|
    |ap_return_2  |  14|          3|   16|         48|
    +-------------+----+-----------+-----+-----------+
    |Total        |  42|          9|   48|        144|
    +-------------+----+-----------+-----+-----------+

    * Register: 
    +-------------------------------------+----+----+-----+-----------+
    |                 Name                | FF | LUT| Bits| Const Bits|
    +-------------------------------------+----+----+-----+-----------+
    |a_1_reg_395                          |  11|   0|   11|          0|
    |a_reg_336                            |  16|   0|   16|          0|
    |ap_ce_reg                            |   1|   0|    1|          0|
    |ap_return_0_int_reg                  |  16|   0|   16|          0|
    |ap_return_1_int_reg                  |  16|   0|   16|          0|
    |ap_return_2_int_reg                  |  16|   0|   16|          0|
    |b_1_reg_407                          |  11|   0|   11|          0|
    |b_reg_401                            |  11|   0|   11|          0|
    |data_0_val_int_reg                   |  16|   0|   16|          0|
    |data_1_val_int_reg                   |  16|   0|   16|          0|
    |data_2_val_int_reg                   |  16|   0|   16|          0|
    |data_2_val_read_reg_331              |  16|   0|   16|          0|
    |inv_exp_sum_reg_423                  |  18|   0|   18|          0|
    |select_ln66_reg_358                  |  15|   0|   15|          0|
    |tmp_1_reg_413                        |   4|   0|    4|          0|
    |tmp_2_reg_370                        |  10|   0|   10|          0|
    |tmp_4_reg_375                        |  10|   0|   10|          0|
    |tmp_reg_365                          |  10|   0|   10|          0|
    |trunc_ln248_1_reg_353                |  15|   0|   15|          0|
    |trunc_ln248_1_reg_353_pp0_iter1_reg  |  15|   0|   15|          0|
    |trunc_ln248_reg_348                  |  15|   0|   15|          0|
    |trunc_ln248_reg_348_pp0_iter1_reg    |  15|   0|   15|          0|
    |trunc_ln66_1_reg_342                 |  15|   0|   15|          0|
    |trunc_ln66_1_reg_342_pp0_iter1_reg   |  15|   0|   15|          0|
    |a_1_reg_395                          |  64|  32|   11|          0|
    |b_1_reg_407                          |  64|  32|   11|          0|
    |b_reg_401                            |  64|  32|   11|          0|
    +-------------------------------------+----+----+-----+-----------+
    |Total                                | 511|  96|  352|          0|
    +-------------------------------------+----+----+-----+-----------+



================================================================
== Interface
================================================================
* Summary: 
+-------------+-----+-----+------------+---------------------------------------------------------------+--------------+
|  RTL Ports  | Dir | Bits|  Protocol  |                         Source Object                         |    C Type    |
+-------------+-----+-----+------------+---------------------------------------------------------------+--------------+
|ap_clk       |   in|    1|  ap_ctrl_hs|  softmax_stable<ap_fixed,ap_fixed<16,6,5,3,0>,softmax_config7>|  return value|
|ap_rst       |   in|    1|  ap_ctrl_hs|  softmax_stable<ap_fixed,ap_fixed<16,6,5,3,0>,softmax_config7>|  return value|
|ap_return_0  |  out|   16|  ap_ctrl_hs|  softmax_stable<ap_fixed,ap_fixed<16,6,5,3,0>,softmax_config7>|  return value|
|ap_return_1  |  out|   16|  ap_ctrl_hs|  softmax_stable<ap_fixed,ap_fixed<16,6,5,3,0>,softmax_config7>|  return value|
|ap_return_2  |  out|   16|  ap_ctrl_hs|  softmax_stable<ap_fixed,ap_fixed<16,6,5,3,0>,softmax_config7>|  return value|
|ap_ce        |   in|    1|  ap_ctrl_hs|  softmax_stable<ap_fixed,ap_fixed<16,6,5,3,0>,softmax_config7>|  return value|
|data_0_val   |   in|   16|     ap_none|                                                     data_0_val|        scalar|
|data_1_val   |   in|   16|     ap_none|                                                     data_1_val|        scalar|
|data_2_val   |   in|   16|     ap_none|                                                     data_2_val|        scalar|
+-------------+-----+-----+------------+---------------------------------------------------------------+--------------+

============================================================
+ Verbose Summary: Synthesis Manager
============================================================
InlineROM: 1
ExposeGlobal: 0
============================================================
+ Verbose Summary: CDFG Model
============================================================
IsTopModel: 0
ResetActiveHigh: 1
IsCombinational: 2
IsDatapathOnly: 1
HasWiredReturn: 1
HasMFsm: 2
HasVarLatency: 0
IsPipeline: 1
IsRtlPipelined: 1
IsInstanceOverlapped: 0
IsDontTouch: 0
HasImplIP: 0
IsGatedGlobalClock: 0

+ Individual pipeline summary: 
  * Pipeline-0: initiation interval (II) = 1, depth = 10


============================================================
+ Verbose Summary: Schedule
============================================================
* Number of FSM states : 10
* Pipeline : 1
  Pipeline-0 : II = 1, D = 10, States = { 1 2 3 4 5 6 7 8 9 10 }
* Dataflow Pipeline: 0

* FSM state transitions: 
1 --> 2 
2 --> 3 
3 --> 4 
4 --> 5 
5 --> 6 
6 --> 7 
7 --> 8 
8 --> 9 
9 --> 10 
10 --> 

* FSM state operations: 

State 1 <SV = 0> <Delay = 3.05>
ST_1 : Operation 11 [1/1] (0.00ns)   --->   "%data_2_val_read = read i16 @_ssdm_op_Read.ap_auto.i16, i16 %data_2_val" [firmware/nnet_utils/nnet_common.h:66->firmware/nnet_utils/nnet_common.h:44->firmware/nnet_utils/nnet_common.h:46->firmware/nnet_utils/nnet_activation.h:243]   --->   Operation 11 'read' 'data_2_val_read' <Predicate = true> <Delay = 0.00>
ST_1 : Operation 12 [1/1] (0.00ns)   --->   "%data_1_val_read = read i16 @_ssdm_op_Read.ap_auto.i16, i16 %data_1_val" [firmware/nnet_utils/nnet_common.h:66->firmware/nnet_utils/nnet_common.h:44->firmware/nnet_utils/nnet_common.h:46->firmware/nnet_utils/nnet_activation.h:243]   --->   Operation 12 'read' 'data_1_val_read' <Predicate = true> <Delay = 0.00>
ST_1 : Operation 13 [1/1] (0.00ns)   --->   "%data_0_val_read = read i16 @_ssdm_op_Read.ap_auto.i16, i16 %data_0_val" [firmware/nnet_utils/nnet_common.h:66->firmware/nnet_utils/nnet_common.h:44->firmware/nnet_utils/nnet_common.h:46->firmware/nnet_utils/nnet_activation.h:243]   --->   Operation 13 'read' 'data_0_val_read' <Predicate = true> <Delay = 0.00>
ST_1 : Operation 14 [1/1] (2.07ns)   --->   "%icmp_ln66 = icmp_slt  i16 %data_0_val_read, i16 %data_1_val_read" [firmware/nnet_utils/nnet_common.h:66->firmware/nnet_utils/nnet_common.h:44->firmware/nnet_utils/nnet_common.h:46->firmware/nnet_utils/nnet_activation.h:243]   --->   Operation 14 'icmp' 'icmp_ln66' <Predicate = true> <Delay = 2.07> <CoreInst = "Cmp">   --->   Core 9 'Cmp' <Latency = 0> <II = 1> <Delay = 2.07> <FuncUnit> <Opcode : 'seteq' 'setne' 'setle' 'setge' 'setlt' 'setgt'> <InPorts = 2> <OutPorts = 1>
ST_1 : Operation 15 [1/1] (0.00ns) (grouped into LUT with out node a)   --->   "%xor_ln66 = xor i1 %icmp_ln66, i1 1" [firmware/nnet_utils/nnet_common.h:66->firmware/nnet_utils/nnet_common.h:44->firmware/nnet_utils/nnet_common.h:46->firmware/nnet_utils/nnet_activation.h:243]   --->   Operation 15 'xor' 'xor_ln66' <Predicate = true> <Delay = 0.00> <CoreInst = "LogicGate">   --->   Core 74 'LogicGate' <Latency = 0> <II = 1> <Delay = 0.97> <FuncUnit> <Opcode : 'and' 'or' 'xor'> <InPorts = 2> <OutPorts = 1>
ST_1 : Operation 16 [1/1] (0.97ns) (out node of the LUT)   --->   "%a = select i1 %xor_ln66, i16 %data_0_val_read, i16 %data_1_val_read" [firmware/nnet_utils/nnet_common.h:66->firmware/nnet_utils/nnet_common.h:44->firmware/nnet_utils/nnet_common.h:46->firmware/nnet_utils/nnet_activation.h:243]   --->   Operation 16 'select' 'a' <Predicate = true> <Delay = 0.97> <CoreInst = "Sel">   --->   Core 73 'Sel' <Latency = 0> <II = 1> <Delay = 0.80> <FuncUnit> <Opcode : 'select'> <InPorts = 3> <OutPorts = 1>
ST_1 : Operation 17 [1/1] (0.00ns)   --->   "%trunc_ln66_1 = trunc i16 %data_2_val_read" [firmware/nnet_utils/nnet_common.h:66->firmware/nnet_utils/nnet_common.h:46->firmware/nnet_utils/nnet_activation.h:243]   --->   Operation 17 'trunc' 'trunc_ln66_1' <Predicate = true> <Delay = 0.00>
ST_1 : Operation 18 [1/1] (0.00ns)   --->   "%trunc_ln248 = trunc i16 %data_0_val_read" [firmware/nnet_utils/nnet_activation.h:248]   --->   Operation 18 'trunc' 'trunc_ln248' <Predicate = true> <Delay = 0.00>
ST_1 : Operation 19 [1/1] (0.00ns)   --->   "%trunc_ln248_1 = trunc i16 %data_1_val_read" [firmware/nnet_utils/nnet_activation.h:248]   --->   Operation 19 'trunc' 'trunc_ln248_1' <Predicate = true> <Delay = 0.00>

State 2 <SV = 1> <Delay = 3.05>
ST_2 : Operation 20 [1/1] (2.07ns)   --->   "%icmp_ln66_1 = icmp_slt  i16 %a, i16 %data_2_val_read" [firmware/nnet_utils/nnet_common.h:66->firmware/nnet_utils/nnet_common.h:46->firmware/nnet_utils/nnet_activation.h:243]   --->   Operation 20 'icmp' 'icmp_ln66_1' <Predicate = true> <Delay = 2.07> <CoreInst = "Cmp">   --->   Core 9 'Cmp' <Latency = 0> <II = 1> <Delay = 2.07> <FuncUnit> <Opcode : 'seteq' 'setne' 'setle' 'setge' 'setlt' 'setgt'> <InPorts = 2> <OutPorts = 1>
ST_2 : Operation 21 [1/1] (0.00ns) (grouped into LUT with out node select_ln66)   --->   "%xor_ln66_1 = xor i1 %icmp_ln66_1, i1 1" [firmware/nnet_utils/nnet_common.h:66->firmware/nnet_utils/nnet_common.h:46->firmware/nnet_utils/nnet_activation.h:243]   --->   Operation 21 'xor' 'xor_ln66_1' <Predicate = true> <Delay = 0.00> <CoreInst = "LogicGate">   --->   Core 74 'LogicGate' <Latency = 0> <II = 1> <Delay = 0.97> <FuncUnit> <Opcode : 'and' 'or' 'xor'> <InPorts = 2> <OutPorts = 1>
ST_2 : Operation 22 [1/1] (0.00ns) (grouped into LUT with out node select_ln66)   --->   "%trunc_ln66 = trunc i16 %a" [firmware/nnet_utils/nnet_common.h:66->firmware/nnet_utils/nnet_common.h:46->firmware/nnet_utils/nnet_activation.h:243]   --->   Operation 22 'trunc' 'trunc_ln66' <Predicate = true> <Delay = 0.00>
ST_2 : Operation 23 [1/1] (0.97ns) (out node of the LUT)   --->   "%select_ln66 = select i1 %xor_ln66_1, i15 %trunc_ln66, i15 %trunc_ln66_1" [firmware/nnet_utils/nnet_common.h:66->firmware/nnet_utils/nnet_common.h:46->firmware/nnet_utils/nnet_activation.h:243]   --->   Operation 23 'select' 'select_ln66' <Predicate = true> <Delay = 0.97> <CoreInst = "Sel">   --->   Core 73 'Sel' <Latency = 0> <II = 1> <Delay = 0.75> <FuncUnit> <Opcode : 'select'> <InPorts = 3> <OutPorts = 1>

State 3 <SV = 2> <Delay = 1.94>
ST_3 : Operation 24 [1/1] (1.94ns)   --->   "%x = sub i15 %select_ln66, i15 %trunc_ln248" [firmware/nnet_utils/nnet_activation.h:248]   --->   Operation 24 'sub' 'x' <Predicate = true> <Delay = 1.94> <CoreInst = "Adder">   --->   Core 1 'Adder' <Latency = 0> <II = 1> <Delay = 1.94> <FuncUnit> <Opcode : 'add' 'sub'> <InPorts = 2> <OutPorts = 1>
ST_3 : Operation 25 [1/1] (1.94ns)   --->   "%x_1 = sub i15 %select_ln66, i15 %trunc_ln248_1" [firmware/nnet_utils/nnet_activation.h:248]   --->   Operation 25 'sub' 'x_1' <Predicate = true> <Delay = 1.94> <CoreInst = "Adder">   --->   Core 1 'Adder' <Latency = 0> <II = 1> <Delay = 1.94> <FuncUnit> <Opcode : 'add' 'sub'> <InPorts = 2> <OutPorts = 1>
ST_3 : Operation 26 [1/1] (1.94ns)   --->   "%x_2 = sub i15 %select_ln66, i15 %trunc_ln66_1" [firmware/nnet_utils/nnet_activation.h:248]   --->   Operation 26 'sub' 'x_2' <Predicate = true> <Delay = 1.94> <CoreInst = "Adder">   --->   Core 1 'Adder' <Latency = 0> <II = 1> <Delay = 1.94> <FuncUnit> <Opcode : 'add' 'sub'> <InPorts = 2> <OutPorts = 1>
ST_3 : Operation 27 [1/1] (0.00ns)   --->   "%tmp = partselect i10 @_ssdm_op_PartSelect.i10.i15.i32.i32, i15 %x, i32 5, i32 14" [firmware/nnet_utils/nnet_activation.h:145->firmware/nnet_utils/nnet_activation.h:257]   --->   Operation 27 'partselect' 'tmp' <Predicate = true> <Delay = 0.00>
ST_3 : Operation 28 [1/1] (0.00ns)   --->   "%tmp_2 = partselect i10 @_ssdm_op_PartSelect.i10.i15.i32.i32, i15 %x_1, i32 5, i32 14" [firmware/nnet_utils/nnet_activation.h:145->firmware/nnet_utils/nnet_activation.h:257]   --->   Operation 28 'partselect' 'tmp_2' <Predicate = true> <Delay = 0.00>
ST_3 : Operation 29 [1/1] (0.00ns)   --->   "%tmp_4 = partselect i10 @_ssdm_op_PartSelect.i10.i15.i32.i32, i15 %x_2, i32 5, i32 14" [firmware/nnet_utils/nnet_activation.h:145->firmware/nnet_utils/nnet_activation.h:257]   --->   Operation 29 'partselect' 'tmp_4' <Predicate = true> <Delay = 0.00>

State 4 <SV = 3> <Delay = 3.25>
ST_4 : Operation 30 [1/1] (0.00ns)   --->   "%zext_ln258 = zext i10 %tmp" [firmware/nnet_utils/nnet_activation.h:258]   --->   Operation 30 'zext' 'zext_ln258' <Predicate = true> <Delay = 0.00>
ST_4 : Operation 31 [1/1] (0.00ns)   --->   "%exp_table_addr = getelementptr i11 %exp_table, i64 0, i64 %zext_ln258" [firmware/nnet_utils/nnet_activation.h:258]   --->   Operation 31 'getelementptr' 'exp_table_addr' <Predicate = true> <Delay = 0.00>
ST_4 : Operation 32 [2/2] (3.25ns)   --->   "%a_1 = load i10 %exp_table_addr" [firmware/nnet_utils/nnet_activation.h:258]   --->   Operation 32 'load' 'a_1' <Predicate = true> <Delay = 3.25> <CoreInst = "ROM">   --->   Core 94 'ROM' <Latency = 1> <II = 1> <Delay = 3.25> <Storage> <Opcode : 'load'> <Ports = 0> <Width = 11> <Depth = 1024> <ROM>
ST_4 : Operation 33 [1/1] (0.00ns)   --->   "%zext_ln258_1 = zext i10 %tmp_2" [firmware/nnet_utils/nnet_activation.h:258]   --->   Operation 33 'zext' 'zext_ln258_1' <Predicate = true> <Delay = 0.00>
ST_4 : Operation 34 [1/1] (0.00ns)   --->   "%exp_table_addr_1 = getelementptr i11 %exp_table, i64 0, i64 %zext_ln258_1" [firmware/nnet_utils/nnet_activation.h:258]   --->   Operation 34 'getelementptr' 'exp_table_addr_1' <Predicate = true> <Delay = 0.00>
ST_4 : Operation 35 [2/2] (3.25ns)   --->   "%b = load i10 %exp_table_addr_1" [firmware/nnet_utils/nnet_activation.h:258]   --->   Operation 35 'load' 'b' <Predicate = true> <Delay = 3.25> <CoreInst = "ROM">   --->   Core 94 'ROM' <Latency = 1> <II = 1> <Delay = 3.25> <Storage> <Opcode : 'load'> <Ports = 0> <Width = 11> <Depth = 1024> <ROM>
ST_4 : Operation 36 [1/1] (0.00ns)   --->   "%zext_ln258_2 = zext i10 %tmp_4" [firmware/nnet_utils/nnet_activation.h:258]   --->   Operation 36 'zext' 'zext_ln258_2' <Predicate = true> <Delay = 0.00>
ST_4 : Operation 37 [1/1] (0.00ns)   --->   "%exp_table_addr_2 = getelementptr i11 %exp_table, i64 0, i64 %zext_ln258_2" [firmware/nnet_utils/nnet_activation.h:258]   --->   Operation 37 'getelementptr' 'exp_table_addr_2' <Predicate = true> <Delay = 0.00>
ST_4 : Operation 38 [2/2] (3.25ns)   --->   "%b_1 = load i10 %exp_table_addr_2" [firmware/nnet_utils/nnet_activation.h:258]   --->   Operation 38 'load' 'b_1' <Predicate = true> <Delay = 3.25> <CoreInst = "ROM">   --->   Core 94 'ROM' <Latency = 1> <II = 1> <Delay = 3.25> <Storage> <Opcode : 'load'> <Ports = 0> <Width = 11> <Depth = 1024> <ROM>

State 5 <SV = 4> <Delay = 3.25>
ST_5 : Operation 39 [1/2] ( I:3.25ns O:3.25ns )   --->   "%a_1 = load i10 %exp_table_addr" [firmware/nnet_utils/nnet_activation.h:258]   --->   Operation 39 'load' 'a_1' <Predicate = true> <Delay = 3.25> <CoreInst = "ROM">   --->   Core 94 'ROM' <Latency = 1> <II = 1> <Delay = 3.25> <Storage> <Opcode : 'load'> <Ports = 0> <Width = 11> <Depth = 1024> <ROM>
ST_5 : Operation 40 [1/2] ( I:3.25ns O:3.25ns )   --->   "%b = load i10 %exp_table_addr_1" [firmware/nnet_utils/nnet_activation.h:258]   --->   Operation 40 'load' 'b' <Predicate = true> <Delay = 3.25> <CoreInst = "ROM">   --->   Core 94 'ROM' <Latency = 1> <II = 1> <Delay = 3.25> <Storage> <Opcode : 'load'> <Ports = 0> <Width = 11> <Depth = 1024> <ROM>
ST_5 : Operation 41 [1/2] ( I:3.25ns O:3.25ns )   --->   "%b_1 = load i10 %exp_table_addr_2" [firmware/nnet_utils/nnet_activation.h:258]   --->   Operation 41 'load' 'b_1' <Predicate = true> <Delay = 3.25> <CoreInst = "ROM">   --->   Core 94 'ROM' <Latency = 1> <II = 1> <Delay = 3.25> <Storage> <Opcode : 'load'> <Ports = 0> <Width = 11> <Depth = 1024> <ROM>

State 6 <SV = 5> <Delay = 3.18>
ST_6 : Operation 42 [1/1] (0.00ns)   --->   "%zext_ln141 = zext i11 %a_1" [firmware/nnet_utils/nnet_activation.h:141->firmware/nnet_utils/nnet_activation.h:257]   --->   Operation 42 'zext' 'zext_ln141' <Predicate = true> <Delay = 0.00>
ST_6 : Operation 43 [1/1] (0.00ns)   --->   "%zext_ln141_1 = zext i11 %b" [firmware/nnet_utils/nnet_activation.h:141->firmware/nnet_utils/nnet_activation.h:257]   --->   Operation 43 'zext' 'zext_ln141_1' <Predicate = true> <Delay = 0.00>
ST_6 : Operation 44 [1/1] (0.00ns)   --->   "%zext_ln51 = zext i11 %b_1" [firmware/nnet_utils/nnet_common.h:51->firmware/nnet_utils/nnet_common.h:44->firmware/nnet_utils/nnet_common.h:46->firmware/nnet_utils/nnet_activation.h:264]   --->   Operation 44 'zext' 'zext_ln51' <Predicate = true> <Delay = 0.00>
ST_6 : Operation 45 [1/1] (1.63ns)   --->   "%add_ln51_1 = add i12 %zext_ln141, i12 %zext_ln51" [firmware/nnet_utils/nnet_common.h:51->firmware/nnet_utils/nnet_common.h:46->firmware/nnet_utils/nnet_activation.h:264]   --->   Operation 45 'add' 'add_ln51_1' <Predicate = true> <Delay = 1.63> <CoreInst = "Adder">   --->   Core 1 'Adder' <Latency = 0> <II = 1> <Delay = 1.54> <FuncUnit> <Opcode : 'add' 'sub'> <InPorts = 2> <OutPorts = 1>
ST_6 : Operation 46 [1/1] (1.54ns)   --->   "%add_ln51 = add i12 %add_ln51_1, i12 %zext_ln141_1" [firmware/nnet_utils/nnet_common.h:51->firmware/nnet_utils/nnet_common.h:46->firmware/nnet_utils/nnet_activation.h:264]   --->   Operation 46 'add' 'add_ln51' <Predicate = true> <Delay = 1.54> <CoreInst = "Adder">   --->   Core 1 'Adder' <Latency = 0> <II = 1> <Delay = 1.54> <FuncUnit> <Opcode : 'add' 'sub'> <InPorts = 2> <OutPorts = 1>
ST_6 : Operation 47 [1/1] (0.00ns)   --->   "%tmp_1 = partselect i4 @_ssdm_op_PartSelect.i4.i12.i32.i32, i12 %add_ln51, i32 8, i32 11" [firmware/nnet_utils/nnet_activation.h:145->firmware/nnet_utils/nnet_activation.h:267]   --->   Operation 47 'partselect' 'tmp_1' <Predicate = true> <Delay = 0.00>

State 7 <SV = 6> <Delay = 3.25>
ST_7 : Operation 48 [1/1] (0.00ns)   --->   "%zext_ln267 = zext i4 %tmp_1" [firmware/nnet_utils/nnet_activation.h:267]   --->   Operation 48 'zext' 'zext_ln267' <Predicate = true> <Delay = 0.00>
ST_7 : Operation 49 [1/1] (0.00ns)   --->   "%invert_table_addr = getelementptr i18 %invert_table, i64 0, i64 %zext_ln267" [firmware/nnet_utils/nnet_activation.h:267]   --->   Operation 49 'getelementptr' 'invert_table_addr' <Predicate = true> <Delay = 0.00>
ST_7 : Operation 50 [2/2] (3.25ns)   --->   "%inv_exp_sum = load i10 %invert_table_addr" [firmware/nnet_utils/nnet_activation.h:267]   --->   Operation 50 'load' 'inv_exp_sum' <Predicate = true> <Delay = 3.25> <CoreInst = "ROM">   --->   Core 94 'ROM' <Latency = 1> <II = 1> <Delay = 3.25> <Storage> <Opcode : 'load'> <Ports = 0> <Width = 18> <Depth = 1024> <ROM>

State 8 <SV = 7> <Delay = 3.25>
ST_8 : Operation 51 [1/2] ( I:3.25ns O:3.25ns )   --->   "%inv_exp_sum = load i10 %invert_table_addr" [firmware/nnet_utils/nnet_activation.h:267]   --->   Operation 51 'load' 'inv_exp_sum' <Predicate = true> <Delay = 3.25> <CoreInst = "ROM">   --->   Core 94 'ROM' <Latency = 1> <II = 1> <Delay = 3.25> <Storage> <Opcode : 'load'> <Ports = 0> <Width = 18> <Depth = 1024> <ROM>

State 9 <SV = 8> <Delay = 3.34>
ST_9 : Operation 52 [1/1] (0.00ns)   --->   "%sext_ln270 = sext i18 %inv_exp_sum" [firmware/nnet_utils/nnet_activation.h:270]   --->   Operation 52 'sext' 'sext_ln270' <Predicate = true> <Delay = 0.00>
ST_9 : Operation 53 [1/1] (0.00ns)   --->   "%zext_ln270 = zext i11 %a_1" [firmware/nnet_utils/nnet_activation.h:270]   --->   Operation 53 'zext' 'zext_ln270' <Predicate = true> <Delay = 0.00>
ST_9 : Operation 54 [2/2] (3.34ns)   --->   "%mul_ln270 = mul i26 %sext_ln270, i26 %zext_ln270" [firmware/nnet_utils/nnet_activation.h:270]   --->   Operation 54 'mul' 'mul_ln270' <Predicate = true> <Delay = 3.34> <CoreInst = "Multiplier">   --->   Core 3 'Multiplier' <Latency = 1> <II = 1> <Delay = 3.34> <FuncUnit> <Opcode : 'mul'> <InPorts = 2> <OutPorts = 1>
ST_9 : Operation 55 [1/1] (0.00ns)   --->   "%zext_ln270_1 = zext i11 %b" [firmware/nnet_utils/nnet_activation.h:270]   --->   Operation 55 'zext' 'zext_ln270_1' <Predicate = true> <Delay = 0.00>
ST_9 : Operation 56 [2/2] (3.34ns)   --->   "%mul_ln270_1 = mul i26 %sext_ln270, i26 %zext_ln270_1" [firmware/nnet_utils/nnet_activation.h:270]   --->   Operation 56 'mul' 'mul_ln270_1' <Predicate = true> <Delay = 3.34> <CoreInst = "Multiplier">   --->   Core 3 'Multiplier' <Latency = 1> <II = 1> <Delay = 3.34> <FuncUnit> <Opcode : 'mul'> <InPorts = 2> <OutPorts = 1>
ST_9 : Operation 57 [1/1] (0.00ns)   --->   "%zext_ln270_2 = zext i11 %b_1" [firmware/nnet_utils/nnet_activation.h:270]   --->   Operation 57 'zext' 'zext_ln270_2' <Predicate = true> <Delay = 0.00>
ST_9 : Operation 58 [2/2] (3.34ns)   --->   "%mul_ln270_2 = mul i26 %sext_ln270, i26 %zext_ln270_2" [firmware/nnet_utils/nnet_activation.h:270]   --->   Operation 58 'mul' 'mul_ln270_2' <Predicate = true> <Delay = 3.34> <CoreInst = "Multiplier">   --->   Core 3 'Multiplier' <Latency = 1> <II = 1> <Delay = 3.34> <FuncUnit> <Opcode : 'mul'> <InPorts = 2> <OutPorts = 1>

State 10 <SV = 9> <Delay = 3.34>
ST_10 : Operation 59 [1/1] (0.00ns)   --->   "%specpipeline_ln220 = specpipeline void @_ssdm_op_SpecPipeline, i32 4294967295, i32 0, i32 0, i32 0, void @empty_0" [firmware/nnet_utils/nnet_activation.h:220]   --->   Operation 59 'specpipeline' 'specpipeline_ln220' <Predicate = true> <Delay = 0.00>
ST_10 : Operation 60 [1/2] (3.34ns)   --->   "%mul_ln270 = mul i26 %sext_ln270, i26 %zext_ln270" [firmware/nnet_utils/nnet_activation.h:270]   --->   Operation 60 'mul' 'mul_ln270' <Predicate = true> <Delay = 3.34> <CoreInst = "Multiplier">   --->   Core 3 'Multiplier' <Latency = 1> <II = 1> <Delay = 3.34> <FuncUnit> <Opcode : 'mul'> <InPorts = 2> <OutPorts = 1>
ST_10 : Operation 61 [1/1] (0.00ns)   --->   "%trunc_ln1 = partselect i16 @_ssdm_op_PartSelect.i16.i26.i32.i32, i26 %mul_ln270, i32 10, i32 25" [firmware/nnet_utils/nnet_activation.h:270]   --->   Operation 61 'partselect' 'trunc_ln1' <Predicate = true> <Delay = 0.00>
ST_10 : Operation 62 [1/2] (3.34ns)   --->   "%mul_ln270_1 = mul i26 %sext_ln270, i26 %zext_ln270_1" [firmware/nnet_utils/nnet_activation.h:270]   --->   Operation 62 'mul' 'mul_ln270_1' <Predicate = true> <Delay = 3.34> <CoreInst = "Multiplier">   --->   Core 3 'Multiplier' <Latency = 1> <II = 1> <Delay = 3.34> <FuncUnit> <Opcode : 'mul'> <InPorts = 2> <OutPorts = 1>
ST_10 : Operation 63 [1/1] (0.00ns)   --->   "%trunc_ln270_1 = partselect i16 @_ssdm_op_PartSelect.i16.i26.i32.i32, i26 %mul_ln270_1, i32 10, i32 25" [firmware/nnet_utils/nnet_activation.h:270]   --->   Operation 63 'partselect' 'trunc_ln270_1' <Predicate = true> <Delay = 0.00>
ST_10 : Operation 64 [1/2] (3.34ns)   --->   "%mul_ln270_2 = mul i26 %sext_ln270, i26 %zext_ln270_2" [firmware/nnet_utils/nnet_activation.h:270]   --->   Operation 64 'mul' 'mul_ln270_2' <Predicate = true> <Delay = 3.34> <CoreInst = "Multiplier">   --->   Core 3 'Multiplier' <Latency = 1> <II = 1> <Delay = 3.34> <FuncUnit> <Opcode : 'mul'> <InPorts = 2> <OutPorts = 1>
ST_10 : Operation 65 [1/1] (0.00ns)   --->   "%trunc_ln270_2 = partselect i16 @_ssdm_op_PartSelect.i16.i26.i32.i32, i26 %mul_ln270_2, i32 10, i32 25" [firmware/nnet_utils/nnet_activation.h:270]   --->   Operation 65 'partselect' 'trunc_ln270_2' <Predicate = true> <Delay = 0.00>
ST_10 : Operation 66 [1/1] (0.00ns)   --->   "%mrv = insertvalue i48 <undef>, i16 %trunc_ln1" [firmware/nnet_utils/nnet_activation.h:272]   --->   Operation 66 'insertvalue' 'mrv' <Predicate = true> <Delay = 0.00>
ST_10 : Operation 67 [1/1] (0.00ns)   --->   "%mrv_1 = insertvalue i48 %mrv, i16 %trunc_ln270_1" [firmware/nnet_utils/nnet_activation.h:272]   --->   Operation 67 'insertvalue' 'mrv_1' <Predicate = true> <Delay = 0.00>
ST_10 : Operation 68 [1/1] (0.00ns)   --->   "%mrv_2 = insertvalue i48 %mrv_1, i16 %trunc_ln270_2" [firmware/nnet_utils/nnet_activation.h:272]   --->   Operation 68 'insertvalue' 'mrv_2' <Predicate = true> <Delay = 0.00>
ST_10 : Operation 69 [1/1] (0.00ns)   --->   "%ret_ln272 = ret i48 %mrv_2" [firmware/nnet_utils/nnet_activation.h:272]   --->   Operation 69 'ret' 'ret_ln272' <Predicate = true> <Delay = 0.00>


============================================================
+ Verbose Summary: Binding
============================================================
STG Binding: 
---------------- STG Properties BEGIN ----------------
- Is combinational: 0
- Is one-state seq: 0
- Is datapath-only: 1
- Is pipelined: 1
- Is top level: 0
Port [ Return ] is wired: 1; IO mode=ap_ctrl_hs:ce=0
Port [ data_0_val]:  wired=1; compound=0; hidden=0; nouse=0; global=0; static=0; extern=0; dir=0; type=0; pingpong=0; private_global=0; IO mode=ap_none:ce=0
Port [ data_1_val]:  wired=1; compound=0; hidden=0; nouse=0; global=0; static=0; extern=0; dir=0; type=0; pingpong=0; private_global=0; IO mode=ap_none:ce=0
Port [ data_2_val]:  wired=1; compound=0; hidden=0; nouse=0; global=0; static=0; extern=0; dir=0; type=0; pingpong=0; private_global=0; IO mode=ap_none:ce=0
Port [ exp_table]:  wired=0; compound=1; hidden=1; nouse=0; global=1; static=1; extern=0; dir=0; type=1; pingpong=0; private_global=1; MemPort=[111]; IO mode=ap_memory:ce=0
Port [ invert_table]:  wired=0; compound=1; hidden=1; nouse=0; global=1; static=1; extern=0; dir=0; type=1; pingpong=0; private_global=1; MemPort=[1]; IO mode=ap_memory:ce=0
---------------- STG Properties END ------------------

---------------- Datapath Model BEGIN ----------------

<LifeTime>
<method=bitvector/>
data_2_val_read    (read         ) [ 01100000000]
data_1_val_read    (read         ) [ 00000000000]
data_0_val_read    (read         ) [ 00000000000]
icmp_ln66          (icmp         ) [ 00000000000]
xor_ln66           (xor          ) [ 00000000000]
a                  (select       ) [ 01100000000]
trunc_ln66_1       (trunc        ) [ 01110000000]
trunc_ln248        (trunc        ) [ 01110000000]
trunc_ln248_1      (trunc        ) [ 01110000000]
icmp_ln66_1        (icmp         ) [ 00000000000]
xor_ln66_1         (xor          ) [ 00000000000]
trunc_ln66         (trunc        ) [ 00000000000]
select_ln66        (select       ) [ 01010000000]
x                  (sub          ) [ 00000000000]
x_1                (sub          ) [ 00000000000]
x_2                (sub          ) [ 00000000000]
tmp                (partselect   ) [ 01001000000]
tmp_2              (partselect   ) [ 01001000000]
tmp_4              (partselect   ) [ 01001000000]
zext_ln258         (zext         ) [ 00000000000]
exp_table_addr     (getelementptr) [ 01000100000]
zext_ln258_1       (zext         ) [ 00000000000]
exp_table_addr_1   (getelementptr) [ 01000100000]
zext_ln258_2       (zext         ) [ 00000000000]
exp_table_addr_2   (getelementptr) [ 01000100000]
a_1                (load         ) [ 01000011110]
b                  (load         ) [ 01000011110]
b_1                (load         ) [ 01000011110]
zext_ln141         (zext         ) [ 00000000000]
zext_ln141_1       (zext         ) [ 00000000000]
zext_ln51          (zext         ) [ 00000000000]
add_ln51_1         (add          ) [ 00000000000]
add_ln51           (add          ) [ 00000000000]
tmp_1              (partselect   ) [ 01000001000]
zext_ln267         (zext         ) [ 00000000000]
invert_table_addr  (getelementptr) [ 01000000100]
inv_exp_sum        (load         ) [ 01000000010]
sext_ln270         (sext         ) [ 01000000001]
zext_ln270         (zext         ) [ 01000000001]
zext_ln270_1       (zext         ) [ 01000000001]
zext_ln270_2       (zext         ) [ 01000000001]
specpipeline_ln220 (specpipeline ) [ 00000000000]
mul_ln270          (mul          ) [ 00000000000]
trunc_ln1          (partselect   ) [ 00000000000]
mul_ln270_1        (mul          ) [ 00000000000]
trunc_ln270_1      (partselect   ) [ 00000000000]
mul_ln270_2        (mul          ) [ 00000000000]
trunc_ln270_2      (partselect   ) [ 00000000000]
mrv                (insertvalue  ) [ 00000000000]
mrv_1              (insertvalue  ) [ 00000000000]
mrv_2              (insertvalue  ) [ 00000000000]
ret_ln272          (ret          ) [ 00000000000]
</LifeTime>

<model>

<comp_list>
<comp id="0" class="1000" name="data_0_val">
<pin_list>
<pin id="1" dir="1" index="0" bw="1" slack="0"/>
</pin_list>
<bind>
<StgValue><ssdm name="data_0_val"/></StgValue>
</bind>
</comp>

<comp id="2" class="1000" name="data_1_val">
<pin_list>
<pin id="3" dir="1" index="0" bw="1" slack="0"/>
</pin_list>
<bind>
<StgValue><ssdm name="data_1_val"/></StgValue>
</bind>
</comp>

<comp id="4" class="1000" name="data_2_val">
<pin_list>
<pin id="5" dir="1" index="0" bw="1" slack="0"/>
</pin_list>
<bind>
<StgValue><ssdm name="data_2_val"/></StgValue>
</bind>
</comp>

<comp id="6" class="1000" name="exp_table">
<pin_list>
<pin id="7" dir="1" index="0" bw="1" slack="0"/>
</pin_list>
<bind>
<StgValue><ssdm name="exp_table"/><MemPortTyVec>1 1 1 </MemPortTyVec>
</StgValue>
</bind>
</comp>

<comp id="8" class="1000" name="invert_table">
<pin_list>
<pin id="9" dir="1" index="0" bw="1" slack="0"/>
</pin_list>
<bind>
<StgValue><ssdm name="invert_table"/><MemPortTyVec>1 </MemPortTyVec>
</StgValue>
</bind>
</comp>

<comp id="10" class="1001" name="const_10">
<pin_list>
<pin id="11" dir="1" index="0" bw="1" slack="0"/>
</pin_list>
<bind>
<StgValue><ssdm name="_ssdm_op_Read.ap_auto.i16"/></StgValue>
</bind>
</comp>

<comp id="12" class="1001" name="const_12">
<pin_list>
<pin id="13" dir="1" index="0" bw="1" slack="0"/>
</pin_list>
<bind>
<StgValue><ssdm name=""/></StgValue>
</bind>
</comp>

<comp id="14" class="1001" name="const_14">
<pin_list>
<pin id="15" dir="1" index="0" bw="1" slack="0"/>
</pin_list>
<bind>
<StgValue><ssdm name="_ssdm_op_PartSelect.i10.i15.i32.i32"/></StgValue>
</bind>
</comp>

<comp id="16" class="1001" name="const_16">
<pin_list>
<pin id="17" dir="1" index="0" bw="1" slack="0"/>
</pin_list>
<bind>
<StgValue><ssdm name=""/></StgValue>
</bind>
</comp>

<comp id="18" class="1001" name="const_18">
<pin_list>
<pin id="19" dir="1" index="0" bw="1" slack="0"/>
</pin_list>
<bind>
<StgValue><ssdm name=""/></StgValue>
</bind>
</comp>

<comp id="20" class="1001" name="const_20">
<pin_list>
<pin id="21" dir="1" index="0" bw="1" slack="0"/>
</pin_list>
<bind>
<StgValue><ssdm name=""/></StgValue>
</bind>
</comp>

<comp id="22" class="1001" name="const_22">
<pin_list>
<pin id="23" dir="1" index="0" bw="1" slack="0"/>
</pin_list>
<bind>
<StgValue><ssdm name="_ssdm_op_PartSelect.i4.i12.i32.i32"/></StgValue>
</bind>
</comp>

<comp id="24" class="1001" name="const_24">
<pin_list>
<pin id="25" dir="1" index="0" bw="1" slack="0"/>
</pin_list>
<bind>
<StgValue><ssdm name=""/></StgValue>
</bind>
</comp>

<comp id="26" class="1001" name="const_26">
<pin_list>
<pin id="27" dir="1" index="0" bw="1" slack="0"/>
</pin_list>
<bind>
<StgValue><ssdm name=""/></StgValue>
</bind>
</comp>

<comp id="28" class="1001" name="const_28">
<pin_list>
<pin id="29" dir="1" index="0" bw="1" slack="2147483647"/>
</pin_list>
<bind>
<StgValue><ssdm name="_ssdm_op_SpecPipeline"/></StgValue>
</bind>
</comp>

<comp id="30" class="1001" name="const_30">
<pin_list>
<pin id="31" dir="1" index="0" bw="1" slack="2147483647"/>
</pin_list>
<bind>
<StgValue><ssdm name=""/></StgValue>
</bind>
</comp>

<comp id="32" class="1001" name="const_32">
<pin_list>
<pin id="33" dir="1" index="0" bw="1" slack="2147483647"/>
</pin_list>
<bind>
<StgValue><ssdm name=""/></StgValue>
</bind>
</comp>

<comp id="34" class="1001" name="const_34">
<pin_list>
<pin id="35" dir="1" index="0" bw="1" slack="2147483647"/>
</pin_list>
<bind>
<StgValue><ssdm name="empty_0"/></StgValue>
</bind>
</comp>

<comp id="36" class="1001" name="const_36">
<pin_list>
<pin id="37" dir="1" index="0" bw="1" slack="0"/>
</pin_list>
<bind>
<StgValue><ssdm name="_ssdm_op_PartSelect.i16.i26.i32.i32"/></StgValue>
</bind>
</comp>

<comp id="38" class="1001" name="const_38">
<pin_list>
<pin id="39" dir="1" index="0" bw="1" slack="0"/>
</pin_list>
<bind>
<StgValue><ssdm name=""/></StgValue>
</bind>
</comp>

<comp id="40" class="1001" name="const_40">
<pin_list>
<pin id="41" dir="1" index="0" bw="1" slack="0"/>
</pin_list>
<bind>
<StgValue><ssdm name=""/></StgValue>
</bind>
</comp>

<comp id="42" class="1001" name="const_42">
<pin_list>
<pin id="43" dir="1" index="0" bw="1" slack="0"/>
</pin_list>
<bind>
<StgValue><ssdm name=""/></StgValue>
</bind>
</comp>

<comp id="44" class="1004" name="data_2_val_read_read_fu_44">
<pin_list>
<pin id="45" dir="0" index="0" bw="16" slack="0"/>
<pin id="46" dir="0" index="1" bw="16" slack="0"/>
<pin id="47" dir="1" index="2" bw="16" slack="0"/>
</pin_list>
<bind>
<opcode="read(1150) " fcode="read"/>
<opset="data_2_val_read/1 "/>
</bind>
</comp>

<comp id="50" class="1004" name="data_1_val_read_read_fu_50">
<pin_list>
<pin id="51" dir="0" index="0" bw="16" slack="0"/>
<pin id="52" dir="0" index="1" bw="16" slack="0"/>
<pin id="53" dir="1" index="2" bw="16" slack="0"/>
</pin_list>
<bind>
<opcode="read(1150) " fcode="read"/>
<opset="data_1_val_read/1 "/>
</bind>
</comp>

<comp id="56" class="1004" name="data_0_val_read_read_fu_56">
<pin_list>
<pin id="57" dir="0" index="0" bw="16" slack="0"/>
<pin id="58" dir="0" index="1" bw="16" slack="0"/>
<pin id="59" dir="1" index="2" bw="16" slack="0"/>
</pin_list>
<bind>
<opcode="read(1150) " fcode="read"/>
<opset="data_0_val_read/1 "/>
</bind>
</comp>

<comp id="62" class="1004" name="exp_table_addr_gep_fu_62">
<pin_list>
<pin id="63" dir="0" index="0" bw="11" slack="0"/>
<pin id="64" dir="0" index="1" bw="1" slack="0"/>
<pin id="65" dir="0" index="2" bw="10" slack="0"/>
<pin id="66" dir="1" index="3" bw="10" slack="0"/>
</pin_list>
<bind>
<opcode="getelementptr(29) " fcode="getelementptr"/>
<opset="exp_table_addr/4 "/>
</bind>
</comp>

<comp id="69" class="1004" name="grp_access_fu_69">
<pin_list>
<pin id="70" dir="0" index="0" bw="10" slack="0"/>
<pin id="71" dir="0" index="1" bw="11" slack="2147483647"/>
<pin id="72" dir="0" index="2" bw="0" slack="0"/>
<pin id="74" dir="0" index="4" bw="10" slack="2147483647"/>
<pin id="75" dir="0" index="5" bw="11" slack="0"/>
<pin id="76" dir="0" index="6" bw="0" slack="2147483647"/>
<pin id="78" dir="0" index="8" bw="10" slack="2147483647"/>
<pin id="79" dir="0" index="9" bw="11" slack="2147483647"/>
<pin id="80" dir="0" index="10" bw="0" slack="2147483647"/>
<pin id="73" dir="1" index="3" bw="11" slack="1"/>
<pin id="77" dir="1" index="7" bw="11" slack="1"/>
<pin id="81" dir="1" index="11" bw="11" slack="1"/>
</pin_list>
<bind>
<opcode="load(27) " fcode="load"/>
<opset="a_1/4 b/4 b_1/4 "/>
</bind>
</comp>

<comp id="83" class="1004" name="exp_table_addr_1_gep_fu_83">
<pin_list>
<pin id="84" dir="0" index="0" bw="11" slack="0"/>
<pin id="85" dir="0" index="1" bw="1" slack="0"/>
<pin id="86" dir="0" index="2" bw="10" slack="0"/>
<pin id="87" dir="1" index="3" bw="10" slack="0"/>
</pin_list>
<bind>
<opcode="getelementptr(29) " fcode="getelementptr"/>
<opset="exp_table_addr_1/4 "/>
</bind>
</comp>

<comp id="91" class="1004" name="exp_table_addr_2_gep_fu_91">
<pin_list>
<pin id="92" dir="0" index="0" bw="11" slack="0"/>
<pin id="93" dir="0" index="1" bw="1" slack="0"/>
<pin id="94" dir="0" index="2" bw="10" slack="0"/>
<pin id="95" dir="1" index="3" bw="10" slack="0"/>
</pin_list>
<bind>
<opcode="getelementptr(29) " fcode="getelementptr"/>
<opset="exp_table_addr_2/4 "/>
</bind>
</comp>

<comp id="99" class="1004" name="invert_table_addr_gep_fu_99">
<pin_list>
<pin id="100" dir="0" index="0" bw="18" slack="0"/>
<pin id="101" dir="0" index="1" bw="1" slack="0"/>
<pin id="102" dir="0" index="2" bw="4" slack="0"/>
<pin id="103" dir="1" index="3" bw="10" slack="0"/>
</pin_list>
<bind>
<opcode="getelementptr(29) " fcode="getelementptr"/>
<opset="invert_table_addr/7 "/>
</bind>
</comp>

<comp id="106" class="1004" name="grp_access_fu_106">
<pin_list>
<pin id="107" dir="0" index="0" bw="10" slack="0"/>
<pin id="108" dir="0" index="1" bw="18" slack="2147483647"/>
<pin id="109" dir="0" index="2" bw="0" slack="2147483647"/>
<pin id="110" dir="1" index="3" bw="18" slack="1"/>
</pin_list>
<bind>
<opcode="load(27) " fcode="load"/>
<opset="inv_exp_sum/7 "/>
</bind>
</comp>

<comp id="112" class="1004" name="icmp_ln66_fu_112">
<pin_list>
<pin id="113" dir="0" index="0" bw="16" slack="0"/>
<pin id="114" dir="0" index="1" bw="16" slack="0"/>
<pin id="115" dir="1" index="2" bw="1" slack="0"/>
</pin_list>
<bind>
<opcode="icmp(45) " fcode="icmp"/>
<opset="icmp_ln66/1 "/>
</bind>
</comp>

<comp id="118" class="1004" name="xor_ln66_fu_118">
<pin_list>
<pin id="119" dir="0" index="0" bw="1" slack="0"/>
<pin id="120" dir="0" index="1" bw="1" slack="0"/>
<pin id="121" dir="1" index="2" bw="1" slack="0"/>
</pin_list>
<bind>
<opcode="xor(25) " fcode="xor"/>
<opset="xor_ln66/1 "/>
</bind>
</comp>

<comp id="124" class="1004" name="a_fu_124">
<pin_list>
<pin id="125" dir="0" index="0" bw="1" slack="0"/>
<pin id="126" dir="0" index="1" bw="16" slack="0"/>
<pin id="127" dir="0" index="2" bw="16" slack="0"/>
<pin id="128" dir="1" index="3" bw="16" slack="1"/>
</pin_list>
<bind>
<opcode="select(49) " fcode="select"/>
<opset="a/1 "/>
</bind>
</comp>

<comp id="132" class="1004" name="trunc_ln66_1_fu_132">
<pin_list>
<pin id="133" dir="0" index="0" bw="16" slack="0"/>
<pin id="134" dir="1" index="1" bw="15" slack="1"/>
</pin_list>
<bind>
<opcode="trunc(33) " fcode="trunc"/>
<opset="trunc_ln66_1/1 "/>
</bind>
</comp>

<comp id="136" class="1004" name="trunc_ln248_fu_136">
<pin_list>
<pin id="137" dir="0" index="0" bw="16" slack="0"/>
<pin id="138" dir="1" index="1" bw="15" slack="2"/>
</pin_list>
<bind>
<opcode="trunc(33) " fcode="trunc"/>
<opset="trunc_ln248/1 "/>
</bind>
</comp>

<comp id="140" class="1004" name="trunc_ln248_1_fu_140">
<pin_list>
<pin id="141" dir="0" index="0" bw="16" slack="0"/>
<pin id="142" dir="1" index="1" bw="15" slack="2"/>
</pin_list>
<bind>
<opcode="trunc(33) " fcode="trunc"/>
<opset="trunc_ln248_1/1 "/>
</bind>
</comp>

<comp id="144" class="1004" name="icmp_ln66_1_fu_144">
<pin_list>
<pin id="145" dir="0" index="0" bw="16" slack="1"/>
<pin id="146" dir="0" index="1" bw="16" slack="1"/>
<pin id="147" dir="1" index="2" bw="1" slack="0"/>
</pin_list>
<bind>
<opcode="icmp(45) " fcode="icmp"/>
<opset="icmp_ln66_1/2 "/>
</bind>
</comp>

<comp id="148" class="1004" name="xor_ln66_1_fu_148">
<pin_list>
<pin id="149" dir="0" index="0" bw="1" slack="0"/>
<pin id="150" dir="0" index="1" bw="1" slack="0"/>
<pin id="151" dir="1" index="2" bw="1" slack="0"/>
</pin_list>
<bind>
<opcode="xor(25) " fcode="xor"/>
<opset="xor_ln66_1/2 "/>
</bind>
</comp>

<comp id="154" class="1004" name="trunc_ln66_fu_154">
<pin_list>
<pin id="155" dir="0" index="0" bw="16" slack="1"/>
<pin id="156" dir="1" index="1" bw="15" slack="0"/>
</pin_list>
<bind>
<opcode="trunc(33) " fcode="trunc"/>
<opset="trunc_ln66/2 "/>
</bind>
</comp>

<comp id="157" class="1004" name="select_ln66_fu_157">
<pin_list>
<pin id="158" dir="0" index="0" bw="1" slack="0"/>
<pin id="159" dir="0" index="1" bw="15" slack="0"/>
<pin id="160" dir="0" index="2" bw="15" slack="1"/>
<pin id="161" dir="1" index="3" bw="15" slack="1"/>
</pin_list>
<bind>
<opcode="select(49) " fcode="select"/>
<opset="select_ln66/2 "/>
</bind>
</comp>

<comp id="164" class="1004" name="x_fu_164">
<pin_list>
<pin id="165" dir="0" index="0" bw="15" slack="1"/>
<pin id="166" dir="0" index="1" bw="15" slack="2"/>
<pin id="167" dir="1" index="2" bw="15" slack="0"/>
</pin_list>
<bind>
<opcode="sub(10) " fcode="sub"/>
<opset="x/3 "/>
</bind>
</comp>

<comp id="168" class="1004" name="x_1_fu_168">
<pin_list>
<pin id="169" dir="0" index="0" bw="15" slack="1"/>
<pin id="170" dir="0" index="1" bw="15" slack="2"/>
<pin id="171" dir="1" index="2" bw="15" slack="0"/>
</pin_list>
<bind>
<opcode="sub(10) " fcode="sub"/>
<opset="x_1/3 "/>
</bind>
</comp>

<comp id="172" class="1004" name="x_2_fu_172">
<pin_list>
<pin id="173" dir="0" index="0" bw="15" slack="1"/>
<pin id="174" dir="0" index="1" bw="15" slack="2"/>
<pin id="175" dir="1" index="2" bw="15" slack="0"/>
</pin_list>
<bind>
<opcode="sub(10) " fcode="sub"/>
<opset="x_2/3 "/>
</bind>
</comp>

<comp id="176" class="1004" name="tmp_fu_176">
<pin_list>
<pin id="177" dir="0" index="0" bw="10" slack="0"/>
<pin id="178" dir="0" index="1" bw="15" slack="0"/>
<pin id="179" dir="0" index="2" bw="4" slack="0"/>
<pin id="180" dir="0" index="3" bw="5" slack="0"/>
<pin id="181" dir="1" index="4" bw="10" slack="1"/>
</pin_list>
<bind>
<opcode="partselect(1002) " fcode="partselect"/>
<opset="tmp/3 "/>
</bind>
</comp>

<comp id="186" class="1004" name="tmp_2_fu_186">
<pin_list>
<pin id="187" dir="0" index="0" bw="10" slack="0"/>
<pin id="188" dir="0" index="1" bw="15" slack="0"/>
<pin id="189" dir="0" index="2" bw="4" slack="0"/>
<pin id="190" dir="0" index="3" bw="5" slack="0"/>
<pin id="191" dir="1" index="4" bw="10" slack="1"/>
</pin_list>
<bind>
<opcode="partselect(1002) " fcode="partselect"/>
<opset="tmp_2/3 "/>
</bind>
</comp>

<comp id="196" class="1004" name="tmp_4_fu_196">
<pin_list>
<pin id="197" dir="0" index="0" bw="10" slack="0"/>
<pin id="198" dir="0" index="1" bw="15" slack="0"/>
<pin id="199" dir="0" index="2" bw="4" slack="0"/>
<pin id="200" dir="0" index="3" bw="5" slack="0"/>
<pin id="201" dir="1" index="4" bw="10" slack="1"/>
</pin_list>
<bind>
<opcode="partselect(1002) " fcode="partselect"/>
<opset="tmp_4/3 "/>
</bind>
</comp>

<comp id="206" class="1004" name="zext_ln258_fu_206">
<pin_list>
<pin id="207" dir="0" index="0" bw="10" slack="1"/>
<pin id="208" dir="1" index="1" bw="64" slack="0"/>
</pin_list>
<bind>
<opcode="zext(34) " fcode="zext"/>
<opset="zext_ln258/4 "/>
</bind>
</comp>

<comp id="210" class="1004" name="zext_ln258_1_fu_210">
<pin_list>
<pin id="211" dir="0" index="0" bw="10" slack="1"/>
<pin id="212" dir="1" index="1" bw="64" slack="0"/>
</pin_list>
<bind>
<opcode="zext(34) " fcode="zext"/>
<opset="zext_ln258_1/4 "/>
</bind>
</comp>

<comp id="214" class="1004" name="zext_ln258_2_fu_214">
<pin_list>
<pin id="215" dir="0" index="0" bw="10" slack="1"/>
<pin id="216" dir="1" index="1" bw="64" slack="0"/>
</pin_list>
<bind>
<opcode="zext(34) " fcode="zext"/>
<opset="zext_ln258_2/4 "/>
</bind>
</comp>

<comp id="218" class="1004" name="zext_ln141_fu_218">
<pin_list>
<pin id="219" dir="0" index="0" bw="11" slack="1"/>
<pin id="220" dir="1" index="1" bw="12" slack="0"/>
</pin_list>
<bind>
<opcode="zext(34) " fcode="zext"/>
<opset="zext_ln141/6 "/>
</bind>
</comp>

<comp id="221" class="1004" name="zext_ln141_1_fu_221">
<pin_list>
<pin id="222" dir="0" index="0" bw="11" slack="1"/>
<pin id="223" dir="1" index="1" bw="12" slack="0"/>
</pin_list>
<bind>
<opcode="zext(34) " fcode="zext"/>
<opset="zext_ln141_1/6 "/>
</bind>
</comp>

<comp id="224" class="1004" name="zext_ln51_fu_224">
<pin_list>
<pin id="225" dir="0" index="0" bw="11" slack="1"/>
<pin id="226" dir="1" index="1" bw="12" slack="0"/>
</pin_list>
<bind>
<opcode="zext(34) " fcode="zext"/>
<opset="zext_ln51/6 "/>
</bind>
</comp>

<comp id="227" class="1004" name="add_ln51_1_fu_227">
<pin_list>
<pin id="228" dir="0" index="0" bw="11" slack="0"/>
<pin id="229" dir="0" index="1" bw="11" slack="0"/>
<pin id="230" dir="1" index="2" bw="12" slack="0"/>
</pin_list>
<bind>
<opcode="add(8) " fcode="add"/>
<opset="add_ln51_1/6 "/>
</bind>
</comp>

<comp id="233" class="1004" name="add_ln51_fu_233">
<pin_list>
<pin id="234" dir="0" index="0" bw="12" slack="0"/>
<pin id="235" dir="0" index="1" bw="11" slack="0"/>
<pin id="236" dir="1" index="2" bw="12" slack="0"/>
</pin_list>
<bind>
<opcode="add(8) " fcode="add"/>
<opset="add_ln51/6 "/>
</bind>
</comp>

<comp id="239" class="1004" name="tmp_1_fu_239">
<pin_list>
<pin id="240" dir="0" index="0" bw="4" slack="0"/>
<pin id="241" dir="0" index="1" bw="12" slack="0"/>
<pin id="242" dir="0" index="2" bw="5" slack="0"/>
<pin id="243" dir="0" index="3" bw="5" slack="0"/>
<pin id="244" dir="1" index="4" bw="4" slack="1"/>
</pin_list>
<bind>
<opcode="partselect(1002) " fcode="partselect"/>
<opset="tmp_1/6 "/>
</bind>
</comp>

<comp id="249" class="1004" name="zext_ln267_fu_249">
<pin_list>
<pin id="250" dir="0" index="0" bw="4" slack="1"/>
<pin id="251" dir="1" index="1" bw="64" slack="0"/>
</pin_list>
<bind>
<opcode="zext(34) " fcode="zext"/>
<opset="zext_ln267/7 "/>
</bind>
</comp>

<comp id="253" class="1004" name="sext_ln270_fu_253">
<pin_list>
<pin id="254" dir="0" index="0" bw="18" slack="1"/>
<pin id="255" dir="1" index="1" bw="26" slack="0"/>
</pin_list>
<bind>
<opcode="sext(35) " fcode="sext"/>
<opset="sext_ln270/9 "/>
</bind>
</comp>

<comp id="256" class="1004" name="zext_ln270_fu_256">
<pin_list>
<pin id="257" dir="0" index="0" bw="11" slack="4"/>
<pin id="258" dir="1" index="1" bw="26" slack="0"/>
</pin_list>
<bind>
<opcode="zext(34) " fcode="zext"/>
<opset="zext_ln270/9 "/>
</bind>
</comp>

<comp id="259" class="1004" name="grp_fu_259">
<pin_list>
<pin id="260" dir="0" index="0" bw="18" slack="0"/>
<pin id="261" dir="0" index="1" bw="11" slack="0"/>
<pin id="262" dir="1" index="2" bw="26" slack="0"/>
</pin_list>
<bind>
<opcode="mul(12) " fcode="mul"/>
<opset="mul_ln270/9 "/>
</bind>
</comp>

<comp id="265" class="1004" name="zext_ln270_1_fu_265">
<pin_list>
<pin id="266" dir="0" index="0" bw="11" slack="4"/>
<pin id="267" dir="1" index="1" bw="26" slack="0"/>
</pin_list>
<bind>
<opcode="zext(34) " fcode="zext"/>
<opset="zext_ln270_1/9 "/>
</bind>
</comp>

<comp id="268" class="1004" name="grp_fu_268">
<pin_list>
<pin id="269" dir="0" index="0" bw="18" slack="0"/>
<pin id="270" dir="0" index="1" bw="11" slack="0"/>
<pin id="271" dir="1" index="2" bw="26" slack="0"/>
</pin_list>
<bind>
<opcode="mul(12) " fcode="mul"/>
<opset="mul_ln270_1/9 "/>
</bind>
</comp>

<comp id="274" class="1004" name="zext_ln270_2_fu_274">
<pin_list>
<pin id="275" dir="0" index="0" bw="11" slack="4"/>
<pin id="276" dir="1" index="1" bw="26" slack="0"/>
</pin_list>
<bind>
<opcode="zext(34) " fcode="zext"/>
<opset="zext_ln270_2/9 "/>
</bind>
</comp>

<comp id="277" class="1004" name="grp_fu_277">
<pin_list>
<pin id="278" dir="0" index="0" bw="18" slack="0"/>
<pin id="279" dir="0" index="1" bw="11" slack="0"/>
<pin id="280" dir="1" index="2" bw="26" slack="0"/>
</pin_list>
<bind>
<opcode="mul(12) " fcode="mul"/>
<opset="mul_ln270_2/9 "/>
</bind>
</comp>

<comp id="283" class="1004" name="trunc_ln1_fu_283">
<pin_list>
<pin id="284" dir="0" index="0" bw="16" slack="0"/>
<pin id="285" dir="0" index="1" bw="26" slack="0"/>
<pin id="286" dir="0" index="2" bw="5" slack="0"/>
<pin id="287" dir="0" index="3" bw="6" slack="0"/>
<pin id="288" dir="1" index="4" bw="16" slack="0"/>
</pin_list>
<bind>
<opcode="partselect(1002) " fcode="partselect"/>
<opset="trunc_ln1/10 "/>
</bind>
</comp>

<comp id="293" class="1004" name="trunc_ln270_1_fu_293">
<pin_list>
<pin id="294" dir="0" index="0" bw="16" slack="0"/>
<pin id="295" dir="0" index="1" bw="26" slack="0"/>
<pin id="296" dir="0" index="2" bw="5" slack="0"/>
<pin id="297" dir="0" index="3" bw="6" slack="0"/>
<pin id="298" dir="1" index="4" bw="16" slack="0"/>
</pin_list>
<bind>
<opcode="partselect(1002) " fcode="partselect"/>
<opset="trunc_ln270_1/10 "/>
</bind>
</comp>

<comp id="303" class="1004" name="trunc_ln270_2_fu_303">
<pin_list>
<pin id="304" dir="0" index="0" bw="16" slack="0"/>
<pin id="305" dir="0" index="1" bw="26" slack="0"/>
<pin id="306" dir="0" index="2" bw="5" slack="0"/>
<pin id="307" dir="0" index="3" bw="6" slack="0"/>
<pin id="308" dir="1" index="4" bw="16" slack="0"/>
</pin_list>
<bind>
<opcode="partselect(1002) " fcode="partselect"/>
<opset="trunc_ln270_2/10 "/>
</bind>
</comp>

<comp id="313" class="1004" name="mrv_fu_313">
<pin_list>
<pin id="314" dir="0" index="0" bw="48" slack="0"/>
<pin id="315" dir="0" index="1" bw="16" slack="0"/>
<pin id="316" dir="1" index="2" bw="48" slack="0"/>
</pin_list>
<bind>
<opcode="insertvalue(57) " fcode="insertvalue"/>
<opset="mrv/10 "/>
</bind>
</comp>

<comp id="319" class="1004" name="mrv_1_fu_319">
<pin_list>
<pin id="320" dir="0" index="0" bw="48" slack="0"/>
<pin id="321" dir="0" index="1" bw="16" slack="0"/>
<pin id="322" dir="1" index="2" bw="48" slack="0"/>
</pin_list>
<bind>
<opcode="insertvalue(57) " fcode="insertvalue"/>
<opset="mrv_1/10 "/>
</bind>
</comp>

<comp id="325" class="1004" name="mrv_2_fu_325">
<pin_list>
<pin id="326" dir="0" index="0" bw="48" slack="0"/>
<pin id="327" dir="0" index="1" bw="16" slack="0"/>
<pin id="328" dir="1" index="2" bw="48" slack="2147483647"/>
</pin_list>
<bind>
<opcode="insertvalue(57) " fcode="insertvalue"/>
<opset="mrv_2/10 "/>
</bind>
</comp>

<comp id="331" class="1005" name="data_2_val_read_reg_331">
<pin_list>
<pin id="332" dir="0" index="0" bw="16" slack="1"/>
<pin id="333" dir="1" index="1" bw="16" slack="1"/>
</pin_list>
<bind>
<opset="data_2_val_read "/>
</bind>
</comp>

<comp id="336" class="1005" name="a_reg_336">
<pin_list>
<pin id="337" dir="0" index="0" bw="16" slack="1"/>
<pin id="338" dir="1" index="1" bw="16" slack="1"/>
</pin_list>
<bind>
<opset="a "/>
</bind>
</comp>

<comp id="342" class="1005" name="trunc_ln66_1_reg_342">
<pin_list>
<pin id="343" dir="0" index="0" bw="15" slack="1"/>
<pin id="344" dir="1" index="1" bw="15" slack="1"/>
</pin_list>
<bind>
<opset="trunc_ln66_1 "/>
</bind>
</comp>

<comp id="348" class="1005" name="trunc_ln248_reg_348">
<pin_list>
<pin id="349" dir="0" index="0" bw="15" slack="2"/>
<pin id="350" dir="1" index="1" bw="15" slack="2"/>
</pin_list>
<bind>
<opset="trunc_ln248 "/>
</bind>
</comp>

<comp id="353" class="1005" name="trunc_ln248_1_reg_353">
<pin_list>
<pin id="354" dir="0" index="0" bw="15" slack="2"/>
<pin id="355" dir="1" index="1" bw="15" slack="2"/>
</pin_list>
<bind>
<opset="trunc_ln248_1 "/>
</bind>
</comp>

<comp id="358" class="1005" name="select_ln66_reg_358">
<pin_list>
<pin id="359" dir="0" index="0" bw="15" slack="1"/>
<pin id="360" dir="1" index="1" bw="15" slack="1"/>
</pin_list>
<bind>
<opset="select_ln66 "/>
</bind>
</comp>

<comp id="365" class="1005" name="tmp_reg_365">
<pin_list>
<pin id="366" dir="0" index="0" bw="10" slack="1"/>
<pin id="367" dir="1" index="1" bw="10" slack="1"/>
</pin_list>
<bind>
<opset="tmp "/>
</bind>
</comp>

<comp id="370" class="1005" name="tmp_2_reg_370">
<pin_list>
<pin id="371" dir="0" index="0" bw="10" slack="1"/>
<pin id="372" dir="1" index="1" bw="10" slack="1"/>
</pin_list>
<bind>
<opset="tmp_2 "/>
</bind>
</comp>

<comp id="375" class="1005" name="tmp_4_reg_375">
<pin_list>
<pin id="376" dir="0" index="0" bw="10" slack="1"/>
<pin id="377" dir="1" index="1" bw="10" slack="1"/>
</pin_list>
<bind>
<opset="tmp_4 "/>
</bind>
</comp>

<comp id="380" class="1005" name="exp_table_addr_reg_380">
<pin_list>
<pin id="381" dir="0" index="0" bw="10" slack="1"/>
<pin id="382" dir="1" index="1" bw="10" slack="1"/>
</pin_list>
<bind>
<opset="exp_table_addr "/>
</bind>
</comp>

<comp id="385" class="1005" name="exp_table_addr_1_reg_385">
<pin_list>
<pin id="386" dir="0" index="0" bw="10" slack="1"/>
<pin id="387" dir="1" index="1" bw="10" slack="1"/>
</pin_list>
<bind>
<opset="exp_table_addr_1 "/>
</bind>
</comp>

<comp id="390" class="1005" name="exp_table_addr_2_reg_390">
<pin_list>
<pin id="391" dir="0" index="0" bw="10" slack="1"/>
<pin id="392" dir="1" index="1" bw="10" slack="1"/>
</pin_list>
<bind>
<opset="exp_table_addr_2 "/>
</bind>
</comp>

<comp id="395" class="1005" name="a_1_reg_395">
<pin_list>
<pin id="396" dir="0" index="0" bw="11" slack="1"/>
<pin id="397" dir="1" index="1" bw="11" slack="1"/>
</pin_list>
<bind>
<opset="a_1 "/>
</bind>
</comp>

<comp id="401" class="1005" name="b_reg_401">
<pin_list>
<pin id="402" dir="0" index="0" bw="11" slack="1"/>
<pin id="403" dir="1" index="1" bw="11" slack="1"/>
</pin_list>
<bind>
<opset="b "/>
</bind>
</comp>

<comp id="407" class="1005" name="b_1_reg_407">
<pin_list>
<pin id="408" dir="0" index="0" bw="11" slack="1"/>
<pin id="409" dir="1" index="1" bw="11" slack="1"/>
</pin_list>
<bind>
<opset="b_1 "/>
</bind>
</comp>

<comp id="413" class="1005" name="tmp_1_reg_413">
<pin_list>
<pin id="414" dir="0" index="0" bw="4" slack="1"/>
<pin id="415" dir="1" index="1" bw="4" slack="1"/>
</pin_list>
<bind>
<opset="tmp_1 "/>
</bind>
</comp>

<comp id="418" class="1005" name="invert_table_addr_reg_418">
<pin_list>
<pin id="419" dir="0" index="0" bw="10" slack="1"/>
<pin id="420" dir="1" index="1" bw="10" slack="1"/>
</pin_list>
<bind>
<opset="invert_table_addr "/>
</bind>
</comp>

<comp id="423" class="1005" name="inv_exp_sum_reg_423">
<pin_list>
<pin id="424" dir="0" index="0" bw="18" slack="1"/>
<pin id="425" dir="1" index="1" bw="18" slack="1"/>
</pin_list>
<bind>
<opset="inv_exp_sum "/>
</bind>
</comp>

<comp id="428" class="1005" name="sext_ln270_reg_428">
<pin_list>
<pin id="429" dir="0" index="0" bw="26" slack="1"/>
<pin id="430" dir="1" index="1" bw="26" slack="1"/>
</pin_list>
<bind>
<opset="sext_ln270 "/>
</bind>
</comp>

<comp id="435" class="1005" name="zext_ln270_reg_435">
<pin_list>
<pin id="436" dir="0" index="0" bw="26" slack="1"/>
<pin id="437" dir="1" index="1" bw="26" slack="1"/>
</pin_list>
<bind>
<opset="zext_ln270 "/>
</bind>
</comp>

<comp id="440" class="1005" name="zext_ln270_1_reg_440">
<pin_list>
<pin id="441" dir="0" index="0" bw="26" slack="1"/>
<pin id="442" dir="1" index="1" bw="26" slack="1"/>
</pin_list>
<bind>
<opset="zext_ln270_1 "/>
</bind>
</comp>

<comp id="445" class="1005" name="zext_ln270_2_reg_445">
<pin_list>
<pin id="446" dir="0" index="0" bw="26" slack="1"/>
<pin id="447" dir="1" index="1" bw="26" slack="1"/>
</pin_list>
<bind>
<opset="zext_ln270_2 "/>
</bind>
</comp>

</comp_list>

<net_list>
<net id="48"><net_src comp="10" pin="0"/><net_sink comp="44" pin=0"/></net>

<net id="49"><net_src comp="4" pin="0"/><net_sink comp="44" pin=1"/></net>

<net id="54"><net_src comp="10" pin="0"/><net_sink comp="50" pin=0"/></net>

<net id="55"><net_src comp="2" pin="0"/><net_sink comp="50" pin=1"/></net>

<net id="60"><net_src comp="10" pin="0"/><net_sink comp="56" pin=0"/></net>

<net id="61"><net_src comp="0" pin="0"/><net_sink comp="56" pin=1"/></net>

<net id="67"><net_src comp="6" pin="0"/><net_sink comp="62" pin=0"/></net>

<net id="68"><net_src comp="20" pin="0"/><net_sink comp="62" pin=1"/></net>

<net id="82"><net_src comp="62" pin="3"/><net_sink comp="69" pin=5"/></net>

<net id="88"><net_src comp="6" pin="0"/><net_sink comp="83" pin=0"/></net>

<net id="89"><net_src comp="20" pin="0"/><net_sink comp="83" pin=1"/></net>

<net id="90"><net_src comp="83" pin="3"/><net_sink comp="69" pin=2"/></net>

<net id="96"><net_src comp="6" pin="0"/><net_sink comp="91" pin=0"/></net>

<net id="97"><net_src comp="20" pin="0"/><net_sink comp="91" pin=1"/></net>

<net id="98"><net_src comp="91" pin="3"/><net_sink comp="69" pin=0"/></net>

<net id="104"><net_src comp="8" pin="0"/><net_sink comp="99" pin=0"/></net>

<net id="105"><net_src comp="20" pin="0"/><net_sink comp="99" pin=1"/></net>

<net id="111"><net_src comp="99" pin="3"/><net_sink comp="106" pin=0"/></net>

<net id="116"><net_src comp="56" pin="2"/><net_sink comp="112" pin=0"/></net>

<net id="117"><net_src comp="50" pin="2"/><net_sink comp="112" pin=1"/></net>

<net id="122"><net_src comp="112" pin="2"/><net_sink comp="118" pin=0"/></net>

<net id="123"><net_src comp="12" pin="0"/><net_sink comp="118" pin=1"/></net>

<net id="129"><net_src comp="118" pin="2"/><net_sink comp="124" pin=0"/></net>

<net id="130"><net_src comp="56" pin="2"/><net_sink comp="124" pin=1"/></net>

<net id="131"><net_src comp="50" pin="2"/><net_sink comp="124" pin=2"/></net>

<net id="135"><net_src comp="44" pin="2"/><net_sink comp="132" pin=0"/></net>

<net id="139"><net_src comp="56" pin="2"/><net_sink comp="136" pin=0"/></net>

<net id="143"><net_src comp="50" pin="2"/><net_sink comp="140" pin=0"/></net>

<net id="152"><net_src comp="144" pin="2"/><net_sink comp="148" pin=0"/></net>

<net id="153"><net_src comp="12" pin="0"/><net_sink comp="148" pin=1"/></net>

<net id="162"><net_src comp="148" pin="2"/><net_sink comp="157" pin=0"/></net>

<net id="163"><net_src comp="154" pin="1"/><net_sink comp="157" pin=1"/></net>

<net id="182"><net_src comp="14" pin="0"/><net_sink comp="176" pin=0"/></net>

<net id="183"><net_src comp="164" pin="2"/><net_sink comp="176" pin=1"/></net>

<net id="184"><net_src comp="16" pin="0"/><net_sink comp="176" pin=2"/></net>

<net id="185"><net_src comp="18" pin="0"/><net_sink comp="176" pin=3"/></net>

<net id="192"><net_src comp="14" pin="0"/><net_sink comp="186" pin=0"/></net>

<net id="193"><net_src comp="168" pin="2"/><net_sink comp="186" pin=1"/></net>

<net id="194"><net_src comp="16" pin="0"/><net_sink comp="186" pin=2"/></net>

<net id="195"><net_src comp="18" pin="0"/><net_sink comp="186" pin=3"/></net>

<net id="202"><net_src comp="14" pin="0"/><net_sink comp="196" pin=0"/></net>

<net id="203"><net_src comp="172" pin="2"/><net_sink comp="196" pin=1"/></net>

<net id="204"><net_src comp="16" pin="0"/><net_sink comp="196" pin=2"/></net>

<net id="205"><net_src comp="18" pin="0"/><net_sink comp="196" pin=3"/></net>

<net id="209"><net_src comp="206" pin="1"/><net_sink comp="62" pin=2"/></net>

<net id="213"><net_src comp="210" pin="1"/><net_sink comp="83" pin=2"/></net>

<net id="217"><net_src comp="214" pin="1"/><net_sink comp="91" pin=2"/></net>

<net id="231"><net_src comp="218" pin="1"/><net_sink comp="227" pin=0"/></net>

<net id="232"><net_src comp="224" pin="1"/><net_sink comp="227" pin=1"/></net>

<net id="237"><net_src comp="227" pin="2"/><net_sink comp="233" pin=0"/></net>

<net id="238"><net_src comp="221" pin="1"/><net_sink comp="233" pin=1"/></net>

<net id="245"><net_src comp="22" pin="0"/><net_sink comp="239" pin=0"/></net>

<net id="246"><net_src comp="233" pin="2"/><net_sink comp="239" pin=1"/></net>

<net id="247"><net_src comp="24" pin="0"/><net_sink comp="239" pin=2"/></net>

<net id="248"><net_src comp="26" pin="0"/><net_sink comp="239" pin=3"/></net>

<net id="252"><net_src comp="249" pin="1"/><net_sink comp="99" pin=2"/></net>

<net id="263"><net_src comp="253" pin="1"/><net_sink comp="259" pin=0"/></net>

<net id="264"><net_src comp="256" pin="1"/><net_sink comp="259" pin=1"/></net>

<net id="272"><net_src comp="253" pin="1"/><net_sink comp="268" pin=0"/></net>

<net id="273"><net_src comp="265" pin="1"/><net_sink comp="268" pin=1"/></net>

<net id="281"><net_src comp="253" pin="1"/><net_sink comp="277" pin=0"/></net>

<net id="282"><net_src comp="274" pin="1"/><net_sink comp="277" pin=1"/></net>

<net id="289"><net_src comp="36" pin="0"/><net_sink comp="283" pin=0"/></net>

<net id="290"><net_src comp="259" pin="2"/><net_sink comp="283" pin=1"/></net>

<net id="291"><net_src comp="38" pin="0"/><net_sink comp="283" pin=2"/></net>

<net id="292"><net_src comp="40" pin="0"/><net_sink comp="283" pin=3"/></net>

<net id="299"><net_src comp="36" pin="0"/><net_sink comp="293" pin=0"/></net>

<net id="300"><net_src comp="268" pin="2"/><net_sink comp="293" pin=1"/></net>

<net id="301"><net_src comp="38" pin="0"/><net_sink comp="293" pin=2"/></net>

<net id="302"><net_src comp="40" pin="0"/><net_sink comp="293" pin=3"/></net>

<net id="309"><net_src comp="36" pin="0"/><net_sink comp="303" pin=0"/></net>

<net id="310"><net_src comp="277" pin="2"/><net_sink comp="303" pin=1"/></net>

<net id="311"><net_src comp="38" pin="0"/><net_sink comp="303" pin=2"/></net>

<net id="312"><net_src comp="40" pin="0"/><net_sink comp="303" pin=3"/></net>

<net id="317"><net_src comp="42" pin="0"/><net_sink comp="313" pin=0"/></net>

<net id="318"><net_src comp="283" pin="4"/><net_sink comp="313" pin=1"/></net>

<net id="323"><net_src comp="313" pin="2"/><net_sink comp="319" pin=0"/></net>

<net id="324"><net_src comp="293" pin="4"/><net_sink comp="319" pin=1"/></net>

<net id="329"><net_src comp="319" pin="2"/><net_sink comp="325" pin=0"/></net>

<net id="330"><net_src comp="303" pin="4"/><net_sink comp="325" pin=1"/></net>

<net id="334"><net_src comp="44" pin="2"/><net_sink comp="331" pin=0"/></net>

<net id="335"><net_src comp="331" pin="1"/><net_sink comp="144" pin=1"/></net>

<net id="339"><net_src comp="124" pin="3"/><net_sink comp="336" pin=0"/></net>

<net id="340"><net_src comp="336" pin="1"/><net_sink comp="144" pin=0"/></net>

<net id="341"><net_src comp="336" pin="1"/><net_sink comp="154" pin=0"/></net>

<net id="345"><net_src comp="132" pin="1"/><net_sink comp="342" pin=0"/></net>

<net id="346"><net_src comp="342" pin="1"/><net_sink comp="157" pin=2"/></net>

<net id="347"><net_src comp="342" pin="1"/><net_sink comp="172" pin=1"/></net>

<net id="351"><net_src comp="136" pin="1"/><net_sink comp="348" pin=0"/></net>

<net id="352"><net_src comp="348" pin="1"/><net_sink comp="164" pin=1"/></net>

<net id="356"><net_src comp="140" pin="1"/><net_sink comp="353" pin=0"/></net>

<net id="357"><net_src comp="353" pin="1"/><net_sink comp="168" pin=1"/></net>

<net id="361"><net_src comp="157" pin="3"/><net_sink comp="358" pin=0"/></net>

<net id="362"><net_src comp="358" pin="1"/><net_sink comp="164" pin=0"/></net>

<net id="363"><net_src comp="358" pin="1"/><net_sink comp="168" pin=0"/></net>

<net id="364"><net_src comp="358" pin="1"/><net_sink comp="172" pin=0"/></net>

<net id="368"><net_src comp="176" pin="4"/><net_sink comp="365" pin=0"/></net>

<net id="369"><net_src comp="365" pin="1"/><net_sink comp="206" pin=0"/></net>

<net id="373"><net_src comp="186" pin="4"/><net_sink comp="370" pin=0"/></net>

<net id="374"><net_src comp="370" pin="1"/><net_sink comp="210" pin=0"/></net>

<net id="378"><net_src comp="196" pin="4"/><net_sink comp="375" pin=0"/></net>

<net id="379"><net_src comp="375" pin="1"/><net_sink comp="214" pin=0"/></net>

<net id="383"><net_src comp="62" pin="3"/><net_sink comp="380" pin=0"/></net>

<net id="384"><net_src comp="380" pin="1"/><net_sink comp="69" pin=5"/></net>

<net id="388"><net_src comp="83" pin="3"/><net_sink comp="385" pin=0"/></net>

<net id="389"><net_src comp="385" pin="1"/><net_sink comp="69" pin=2"/></net>

<net id="393"><net_src comp="91" pin="3"/><net_sink comp="390" pin=0"/></net>

<net id="394"><net_src comp="390" pin="1"/><net_sink comp="69" pin=0"/></net>

<net id="398"><net_src comp="69" pin="11"/><net_sink comp="395" pin=0"/></net>

<net id="399"><net_src comp="395" pin="1"/><net_sink comp="218" pin=0"/></net>

<net id="400"><net_src comp="395" pin="1"/><net_sink comp="256" pin=0"/></net>

<net id="404"><net_src comp="69" pin="7"/><net_sink comp="401" pin=0"/></net>

<net id="405"><net_src comp="401" pin="1"/><net_sink comp="221" pin=0"/></net>

<net id="406"><net_src comp="401" pin="1"/><net_sink comp="265" pin=0"/></net>

<net id="410"><net_src comp="69" pin="3"/><net_sink comp="407" pin=0"/></net>

<net id="411"><net_src comp="407" pin="1"/><net_sink comp="224" pin=0"/></net>

<net id="412"><net_src comp="407" pin="1"/><net_sink comp="274" pin=0"/></net>

<net id="416"><net_src comp="239" pin="4"/><net_sink comp="413" pin=0"/></net>

<net id="417"><net_src comp="413" pin="1"/><net_sink comp="249" pin=0"/></net>

<net id="421"><net_src comp="99" pin="3"/><net_sink comp="418" pin=0"/></net>

<net id="422"><net_src comp="418" pin="1"/><net_sink comp="106" pin=0"/></net>

<net id="426"><net_src comp="106" pin="3"/><net_sink comp="423" pin=0"/></net>

<net id="427"><net_src comp="423" pin="1"/><net_sink comp="253" pin=0"/></net>

<net id="431"><net_src comp="253" pin="1"/><net_sink comp="428" pin=0"/></net>

<net id="432"><net_src comp="428" pin="1"/><net_sink comp="259" pin=0"/></net>

<net id="433"><net_src comp="428" pin="1"/><net_sink comp="268" pin=0"/></net>

<net id="434"><net_src comp="428" pin="1"/><net_sink comp="277" pin=0"/></net>

<net id="438"><net_src comp="256" pin="1"/><net_sink comp="435" pin=0"/></net>

<net id="439"><net_src comp="435" pin="1"/><net_sink comp="259" pin=1"/></net>

<net id="443"><net_src comp="265" pin="1"/><net_sink comp="440" pin=0"/></net>

<net id="444"><net_src comp="440" pin="1"/><net_sink comp="268" pin=1"/></net>

<net id="448"><net_src comp="274" pin="1"/><net_sink comp="445" pin=0"/></net>

<net id="449"><net_src comp="445" pin="1"/><net_sink comp="277" pin=1"/></net>

</net_list>

</model> 
---------------- Datapath Model END ------------------

* FSMD analyzer results:
  - Output states:
	Port: data_0_val | {}
	Port: data_1_val | {}
	Port: data_2_val | {}
	Port: exp_table | {}
	Port: invert_table | {}
 - Input state : 
	Port: softmax_stable<ap_fixed,ap_fixed<16,6,5,3,0>,softmax_config7> : data_0_val | {1 }
	Port: softmax_stable<ap_fixed,ap_fixed<16,6,5,3,0>,softmax_config7> : data_1_val | {1 }
	Port: softmax_stable<ap_fixed,ap_fixed<16,6,5,3,0>,softmax_config7> : data_2_val | {1 }
	Port: softmax_stable<ap_fixed,ap_fixed<16,6,5,3,0>,softmax_config7> : exp_table | {4 5 }
	Port: softmax_stable<ap_fixed,ap_fixed<16,6,5,3,0>,softmax_config7> : invert_table | {7 8 }
  - Chain level:
	State 1
		xor_ln66 : 1
		a : 1
	State 2
		xor_ln66_1 : 1
		select_ln66 : 1
	State 3
		tmp : 1
		tmp_2 : 1
		tmp_4 : 1
	State 4
		exp_table_addr : 1
		a_1 : 2
		exp_table_addr_1 : 1
		b : 2
		exp_table_addr_2 : 1
		b_1 : 2
	State 5
	State 6
		add_ln51_1 : 1
		add_ln51 : 2
		tmp_1 : 3
	State 7
		invert_table_addr : 1
		inv_exp_sum : 2
	State 8
	State 9
		mul_ln270 : 1
		mul_ln270_1 : 1
		mul_ln270_2 : 1
	State 10
		trunc_ln1 : 1
		trunc_ln270_1 : 1
		trunc_ln270_2 : 1
		mrv : 2
		mrv_1 : 3
		mrv_2 : 4
		ret_ln272 : 5


============================================================
+ Verbose Summary: Datapath Resource usage 
============================================================

* Functional unit list:
|----------|----------------------------|---------|---------|---------|
| Operation|       Functional Unit      |   DSP   |    FF   |   LUT   |
|----------|----------------------------|---------|---------|---------|
|          |         grp_fu_259         |    1    |    75   |    2    |
|    mul   |         grp_fu_268         |    1    |    75   |    2    |
|          |         grp_fu_277         |    1    |    75   |    2    |
|----------|----------------------------|---------|---------|---------|
|          |          x_fu_164          |    0    |    0    |    20   |
|    sub   |         x_1_fu_168         |    0    |    0    |    20   |
|          |         x_2_fu_172         |    0    |    0    |    20   |
|----------|----------------------------|---------|---------|---------|
|   icmp   |      icmp_ln66_fu_112      |    0    |    0    |    23   |
|          |     icmp_ln66_1_fu_144     |    0    |    0    |    23   |
|----------|----------------------------|---------|---------|---------|
|  select  |          a_fu_124          |    0    |    0    |    16   |
|          |     select_ln66_fu_157     |    0    |    0    |    15   |
|----------|----------------------------|---------|---------|---------|
|    add   |      add_ln51_1_fu_227     |    0    |    0    |    12   |
|          |       add_ln51_fu_233      |    0    |    0    |    12   |
|----------|----------------------------|---------|---------|---------|
|    xor   |       xor_ln66_fu_118      |    0    |    0    |    2    |
|          |      xor_ln66_1_fu_148     |    0    |    0    |    2    |
|----------|----------------------------|---------|---------|---------|
|          | data_2_val_read_read_fu_44 |    0    |    0    |    0    |
|   read   | data_1_val_read_read_fu_50 |    0    |    0    |    0    |
|          | data_0_val_read_read_fu_56 |    0    |    0    |    0    |
|----------|----------------------------|---------|---------|---------|
|          |     trunc_ln66_1_fu_132    |    0    |    0    |    0    |
|   trunc  |     trunc_ln248_fu_136     |    0    |    0    |    0    |
|          |    trunc_ln248_1_fu_140    |    0    |    0    |    0    |
|          |      trunc_ln66_fu_154     |    0    |    0    |    0    |
|----------|----------------------------|---------|---------|---------|
|          |         tmp_fu_176         |    0    |    0    |    0    |
|          |        tmp_2_fu_186        |    0    |    0    |    0    |
|          |        tmp_4_fu_196        |    0    |    0    |    0    |
|partselect|        tmp_1_fu_239        |    0    |    0    |    0    |
|          |      trunc_ln1_fu_283      |    0    |    0    |    0    |
|          |    trunc_ln270_1_fu_293    |    0    |    0    |    0    |
|          |    trunc_ln270_2_fu_303    |    0    |    0    |    0    |
|----------|----------------------------|---------|---------|---------|
|          |      zext_ln258_fu_206     |    0    |    0    |    0    |
|          |     zext_ln258_1_fu_210    |    0    |    0    |    0    |
|          |     zext_ln258_2_fu_214    |    0    |    0    |    0    |
|          |      zext_ln141_fu_218     |    0    |    0    |    0    |
|   zext   |     zext_ln141_1_fu_221    |    0    |    0    |    0    |
|          |      zext_ln51_fu_224      |    0    |    0    |    0    |
|          |      zext_ln267_fu_249     |    0    |    0    |    0    |
|          |      zext_ln270_fu_256     |    0    |    0    |    0    |
|          |     zext_ln270_1_fu_265    |    0    |    0    |    0    |
|          |     zext_ln270_2_fu_274    |    0    |    0    |    0    |
|----------|----------------------------|---------|---------|---------|
|   sext   |      sext_ln270_fu_253     |    0    |    0    |    0    |
|----------|----------------------------|---------|---------|---------|
|          |         mrv_fu_313         |    0    |    0    |    0    |
|insertvalue|        mrv_1_fu_319        |    0    |    0    |    0    |
|          |        mrv_2_fu_325        |    0    |    0    |    0    |
|----------|----------------------------|---------|---------|---------|
|   Total  |                            |    3    |   225   |   171   |
|----------|----------------------------|---------|---------|---------|

Memories:
N/A

* Register list:
+-------------------------+--------+
|                         |   FF   |
+-------------------------+--------+
|       a_1_reg_395       |   11   |
|        a_reg_336        |   16   |
|       b_1_reg_407       |   11   |
|        b_reg_401        |   11   |
| data_2_val_read_reg_331 |   16   |
| exp_table_addr_1_reg_385|   10   |
| exp_table_addr_2_reg_390|   10   |
|  exp_table_addr_reg_380 |   10   |
|   inv_exp_sum_reg_423   |   18   |
|invert_table_addr_reg_418|   10   |
|   select_ln66_reg_358   |   15   |
|    sext_ln270_reg_428   |   26   |
|      tmp_1_reg_413      |    4   |
|      tmp_2_reg_370      |   10   |
|      tmp_4_reg_375      |   10   |
|       tmp_reg_365       |   10   |
|  trunc_ln248_1_reg_353  |   15   |
|   trunc_ln248_reg_348   |   15   |
|   trunc_ln66_1_reg_342  |   15   |
|   zext_ln270_1_reg_440  |   26   |
|   zext_ln270_2_reg_445  |   26   |
|    zext_ln270_reg_435   |   26   |
+-------------------------+--------+
|          Total          |   321  |
+-------------------------+--------+

* Multiplexer (MUX) list: 
|-------------------|------|------|------|--------||---------||---------||---------|
|        Comp       |  Pin | Size |  BW  | S x BW ||  Delay  ||    FF   ||   LUT   |
|-------------------|------|------|------|--------||---------||---------||---------|
|  grp_access_fu_69 |  p0  |   2  |  10  |   20   ||    0    ||    9    |
|  grp_access_fu_69 |  p2  |   2  |   0  |    0   ||    0    ||    9    |
|  grp_access_fu_69 |  p5  |   2  |  11  |   22   ||    0    ||    9    |
| grp_access_fu_106 |  p0  |   2  |  10  |   20   ||    0    ||    9    |
|     grp_fu_259    |  p0  |   2  |  18  |   36   ||    0    ||    9    |
|     grp_fu_259    |  p1  |   2  |  11  |   22   ||    0    ||    9    |
|     grp_fu_268    |  p0  |   2  |  18  |   36   ||    0    ||    9    |
|     grp_fu_268    |  p1  |   2  |  11  |   22   ||    0    ||    9    |
|     grp_fu_277    |  p0  |   2  |  18  |   36   ||    0    ||    9    |
|     grp_fu_277    |  p1  |   2  |  11  |   22   ||    0    ||    9    |
|-------------------|------|------|------|--------||---------||---------||---------|
|       Total       |      |      |      |   236  ||  15.88  ||    0    ||    90   |
|-------------------|------|------|------|--------||---------||---------||---------|



* Summary:
+-----------+--------+--------+--------+--------+
|           |   DSP  |  Delay |   FF   |   LUT  |
+-----------+--------+--------+--------+--------+
|  Function |    3   |    -   |   225  |   171  |
|   Memory  |    -   |    -   |    -   |    -   |
|Multiplexer|    -   |   15   |    0   |   90   |
|  Register |    -   |    -   |   321  |    -   |
+-----------+--------+--------+--------+--------+
|   Total   |    3   |   15   |   546  |   261  |
+-----------+--------+--------+--------+--------+
