
*** Running vivado
    with args -log design_1_wrapper.vds -m64 -product Vivado -mode batch -messageDb vivado.pb -notrace -source design_1_wrapper.tcl


****** Vivado v2025.1 (64-bit)
  **** SW Build 6140274 on Wed May 21 22:58:25 MDT 2025
  **** IP Build 6138677 on Thu May 22 03:10:11 MDT 2025
  **** SharedData Build 6139179 on Tue May 20 17:58:58 MDT 2025
  **** Start of session at: Thu Mar 26 14:16:25 2026
    ** Copyright 1986-2022 Xilinx, Inc. All Rights Reserved.
    ** Copyright 2022-2025 Advanced Micro Devices, Inc. All Rights Reserved.

source design_1_wrapper.tcl -notrace
INFO: [IP_Flow 19-234] Refreshing IP repositories
INFO: [IP_Flow 19-1700] Loaded user IP repository '/media/thifj/923884033883E497/Linux_usable/hls4ml/projeto_hls_saida/myproject_prj/solution1/impl/ip'.
INFO: [IP_Flow 19-2313] Loaded Vivado IP repository '/home/thifj/Desktop/Xilinx/2025.1/Vivado/data/ip'.
INFO: [Project 1-5698] Found the below utility IPs instantiated in block design /media/thifj/923884033883E497/Linux_usable/hls4ml/vivado_project/hlsforml/hlsforml.srcs/sources_1/bd/design_1/design_1.bd which have equivalent inline hdl with improved performance and reduced diskspace.
It is recommended to migrate these utility IPs to inline hdl  using the command upgrade_project -migrate_to_inline_hdl.  The utility IPs may be deprecated in future releases.
More information on inline hdl is available in UG994.
Utility IP Component Instances:
 design_1_xlconstant_0_0
Command: synth_design -top design_1_wrapper -part xczu7ev-ffvc1156-2-e
Starting synth_design
Attempting to get a license for feature 'Synthesis' and/or device 'xczu7ev'
INFO: [Common 17-349] Got license for feature 'Synthesis' and/or device 'xczu7ev'
INFO: [Device 21-403] Loading part xczu7ev-ffvc1156-2-e
INFO: [Synth 8-7079] Multithreading enabled for synth_design using a maximum of 7 processes.
INFO: [Synth 8-7078] Launching helper process for spawning children vivado processes
INFO: [Synth 8-7075] Helper process launched with PID 18232
---------------------------------------------------------------------------------
Starting RTL Elaboration : Time (s): cpu = 00:00:03 ; elapsed = 00:00:03 . Memory (MB): peak = 2860.090 ; gain = 144.773 ; free physical = 7989 ; free virtual = 20819
---------------------------------------------------------------------------------
INFO: [Synth 8-6157] synthesizing module 'design_1_wrapper' [/media/thifj/923884033883E497/Linux_usable/hls4ml/vivado_project/hlsforml/hlsforml.gen/sources_1/bd/design_1/hdl/design_1_wrapper.v:13]
INFO: [Synth 8-6157] synthesizing module 'design_1' [/media/thifj/923884033883E497/Linux_usable/hls4ml/vivado_project/hlsforml/hlsforml.gen/sources_1/bd/design_1/synth/design_1.v:13]
INFO: [Synth 8-6157] synthesizing module 'design_1_axi_dma_0_0' [/media/thifj/923884033883E497/Linux_usable/hls4ml/vivado_project/hlsforml/hlsforml.runs/synth_1/.Xil/Vivado-18157-thifjrog/realtime/design_1_axi_dma_0_0_stub.v:6]
INFO: [Synth 8-6155] done synthesizing module 'design_1_axi_dma_0_0' (0#1) [/media/thifj/923884033883E497/Linux_usable/hls4ml/vivado_project/hlsforml/hlsforml.runs/synth_1/.Xil/Vivado-18157-thifjrog/realtime/design_1_axi_dma_0_0_stub.v:6]
WARNING: [Synth 8-7071] port 'm_axi_mm2s_araddr' of module 'design_1_axi_dma_0_0' is unconnected for instance 'axi_dma_0' [/media/thifj/923884033883E497/Linux_usable/hls4ml/vivado_project/hlsforml/hlsforml.gen/sources_1/bd/design_1/synth/design_1.v:136]
WARNING: [Synth 8-7071] port 'm_axi_mm2s_arlen' of module 'design_1_axi_dma_0_0' is unconnected for instance 'axi_dma_0' [/media/thifj/923884033883E497/Linux_usable/hls4ml/vivado_project/hlsforml/hlsforml.gen/sources_1/bd/design_1/synth/design_1.v:136]
WARNING: [Synth 8-7071] port 'm_axi_mm2s_arsize' of module 'design_1_axi_dma_0_0' is unconnected for instance 'axi_dma_0' [/media/thifj/923884033883E497/Linux_usable/hls4ml/vivado_project/hlsforml/hlsforml.gen/sources_1/bd/design_1/synth/design_1.v:136]
WARNING: [Synth 8-7071] port 'm_axi_mm2s_arburst' of module 'design_1_axi_dma_0_0' is unconnected for instance 'axi_dma_0' [/media/thifj/923884033883E497/Linux_usable/hls4ml/vivado_project/hlsforml/hlsforml.gen/sources_1/bd/design_1/synth/design_1.v:136]
WARNING: [Synth 8-7071] port 'm_axi_mm2s_arprot' of module 'design_1_axi_dma_0_0' is unconnected for instance 'axi_dma_0' [/media/thifj/923884033883E497/Linux_usable/hls4ml/vivado_project/hlsforml/hlsforml.gen/sources_1/bd/design_1/synth/design_1.v:136]
WARNING: [Synth 8-7071] port 'm_axi_mm2s_arcache' of module 'design_1_axi_dma_0_0' is unconnected for instance 'axi_dma_0' [/media/thifj/923884033883E497/Linux_usable/hls4ml/vivado_project/hlsforml/hlsforml.gen/sources_1/bd/design_1/synth/design_1.v:136]
WARNING: [Synth 8-7071] port 'm_axi_mm2s_arvalid' of module 'design_1_axi_dma_0_0' is unconnected for instance 'axi_dma_0' [/media/thifj/923884033883E497/Linux_usable/hls4ml/vivado_project/hlsforml/hlsforml.gen/sources_1/bd/design_1/synth/design_1.v:136]
WARNING: [Synth 8-7071] port 'm_axi_mm2s_rready' of module 'design_1_axi_dma_0_0' is unconnected for instance 'axi_dma_0' [/media/thifj/923884033883E497/Linux_usable/hls4ml/vivado_project/hlsforml/hlsforml.gen/sources_1/bd/design_1/synth/design_1.v:136]
WARNING: [Synth 8-7071] port 'mm2s_prmry_reset_out_n' of module 'design_1_axi_dma_0_0' is unconnected for instance 'axi_dma_0' [/media/thifj/923884033883E497/Linux_usable/hls4ml/vivado_project/hlsforml/hlsforml.gen/sources_1/bd/design_1/synth/design_1.v:136]
WARNING: [Synth 8-7071] port 'm_axi_s2mm_awaddr' of module 'design_1_axi_dma_0_0' is unconnected for instance 'axi_dma_0' [/media/thifj/923884033883E497/Linux_usable/hls4ml/vivado_project/hlsforml/hlsforml.gen/sources_1/bd/design_1/synth/design_1.v:136]
WARNING: [Synth 8-7071] port 'm_axi_s2mm_awlen' of module 'design_1_axi_dma_0_0' is unconnected for instance 'axi_dma_0' [/media/thifj/923884033883E497/Linux_usable/hls4ml/vivado_project/hlsforml/hlsforml.gen/sources_1/bd/design_1/synth/design_1.v:136]
WARNING: [Synth 8-7071] port 'm_axi_s2mm_awsize' of module 'design_1_axi_dma_0_0' is unconnected for instance 'axi_dma_0' [/media/thifj/923884033883E497/Linux_usable/hls4ml/vivado_project/hlsforml/hlsforml.gen/sources_1/bd/design_1/synth/design_1.v:136]
WARNING: [Synth 8-7071] port 'm_axi_s2mm_awburst' of module 'design_1_axi_dma_0_0' is unconnected for instance 'axi_dma_0' [/media/thifj/923884033883E497/Linux_usable/hls4ml/vivado_project/hlsforml/hlsforml.gen/sources_1/bd/design_1/synth/design_1.v:136]
WARNING: [Synth 8-7071] port 'm_axi_s2mm_awprot' of module 'design_1_axi_dma_0_0' is unconnected for instance 'axi_dma_0' [/media/thifj/923884033883E497/Linux_usable/hls4ml/vivado_project/hlsforml/hlsforml.gen/sources_1/bd/design_1/synth/design_1.v:136]
WARNING: [Synth 8-7071] port 'm_axi_s2mm_awcache' of module 'design_1_axi_dma_0_0' is unconnected for instance 'axi_dma_0' [/media/thifj/923884033883E497/Linux_usable/hls4ml/vivado_project/hlsforml/hlsforml.gen/sources_1/bd/design_1/synth/design_1.v:136]
WARNING: [Synth 8-7071] port 'm_axi_s2mm_awvalid' of module 'design_1_axi_dma_0_0' is unconnected for instance 'axi_dma_0' [/media/thifj/923884033883E497/Linux_usable/hls4ml/vivado_project/hlsforml/hlsforml.gen/sources_1/bd/design_1/synth/design_1.v:136]
WARNING: [Synth 8-7071] port 'm_axi_s2mm_wdata' of module 'design_1_axi_dma_0_0' is unconnected for instance 'axi_dma_0' [/media/thifj/923884033883E497/Linux_usable/hls4ml/vivado_project/hlsforml/hlsforml.gen/sources_1/bd/design_1/synth/design_1.v:136]
WARNING: [Synth 8-7071] port 'm_axi_s2mm_wstrb' of module 'design_1_axi_dma_0_0' is unconnected for instance 'axi_dma_0' [/media/thifj/923884033883E497/Linux_usable/hls4ml/vivado_project/hlsforml/hlsforml.gen/sources_1/bd/design_1/synth/design_1.v:136]
WARNING: [Synth 8-7071] port 'm_axi_s2mm_wlast' of module 'design_1_axi_dma_0_0' is unconnected for instance 'axi_dma_0' [/media/thifj/923884033883E497/Linux_usable/hls4ml/vivado_project/hlsforml/hlsforml.gen/sources_1/bd/design_1/synth/design_1.v:136]
WARNING: [Synth 8-7071] port 'm_axi_s2mm_wvalid' of module 'design_1_axi_dma_0_0' is unconnected for instance 'axi_dma_0' [/media/thifj/923884033883E497/Linux_usable/hls4ml/vivado_project/hlsforml/hlsforml.gen/sources_1/bd/design_1/synth/design_1.v:136]
WARNING: [Synth 8-7071] port 'm_axi_s2mm_bready' of module 'design_1_axi_dma_0_0' is unconnected for instance 'axi_dma_0' [/media/thifj/923884033883E497/Linux_usable/hls4ml/vivado_project/hlsforml/hlsforml.gen/sources_1/bd/design_1/synth/design_1.v:136]
WARNING: [Synth 8-7071] port 's2mm_prmry_reset_out_n' of module 'design_1_axi_dma_0_0' is unconnected for instance 'axi_dma_0' [/media/thifj/923884033883E497/Linux_usable/hls4ml/vivado_project/hlsforml/hlsforml.gen/sources_1/bd/design_1/synth/design_1.v:136]
WARNING: [Synth 8-7071] port 'mm2s_introut' of module 'design_1_axi_dma_0_0' is unconnected for instance 'axi_dma_0' [/media/thifj/923884033883E497/Linux_usable/hls4ml/vivado_project/hlsforml/hlsforml.gen/sources_1/bd/design_1/synth/design_1.v:136]
WARNING: [Synth 8-7071] port 's2mm_introut' of module 'design_1_axi_dma_0_0' is unconnected for instance 'axi_dma_0' [/media/thifj/923884033883E497/Linux_usable/hls4ml/vivado_project/hlsforml/hlsforml.gen/sources_1/bd/design_1/synth/design_1.v:136]
WARNING: [Synth 8-7071] port 'axi_dma_tstvec' of module 'design_1_axi_dma_0_0' is unconnected for instance 'axi_dma_0' [/media/thifj/923884033883E497/Linux_usable/hls4ml/vivado_project/hlsforml/hlsforml.gen/sources_1/bd/design_1/synth/design_1.v:136]
WARNING: [Synth 8-7023] instance 'axi_dma_0' of module 'design_1_axi_dma_0_0' has 64 connections declared, but only 39 given [/media/thifj/923884033883E497/Linux_usable/hls4ml/vivado_project/hlsforml/hlsforml.gen/sources_1/bd/design_1/synth/design_1.v:136]
INFO: [Synth 8-6157] synthesizing module 'design_1_axi_smc_0' [/media/thifj/923884033883E497/Linux_usable/hls4ml/vivado_project/hlsforml/hlsforml.runs/synth_1/.Xil/Vivado-18157-thifjrog/realtime/design_1_axi_smc_0_stub.v:6]
INFO: [Synth 8-6155] done synthesizing module 'design_1_axi_smc_0' (0#1) [/media/thifj/923884033883E497/Linux_usable/hls4ml/vivado_project/hlsforml/hlsforml.runs/synth_1/.Xil/Vivado-18157-thifjrog/realtime/design_1_axi_smc_0_stub.v:6]
WARNING: [Synth 8-7071] port 'M00_AXI_awprot' of module 'design_1_axi_smc_0' is unconnected for instance 'axi_smc' [/media/thifj/923884033883E497/Linux_usable/hls4ml/vivado_project/hlsforml/hlsforml.gen/sources_1/bd/design_1/synth/design_1.v:176]
WARNING: [Synth 8-7071] port 'M00_AXI_wstrb' of module 'design_1_axi_smc_0' is unconnected for instance 'axi_smc' [/media/thifj/923884033883E497/Linux_usable/hls4ml/vivado_project/hlsforml/hlsforml.gen/sources_1/bd/design_1/synth/design_1.v:176]
WARNING: [Synth 8-7071] port 'M00_AXI_arprot' of module 'design_1_axi_smc_0' is unconnected for instance 'axi_smc' [/media/thifj/923884033883E497/Linux_usable/hls4ml/vivado_project/hlsforml/hlsforml.gen/sources_1/bd/design_1/synth/design_1.v:176]
WARNING: [Synth 8-7023] instance 'axi_smc' of module 'design_1_axi_smc_0' has 99 connections declared, but only 96 given [/media/thifj/923884033883E497/Linux_usable/hls4ml/vivado_project/hlsforml/hlsforml.gen/sources_1/bd/design_1/synth/design_1.v:176]
INFO: [Synth 8-6157] synthesizing module 'design_1_axis_dwidth_converter_0_0' [/media/thifj/923884033883E497/Linux_usable/hls4ml/vivado_project/hlsforml/hlsforml.runs/synth_1/.Xil/Vivado-18157-thifjrog/realtime/design_1_axis_dwidth_converter_0_0_stub.v:6]
INFO: [Synth 8-6155] done synthesizing module 'design_1_axis_dwidth_converter_0_0' (0#1) [/media/thifj/923884033883E497/Linux_usable/hls4ml/vivado_project/hlsforml/hlsforml.runs/synth_1/.Xil/Vivado-18157-thifjrog/realtime/design_1_axis_dwidth_converter_0_0_stub.v:6]
INFO: [Synth 8-6157] synthesizing module 'design_1_axis_subset_converter_0_0' [/media/thifj/923884033883E497/Linux_usable/hls4ml/vivado_project/hlsforml/hlsforml.runs/synth_1/.Xil/Vivado-18157-thifjrog/realtime/design_1_axis_subset_converter_0_0_stub.v:6]
INFO: [Synth 8-6155] done synthesizing module 'design_1_axis_subset_converter_0_0' (0#1) [/media/thifj/923884033883E497/Linux_usable/hls4ml/vivado_project/hlsforml/hlsforml.runs/synth_1/.Xil/Vivado-18157-thifjrog/realtime/design_1_axis_subset_converter_0_0_stub.v:6]
INFO: [Synth 8-6157] synthesizing module 'design_1_axis_subset_converter_1_0' [/media/thifj/923884033883E497/Linux_usable/hls4ml/vivado_project/hlsforml/hlsforml.runs/synth_1/.Xil/Vivado-18157-thifjrog/realtime/design_1_axis_subset_converter_1_0_stub.v:6]
INFO: [Synth 8-6155] done synthesizing module 'design_1_axis_subset_converter_1_0' (0#1) [/media/thifj/923884033883E497/Linux_usable/hls4ml/vivado_project/hlsforml/hlsforml.runs/synth_1/.Xil/Vivado-18157-thifjrog/realtime/design_1_axis_subset_converter_1_0_stub.v:6]
WARNING: [Synth 8-7071] port 'm_axis_tkeep' of module 'design_1_axis_subset_converter_1_0' is unconnected for instance 'axis_subset_converter_1' [/media/thifj/923884033883E497/Linux_usable/hls4ml/vivado_project/hlsforml/hlsforml.gen/sources_1/bd/design_1/synth/design_1.v:297]
WARNING: [Synth 8-7071] port 'm_axis_tlast' of module 'design_1_axis_subset_converter_1_0' is unconnected for instance 'axis_subset_converter_1' [/media/thifj/923884033883E497/Linux_usable/hls4ml/vivado_project/hlsforml/hlsforml.gen/sources_1/bd/design_1/synth/design_1.v:297]
WARNING: [Synth 8-7023] instance 'axis_subset_converter_1' of module 'design_1_axis_subset_converter_1_0' has 12 connections declared, but only 10 given [/media/thifj/923884033883E497/Linux_usable/hls4ml/vivado_project/hlsforml/hlsforml.gen/sources_1/bd/design_1/synth/design_1.v:297]
INFO: [Synth 8-6157] synthesizing module 'design_1_myproject_0_0' [/media/thifj/923884033883E497/Linux_usable/hls4ml/vivado_project/hlsforml/hlsforml.runs/synth_1/.Xil/Vivado-18157-thifjrog/realtime/design_1_myproject_0_0_stub.v:6]
INFO: [Synth 8-6155] done synthesizing module 'design_1_myproject_0_0' (0#1) [/media/thifj/923884033883E497/Linux_usable/hls4ml/vivado_project/hlsforml/hlsforml.runs/synth_1/.Xil/Vivado-18157-thifjrog/realtime/design_1_myproject_0_0_stub.v:6]
WARNING: [Synth 8-7071] port 'ap_done' of module 'design_1_myproject_0_0' is unconnected for instance 'myproject_0' [/media/thifj/923884033883E497/Linux_usable/hls4ml/vivado_project/hlsforml/hlsforml.gen/sources_1/bd/design_1/synth/design_1.v:308]
WARNING: [Synth 8-7071] port 'ap_idle' of module 'design_1_myproject_0_0' is unconnected for instance 'myproject_0' [/media/thifj/923884033883E497/Linux_usable/hls4ml/vivado_project/hlsforml/hlsforml.gen/sources_1/bd/design_1/synth/design_1.v:308]
WARNING: [Synth 8-7071] port 'ap_ready' of module 'design_1_myproject_0_0' is unconnected for instance 'myproject_0' [/media/thifj/923884033883E497/Linux_usable/hls4ml/vivado_project/hlsforml/hlsforml.gen/sources_1/bd/design_1/synth/design_1.v:308]
WARNING: [Synth 8-7023] instance 'myproject_0' of module 'design_1_myproject_0_0' has 12 connections declared, but only 9 given [/media/thifj/923884033883E497/Linux_usable/hls4ml/vivado_project/hlsforml/hlsforml.gen/sources_1/bd/design_1/synth/design_1.v:308]
INFO: [Synth 8-6157] synthesizing module 'design_1_rst_ps8_0_100M_0' [/media/thifj/923884033883E497/Linux_usable/hls4ml/vivado_project/hlsforml/hlsforml.runs/synth_1/.Xil/Vivado-18157-thifjrog/realtime/design_1_rst_ps8_0_100M_0_stub.v:6]
INFO: [Synth 8-6155] done synthesizing module 'design_1_rst_ps8_0_100M_0' (0#1) [/media/thifj/923884033883E497/Linux_usable/hls4ml/vivado_project/hlsforml/hlsforml.runs/synth_1/.Xil/Vivado-18157-thifjrog/realtime/design_1_rst_ps8_0_100M_0_stub.v:6]
WARNING: [Synth 8-7071] port 'mb_reset' of module 'design_1_rst_ps8_0_100M_0' is unconnected for instance 'rst_ps8_0_100M' [/media/thifj/923884033883E497/Linux_usable/hls4ml/vivado_project/hlsforml/hlsforml.gen/sources_1/bd/design_1/synth/design_1.v:318]
WARNING: [Synth 8-7071] port 'bus_struct_reset' of module 'design_1_rst_ps8_0_100M_0' is unconnected for instance 'rst_ps8_0_100M' [/media/thifj/923884033883E497/Linux_usable/hls4ml/vivado_project/hlsforml/hlsforml.gen/sources_1/bd/design_1/synth/design_1.v:318]
WARNING: [Synth 8-7071] port 'peripheral_reset' of module 'design_1_rst_ps8_0_100M_0' is unconnected for instance 'rst_ps8_0_100M' [/media/thifj/923884033883E497/Linux_usable/hls4ml/vivado_project/hlsforml/hlsforml.gen/sources_1/bd/design_1/synth/design_1.v:318]
WARNING: [Synth 8-7071] port 'interconnect_aresetn' of module 'design_1_rst_ps8_0_100M_0' is unconnected for instance 'rst_ps8_0_100M' [/media/thifj/923884033883E497/Linux_usable/hls4ml/vivado_project/hlsforml/hlsforml.gen/sources_1/bd/design_1/synth/design_1.v:318]
WARNING: [Synth 8-7023] instance 'rst_ps8_0_100M' of module 'design_1_rst_ps8_0_100M_0' has 10 connections declared, but only 6 given [/media/thifj/923884033883E497/Linux_usable/hls4ml/vivado_project/hlsforml/hlsforml.gen/sources_1/bd/design_1/synth/design_1.v:318]
INFO: [Synth 8-6157] synthesizing module 'design_1_xlconstant_0_0' [/media/thifj/923884033883E497/Linux_usable/hls4ml/vivado_project/hlsforml/hlsforml.gen/sources_1/bd/design_1/ip/design_1_xlconstant_0_0/synth/design_1_xlconstant_0_0.v:53]
INFO: [Synth 8-6157] synthesizing module 'xlconstant_v1_1_10_xlconstant' [/media/thifj/923884033883E497/Linux_usable/hls4ml/vivado_project/hlsforml/hlsforml.gen/sources_1/bd/design_1/ipshared/a165/hdl/xlconstant_v1_1_vl_rfs.v:68]
INFO: [Synth 8-6155] done synthesizing module 'xlconstant_v1_1_10_xlconstant' (0#1) [/media/thifj/923884033883E497/Linux_usable/hls4ml/vivado_project/hlsforml/hlsforml.gen/sources_1/bd/design_1/ipshared/a165/hdl/xlconstant_v1_1_vl_rfs.v:68]
INFO: [Synth 8-6155] done synthesizing module 'design_1_xlconstant_0_0' (0#1) [/media/thifj/923884033883E497/Linux_usable/hls4ml/vivado_project/hlsforml/hlsforml.gen/sources_1/bd/design_1/ip/design_1_xlconstant_0_0/synth/design_1_xlconstant_0_0.v:53]
INFO: [Synth 8-6157] synthesizing module 'design_1_zynq_ultra_ps_e_0_0' [/media/thifj/923884033883E497/Linux_usable/hls4ml/vivado_project/hlsforml/hlsforml.runs/synth_1/.Xil/Vivado-18157-thifjrog/realtime/design_1_zynq_ultra_ps_e_0_0_stub.v:6]
INFO: [Synth 8-6155] done synthesizing module 'design_1_zynq_ultra_ps_e_0_0' (0#1) [/media/thifj/923884033883E497/Linux_usable/hls4ml/vivado_project/hlsforml/hlsforml.runs/synth_1/.Xil/Vivado-18157-thifjrog/realtime/design_1_zynq_ultra_ps_e_0_0_stub.v:6]
INFO: [Synth 8-6155] done synthesizing module 'design_1' (0#1) [/media/thifj/923884033883E497/Linux_usable/hls4ml/vivado_project/hlsforml/hlsforml.gen/sources_1/bd/design_1/synth/design_1.v:13]
INFO: [Synth 8-6155] done synthesizing module 'design_1_wrapper' (0#1) [/media/thifj/923884033883E497/Linux_usable/hls4ml/vivado_project/hlsforml/hlsforml.gen/sources_1/bd/design_1/hdl/design_1_wrapper.v:13]
---------------------------------------------------------------------------------
Finished RTL Elaboration : Time (s): cpu = 00:00:04 ; elapsed = 00:00:04 . Memory (MB): peak = 2941.059 ; gain = 225.742 ; free physical = 7898 ; free virtual = 20731
---------------------------------------------------------------------------------
---------------------------------------------------------------------------------
Start Handling Custom Attributes
---------------------------------------------------------------------------------
---------------------------------------------------------------------------------
Finished Handling Custom Attributes : Time (s): cpu = 00:00:04 ; elapsed = 00:00:04 . Memory (MB): peak = 2941.059 ; gain = 225.742 ; free physical = 7897 ; free virtual = 20731
---------------------------------------------------------------------------------
---------------------------------------------------------------------------------
Finished RTL Optimization Phase 1 : Time (s): cpu = 00:00:04 ; elapsed = 00:00:04 . Memory (MB): peak = 2941.059 ; gain = 225.742 ; free physical = 7897 ; free virtual = 20731
---------------------------------------------------------------------------------
Netlist sorting complete. Time (s): cpu = 00:00:00 ; elapsed = 00:00:00.01 . Memory (MB): peak = 2941.059 ; gain = 0.000 ; free physical = 7897 ; free virtual = 20731
INFO: [Project 1-570] Preparing netlist for logic optimization

Processing XDC Constraints
Initializing timing engine
Parsing XDC File [/media/thifj/923884033883E497/Linux_usable/hls4ml/vivado_project/hlsforml/hlsforml.gen/sources_1/bd/design_1/ip/design_1_zynq_ultra_ps_e_0_0/design_1_zynq_ultra_ps_e_0_0/design_1_zynq_ultra_ps_e_0_0_in_context.xdc] for cell 'design_1_i/zynq_ultra_ps_e_0'
Finished Parsing XDC File [/media/thifj/923884033883E497/Linux_usable/hls4ml/vivado_project/hlsforml/hlsforml.gen/sources_1/bd/design_1/ip/design_1_zynq_ultra_ps_e_0_0/design_1_zynq_ultra_ps_e_0_0/design_1_zynq_ultra_ps_e_0_0_in_context.xdc] for cell 'design_1_i/zynq_ultra_ps_e_0'
Parsing XDC File [/media/thifj/923884033883E497/Linux_usable/hls4ml/vivado_project/hlsforml/hlsforml.gen/sources_1/bd/design_1/ip/design_1_myproject_0_0/design_1_myproject_0_0/design_1_myproject_0_0_in_context.xdc] for cell 'design_1_i/myproject_0'
Finished Parsing XDC File [/media/thifj/923884033883E497/Linux_usable/hls4ml/vivado_project/hlsforml/hlsforml.gen/sources_1/bd/design_1/ip/design_1_myproject_0_0/design_1_myproject_0_0/design_1_myproject_0_0_in_context.xdc] for cell 'design_1_i/myproject_0'
Parsing XDC File [/media/thifj/923884033883E497/Linux_usable/hls4ml/vivado_project/hlsforml/hlsforml.gen/sources_1/bd/design_1/ip/design_1_axi_dma_0_0/design_1_axi_dma_0_0/design_1_axi_dma_0_0_in_context.xdc] for cell 'design_1_i/axi_dma_0'
Finished Parsing XDC File [/media/thifj/923884033883E497/Linux_usable/hls4ml/vivado_project/hlsforml/hlsforml.gen/sources_1/bd/design_1/ip/design_1_axi_dma_0_0/design_1_axi_dma_0_0/design_1_axi_dma_0_0_in_context.xdc] for cell 'design_1_i/axi_dma_0'
Parsing XDC File [/media/thifj/923884033883E497/Linux_usable/hls4ml/vivado_project/hlsforml/hlsforml.gen/sources_1/bd/design_1/ip/design_1_axi_smc_0/design_1_axi_smc_0/design_1_axi_smc_0_in_context.xdc] for cell 'design_1_i/axi_smc'
Finished Parsing XDC File [/media/thifj/923884033883E497/Linux_usable/hls4ml/vivado_project/hlsforml/hlsforml.gen/sources_1/bd/design_1/ip/design_1_axi_smc_0/design_1_axi_smc_0/design_1_axi_smc_0_in_context.xdc] for cell 'design_1_i/axi_smc'
Parsing XDC File [/media/thifj/923884033883E497/Linux_usable/hls4ml/vivado_project/hlsforml/hlsforml.gen/sources_1/bd/design_1/ip/design_1_rst_ps8_0_100M_0/design_1_rst_ps8_0_100M_0/design_1_rst_ps8_0_100M_0_in_context.xdc] for cell 'design_1_i/rst_ps8_0_100M'
Finished Parsing XDC File [/media/thifj/923884033883E497/Linux_usable/hls4ml/vivado_project/hlsforml/hlsforml.gen/sources_1/bd/design_1/ip/design_1_rst_ps8_0_100M_0/design_1_rst_ps8_0_100M_0/design_1_rst_ps8_0_100M_0_in_context.xdc] for cell 'design_1_i/rst_ps8_0_100M'
Parsing XDC File [/media/thifj/923884033883E497/Linux_usable/hls4ml/vivado_project/hlsforml/hlsforml.gen/sources_1/bd/design_1/ip/design_1_axis_subset_converter_0_0/design_1_axis_subset_converter_0_0/design_1_axis_subset_converter_0_0_in_context.xdc] for cell 'design_1_i/axis_subset_converter_0'
Finished Parsing XDC File [/media/thifj/923884033883E497/Linux_usable/hls4ml/vivado_project/hlsforml/hlsforml.gen/sources_1/bd/design_1/ip/design_1_axis_subset_converter_0_0/design_1_axis_subset_converter_0_0/design_1_axis_subset_converter_0_0_in_context.xdc] for cell 'design_1_i/axis_subset_converter_0'
Parsing XDC File [/media/thifj/923884033883E497/Linux_usable/hls4ml/vivado_project/hlsforml/hlsforml.gen/sources_1/bd/design_1/ip/design_1_axis_dwidth_converter_0_0/design_1_axis_dwidth_converter_0_0/design_1_axis_dwidth_converter_0_0_in_context.xdc] for cell 'design_1_i/axis_dwidth_converter_0'
Finished Parsing XDC File [/media/thifj/923884033883E497/Linux_usable/hls4ml/vivado_project/hlsforml/hlsforml.gen/sources_1/bd/design_1/ip/design_1_axis_dwidth_converter_0_0/design_1_axis_dwidth_converter_0_0/design_1_axis_dwidth_converter_0_0_in_context.xdc] for cell 'design_1_i/axis_dwidth_converter_0'
Parsing XDC File [/media/thifj/923884033883E497/Linux_usable/hls4ml/vivado_project/hlsforml/hlsforml.gen/sources_1/bd/design_1/ip/design_1_axis_subset_converter_1_0/design_1_axis_subset_converter_1_0/design_1_axis_subset_converter_1_0_in_context.xdc] for cell 'design_1_i/axis_subset_converter_1'
Finished Parsing XDC File [/media/thifj/923884033883E497/Linux_usable/hls4ml/vivado_project/hlsforml/hlsforml.gen/sources_1/bd/design_1/ip/design_1_axis_subset_converter_1_0/design_1_axis_subset_converter_1_0/design_1_axis_subset_converter_1_0_in_context.xdc] for cell 'design_1_i/axis_subset_converter_1'
Parsing XDC File [/media/thifj/923884033883E497/Linux_usable/hls4ml/vivado_project/hlsforml/hlsforml.runs/synth_1/dont_touch.xdc]
Finished Parsing XDC File [/media/thifj/923884033883E497/Linux_usable/hls4ml/vivado_project/hlsforml/hlsforml.runs/synth_1/dont_touch.xdc]
Completed Processing XDC Constraints

Netlist sorting complete. Time (s): cpu = 00:00:00 ; elapsed = 00:00:00 . Memory (MB): peak = 2981.078 ; gain = 0.000 ; free physical = 7926 ; free virtual = 20761
INFO: [Project 1-111] Unisim Transformation Summary:
No Unisim elements were transformed.

Constraint Validation Runtime : Time (s): cpu = 00:00:00.01 ; elapsed = 00:00:00 . Memory (MB): peak = 2981.113 ; gain = 0.000 ; free physical = 7926 ; free virtual = 20761
---------------------------------------------------------------------------------
Finished Constraint Validation : Time (s): cpu = 00:00:11 ; elapsed = 00:00:11 . Memory (MB): peak = 2981.113 ; gain = 265.797 ; free physical = 7944 ; free virtual = 20792
---------------------------------------------------------------------------------
---------------------------------------------------------------------------------
Start Loading Part and Timing Information
---------------------------------------------------------------------------------
Loading part: xczu7ev-ffvc1156-2-e
INFO: [Synth 8-6742] Reading net delay rules and data
---------------------------------------------------------------------------------
Finished Loading Part and Timing Information : Time (s): cpu = 00:00:11 ; elapsed = 00:00:11 . Memory (MB): peak = 2989.082 ; gain = 273.766 ; free physical = 7944 ; free virtual = 20792
---------------------------------------------------------------------------------
---------------------------------------------------------------------------------
Start Applying 'set_property' XDC Constraints
---------------------------------------------------------------------------------
---------------------------------------------------------------------------------
Finished applying 'set_property' XDC Constraints : Time (s): cpu = 00:00:11 ; elapsed = 00:00:11 . Memory (MB): peak = 2989.082 ; gain = 273.766 ; free physical = 7944 ; free virtual = 20792
---------------------------------------------------------------------------------
---------------------------------------------------------------------------------
Finished RTL Optimization Phase 2 : Time (s): cpu = 00:00:11 ; elapsed = 00:00:11 . Memory (MB): peak = 2989.082 ; gain = 273.766 ; free physical = 7944 ; free virtual = 20793
---------------------------------------------------------------------------------
---------------------------------------------------------------------------------
Start RTL Component Statistics 
---------------------------------------------------------------------------------
Detailed RTL Component Info : 
---------------------------------------------------------------------------------
Finished RTL Component Statistics 
---------------------------------------------------------------------------------
---------------------------------------------------------------------------------
Start Part Resource Summary
---------------------------------------------------------------------------------
Part Resources:
DSPs: 1728 (col length:144)
BRAMs: 624 (col length: RAMB18 144 RAMB36 72)
---------------------------------------------------------------------------------
Finished Part Resource Summary
---------------------------------------------------------------------------------
---------------------------------------------------------------------------------
Start Cross Boundary and Area Optimization
---------------------------------------------------------------------------------
WARNING: [Synth 8-7080] Parallel synthesis criteria is not met
---------------------------------------------------------------------------------
Finished Cross Boundary and Area Optimization : Time (s): cpu = 00:00:12 ; elapsed = 00:00:12 . Memory (MB): peak = 2989.082 ; gain = 273.766 ; free physical = 7948 ; free virtual = 20802
---------------------------------------------------------------------------------
---------------------------------------------------------------------------------
Start Applying XDC Timing Constraints
---------------------------------------------------------------------------------
---------------------------------------------------------------------------------
Finished Applying XDC Timing Constraints : Time (s): cpu = 00:00:17 ; elapsed = 00:00:18 . Memory (MB): peak = 3654.629 ; gain = 939.312 ; free physical = 7381 ; free virtual = 20235
---------------------------------------------------------------------------------
---------------------------------------------------------------------------------
Start Timing Optimization
---------------------------------------------------------------------------------
---------------------------------------------------------------------------------
Finished Timing Optimization : Time (s): cpu = 00:00:17 ; elapsed = 00:00:18 . Memory (MB): peak = 3654.629 ; gain = 939.312 ; free physical = 7381 ; free virtual = 20235
---------------------------------------------------------------------------------
---------------------------------------------------------------------------------
Start Technology Mapping
---------------------------------------------------------------------------------
---------------------------------------------------------------------------------
Finished Technology Mapping : Time (s): cpu = 00:00:17 ; elapsed = 00:00:18 . Memory (MB): peak = 3665.637 ; gain = 950.320 ; free physical = 7373 ; free virtual = 20227
---------------------------------------------------------------------------------
---------------------------------------------------------------------------------
Start IO Insertion
---------------------------------------------------------------------------------
---------------------------------------------------------------------------------
Start Flattening Before IO Insertion
---------------------------------------------------------------------------------
---------------------------------------------------------------------------------
Finished Flattening Before IO Insertion
---------------------------------------------------------------------------------
---------------------------------------------------------------------------------
Start Final Netlist Cleanup
---------------------------------------------------------------------------------
---------------------------------------------------------------------------------
Finished Final Netlist Cleanup
---------------------------------------------------------------------------------
---------------------------------------------------------------------------------
Finished IO Insertion : Time (s): cpu = 00:00:19 ; elapsed = 00:00:20 . Memory (MB): peak = 3845.449 ; gain = 1130.133 ; free physical = 7218 ; free virtual = 20074
---------------------------------------------------------------------------------
---------------------------------------------------------------------------------
Start Renaming Generated Instances
---------------------------------------------------------------------------------
---------------------------------------------------------------------------------
Finished Renaming Generated Instances : Time (s): cpu = 00:00:19 ; elapsed = 00:00:20 . Memory (MB): peak = 3845.449 ; gain = 1130.133 ; free physical = 7218 ; free virtual = 20074
---------------------------------------------------------------------------------
---------------------------------------------------------------------------------
Start Rebuilding User Hierarchy
---------------------------------------------------------------------------------
---------------------------------------------------------------------------------
Finished Rebuilding User Hierarchy : Time (s): cpu = 00:00:19 ; elapsed = 00:00:20 . Memory (MB): peak = 3845.449 ; gain = 1130.133 ; free physical = 7218 ; free virtual = 20074
---------------------------------------------------------------------------------
---------------------------------------------------------------------------------
Start Renaming Generated Ports
---------------------------------------------------------------------------------
---------------------------------------------------------------------------------
Finished Renaming Generated Ports : Time (s): cpu = 00:00:19 ; elapsed = 00:00:20 . Memory (MB): peak = 3845.449 ; gain = 1130.133 ; free physical = 7218 ; free virtual = 20074
---------------------------------------------------------------------------------
---------------------------------------------------------------------------------
Start Handling Custom Attributes
---------------------------------------------------------------------------------
---------------------------------------------------------------------------------
Finished Handling Custom Attributes : Time (s): cpu = 00:00:19 ; elapsed = 00:00:20 . Memory (MB): peak = 3845.449 ; gain = 1130.133 ; free physical = 7218 ; free virtual = 20074
---------------------------------------------------------------------------------
---------------------------------------------------------------------------------
Start Renaming Generated Nets
---------------------------------------------------------------------------------
---------------------------------------------------------------------------------
Finished Renaming Generated Nets : Time (s): cpu = 00:00:19 ; elapsed = 00:00:20 . Memory (MB): peak = 3845.449 ; gain = 1130.133 ; free physical = 7218 ; free virtual = 20074
---------------------------------------------------------------------------------
---------------------------------------------------------------------------------
Start Writing Synthesis Report
---------------------------------------------------------------------------------

Report BlackBoxes: 
+------+-----------------------------------+----------+
|      |BlackBox name                      |Instances |
+------+-----------------------------------+----------+
|1     |design_1_axi_dma_0_0               |         1|
|2     |design_1_axi_smc_0                 |         1|
|3     |design_1_axis_dwidth_converter_0_0 |         1|
|4     |design_1_axis_subset_converter_0_0 |         1|
|5     |design_1_axis_subset_converter_1_0 |         1|
|6     |design_1_myproject_0_0             |         1|
|7     |design_1_rst_ps8_0_100M_0          |         1|
|8     |design_1_zynq_ultra_ps_e_0_0       |         1|
+------+-----------------------------------+----------+

Report Cell Usage: 
+------+---------------------------------+------+
|      |Cell                             |Count |
+------+---------------------------------+------+
|1     |design_1_axi_dma_0               |     1|
|2     |design_1_axi_smc                 |     1|
|3     |design_1_axis_dwidth_converter_0 |     1|
|4     |design_1_axis_subset_converter_0 |     1|
|5     |design_1_axis_subset_converter_1 |     1|
|6     |design_1_myproject_0             |     1|
|7     |design_1_rst_ps8_0_100M          |     1|
|8     |design_1_zynq_ultra_ps_e_0       |     1|
+------+---------------------------------+------+
---------------------------------------------------------------------------------
Finished Writing Synthesis Report : Time (s): cpu = 00:00:19 ; elapsed = 00:00:20 . Memory (MB): peak = 3845.449 ; gain = 1130.133 ; free physical = 7218 ; free virtual = 20074
---------------------------------------------------------------------------------
Synthesis finished with 0 errors, 0 critical warnings and 1 warnings.
Synthesis Optimization Runtime : Time (s): cpu = 00:00:16 ; elapsed = 00:00:17 . Memory (MB): peak = 3845.449 ; gain = 1090.078 ; free physical = 7218 ; free virtual = 20074
Synthesis Optimization Complete : Time (s): cpu = 00:00:20 ; elapsed = 00:00:21 . Memory (MB): peak = 3845.449 ; gain = 1130.133 ; free physical = 7218 ; free virtual = 20074
INFO: [Project 1-571] Translating synthesized netlist
Netlist sorting complete. Time (s): cpu = 00:00:00.01 ; elapsed = 00:00:00 . Memory (MB): peak = 3845.449 ; gain = 0.000 ; free physical = 7354 ; free virtual = 20210
INFO: [Project 1-570] Preparing netlist for logic optimization
INFO: [Opt 31-138] Pushed 0 inverter(s) to 0 load pin(s).
Netlist sorting complete. Time (s): cpu = 00:00:00 ; elapsed = 00:00:00 . Memory (MB): peak = 3845.449 ; gain = 0.000 ; free physical = 7380 ; free virtual = 20236
INFO: [Project 1-111] Unisim Transformation Summary:
No Unisim elements were transformed.

Synth Design complete | Checksum: 656b4aa0
INFO: [Common 17-83] Releasing license: Synthesis
41 Infos, 43 Warnings, 0 Critical Warnings and 0 Errors encountered.
synth_design completed successfully
synth_design: Time (s): cpu = 00:00:27 ; elapsed = 00:00:27 . Memory (MB): peak = 3845.449 ; gain = 2269.148 ; free physical = 7380 ; free virtual = 20236
INFO: [Common 17-2834] synth_design peak Physical Memory [PSS] (MB): overall = 3347.175; main = 3158.115; forked = 328.344
INFO: [Common 17-2834] synth_design peak Virtual Memory [VSS] (MB): overall = 4784.723; main = 3820.641; forked = 964.082
INFO: [Common 17-1381] The checkpoint '/media/thifj/923884033883E497/Linux_usable/hls4ml/vivado_project/hlsforml/hlsforml.runs/synth_1/design_1_wrapper.dcp' has been generated.
INFO: [Vivado 12-24828] Executing command : report_utilization -file design_1_wrapper_utilization_synth.rpt -pb design_1_wrapper_utilization_synth.pb
INFO: [Common 17-206] Exiting Vivado at Thu Mar 26 14:16:59 2026...
