

================================================================
== Vitis HLS Report for 'dense_latency_ap_fixed_16_6_5_3_0_ap_fixed_16_6_5_3_0_config4_s'
================================================================
* Date:           Fri Mar 27 15:02:39 2026

* Version:        2025.1 (Build 6135595 on May 21 2025)
* Project:        myproject_prj
* Solution:       solution1 (Vivado IP Flow Target)
* Product family: zynq
* Target device:  xc7z020-clg400-1


================================================================
== Performance Estimates
================================================================
+ Timing: 
    * Summary: 
    +--------+---------+----------+------------+
    |  Clock |  Target | Estimated| Uncertainty|
    +--------+---------+----------+------------+
    |ap_clk  |  5.00 ns|  3.624 ns|     1.35 ns|
    +--------+---------+----------+------------+

+ Latency: 
    * Summary: 
    +---------+---------+-----------+-----------+-----+-----+---------+
    |  Latency (cycles) |   Latency (absolute)  |  Interval | Pipeline|
    |   min   |   max   |    min    |    max    | min | max |   Type  |
    +---------+---------+-----------+-----------+-----+-----+---------+
    |        5|        5|  25.000 ns|  25.000 ns|    1|    1|      yes|
    +---------+---------+-----------+-----------+-----+-----+---------+

    + Detail: 
        * Instance: 
        N/A

        * Loop: 
        N/A



================================================================
== Utilization Estimates
================================================================
* Summary: 
+-----------------+---------+-----+--------+-------+-----+
|       Name      | BRAM_18K| DSP |   FF   |  LUT  | URAM|
+-----------------+---------+-----+--------+-------+-----+
|DSP              |        -|    -|       -|      -|    -|
|Expression       |        -|    -|       0|   1701|    -|
|FIFO             |        -|    -|       -|      -|    -|
|Instance         |        -|   56|    3752|    112|    -|
|Memory           |        -|    -|       -|      -|    -|
|Multiplexer      |        -|    -|       0|    112|    -|
|Register         |        -|    -|    2397|     32|    -|
+-----------------+---------+-----+--------+-------+-----+
|Total            |        0|   56|    6149|   1957|    0|
+-----------------+---------+-----+--------+-------+-----+
|Available        |      280|  220|  106400|  53200|    0|
+-----------------+---------+-----+--------+-------+-----+
|Utilization (%)  |        0|   25|       5|      3|    0|
+-----------------+---------+-----+--------+-------+-----+

+ Detail: 
    * Instance: 
    +--------------------------+---------------------+---------+----+----+----+-----+
    |         Instance         |        Module       | BRAM_18K| DSP| FF | LUT| URAM|
    +--------------------------+---------------------+---------+----+----+----+-----+
    |mul_16s_10ns_26_2_0_U51   |mul_16s_10ns_26_2_0  |        0|   1|  67|   2|    0|
    |mul_16s_10ns_26_2_0_U53   |mul_16s_10ns_26_2_0  |        0|   1|  67|   2|    0|
    |mul_16s_10ns_26_2_0_U56   |mul_16s_10ns_26_2_0  |        0|   1|  67|   2|    0|
    |mul_16s_10ns_26_2_0_U59   |mul_16s_10ns_26_2_0  |        0|   1|  67|   2|    0|
    |mul_16s_10ns_26_2_0_U86   |mul_16s_10ns_26_2_0  |        0|   1|  67|   2|    0|
    |mul_16s_10ns_26_2_0_U92   |mul_16s_10ns_26_2_0  |        0|   1|  67|   2|    0|
    |mul_16s_10ns_26_2_0_U94   |mul_16s_10ns_26_2_0  |        0|   1|  67|   2|    0|
    |mul_16s_10s_26_2_0_U66    |mul_16s_10s_26_2_0   |        0|   1|  67|   2|    0|
    |mul_16s_10s_26_2_0_U69    |mul_16s_10s_26_2_0   |        0|   1|  67|   2|    0|
    |mul_16s_10s_26_2_0_U72    |mul_16s_10s_26_2_0   |        0|   1|  67|   2|    0|
    |mul_16s_10s_26_2_0_U79    |mul_16s_10s_26_2_0   |        0|   1|  67|   2|    0|
    |mul_16s_10s_26_2_0_U80    |mul_16s_10s_26_2_0   |        0|   1|  67|   2|    0|
    |mul_16s_10s_26_2_0_U91    |mul_16s_10s_26_2_0   |        0|   1|  67|   2|    0|
    |mul_16s_10s_26_2_0_U96    |mul_16s_10s_26_2_0   |        0|   1|  67|   2|    0|
    |mul_16s_10s_26_2_0_U98    |mul_16s_10s_26_2_0   |        0|   1|  67|   2|    0|
    |mul_16s_10s_26_2_0_U102   |mul_16s_10s_26_2_0   |        0|   1|  67|   2|    0|
    |mul_16s_11ns_26_2_0_U52   |mul_16s_11ns_26_2_0  |        0|   1|  67|   2|    0|
    |mul_16s_11ns_26_2_0_U55   |mul_16s_11ns_26_2_0  |        0|   1|  67|   2|    0|
    |mul_16s_11ns_26_2_0_U61   |mul_16s_11ns_26_2_0  |        0|   1|  67|   2|    0|
    |mul_16s_11ns_26_2_0_U75   |mul_16s_11ns_26_2_0  |        0|   1|  67|   2|    0|
    |mul_16s_11ns_26_2_0_U77   |mul_16s_11ns_26_2_0  |        0|   1|  67|   2|    0|
    |mul_16s_11ns_26_2_0_U83   |mul_16s_11ns_26_2_0  |        0|   1|  67|   2|    0|
    |mul_16s_11ns_26_2_0_U84   |mul_16s_11ns_26_2_0  |        0|   1|  67|   2|    0|
    |mul_16s_11ns_26_2_0_U90   |mul_16s_11ns_26_2_0  |        0|   1|  67|   2|    0|
    |mul_16s_11ns_26_2_0_U93   |mul_16s_11ns_26_2_0  |        0|   1|  67|   2|    0|
    |mul_16s_11ns_26_2_0_U100  |mul_16s_11ns_26_2_0  |        0|   1|  67|   2|    0|
    |mul_16s_11s_26_2_0_U49    |mul_16s_11s_26_2_0   |        0|   1|  67|   2|    0|
    |mul_16s_11s_26_2_0_U50    |mul_16s_11s_26_2_0   |        0|   1|  67|   2|    0|
    |mul_16s_11s_26_2_0_U70    |mul_16s_11s_26_2_0   |        0|   1|  67|   2|    0|
    |mul_16s_11s_26_2_0_U73    |mul_16s_11s_26_2_0   |        0|   1|  67|   2|    0|
    |mul_16s_11s_26_2_0_U82    |mul_16s_11s_26_2_0   |        0|   1|  67|   2|    0|
    |mul_16s_11s_26_2_0_U89    |mul_16s_11s_26_2_0   |        0|   1|  67|   2|    0|
    |mul_16s_11s_26_2_0_U101   |mul_16s_11s_26_2_0   |        0|   1|  67|   2|    0|
    |mul_16s_12ns_26_2_0_U58   |mul_16s_12ns_26_2_0  |        0|   1|  67|   2|    0|
    |mul_16s_12ns_26_2_0_U62   |mul_16s_12ns_26_2_0  |        0|   1|  67|   2|    0|
    |mul_16s_12ns_26_2_0_U65   |mul_16s_12ns_26_2_0  |        0|   1|  67|   2|    0|
    |mul_16s_12ns_26_2_0_U76   |mul_16s_12ns_26_2_0  |        0|   1|  67|   2|    0|
    |mul_16s_12ns_26_2_0_U88   |mul_16s_12ns_26_2_0  |        0|   1|  67|   2|    0|
    |mul_16s_12s_26_2_0_U63    |mul_16s_12s_26_2_0   |        0|   1|  67|   2|    0|
    |mul_16s_12s_26_2_0_U74    |mul_16s_12s_26_2_0   |        0|   1|  67|   2|    0|
    |mul_16s_12s_26_2_0_U103   |mul_16s_12s_26_2_0   |        0|   1|  67|   2|    0|
    |mul_16s_12s_26_2_0_U104   |mul_16s_12s_26_2_0   |        0|   1|  67|   2|    0|
    |mul_16s_7ns_23_2_0_U54    |mul_16s_7ns_23_2_0   |        0|   1|  67|   2|    0|
    |mul_16s_7ns_23_2_0_U85    |mul_16s_7ns_23_2_0   |        0|   1|  67|   2|    0|
    |mul_16s_7ns_23_2_0_U99    |mul_16s_7ns_23_2_0   |        0|   1|  67|   2|    0|
    |mul_16s_7s_23_2_0_U68     |mul_16s_7s_23_2_0    |        0|   1|  67|   2|    0|
    |mul_16s_7s_23_2_0_U81     |mul_16s_7s_23_2_0    |        0|   1|  67|   2|    0|
    |mul_16s_8ns_24_2_0_U95    |mul_16s_8ns_24_2_0   |        0|   1|  67|   2|    0|
    |mul_16s_9ns_25_2_0_U57    |mul_16s_9ns_25_2_0   |        0|   1|  67|   2|    0|
    |mul_16s_9ns_25_2_0_U60    |mul_16s_9ns_25_2_0   |        0|   1|  67|   2|    0|
    |mul_16s_9s_25_2_0_U64     |mul_16s_9s_25_2_0    |        0|   1|  67|   2|    0|
    |mul_16s_9s_25_2_0_U67     |mul_16s_9s_25_2_0    |        0|   1|  67|   2|    0|
    |mul_16s_9s_25_2_0_U71     |mul_16s_9s_25_2_0    |        0|   1|  67|   2|    0|
    |mul_16s_9s_25_2_0_U78     |mul_16s_9s_25_2_0    |        0|   1|  67|   2|    0|
    |mul_16s_9s_25_2_0_U87     |mul_16s_9s_25_2_0    |        0|   1|  67|   2|    0|
    |mul_16s_9s_25_2_0_U97     |mul_16s_9s_25_2_0    |        0|   1|  67|   2|    0|
    +--------------------------+---------------------+---------+----+----+----+-----+
    |Total                     |                     |        0|  56|3752| 112|    0|
    +--------------------------+---------------------+---------+----+----+----+-----+

    * DSP: 
    N/A

    * Memory: 
    N/A

    * FIFO: 
    N/A

    * Expression: 
    +-------------------------+----------+----+---+----+------------+------------+
    |      Variable Name      | Operation| DSP| FF| LUT| Bitwidth P0| Bitwidth P1|
    +-------------------------+----------+----+---+----+------------+------------+
    |add_ln58_24_fu_14585_p2  |         +|   0|  0|  23|          16|          16|
    |add_ln58_25_fu_14736_p2  |         +|   0|  0|  23|          16|          16|
    |add_ln58_26_fu_14589_p2  |         +|   0|  0|  23|          16|          16|
    |add_ln58_27_fu_14485_p2  |         +|   0|  0|  23|          16|           9|
    |add_ln58_28_fu_14594_p2  |         +|   0|  0|  23|          16|          16|
    |add_ln58_29_fu_14740_p2  |         +|   0|  0|  23|          16|          16|
    |add_ln58_30_fu_14796_p2  |         +|   0|  0|  23|          16|          16|
    |add_ln58_31_fu_14598_p2  |         +|   0|  0|  23|          16|          16|
    |add_ln58_32_fu_14602_p2  |         +|   0|  0|  23|          16|          16|
    |add_ln58_33_fu_14744_p2  |         +|   0|  0|  23|          16|          16|
    |add_ln58_34_fu_14490_p2  |         +|   0|  0|  23|          16|          16|
    |add_ln58_35_fu_13963_p2  |         +|   0|  0|  12|          12|           9|
    |add_ln58_36_fu_14499_p2  |         +|   0|  0|  23|          16|          16|
    |add_ln58_37_fu_14607_p2  |         +|   0|  0|  23|          16|          16|
    |add_ln58_38_fu_14800_p2  |         +|   0|  0|  23|          16|          16|
    |add_ln58_39_fu_14611_p2  |         +|   0|  0|  23|          16|          16|
    |add_ln58_40_fu_14616_p2  |         +|   0|  0|  23|          16|          16|
    |add_ln58_41_fu_14748_p2  |         +|   0|  0|  23|          16|          16|
    |add_ln58_42_fu_14620_p2  |         +|   0|  0|  23|          16|          16|
    |add_ln58_43_fu_14504_p2  |         +|   0|  0|  23|          16|           8|
    |add_ln58_44_fu_14625_p2  |         +|   0|  0|  23|          16|          16|
    |add_ln58_45_fu_14752_p2  |         +|   0|  0|  23|          16|          16|
    |add_ln58_46_fu_14804_p2  |         +|   0|  0|  23|          16|          16|
    |add_ln58_47_fu_14629_p2  |         +|   0|  0|  23|          16|          16|
    |add_ln58_48_fu_14633_p2  |         +|   0|  0|  23|          16|          16|
    |add_ln58_49_fu_14756_p2  |         +|   0|  0|  23|          16|          16|
    |add_ln58_50_fu_14639_p2  |         +|   0|  0|  23|          16|          16|
    |add_ln58_51_fu_14509_p2  |         +|   0|  0|  23|          16|           8|
    |add_ln58_52_fu_14644_p2  |         +|   0|  0|  23|          16|          16|
    |add_ln58_53_fu_14760_p2  |         +|   0|  0|  23|          16|          16|
    |add_ln58_54_fu_14808_p2  |         +|   0|  0|  23|          16|          16|
    |add_ln58_55_fu_14648_p2  |         +|   0|  0|  23|          16|          16|
    |add_ln58_56_fu_14653_p2  |         +|   0|  0|  23|          16|          16|
    |add_ln58_57_fu_14764_p2  |         +|   0|  0|  23|          16|          16|
    |add_ln58_58_fu_14658_p2  |         +|   0|  0|  23|          16|          16|
    |add_ln58_59_fu_14663_p2  |         +|   0|  0|  17|          14|           7|
    |add_ln58_60_fu_14673_p2  |         +|   0|  0|  23|          16|          16|
    |add_ln58_61_fu_14768_p2  |         +|   0|  0|  23|          16|          16|
    |add_ln58_62_fu_14812_p2  |         +|   0|  0|  23|          16|          16|
    |add_ln58_63_fu_14679_p2  |         +|   0|  0|  23|          16|          16|
    |add_ln58_64_fu_14684_p2  |         +|   0|  0|  23|          16|          16|
    |add_ln58_65_fu_14772_p2  |         +|   0|  0|  23|          16|          16|
    |add_ln58_66_fu_14689_p2  |         +|   0|  0|  23|          16|          16|
    |add_ln58_67_fu_14514_p2  |         +|   0|  0|  17|          14|           9|
    |add_ln58_68_fu_14697_p2  |         +|   0|  0|  23|          16|          16|
    |add_ln58_69_fu_14776_p2  |         +|   0|  0|  23|          16|          16|
    |add_ln58_70_fu_14816_p2  |         +|   0|  0|  23|          16|          16|
    |add_ln58_71_fu_14702_p2  |         +|   0|  0|  23|          16|          16|
    |add_ln58_72_fu_14707_p2  |         +|   0|  0|  23|          16|          16|
    |add_ln58_73_fu_14780_p2  |         +|   0|  0|  23|          16|          16|
    |add_ln58_74_fu_14711_p2  |         +|   0|  0|  23|          16|          16|
    |add_ln58_75_fu_14520_p2  |         +|   0|  0|  23|          16|           8|
    |add_ln58_76_fu_14715_p2  |         +|   0|  0|  23|          16|          16|
    |add_ln58_77_fu_14784_p2  |         +|   0|  0|  23|          16|          16|
    |add_ln58_78_fu_14820_p2  |         +|   0|  0|  23|          16|          16|
    |add_ln58_79_fu_14719_p2  |         +|   0|  0|  23|          16|          16|
    |add_ln58_80_fu_14724_p2  |         +|   0|  0|  23|          16|          16|
    |add_ln58_81_fu_14788_p2  |         +|   0|  0|  23|          16|          16|
    |add_ln58_82_fu_14728_p2  |         +|   0|  0|  23|          16|          16|
    |add_ln58_83_fu_14525_p2  |         +|   0|  0|  23|          16|          10|
    |add_ln58_84_fu_14732_p2  |         +|   0|  0|  23|          16|          16|
    |add_ln58_85_fu_14792_p2  |         +|   0|  0|  23|          16|          16|
    |add_ln58_86_fu_14824_p2  |         +|   0|  0|  23|          16|          16|
    |add_ln58_fu_14581_p2     |         +|   0|  0|  23|          16|          16|
    |add_ln73_1_fu_13587_p2   |         +|   0|  0|  30|          23|          23|
    |add_ln73_fu_13641_p2     |         +|   0|  0|  31|          24|          24|
    |sub_ln73_1_fu_14120_p2   |         -|   0|  0|  33|           1|          26|
    |sub_ln73_2_fu_13549_p2   |         -|   0|  0|  32|           1|          25|
    |sub_ln73_3_fu_13767_p2   |         -|   0|  0|  32|          25|          25|
    |sub_ln73_4_fu_13816_p2   |         -|   0|  0|  32|          25|          25|
    |sub_ln73_5_fu_13854_p2   |         -|   0|  0|  30|          23|          23|
    |sub_ln73_fu_13692_p2     |         -|   0|  0|  32|          25|          25|
    +-------------------------+----------+----+---+----+------------+------------+
    |Total                    |          |   0|  0|1701|        1163|        1160|
    +-------------------------+----------+----+---+----+------------+------------+

    * Multiplexer: 
    +-------------+----+-----------+-----+-----------+
    |     Name    | LUT| Input Size| Bits| Total Bits|
    +-------------+----+-----------+-----+-----------+
    |ap_return_0  |  14|          3|   16|         48|
    |ap_return_1  |  14|          3|   16|         48|
    |ap_return_2  |  14|          3|   16|         48|
    |ap_return_3  |  14|          3|   16|         48|
    |ap_return_4  |  14|          3|   16|         48|
    |ap_return_5  |  14|          3|   16|         48|
    |ap_return_6  |  14|          3|   16|         48|
    |ap_return_7  |  14|          3|   16|         48|
    +-------------+----+-----------+-----+-----------+
    |Total        | 112|         24|  128|        384|
    +-------------+----+-----------+-----+-----------+

    * Register: 
    +-----------------------------------------+----+----+-----+-----------+
    |                   Name                  | FF | LUT| Bits| Const Bits|
    +-----------------------------------------+----+----+-----+-----------+
    |add_ln58_24_reg_15442                    |  16|   0|   16|          0|
    |add_ln58_25_reg_15592                    |  16|   0|   16|          0|
    |add_ln58_26_reg_15447                    |  16|   0|   16|          0|
    |add_ln58_27_reg_15397                    |  16|   0|   16|          0|
    |add_ln58_28_reg_15452                    |  16|   0|   16|          0|
    |add_ln58_29_reg_15597                    |  16|   0|   16|          0|
    |add_ln58_31_reg_15457                    |  16|   0|   16|          0|
    |add_ln58_32_reg_15462                    |  16|   0|   16|          0|
    |add_ln58_33_reg_15602                    |  16|   0|   16|          0|
    |add_ln58_34_reg_15402                    |  16|   0|   16|          0|
    |add_ln58_35_reg_15147                    |  12|   0|   12|          0|
    |add_ln58_36_reg_15407                    |  16|   0|   16|          0|
    |add_ln58_37_reg_15467                    |  16|   0|   16|          0|
    |add_ln58_37_reg_15467_pp0_iter4_reg      |  16|   0|   16|          0|
    |add_ln58_39_reg_15472                    |  16|   0|   16|          0|
    |add_ln58_40_reg_15477                    |  16|   0|   16|          0|
    |add_ln58_41_reg_15607                    |  16|   0|   16|          0|
    |add_ln58_42_reg_15482                    |  16|   0|   16|          0|
    |add_ln58_43_reg_15412                    |  16|   0|   16|          0|
    |add_ln58_44_reg_15487                    |  16|   0|   16|          0|
    |add_ln58_45_reg_15612                    |  16|   0|   16|          0|
    |add_ln58_47_reg_15492                    |  16|   0|   16|          0|
    |add_ln58_48_reg_15497                    |  16|   0|   16|          0|
    |add_ln58_49_reg_15617                    |  16|   0|   16|          0|
    |add_ln58_50_reg_15502                    |  16|   0|   16|          0|
    |add_ln58_51_reg_15417                    |  16|   0|   16|          0|
    |add_ln58_52_reg_15507                    |  16|   0|   16|          0|
    |add_ln58_53_reg_15622                    |  16|   0|   16|          0|
    |add_ln58_55_reg_15512                    |  16|   0|   16|          0|
    |add_ln58_56_reg_15517                    |  16|   0|   16|          0|
    |add_ln58_57_reg_15627                    |  16|   0|   16|          0|
    |add_ln58_58_reg_15522                    |  16|   0|   16|          0|
    |add_ln58_60_reg_15527                    |  16|   0|   16|          0|
    |add_ln58_61_reg_15632                    |  16|   0|   16|          0|
    |add_ln58_63_reg_15532                    |  16|   0|   16|          0|
    |add_ln58_64_reg_15537                    |  16|   0|   16|          0|
    |add_ln58_65_reg_15637                    |  16|   0|   16|          0|
    |add_ln58_66_reg_15542                    |  16|   0|   16|          0|
    |add_ln58_67_reg_15422                    |  14|   0|   14|          0|
    |add_ln58_68_reg_15547                    |  16|   0|   16|          0|
    |add_ln58_69_reg_15642                    |  16|   0|   16|          0|
    |add_ln58_71_reg_15552                    |  16|   0|   16|          0|
    |add_ln58_72_reg_15557                    |  16|   0|   16|          0|
    |add_ln58_73_reg_15647                    |  16|   0|   16|          0|
    |add_ln58_74_reg_15562                    |  16|   0|   16|          0|
    |add_ln58_75_reg_15427                    |  16|   0|   16|          0|
    |add_ln58_76_reg_15567                    |  16|   0|   16|          0|
    |add_ln58_77_reg_15652                    |  16|   0|   16|          0|
    |add_ln58_79_reg_15572                    |  16|   0|   16|          0|
    |add_ln58_80_reg_15577                    |  16|   0|   16|          0|
    |add_ln58_81_reg_15657                    |  16|   0|   16|          0|
    |add_ln58_82_reg_15582                    |  16|   0|   16|          0|
    |add_ln58_83_reg_15432                    |  16|   0|   16|          0|
    |add_ln58_84_reg_15587                    |  16|   0|   16|          0|
    |add_ln58_85_reg_15662                    |  16|   0|   16|          0|
    |add_ln58_reg_15437                       |  16|   0|   16|          0|
    |ap_ce_reg                                |   1|   0|    1|          0|
    |ap_return_0_int_reg                      |  16|   0|   16|          0|
    |ap_return_1_int_reg                      |  16|   0|   16|          0|
    |ap_return_2_int_reg                      |  16|   0|   16|          0|
    |ap_return_3_int_reg                      |  16|   0|   16|          0|
    |ap_return_4_int_reg                      |  16|   0|   16|          0|
    |ap_return_5_int_reg                      |  16|   0|   16|          0|
    |ap_return_6_int_reg                      |  16|   0|   16|          0|
    |ap_return_7_int_reg                      |  16|   0|   16|          0|
    |data_0_val_int_reg                       |  16|   0|   16|          0|
    |data_0_val_read_reg_14922                |  16|   0|   16|          0|
    |data_1_val_int_reg                       |  16|   0|   16|          0|
    |data_1_val_read_reg_14914                |  16|   0|   16|          0|
    |data_2_val_int_reg                       |  16|   0|   16|          0|
    |data_2_val_read_reg_14907                |  16|   0|   16|          0|
    |data_2_val_read_reg_14907_pp0_iter1_reg  |  16|   0|   16|          0|
    |data_3_val_int_reg                       |  16|   0|   16|          0|
    |data_3_val_read_reg_14900                |  16|   0|   16|          0|
    |data_4_val_int_reg                       |  16|   0|   16|          0|
    |data_4_val_read_reg_14892                |  16|   0|   16|          0|
    |data_5_val_int_reg                       |  16|   0|   16|          0|
    |data_5_val_read_reg_14882                |  16|   0|   16|          0|
    |data_6_val_int_reg                       |  16|   0|   16|          0|
    |data_6_val_read_reg_14876                |  16|   0|   16|          0|
    |data_7_val_int_reg                       |  16|   0|   16|          0|
    |sub_ln73_2_reg_14936                     |  18|   0|   25|          7|
    |trunc_ln42_23_reg_15162                  |  16|   0|   16|          0|
    |trunc_ln42_24_reg_15167                  |  16|   0|   16|          0|
    |trunc_ln42_25_reg_14985                  |  14|   0|   14|          0|
    |trunc_ln42_25_reg_14985_pp0_iter2_reg    |  14|   0|   14|          0|
    |trunc_ln42_26_reg_15172                  |  13|   0|   13|          0|
    |trunc_ln42_27_reg_15177                  |  16|   0|   16|          0|
    |trunc_ln42_28_reg_15182                  |  15|   0|   15|          0|
    |trunc_ln42_29_reg_15187                  |  16|   0|   16|          0|
    |trunc_ln42_30_reg_15192                  |  16|   0|   16|          0|
    |trunc_ln42_31_reg_15005                  |  15|   0|   15|          0|
    |trunc_ln42_31_reg_15005_pp0_iter2_reg    |  15|   0|   15|          0|
    |trunc_ln42_32_reg_15197                  |  16|   0|   16|          0|
    |trunc_ln42_33_reg_15202                  |  16|   0|   16|          0|
    |trunc_ln42_34_reg_15207                  |  16|   0|   16|          0|
    |trunc_ln42_35_reg_15212                  |  13|   0|   13|          0|
    |trunc_ln42_36_reg_15217                  |  16|   0|   16|          0|
    |trunc_ln42_37_reg_15222                  |  16|   0|   16|          0|
    |trunc_ln42_38_reg_14931                  |  11|   0|   11|          0|
    |trunc_ln42_39_reg_15227                  |  16|   0|   16|          0|
    |trunc_ln42_40_reg_15232                  |  15|   0|   15|          0|
    |trunc_ln42_41_reg_15237                  |  16|   0|   16|          0|
    |trunc_ln42_42_reg_15242                  |  16|   0|   16|          0|
    |trunc_ln42_43_reg_15247                  |  16|   0|   16|          0|
    |trunc_ln42_44_reg_15252                  |  16|   0|   16|          0|
    |trunc_ln42_45_reg_15257                  |  16|   0|   16|          0|
    |trunc_ln42_46_reg_15262                  |  16|   0|   16|          0|
    |trunc_ln42_47_reg_15267                  |  16|   0|   16|          0|
    |trunc_ln42_48_reg_15272                  |  15|   0|   15|          0|
    |trunc_ln42_49_reg_15277                  |  15|   0|   15|          0|
    |trunc_ln42_50_reg_15282                  |  14|   0|   14|          0|
    |trunc_ln42_51_reg_15287                  |  16|   0|   16|          0|
    |trunc_ln42_52_reg_15292                  |  16|   0|   16|          0|
    |trunc_ln42_53_reg_15297                  |  16|   0|   16|          0|
    |trunc_ln42_54_reg_15302                  |  15|   0|   15|          0|
    |trunc_ln42_55_reg_15307                  |  13|   0|   13|          0|
    |trunc_ln42_56_reg_15312                  |  16|   0|   16|          0|
    |trunc_ln42_57_reg_15063                  |  15|   0|   15|          0|
    |trunc_ln42_57_reg_15063_pp0_iter2_reg    |  15|   0|   15|          0|
    |trunc_ln42_58_reg_15317                  |  15|   0|   15|          0|
    |trunc_ln42_59_reg_15322                  |  16|   0|   16|          0|
    |trunc_ln42_60_reg_15327                  |  16|   0|   16|          0|
    |trunc_ln42_61_reg_15332                  |  15|   0|   15|          0|
    |trunc_ln42_62_reg_15082                  |  15|   0|   15|          0|
    |trunc_ln42_63_reg_15337                  |  16|   0|   16|          0|
    |trunc_ln42_64_reg_15087                  |  13|   0|   13|          0|
    |trunc_ln42_64_reg_15087_pp0_iter2_reg    |  13|   0|   13|          0|
    |trunc_ln42_65_reg_15342                  |  16|   0|   16|          0|
    |trunc_ln42_66_reg_15347                  |  16|   0|   16|          0|
    |trunc_ln42_67_reg_15352                  |  16|   0|   16|          0|
    |trunc_ln42_68_reg_15357                  |  16|   0|   16|          0|
    |trunc_ln42_69_reg_15362                  |  16|   0|   16|          0|
    |trunc_ln42_70_reg_15107                  |  13|   0|   13|          0|
    |trunc_ln42_71_reg_15367                  |  16|   0|   16|          0|
    |trunc_ln42_72_reg_15372                  |  16|   0|   16|          0|
    |trunc_ln42_73_reg_15377                  |  15|   0|   15|          0|
    |trunc_ln42_74_reg_15382                  |  16|   0|   16|          0|
    |trunc_ln42_75_reg_15387                  |  16|   0|   16|          0|
    |trunc_ln42_76_reg_15392                  |  16|   0|   16|          0|
    |trunc_ln42_77_reg_15112                  |  16|   0|   16|          0|
    |trunc_ln42_78_reg_15117                  |  16|   0|   16|          0|
    |trunc_ln42_79_reg_15122                  |  16|   0|   16|          0|
    |trunc_ln42_80_reg_15127                  |  16|   0|   16|          0|
    |trunc_ln42_81_reg_14961                  |  13|   0|   13|          0|
    |trunc_ln42_82_reg_15132                  |  13|   0|   13|          0|
    |trunc_ln42_83_reg_15137                  |  16|   0|   16|          0|
    |trunc_ln42_84_reg_15142                  |  16|   0|   16|          0|
    |trunc_ln42_s_reg_15157                   |  16|   0|   16|          0|
    |trunc_ln_reg_15152                       |  16|   0|   16|          0|
    |trunc_ln42_81_reg_14961                  |  64|  32|   13|          0|
    +-----------------------------------------+----+----+-----+-----------+
    |Total                                    |2397|  32| 2353|          7|
    +-----------------------------------------+----+----+-----+-----------+



================================================================
== Interface
================================================================
* Summary: 
+-------------+-----+-----+------------+----------------------------------------------------------------------------+--------------+
|  RTL Ports  | Dir | Bits|  Protocol  |                                Source Object                               |    C Type    |
+-------------+-----+-----+------------+----------------------------------------------------------------------------+--------------+
|ap_clk       |   in|    1|  ap_ctrl_hs|  dense_latency<ap_fixed<16, 6, 5, 3, 0>, ap_fixed<16, 6, 5, 3, 0>, config4>|  return value|
|ap_rst       |   in|    1|  ap_ctrl_hs|  dense_latency<ap_fixed<16, 6, 5, 3, 0>, ap_fixed<16, 6, 5, 3, 0>, config4>|  return value|
|ap_return_0  |  out|   16|  ap_ctrl_hs|  dense_latency<ap_fixed<16, 6, 5, 3, 0>, ap_fixed<16, 6, 5, 3, 0>, config4>|  return value|
|ap_return_1  |  out|   16|  ap_ctrl_hs|  dense_latency<ap_fixed<16, 6, 5, 3, 0>, ap_fixed<16, 6, 5, 3, 0>, config4>|  return value|
|ap_return_2  |  out|   16|  ap_ctrl_hs|  dense_latency<ap_fixed<16, 6, 5, 3, 0>, ap_fixed<16, 6, 5, 3, 0>, config4>|  return value|
|ap_return_3  |  out|   16|  ap_ctrl_hs|  dense_latency<ap_fixed<16, 6, 5, 3, 0>, ap_fixed<16, 6, 5, 3, 0>, config4>|  return value|
|ap_return_4  |  out|   16|  ap_ctrl_hs|  dense_latency<ap_fixed<16, 6, 5, 3, 0>, ap_fixed<16, 6, 5, 3, 0>, config4>|  return value|
|ap_return_5  |  out|   16|  ap_ctrl_hs|  dense_latency<ap_fixed<16, 6, 5, 3, 0>, ap_fixed<16, 6, 5, 3, 0>, config4>|  return value|
|ap_return_6  |  out|   16|  ap_ctrl_hs|  dense_latency<ap_fixed<16, 6, 5, 3, 0>, ap_fixed<16, 6, 5, 3, 0>, config4>|  return value|
|ap_return_7  |  out|   16|  ap_ctrl_hs|  dense_latency<ap_fixed<16, 6, 5, 3, 0>, ap_fixed<16, 6, 5, 3, 0>, config4>|  return value|
|ap_ce        |   in|    1|  ap_ctrl_hs|  dense_latency<ap_fixed<16, 6, 5, 3, 0>, ap_fixed<16, 6, 5, 3, 0>, config4>|  return value|
|data_0_val   |   in|   16|     ap_none|                                                                  data_0_val|        scalar|
|data_1_val   |   in|   16|     ap_none|                                                                  data_1_val|        scalar|
|data_2_val   |   in|   16|     ap_none|                                                                  data_2_val|        scalar|
|data_3_val   |   in|   16|     ap_none|                                                                  data_3_val|        scalar|
|data_4_val   |   in|   16|     ap_none|                                                                  data_4_val|        scalar|
|data_5_val   |   in|   16|     ap_none|                                                                  data_5_val|        scalar|
|data_6_val   |   in|   16|     ap_none|                                                                  data_6_val|        scalar|
|data_7_val   |   in|   16|     ap_none|                                                                  data_7_val|        scalar|
+-------------+-----+-----+------------+----------------------------------------------------------------------------+--------------+

