

================================================================
== Vitis HLS Report for 'relu_ap_fixed_16_6_5_3_0_ap_fixed_16_6_5_3_0_relu_config3_s'
================================================================
* Date:           Fri Mar 27 15:02:39 2026

* Version:        2025.1 (Build 6135595 on May 21 2025)
* Project:        myproject_prj
* Solution:       solution1 (Vivado IP Flow Target)
* Product family: zynq
* Target device:  xc7z020-clg400-1


================================================================
== Performance Estimates
================================================================
+ Timing: 
    * Summary: 
    +--------+---------+----------+------------+
    |  Clock |  Target | Estimated| Uncertainty|
    +--------+---------+----------+------------+
    |ap_clk  |  5.00 ns|  2.830 ns|     1.35 ns|
    +--------+---------+----------+------------+

+ Latency: 
    * Summary: 
    +---------+---------+----------+----------+-----+-----+---------+
    |  Latency (cycles) |  Latency (absolute) |  Interval | Pipeline|
    |   min   |   max   |    min   |    max   | min | max |   Type  |
    +---------+---------+----------+----------+-----+-----+---------+
    |        0|        0|      0 ns|      0 ns|    1|    1|      yes|
    +---------+---------+----------+----------+-----+-----+---------+

    + Detail: 
        * Instance: 
        N/A

        * Loop: 
        N/A



================================================================
== Utilization Estimates
================================================================
* Summary: 
+-----------------+---------+-----+--------+-------+-----+
|       Name      | BRAM_18K| DSP |   FF   |  LUT  | URAM|
+-----------------+---------+-----+--------+-------+-----+
|DSP              |        -|    -|       -|      -|    -|
|Expression       |        -|    -|       0|    304|    -|
|FIFO             |        -|    -|       -|      -|    -|
|Instance         |        -|    -|       -|      -|    -|
|Memory           |        -|    -|       -|      -|    -|
|Multiplexer      |        -|    -|       -|      -|    -|
|Register         |        -|    -|       -|      -|    -|
+-----------------+---------+-----+--------+-------+-----+
|Total            |        0|    0|       0|    304|    0|
+-----------------+---------+-----+--------+-------+-----+
|Available        |      280|  220|  106400|  53200|    0|
+-----------------+---------+-----+--------+-------+-----+
|Utilization (%)  |        0|    0|       0|     ~0|    0|
+-----------------+---------+-----+--------+-------+-----+

+ Detail: 
    * Instance: 
    N/A

    * DSP: 
    N/A

    * Memory: 
    N/A

    * FIFO: 
    N/A

    * Expression: 
    +--------------------------+----------+----+---+----+------------+------------+
    |       Variable Name      | Operation| DSP| FF| LUT| Bitwidth P0| Bitwidth P1|
    +--------------------------+----------+----+---+----+------------+------------+
    |icmp_ln45_10_fu_166_p2    |      icmp|   0|  0|  23|          16|           1|
    |icmp_ln45_11_fu_184_p2    |      icmp|   0|  0|  23|          16|           1|
    |icmp_ln45_12_fu_202_p2    |      icmp|   0|  0|  23|          16|           1|
    |icmp_ln45_13_fu_220_p2    |      icmp|   0|  0|  23|          16|           1|
    |icmp_ln45_14_fu_238_p2    |      icmp|   0|  0|  23|          16|           1|
    |icmp_ln45_8_fu_130_p2     |      icmp|   0|  0|  23|          16|           1|
    |icmp_ln45_9_fu_148_p2     |      icmp|   0|  0|  23|          16|           1|
    |icmp_ln45_fu_112_p2       |      icmp|   0|  0|  23|          16|           1|
    |select_ln45_10_fu_172_p3  |    select|   0|  0|  15|           1|          15|
    |select_ln45_11_fu_190_p3  |    select|   0|  0|  15|           1|          15|
    |select_ln45_12_fu_208_p3  |    select|   0|  0|  15|           1|          15|
    |select_ln45_13_fu_226_p3  |    select|   0|  0|  15|           1|          15|
    |select_ln45_14_fu_244_p3  |    select|   0|  0|  15|           1|          15|
    |select_ln45_8_fu_136_p3   |    select|   0|  0|  15|           1|          15|
    |select_ln45_9_fu_154_p3   |    select|   0|  0|  15|           1|          15|
    |select_ln45_fu_118_p3     |    select|   0|  0|  15|           1|          15|
    +--------------------------+----------+----+---+----+------------+------------+
    |Total                     |          |   0|  0| 304|         136|         128|
    +--------------------------+----------+----+---+----+------------+------------+

    * Multiplexer: 
    N/A

    * Register: 
    N/A



================================================================
== Interface
================================================================
* Summary: 
+-------------+-----+-----+------------+------------------------------------------------------------------------+--------------+
|  RTL Ports  | Dir | Bits|  Protocol  |                              Source Object                             |    C Type    |
+-------------+-----+-----+------------+------------------------------------------------------------------------+--------------+
|ap_ready     |  out|    1|  ap_ctrl_hs|  relu<ap_fixed<16, 6, 5, 3, 0>, ap_fixed<16, 6, 5, 3, 0>, relu_config3>|  return value|
|ap_return_0  |  out|   16|  ap_ctrl_hs|  relu<ap_fixed<16, 6, 5, 3, 0>, ap_fixed<16, 6, 5, 3, 0>, relu_config3>|  return value|
|ap_return_1  |  out|   16|  ap_ctrl_hs|  relu<ap_fixed<16, 6, 5, 3, 0>, ap_fixed<16, 6, 5, 3, 0>, relu_config3>|  return value|
|ap_return_2  |  out|   16|  ap_ctrl_hs|  relu<ap_fixed<16, 6, 5, 3, 0>, ap_fixed<16, 6, 5, 3, 0>, relu_config3>|  return value|
|ap_return_3  |  out|   16|  ap_ctrl_hs|  relu<ap_fixed<16, 6, 5, 3, 0>, ap_fixed<16, 6, 5, 3, 0>, relu_config3>|  return value|
|ap_return_4  |  out|   16|  ap_ctrl_hs|  relu<ap_fixed<16, 6, 5, 3, 0>, ap_fixed<16, 6, 5, 3, 0>, relu_config3>|  return value|
|ap_return_5  |  out|   16|  ap_ctrl_hs|  relu<ap_fixed<16, 6, 5, 3, 0>, ap_fixed<16, 6, 5, 3, 0>, relu_config3>|  return value|
|ap_return_6  |  out|   16|  ap_ctrl_hs|  relu<ap_fixed<16, 6, 5, 3, 0>, ap_fixed<16, 6, 5, 3, 0>, relu_config3>|  return value|
|ap_return_7  |  out|   16|  ap_ctrl_hs|  relu<ap_fixed<16, 6, 5, 3, 0>, ap_fixed<16, 6, 5, 3, 0>, relu_config3>|  return value|
|ap_rst       |   in|    1|  ap_ctrl_hs|  relu<ap_fixed<16, 6, 5, 3, 0>, ap_fixed<16, 6, 5, 3, 0>, relu_config3>|  return value|
|data_0_val   |   in|   16|     ap_none|                                                              data_0_val|        scalar|
|data_1_val   |   in|   16|     ap_none|                                                              data_1_val|        scalar|
|data_2_val   |   in|   16|     ap_none|                                                              data_2_val|        scalar|
|data_3_val   |   in|   16|     ap_none|                                                              data_3_val|        scalar|
|data_4_val   |   in|   16|     ap_none|                                                              data_4_val|        scalar|
|data_5_val   |   in|   16|     ap_none|                                                              data_5_val|        scalar|
|data_6_val   |   in|   16|     ap_none|                                                              data_6_val|        scalar|
|data_7_val   |   in|   16|     ap_none|                                                              data_7_val|        scalar|
+-------------+-----+-----+------------+------------------------------------------------------------------------+--------------+

