
*** Running vivado
    with args -log design_1_wrapper.vdi -applog -m64 -product Vivado -messageDb vivado.pb -mode batch -source design_1_wrapper.tcl -notrace


****** Vivado v2025.1 (64-bit)
  **** SW Build 6140274 on Wed May 21 22:58:25 MDT 2025
  **** IP Build 6138677 on Thu May 22 03:10:11 MDT 2025
  **** SharedData Build 6139179 on Tue May 20 17:58:58 MDT 2025
  **** Start of session at: Thu Mar 26 14:17:20 2026
    ** Copyright 1986-2022 Xilinx, Inc. All Rights Reserved.
    ** Copyright 2022-2025 Advanced Micro Devices, Inc. All Rights Reserved.

source design_1_wrapper.tcl -notrace
INFO: [IP_Flow 19-234] Refreshing IP repositories
INFO: [IP_Flow 19-1700] Loaded user IP repository '/media/thifj/923884033883E497/Linux_usable/hls4ml/projeto_hls_saida/myproject_prj/solution1/impl/ip'.
INFO: [IP_Flow 19-2313] Loaded Vivado IP repository '/home/thifj/Desktop/Xilinx/2025.1/Vivado/data/ip'.
Command: link_design -top design_1_wrapper -part xczu7ev-ffvc1156-2-e
Design is defaulting to srcset: sources_1
Design is defaulting to constrset: constrs_1
INFO: [Device 21-403] Loading part xczu7ev-ffvc1156-2-e
INFO: [Project 1-5699] Read binary netlist with skipMacroContent - 1
INFO: [Project 1-454] Reading design checkpoint '/media/thifj/923884033883E497/Linux_usable/hls4ml/vivado_project/hlsforml/hlsforml.gen/sources_1/bd/design_1/ip/design_1_axi_dma_0_0/design_1_axi_dma_0_0.dcp' for cell 'design_1_i/axi_dma_0'
INFO: [Project 1-454] Reading design checkpoint '/media/thifj/923884033883E497/Linux_usable/hls4ml/vivado_project/hlsforml/hlsforml.gen/sources_1/bd/design_1/ip/design_1_axi_smc_0/design_1_axi_smc_0.dcp' for cell 'design_1_i/axi_smc'
INFO: [Project 1-454] Reading design checkpoint '/media/thifj/923884033883E497/Linux_usable/hls4ml/vivado_project/hlsforml/hlsforml.gen/sources_1/bd/design_1/ip/design_1_axis_dwidth_converter_0_0/design_1_axis_dwidth_converter_0_0.dcp' for cell 'design_1_i/axis_dwidth_converter_0'
INFO: [Project 1-454] Reading design checkpoint '/media/thifj/923884033883E497/Linux_usable/hls4ml/vivado_project/hlsforml/hlsforml.gen/sources_1/bd/design_1/ip/design_1_axis_subset_converter_0_0/design_1_axis_subset_converter_0_0.dcp' for cell 'design_1_i/axis_subset_converter_0'
INFO: [Project 1-454] Reading design checkpoint '/media/thifj/923884033883E497/Linux_usable/hls4ml/vivado_project/hlsforml/hlsforml.gen/sources_1/bd/design_1/ip/design_1_axis_subset_converter_1_0/design_1_axis_subset_converter_1_0.dcp' for cell 'design_1_i/axis_subset_converter_1'
INFO: [Project 1-454] Reading design checkpoint '/media/thifj/923884033883E497/Linux_usable/hls4ml/vivado_project/hlsforml/hlsforml.gen/sources_1/bd/design_1/ip/design_1_myproject_0_0/design_1_myproject_0_0.dcp' for cell 'design_1_i/myproject_0'
INFO: [Project 1-454] Reading design checkpoint '/media/thifj/923884033883E497/Linux_usable/hls4ml/vivado_project/hlsforml/hlsforml.gen/sources_1/bd/design_1/ip/design_1_rst_ps8_0_100M_0/design_1_rst_ps8_0_100M_0.dcp' for cell 'design_1_i/rst_ps8_0_100M'
INFO: [Project 1-454] Reading design checkpoint '/media/thifj/923884033883E497/Linux_usable/hls4ml/vivado_project/hlsforml/hlsforml.gen/sources_1/bd/design_1/ip/design_1_zynq_ultra_ps_e_0_0/design_1_zynq_ultra_ps_e_0_0.dcp' for cell 'design_1_i/zynq_ultra_ps_e_0'
Netlist sorting complete. Time (s): cpu = 00:00:00.23 ; elapsed = 00:00:00.23 . Memory (MB): peak = 2745.785 ; gain = 0.000 ; free physical = 8315 ; free virtual = 21172
INFO: [Netlist 29-17] Analyzing 1211 Unisim elements for replacement
INFO: [Netlist 29-28] Unisim Transformation completed in 1 CPU seconds
INFO: [Project 1-479] Netlist was created with Vivado 2025.1
INFO: [Project 1-570] Preparing netlist for logic optimization
Parsing XDC File [/media/thifj/923884033883E497/Linux_usable/hls4ml/vivado_project/hlsforml/hlsforml.gen/sources_1/bd/design_1/ip/design_1_zynq_ultra_ps_e_0_0/design_1_zynq_ultra_ps_e_0_0.xdc] for cell 'design_1_i/zynq_ultra_ps_e_0/inst'
Finished Parsing XDC File [/media/thifj/923884033883E497/Linux_usable/hls4ml/vivado_project/hlsforml/hlsforml.gen/sources_1/bd/design_1/ip/design_1_zynq_ultra_ps_e_0_0/design_1_zynq_ultra_ps_e_0_0.xdc] for cell 'design_1_i/zynq_ultra_ps_e_0/inst'
Parsing XDC File [/media/thifj/923884033883E497/Linux_usable/hls4ml/vivado_project/hlsforml/hlsforml.gen/sources_1/bd/design_1/ip/design_1_axi_dma_0_0/design_1_axi_dma_0_0.xdc] for cell 'design_1_i/axi_dma_0/U0'
Finished Parsing XDC File [/media/thifj/923884033883E497/Linux_usable/hls4ml/vivado_project/hlsforml/hlsforml.gen/sources_1/bd/design_1/ip/design_1_axi_dma_0_0/design_1_axi_dma_0_0.xdc] for cell 'design_1_i/axi_dma_0/U0'
Parsing XDC File [/media/thifj/923884033883E497/Linux_usable/hls4ml/vivado_project/hlsforml/hlsforml.gen/sources_1/bd/design_1/ip/design_1_axi_smc_0/bd_0/ip/ip_1/bd_afc3_psr_aclk_0_board.xdc] for cell 'design_1_i/axi_smc/inst/clk_map/psr_aclk/U0'
Finished Parsing XDC File [/media/thifj/923884033883E497/Linux_usable/hls4ml/vivado_project/hlsforml/hlsforml.gen/sources_1/bd/design_1/ip/design_1_axi_smc_0/bd_0/ip/ip_1/bd_afc3_psr_aclk_0_board.xdc] for cell 'design_1_i/axi_smc/inst/clk_map/psr_aclk/U0'
Parsing XDC File [/media/thifj/923884033883E497/Linux_usable/hls4ml/vivado_project/hlsforml/hlsforml.gen/sources_1/bd/design_1/ip/design_1_axi_smc_0/smartconnect.xdc] for cell 'design_1_i/axi_smc/inst'
Finished Parsing XDC File [/media/thifj/923884033883E497/Linux_usable/hls4ml/vivado_project/hlsforml/hlsforml.gen/sources_1/bd/design_1/ip/design_1_axi_smc_0/smartconnect.xdc] for cell 'design_1_i/axi_smc/inst'
Parsing XDC File [/media/thifj/923884033883E497/Linux_usable/hls4ml/vivado_project/hlsforml/hlsforml.gen/sources_1/bd/design_1/ip/design_1_rst_ps8_0_100M_0/design_1_rst_ps8_0_100M_0_board.xdc] for cell 'design_1_i/rst_ps8_0_100M/U0'
Finished Parsing XDC File [/media/thifj/923884033883E497/Linux_usable/hls4ml/vivado_project/hlsforml/hlsforml.gen/sources_1/bd/design_1/ip/design_1_rst_ps8_0_100M_0/design_1_rst_ps8_0_100M_0_board.xdc] for cell 'design_1_i/rst_ps8_0_100M/U0'
Parsing XDC File [/media/thifj/923884033883E497/Linux_usable/hls4ml/vivado_project/hlsforml/hlsforml.gen/sources_1/bd/design_1/ip/design_1_axi_dma_0_0/design_1_axi_dma_0_0_clocks.xdc] for cell 'design_1_i/axi_dma_0/U0'
Finished Parsing XDC File [/media/thifj/923884033883E497/Linux_usable/hls4ml/vivado_project/hlsforml/hlsforml.gen/sources_1/bd/design_1/ip/design_1_axi_dma_0_0/design_1_axi_dma_0_0_clocks.xdc] for cell 'design_1_i/axi_dma_0/U0'
INFO: [Project 1-1714] 58 XPM XDC files have been applied to the design.
INFO: [Opt 31-138] Pushed 0 inverter(s) to 0 load pin(s).
Netlist sorting complete. Time (s): cpu = 00:00:00 ; elapsed = 00:00:00.01 . Memory (MB): peak = 3882.586 ; gain = 0.000 ; free physical = 7390 ; free virtual = 20264
INFO: [Project 1-111] Unisim Transformation Summary:
  A total of 393 instances were transformed.
  DSP48E2 => DSP48E2 (DSP_ALU, DSP_A_B_DATA, DSP_C_DATA, DSP_MULTIPLIER, DSP_M_DATA, DSP_OUTPUT, DSP_PREADD, DSP_PREADD_DATA): 390 instances
  RAM16X1D => RAM32X1D (RAMD32(x2)): 2 instances
  RAM32M16 => RAM32M16 (RAMD32(x14), RAMS32(x2)): 1 instance 

20 Infos, 0 Warnings, 0 Critical Warnings and 0 Errors encountered.
link_design completed successfully
link_design: Time (s): cpu = 00:00:40 ; elapsed = 00:00:24 . Memory (MB): peak = 3882.621 ; gain = 2286.758 ; free physical = 7391 ; free virtual = 20265
Command: opt_design
Attempting to get a license for feature 'Implementation' and/or device 'xczu7ev'
INFO: [Common 17-349] Got license for feature 'Implementation' and/or device 'xczu7ev'
Running DRC as a precondition to command opt_design

Starting DRC Task
INFO: [DRC 23-27] Running DRC with 8 threads
INFO: [Project 1-461] DRC finished with 0 Errors
INFO: [Project 1-462] Please refer to the DRC report (report_drc) for more information.

Time (s): cpu = 00:00:02 ; elapsed = 00:00:00.55 . Memory (MB): peak = 3890.586 ; gain = 7.965 ; free physical = 7373 ; free virtual = 20247

Starting Cache Timing Information Task
INFO: [Timing 38-35] Done setting XDC timing constraints.
Ending Cache Timing Information Task | Checksum: 25b56bffa

Time (s): cpu = 00:00:21 ; elapsed = 00:00:04 . Memory (MB): peak = 3890.586 ; gain = 0.000 ; free physical = 7377 ; free virtual = 20251

Starting Logic Optimization Task

Phase 1 Initialization

Phase 1.1 Core Generation And Design Setup
Phase 1.1 Core Generation And Design Setup | Checksum: 25b56bffa

Time (s): cpu = 00:00:00.07 ; elapsed = 00:00:00.08 . Memory (MB): peak = 4210.484 ; gain = 0.000 ; free physical = 7079 ; free virtual = 19953

Phase 1.2 Setup Constraints And Sort Netlist
Phase 1.2 Setup Constraints And Sort Netlist | Checksum: 25b56bffa

Time (s): cpu = 00:00:00.09 ; elapsed = 00:00:00.09 . Memory (MB): peak = 4210.484 ; gain = 0.000 ; free physical = 7079 ; free virtual = 19953
Phase 1 Initialization | Checksum: 25b56bffa

Time (s): cpu = 00:00:00.09 ; elapsed = 00:00:00.1 . Memory (MB): peak = 4210.484 ; gain = 0.000 ; free physical = 7079 ; free virtual = 19953

Phase 2 Timer Update And Timing Data Collection

Phase 2.1 Timer Update
Phase 2.1 Timer Update | Checksum: 25b56bffa

Time (s): cpu = 00:00:06 ; elapsed = 00:00:01 . Memory (MB): peak = 4210.484 ; gain = 0.000 ; free physical = 7080 ; free virtual = 19954

Phase 2.2 Timing Data Collection
Phase 2.2 Timing Data Collection | Checksum: 25b56bffa

Time (s): cpu = 00:00:06 ; elapsed = 00:00:01 . Memory (MB): peak = 4210.484 ; gain = 0.000 ; free physical = 7076 ; free virtual = 19950
Phase 2 Timer Update And Timing Data Collection | Checksum: 25b56bffa

Time (s): cpu = 00:00:06 ; elapsed = 00:00:01 . Memory (MB): peak = 4210.484 ; gain = 0.000 ; free physical = 7076 ; free virtual = 19950

Phase 3 Retarget
INFO: [Opt 31-1851] Number of loadless carry chains removed were: 0
INFO: [Opt 31-1834] Total Chains To Be Transformed Were: 0 AND Number of Transformed insts Created are: 0
INFO: [Opt 31-1566] Pulled 5 inverters resulting in an inversion of 55 pins
INFO: [Opt 31-138] Pushed 69 inverter(s) to 953 load pin(s).
INFO: [Opt 31-49] Retargeted 0 cell(s).
Phase 3 Retarget | Checksum: 2109d5597

Time (s): cpu = 00:00:06 ; elapsed = 00:00:02 . Memory (MB): peak = 4210.484 ; gain = 0.000 ; free physical = 7075 ; free virtual = 19950
Retarget | Checksum: 2109d5597
INFO: [Opt 31-389] Phase Retarget created 22 cells and removed 400 cells
INFO: [Opt 31-1021] In phase Retarget, 80 netlist objects are constrained preventing optimization. Please run opt_design with -debug_log to get more detail. 

Phase 4 Constant propagation
INFO: [Opt 31-138] Pushed 0 inverter(s) to 0 load pin(s).
Phase 4 Constant propagation | Checksum: 2ab81685e

Time (s): cpu = 00:00:06 ; elapsed = 00:00:02 . Memory (MB): peak = 4210.484 ; gain = 0.000 ; free physical = 7076 ; free virtual = 19951
Constant propagation | Checksum: 2ab81685e
INFO: [Opt 31-389] Phase Constant propagation created 26 cells and removed 72 cells
INFO: [Opt 31-1021] In phase Constant propagation, 80 netlist objects are constrained preventing optimization. Please run opt_design with -debug_log to get more detail. 

Phase 5 Sweep
INFO: [Constraints 18-11670] Building netlist checker database with flags, 0x8
Done building netlist checker database: Time (s): cpu = 00:00:00.03 ; elapsed = 00:00:00.03 . Memory (MB): peak = 4210.484 ; gain = 0.000 ; free physical = 7076 ; free virtual = 19951
INFO: [Constraints 18-11670] Building netlist checker database with flags, 0x8
Done building netlist checker database: Time (s): cpu = 00:00:00.02 ; elapsed = 00:00:00.02 . Memory (MB): peak = 4210.484 ; gain = 0.000 ; free physical = 7076 ; free virtual = 19951
Phase 5 Sweep | Checksum: 26e029d08

Time (s): cpu = 00:00:07 ; elapsed = 00:00:03 . Memory (MB): peak = 4210.484 ; gain = 0.000 ; free physical = 7077 ; free virtual = 19951
Sweep | Checksum: 26e029d08
INFO: [Opt 31-389] Phase Sweep created 0 cells and removed 1443 cells
INFO: [Opt 31-1021] In phase Sweep, 102 netlist objects are constrained preventing optimization. Please run opt_design with -debug_log to get more detail. 

Phase 6 BUFG optimization
INFO: [Opt 31-1077] Phase BUFG optimization inserted 0 global clock buffer(s) for CLOCK_LOW_FANOUT.
Phase 6 BUFG optimization | Checksum: 26e029d08

Time (s): cpu = 00:00:09 ; elapsed = 00:00:04 . Memory (MB): peak = 4242.500 ; gain = 32.016 ; free physical = 7077 ; free virtual = 19952
BUFG optimization | Checksum: 26e029d08
INFO: [Opt 31-662] Phase BUFG optimization created 0 cells of which 0 are BUFGs and removed 0 cells.

Phase 7 Shift Register Optimization
INFO: [Opt 31-1064] SRL Remap converted 0 SRLs to 0 registers and converted 0 registers of register chains to 0 SRLs
Phase 7 Shift Register Optimization | Checksum: 26e029d08

Time (s): cpu = 00:00:09 ; elapsed = 00:00:04 . Memory (MB): peak = 4242.500 ; gain = 32.016 ; free physical = 7077 ; free virtual = 19952
Shift Register Optimization | Checksum: 26e029d08
INFO: [Opt 31-389] Phase Shift Register Optimization created 0 cells and removed 0 cells

Phase 8 Post Processing Netlist
Phase 8 Post Processing Netlist | Checksum: 292367810

Time (s): cpu = 00:00:09 ; elapsed = 00:00:04 . Memory (MB): peak = 4242.500 ; gain = 32.016 ; free physical = 7077 ; free virtual = 19952
Post Processing Netlist | Checksum: 292367810
INFO: [Opt 31-389] Phase Post Processing Netlist created 0 cells and removed 0 cells
INFO: [Opt 31-1021] In phase Post Processing Netlist, 95 netlist objects are constrained preventing optimization. Please run opt_design with -debug_log to get more detail. 

Phase 9 Finalization

Phase 9.1 Finalizing Design Cores and Updating Shapes
Phase 9.1 Finalizing Design Cores and Updating Shapes | Checksum: 24c81fe64

Time (s): cpu = 00:00:10 ; elapsed = 00:00:05 . Memory (MB): peak = 4242.500 ; gain = 32.016 ; free physical = 7088 ; free virtual = 19963

Phase 9.2 Verifying Netlist Connectivity

Starting Connectivity Check Task

Time (s): cpu = 00:00:00.02 ; elapsed = 00:00:00.03 . Memory (MB): peak = 4242.500 ; gain = 0.000 ; free physical = 7088 ; free virtual = 19963
Phase 9.2 Verifying Netlist Connectivity | Checksum: 24c81fe64

Time (s): cpu = 00:00:10 ; elapsed = 00:00:05 . Memory (MB): peak = 4242.500 ; gain = 32.016 ; free physical = 7088 ; free virtual = 19963
Phase 9 Finalization | Checksum: 24c81fe64

Time (s): cpu = 00:00:10 ; elapsed = 00:00:05 . Memory (MB): peak = 4242.500 ; gain = 32.016 ; free physical = 7088 ; free virtual = 19963
Opt_design Change Summary
=========================


-------------------------------------------------------------------------------------------------------------------------
|  Phase                        |  #Cells created  |  #Cells Removed  |  #Constrained objects preventing optimizations  |
-------------------------------------------------------------------------------------------------------------------------
|  Retarget                     |              22  |             400  |                                             80  |
|  Constant propagation         |              26  |              72  |                                             80  |
|  Sweep                        |               0  |            1443  |                                            102  |
|  BUFG optimization            |               0  |               0  |                                              0  |
|  Shift Register Optimization  |               0  |               0  |                                              0  |
|  Post Processing Netlist      |               0  |               0  |                                             95  |
-------------------------------------------------------------------------------------------------------------------------


Ending Logic Optimization Task | Checksum: 24c81fe64

Time (s): cpu = 00:00:10 ; elapsed = 00:00:05 . Memory (MB): peak = 4242.500 ; gain = 32.016 ; free physical = 7088 ; free virtual = 19963

Starting Power Optimization Task
INFO: [Pwropt 34-132] Skipping clock gating for clocks with a period < 2.00 ns.
INFO: [Pwropt 34-9] Applying IDT optimizations ...
INFO: [Pwropt 34-10] Applying ODC optimizations ...
INFO: [Timing 38-35] Done setting XDC timing constraints.
Running Vector-less Activity Propagation...

Finished Running Vector-less Activity Propagation


Starting PowerOpt Patch Enables Task
INFO: [Pwropt 34-162] WRITE_MODE attribute of 0 BRAM(s) out of a total of 4 has been updated to save power. Run report_power_opt to get a complete listing of the BRAMs updated.
INFO: [Pwropt 34-201] Structural ODC has moved 0 WE to EN ports
Number of BRAM Ports augmented: 2 newly gated: 0 Total Ports: 8
Ending PowerOpt Patch Enables Task | Checksum: 11548ea4c

Time (s): cpu = 00:00:00.35 ; elapsed = 00:00:00.32 . Memory (MB): peak = 4876.844 ; gain = 0.000 ; free physical = 6591 ; free virtual = 19470
Ending Power Optimization Task | Checksum: 11548ea4c

Time (s): cpu = 00:00:31 ; elapsed = 00:00:07 . Memory (MB): peak = 4876.844 ; gain = 634.344 ; free physical = 6591 ; free virtual = 19470

Starting Final Cleanup Task
Ending Final Cleanup Task | Checksum: 11548ea4c

Time (s): cpu = 00:00:00 ; elapsed = 00:00:00 . Memory (MB): peak = 4876.844 ; gain = 0.000 ; free physical = 6591 ; free virtual = 19470

Starting Netlist Obfuscation Task
Netlist sorting complete. Time (s): cpu = 00:00:00.01 ; elapsed = 00:00:00.01 . Memory (MB): peak = 4876.844 ; gain = 0.000 ; free physical = 6591 ; free virtual = 19470
Ending Netlist Obfuscation Task | Checksum: 1c598aa39

Time (s): cpu = 00:00:00.01 ; elapsed = 00:00:00.01 . Memory (MB): peak = 4876.844 ; gain = 0.000 ; free physical = 6591 ; free virtual = 19470
INFO: [Common 17-83] Releasing license: Implementation
52 Infos, 0 Warnings, 0 Critical Warnings and 0 Errors encountered.
opt_design completed successfully
opt_design: Time (s): cpu = 00:01:05 ; elapsed = 00:00:18 . Memory (MB): peak = 4876.844 ; gain = 994.223 ; free physical = 6591 ; free virtual = 19470
INFO: [Vivado 12-24828] Executing command : report_drc -file design_1_wrapper_drc_opted.rpt -pb design_1_wrapper_drc_opted.pb -rpx design_1_wrapper_drc_opted.rpx
Command: report_drc -file design_1_wrapper_drc_opted.rpt -pb design_1_wrapper_drc_opted.pb -rpx design_1_wrapper_drc_opted.rpx
INFO: [IP_Flow 19-1839] IP Catalog is up to date.
INFO: [DRC 23-27] Running DRC with 8 threads
INFO: [Vivado_Tcl 2-168] The results of DRC are in file /media/thifj/923884033883E497/Linux_usable/hls4ml/vivado_project/hlsforml/hlsforml.runs/impl_1/design_1_wrapper_drc_opted.rpt.
report_drc completed successfully
INFO: [Timing 38-480] Writing timing data to binary archive.
Write ShapeDB Complete: Time (s): cpu = 00:00:00.22 ; elapsed = 00:00:00.05 . Memory (MB): peak = 4876.844 ; gain = 0.000 ; free physical = 6581 ; free virtual = 19467
INFO: [Common 17-1381] The checkpoint '/media/thifj/923884033883E497/Linux_usable/hls4ml/vivado_project/hlsforml/hlsforml.runs/impl_1/design_1_wrapper_opt.dcp' has been generated.
Command: place_design
Attempting to get a license for feature 'Implementation' and/or device 'xczu7ev'
INFO: [Common 17-349] Got license for feature 'Implementation' and/or device 'xczu7ev'
INFO: [Common 17-83] Releasing license: Implementation
INFO: [DRC 23-27] Running DRC with 8 threads
INFO: [Vivado_Tcl 4-198] DRC finished with 0 Errors
INFO: [Vivado_Tcl 4-199] Please refer to the DRC report (report_drc) for more information.
Running DRC as a precondition to command place_design
INFO: [DRC 23-27] Running DRC with 8 threads
INFO: [Vivado_Tcl 4-198] DRC finished with 0 Errors
INFO: [Vivado_Tcl 4-199] Please refer to the DRC report (report_drc) for more information.
INFO: [Place 30-611] Multithreading enabled for place_design using a maximum of 8 CPUs

Starting Placer Task

Phase 1 Placer Initialization

Phase 1.1 Placer Initialization Netlist Sorting
Netlist sorting complete. Time (s): cpu = 00:00:00.01 ; elapsed = 00:00:00.01 . Memory (MB): peak = 4876.844 ; gain = 0.000 ; free physical = 6568 ; free virtual = 19459
Phase 1.1 Placer Initialization Netlist Sorting | Checksum: fed8685b

Time (s): cpu = 00:00:00.06 ; elapsed = 00:00:00.04 . Memory (MB): peak = 4876.844 ; gain = 0.000 ; free physical = 6568 ; free virtual = 19459
Netlist sorting complete. Time (s): cpu = 00:00:00.01 ; elapsed = 00:00:00.01 . Memory (MB): peak = 4876.844 ; gain = 0.000 ; free physical = 6568 ; free virtual = 19459

Phase 1.2 IO Placement/ Clock Placement/ Build Placer Device
INFO: [Timing 38-35] Done setting XDC timing constraints.
Phase 1.2 IO Placement/ Clock Placement/ Build Placer Device | Checksum: 1fb83d84c

Time (s): cpu = 00:00:30 ; elapsed = 00:00:14 . Memory (MB): peak = 4919.191 ; gain = 42.348 ; free physical = 6029 ; free virtual = 19128

Phase 1.3 Build Placer Netlist Model
Phase 1.3 Build Placer Netlist Model | Checksum: 2447357b1

Time (s): cpu = 00:00:46 ; elapsed = 00:00:21 . Memory (MB): peak = 5103.934 ; gain = 227.090 ; free physical = 5855 ; free virtual = 18964

Phase 1.4 Constrain Clocks/Macros
Phase 1.4 Constrain Clocks/Macros | Checksum: 2447357b1

Time (s): cpu = 00:00:46 ; elapsed = 00:00:21 . Memory (MB): peak = 5103.934 ; gain = 227.090 ; free physical = 5855 ; free virtual = 18964
Phase 1 Placer Initialization | Checksum: 2447357b1

Time (s): cpu = 00:00:46 ; elapsed = 00:00:21 . Memory (MB): peak = 5103.934 ; gain = 227.090 ; free physical = 5855 ; free virtual = 18964

Phase 2 Global Placement

Phase 2.1 Floorplanning

Phase 2.1.1 Partition Driven Placement

Phase 2.1.1.1 PBP: Partition Driven Placement
Phase 2.1.1.1 PBP: Partition Driven Placement | Checksum: 2e7c3fbfa

Time (s): cpu = 00:00:56 ; elapsed = 00:00:25 . Memory (MB): peak = 5135.949 ; gain = 259.105 ; free physical = 5852 ; free virtual = 18963

Phase 2.1.1.2 PBP: Clock Region Placement
INFO: [Place 30-3162] Check ILP status : ILP-based clock placer completed successfully.
Phase 2.1.1.2 PBP: Clock Region Placement | Checksum: 2e7c3fbfa

Time (s): cpu = 00:00:56 ; elapsed = 00:00:25 . Memory (MB): peak = 5135.949 ; gain = 259.105 ; free physical = 5852 ; free virtual = 18964

Phase 2.1.1.3 PBP: Compute Congestion
Phase 2.1.1.3 PBP: Compute Congestion | Checksum: 2e7c3fbfa

Time (s): cpu = 00:01:06 ; elapsed = 00:00:28 . Memory (MB): peak = 5466.934 ; gain = 590.090 ; free physical = 5054 ; free virtual = 18593

Phase 2.1.1.4 PBP: UpdateTiming
Phase 2.1.1.4 PBP: UpdateTiming | Checksum: 224e152e2

Time (s): cpu = 00:01:08 ; elapsed = 00:00:28 . Memory (MB): peak = 5498.949 ; gain = 622.105 ; free physical = 5054 ; free virtual = 18593

Phase 2.1.1.5 PBP: Add part constraints
Phase 2.1.1.5 PBP: Add part constraints | Checksum: 224e152e2

Time (s): cpu = 00:01:08 ; elapsed = 00:00:29 . Memory (MB): peak = 5498.949 ; gain = 622.105 ; free physical = 5054 ; free virtual = 18593
Phase 2.1.1 Partition Driven Placement | Checksum: 224e152e2

Time (s): cpu = 00:01:08 ; elapsed = 00:00:29 . Memory (MB): peak = 5498.949 ; gain = 622.105 ; free physical = 5054 ; free virtual = 18593
Phase 2.1 Floorplanning | Checksum: 2d63f091e

Time (s): cpu = 00:01:08 ; elapsed = 00:00:29 . Memory (MB): peak = 5498.949 ; gain = 622.105 ; free physical = 5054 ; free virtual = 18593

Phase 2.2 Update Timing before SLR Path Opt
Phase 2.2 Update Timing before SLR Path Opt | Checksum: 2d63f091e

Time (s): cpu = 00:01:08 ; elapsed = 00:00:29 . Memory (MB): peak = 5498.949 ; gain = 622.105 ; free physical = 5054 ; free virtual = 18594

Phase 2.3 Post-Processing in Floorplanning
Phase 2.3 Post-Processing in Floorplanning | Checksum: 2d63f091e

Time (s): cpu = 00:01:08 ; elapsed = 00:00:29 . Memory (MB): peak = 5498.949 ; gain = 622.105 ; free physical = 5054 ; free virtual = 18593

Phase 2.4 Global Place Phase1
Phase 2.4 Global Place Phase1 | Checksum: 34a7beb04

Time (s): cpu = 00:01:48 ; elapsed = 00:00:44 . Memory (MB): peak = 5619.949 ; gain = 743.105 ; free physical = 4970 ; free virtual = 18511

Phase 2.5 Global Place Phase2

Phase 2.5.1 UpdateTiming Before Physical Synthesis
Phase 2.5.1 UpdateTiming Before Physical Synthesis | Checksum: 34a7beb04

Time (s): cpu = 00:01:52 ; elapsed = 00:00:44 . Memory (MB): peak = 5619.949 ; gain = 743.105 ; free physical = 4970 ; free virtual = 18511

Phase 2.5.2 Physical Synthesis In Placer
INFO: [Physopt 32-1035] Found 0 LUTNM shape to break, 1033 LUT instances to create LUTNM shape
INFO: [Physopt 32-1044] Break lutnm for timing: one critical 0, two critical 0, total 0, new lutff created 0
INFO: [Physopt 32-1138] End 1 Pass. Optimized 460 nets or LUTs. Breaked 0 LUT, combined 460 existing LUTs and moved 0 existing LUT
INFO: [Physopt 32-670] No setup violation found.  Equivalent Driver Rewiring was not performed.
INFO: [Physopt 32-65] No nets found for high-fanout optimization.
INFO: [Physopt 32-232] Optimized 0 net. Created 0 new instance.
INFO: [Physopt 32-775] End 1 Pass. Optimized 0 net or cell. Created 0 new cell, deleted 0 existing cell and moved 0 existing cell
INFO: [Physopt 32-670] No setup violation found.  DSP Register Optimization was not performed.
INFO: [Physopt 32-670] No setup violation found.  Shift Register to Pipeline Optimization was not performed.
INFO: [Physopt 32-670] No setup violation found.  Shift Register Optimization was not performed.
INFO: [Physopt 32-670] No setup violation found.  BRAM Register Optimization was not performed.
INFO: [Physopt 32-670] No setup violation found.  URAM Register Optimization was not performed.
INFO: [Physopt 32-949] No candidate nets found for dynamic/static region interface net replication
INFO: [Physopt 32-775] End 1 Pass. Optimized 0 net or cell. Created 0 new cell, deleted 0 existing cell and moved 0 existing cell
Netlist sorting complete. Time (s): cpu = 00:00:00.01 ; elapsed = 00:00:00.01 . Memory (MB): peak = 5619.949 ; gain = 0.000 ; free physical = 4967 ; free virtual = 18511

Summary of Physical Synthesis Optimizations
============================================


-----------------------------------------------------------------------------------------------------------------------------------------------------------
|  Optimization                                     |  Added Cells  |  Removed Cells  |  Optimized Cells/Nets  |  Dont Touch  |  Iterations  |  Elapsed   |
-----------------------------------------------------------------------------------------------------------------------------------------------------------
|  LUT Combining                                    |            0  |            460  |                   460  |           0  |           1  |  00:00:00  |
|  Retime                                           |            0  |              0  |                     0  |           0  |           1  |  00:00:00  |
|  Equivalent Driver Rewiring                       |            0  |              0  |                     0  |           0  |           0  |  00:00:00  |
|  Very High Fanout                                 |            0  |              0  |                     0  |           0  |           1  |  00:00:00  |
|  DSP Register                                     |            0  |              0  |                     0  |           0  |           0  |  00:00:00  |
|  Shift Register to Pipeline                       |            0  |              0  |                     0  |           0  |           0  |  00:00:00  |
|  Shift Register                                   |            0  |              0  |                     0  |           0  |           0  |  00:00:00  |
|  BRAM Register                                    |            0  |              0  |                     0  |           0  |           0  |  00:00:00  |
|  URAM Register                                    |            0  |              0  |                     0  |           0  |           0  |  00:00:00  |
|  Dynamic/Static Region Interface Net Replication  |            0  |              0  |                     0  |           0  |           1  |  00:00:00  |
|  Total                                            |            0  |            460  |                   460  |           0  |           4  |  00:00:01  |
-----------------------------------------------------------------------------------------------------------------------------------------------------------


Phase 2.5.2 Physical Synthesis In Placer | Checksum: 31817901a

Time (s): cpu = 00:01:56 ; elapsed = 00:00:48 . Memory (MB): peak = 5619.949 ; gain = 743.105 ; free physical = 4968 ; free virtual = 18512
Phase 2.5 Global Place Phase2 | Checksum: 2eff3dcb4

Time (s): cpu = 00:02:22 ; elapsed = 00:00:57 . Memory (MB): peak = 5619.949 ; gain = 743.105 ; free physical = 4997 ; free virtual = 18542
Phase 2 Global Placement | Checksum: 2eff3dcb4

Time (s): cpu = 00:02:22 ; elapsed = 00:00:57 . Memory (MB): peak = 5619.949 ; gain = 743.105 ; free physical = 4997 ; free virtual = 18542

Phase 3 Detail Placement

Phase 3.1 Commit Multi Column Macros
Phase 3.1 Commit Multi Column Macros | Checksum: 2e19fc5ef

Time (s): cpu = 00:02:35 ; elapsed = 00:01:00 . Memory (MB): peak = 5619.949 ; gain = 743.105 ; free physical = 4965 ; free virtual = 18509

Phase 3.2 Commit Most Macros & LUTRAMs
Phase 3.2 Commit Most Macros & LUTRAMs | Checksum: 28f48dfeb

Time (s): cpu = 00:02:39 ; elapsed = 00:01:02 . Memory (MB): peak = 5619.949 ; gain = 743.105 ; free physical = 4966 ; free virtual = 18510

Phase 3.3 Small Shape DP

Phase 3.3.1 Small Shape Clustering
Phase 3.3.1 Small Shape Clustering | Checksum: 2ee658d7a

Time (s): cpu = 00:02:49 ; elapsed = 00:01:05 . Memory (MB): peak = 5619.949 ; gain = 743.105 ; free physical = 4968 ; free virtual = 18513

Phase 3.3.2 Slice Area Swap

Phase 3.3.2.1 Slice Area Swap Initial
Phase 3.3.2.1 Slice Area Swap Initial | Checksum: 35ab5a241

Time (s): cpu = 00:02:50 ; elapsed = 00:01:05 . Memory (MB): peak = 5619.949 ; gain = 743.105 ; free physical = 4968 ; free virtual = 18514
Phase 3.3.2 Slice Area Swap | Checksum: 35ab5a241

Time (s): cpu = 00:02:51 ; elapsed = 00:01:06 . Memory (MB): peak = 5619.949 ; gain = 743.105 ; free physical = 4968 ; free virtual = 18514
Phase 3.3 Small Shape DP | Checksum: 280efadc4

Time (s): cpu = 00:02:53 ; elapsed = 00:01:06 . Memory (MB): peak = 5619.949 ; gain = 743.105 ; free physical = 4971 ; free virtual = 18516

Phase 3.4 Re-assign LUT pins
Phase 3.4 Re-assign LUT pins | Checksum: 21f112629

Time (s): cpu = 00:02:54 ; elapsed = 00:01:07 . Memory (MB): peak = 5619.949 ; gain = 743.105 ; free physical = 4972 ; free virtual = 18517

Phase 3.5 Pipeline Register Optimization
Phase 3.5 Pipeline Register Optimization | Checksum: 367384395

Time (s): cpu = 00:02:55 ; elapsed = 00:01:07 . Memory (MB): peak = 5619.949 ; gain = 743.105 ; free physical = 4972 ; free virtual = 18517
Phase 3 Detail Placement | Checksum: 367384395

Time (s): cpu = 00:02:55 ; elapsed = 00:01:07 . Memory (MB): peak = 5619.949 ; gain = 743.105 ; free physical = 4972 ; free virtual = 18517

Phase 4 Post Placement Optimization and Clean-Up

Phase 4.1 Post Commit Optimization
INFO: [Timing 38-35] Done setting XDC timing constraints.

Phase 4.1.1 Post Placement Optimization
Post Placement Optimization Initialization | Checksum: 314440a57

Phase 4.1.1.1 BUFG Insertion

Starting Physical Synthesis Task

Phase 1 Physical Synthesis Initialization
INFO: [Physopt 32-721] Multithreading enabled for phys_opt_design using a maximum of 8 CPUs
INFO: [Physopt 32-619] Estimated Timing Summary | WNS=5.162 | TNS=0.000 |
Phase 1 Physical Synthesis Initialization | Checksum: 238c3a57c

Time (s): cpu = 00:00:02 ; elapsed = 00:00:00.48 . Memory (MB): peak = 5619.949 ; gain = 0.000 ; free physical = 4957 ; free virtual = 18504
INFO: [Place 46-56] BUFG insertion identified 0 candidate nets. Inserted BUFG: 0, Replicated BUFG Driver: 0, Skipped due to Placement/Routing Conflicts: 0, Skipped due to Timing Degradation: 0, Skipped due to netlist editing failed: 0.
Ending Physical Synthesis Task | Checksum: 344491c7d

Time (s): cpu = 00:00:02 ; elapsed = 00:00:00.62 . Memory (MB): peak = 5619.949 ; gain = 0.000 ; free physical = 4957 ; free virtual = 18504
Phase 4.1.1.1 BUFG Insertion | Checksum: 314440a57

Time (s): cpu = 00:03:36 ; elapsed = 00:01:18 . Memory (MB): peak = 5619.949 ; gain = 743.105 ; free physical = 4956 ; free virtual = 18503

Phase 4.1.1.2 Post Placement Timing Optimization
INFO: [Place 30-746] Post Placement Timing Summary WNS=5.162. For the most accurate timing information please run report_timing.
Phase 4.1.1.2 Post Placement Timing Optimization | Checksum: 2995d413f

Time (s): cpu = 00:03:38 ; elapsed = 00:01:18 . Memory (MB): peak = 5619.949 ; gain = 743.105 ; free physical = 4960 ; free virtual = 18507

Time (s): cpu = 00:03:38 ; elapsed = 00:01:18 . Memory (MB): peak = 5619.949 ; gain = 743.105 ; free physical = 4960 ; free virtual = 18507
Phase 4.1 Post Commit Optimization | Checksum: 2995d413f

Time (s): cpu = 00:03:39 ; elapsed = 00:01:18 . Memory (MB): peak = 5619.949 ; gain = 743.105 ; free physical = 4960 ; free virtual = 18507
Netlist sorting complete. Time (s): cpu = 00:00:00.01 ; elapsed = 00:00:00.01 . Memory (MB): peak = 5698.934 ; gain = 0.000 ; free physical = 4833 ; free virtual = 18381

Phase 4.2 Post Placement Cleanup
Phase 4.2 Post Placement Cleanup | Checksum: 20b0c844b

Time (s): cpu = 00:03:52 ; elapsed = 00:01:24 . Memory (MB): peak = 5698.934 ; gain = 822.090 ; free physical = 4833 ; free virtual = 18381

Phase 4.3 Placer Reporting

Phase 4.3.1 Print Estimated Congestion
INFO: [Place 30-612] Post-Placement Estimated Congestion 
 ________________________________________________________________________
|           | Global Congestion | Long Congestion   | Short Congestion  |
| Direction | Region Size       | Region Size       | Region Size       |
|___________|___________________|___________________|___________________|
|      North|                1x1|              16x16|                1x1|
|___________|___________________|___________________|___________________|
|      South|                1x1|                1x1|                1x1|
|___________|___________________|___________________|___________________|
|       East|                8x8|                4x4|                8x8|
|___________|___________________|___________________|___________________|
|       West|                1x1|                1x1|                2x2|
|___________|___________________|___________________|___________________|

Phase 4.3.1 Print Estimated Congestion | Checksum: 20b0c844b

Time (s): cpu = 00:03:53 ; elapsed = 00:01:25 . Memory (MB): peak = 5698.934 ; gain = 822.090 ; free physical = 4833 ; free virtual = 18381
Phase 4.3 Placer Reporting | Checksum: 20b0c844b

Time (s): cpu = 00:03:53 ; elapsed = 00:01:25 . Memory (MB): peak = 5698.934 ; gain = 822.090 ; free physical = 4833 ; free virtual = 18381

Phase 4.4 Final Placement Cleanup
Netlist sorting complete. Time (s): cpu = 00:00:00 ; elapsed = 00:00:00.01 . Memory (MB): peak = 5698.934 ; gain = 0.000 ; free physical = 4833 ; free virtual = 18381

Time (s): cpu = 00:03:53 ; elapsed = 00:01:25 . Memory (MB): peak = 5698.934 ; gain = 822.090 ; free physical = 4833 ; free virtual = 18381
Phase 4 Post Placement Optimization and Clean-Up | Checksum: 1a3c325e5

Time (s): cpu = 00:03:54 ; elapsed = 00:01:25 . Memory (MB): peak = 5698.934 ; gain = 822.090 ; free physical = 4833 ; free virtual = 18381
Ending Placer Task | Checksum: 187eebf45

Time (s): cpu = 00:03:54 ; elapsed = 00:01:25 . Memory (MB): peak = 5698.934 ; gain = 822.090 ; free physical = 4833 ; free virtual = 18381
89 Infos, 0 Warnings, 0 Critical Warnings and 0 Errors encountered.
place_design completed successfully
place_design: Time (s): cpu = 00:03:59 ; elapsed = 00:01:26 . Memory (MB): peak = 5698.934 ; gain = 822.090 ; free physical = 4833 ; free virtual = 18381
INFO: [Vivado 12-24838] Running report commands "report_control_sets, report_io, report_utilization" in parallel.
Running report generation with 3 threads.
INFO: [Vivado 12-24828] Executing command : report_control_sets -verbose -file design_1_wrapper_control_sets_placed.rpt
report_control_sets: Time (s): cpu = 00:00:00.32 ; elapsed = 00:00:00.34 . Memory (MB): peak = 5698.934 ; gain = 0.000 ; free physical = 4807 ; free virtual = 18354
INFO: [Vivado 12-24828] Executing command : report_io -file design_1_wrapper_io_placed.rpt
report_io: Time (s): cpu = 00:00:00.37 ; elapsed = 00:00:00.46 . Memory (MB): peak = 5698.934 ; gain = 0.000 ; free physical = 4768 ; free virtual = 18315
INFO: [Vivado 12-24828] Executing command : report_utilization -file design_1_wrapper_utilization_placed.rpt -pb design_1_wrapper_utilization_placed.pb
INFO: [Timing 38-480] Writing timing data to binary archive.
Write ShapeDB Complete: Time (s): cpu = 00:00:00.28 ; elapsed = 00:00:00.06 . Memory (MB): peak = 5698.934 ; gain = 0.000 ; free physical = 4791 ; free virtual = 18345
Wrote PlaceDB: Time (s): cpu = 00:00:04 ; elapsed = 00:00:01 . Memory (MB): peak = 5698.934 ; gain = 0.000 ; free physical = 4704 ; free virtual = 18328
Wrote PulsedLatchDB: Time (s): cpu = 00:00:00 ; elapsed = 00:00:00 . Memory (MB): peak = 5698.934 ; gain = 0.000 ; free physical = 4704 ; free virtual = 18328
Writing XDEF routing.
Writing XDEF routing logical nets.
Writing XDEF routing special nets.
Wrote RouteStorage: Time (s): cpu = 00:00:00.31 ; elapsed = 00:00:00.32 . Memory (MB): peak = 5698.934 ; gain = 0.000 ; free physical = 4704 ; free virtual = 18329
Wrote Netlist Cache: Time (s): cpu = 00:00:00.06 ; elapsed = 00:00:00.06 . Memory (MB): peak = 5698.934 ; gain = 0.000 ; free physical = 4697 ; free virtual = 18328
Wrote Device Cache: Time (s): cpu = 00:00:00.02 ; elapsed = 00:00:00.02 . Memory (MB): peak = 5698.934 ; gain = 0.000 ; free physical = 4696 ; free virtual = 18331
Write Physdb Complete: Time (s): cpu = 00:00:04 ; elapsed = 00:00:02 . Memory (MB): peak = 5698.934 ; gain = 0.000 ; free physical = 4696 ; free virtual = 18331
INFO: [Common 17-1381] The checkpoint '/media/thifj/923884033883E497/Linux_usable/hls4ml/vivado_project/hlsforml/hlsforml.runs/impl_1/design_1_wrapper_placed.dcp' has been generated.
Command: phys_opt_design
Attempting to get a license for feature 'Implementation' and/or device 'xczu7ev'
INFO: [Common 17-349] Got license for feature 'Implementation' and/or device 'xczu7ev'

Starting Initial Update Timing Task

Time (s): cpu = 00:00:09 ; elapsed = 00:00:03 . Memory (MB): peak = 5698.934 ; gain = 0.000 ; free physical = 4718 ; free virtual = 18286
INFO: [Vivado_Tcl 4-2279] Estimated Timing Summary | WNS= 5.159 | TNS= 0.000 | 
INFO: [Vivado_Tcl 4-383] Design worst setup slack (WNS) is greater than or equal to 0.000 ns. All physical synthesis setup optimizations will be skipped.
INFO: [Vivado_Tcl 4-232] No setup violation found. The netlist was not modified.
INFO: [Common 17-83] Releasing license: Implementation
100 Infos, 0 Warnings, 0 Critical Warnings and 0 Errors encountered.
phys_opt_design completed successfully
INFO: [Timing 38-480] Writing timing data to binary archive.
Write ShapeDB Complete: Time (s): cpu = 00:00:00.24 ; elapsed = 00:00:00.05 . Memory (MB): peak = 5698.934 ; gain = 0.000 ; free physical = 4709 ; free virtual = 18283
Wrote PlaceDB: Time (s): cpu = 00:00:04 ; elapsed = 00:00:01 . Memory (MB): peak = 5698.934 ; gain = 0.000 ; free physical = 4630 ; free virtual = 18273
Wrote PulsedLatchDB: Time (s): cpu = 00:00:00 ; elapsed = 00:00:00 . Memory (MB): peak = 5698.934 ; gain = 0.000 ; free physical = 4630 ; free virtual = 18273
Writing XDEF routing.
Writing XDEF routing logical nets.
Writing XDEF routing special nets.
Wrote RouteStorage: Time (s): cpu = 00:00:00.31 ; elapsed = 00:00:00.32 . Memory (MB): peak = 5698.934 ; gain = 0.000 ; free physical = 4630 ; free virtual = 18273
Wrote Netlist Cache: Time (s): cpu = 00:00:00.06 ; elapsed = 00:00:00.07 . Memory (MB): peak = 5698.934 ; gain = 0.000 ; free physical = 4627 ; free virtual = 18278
Wrote Device Cache: Time (s): cpu = 00:00:00.01 ; elapsed = 00:00:00.01 . Memory (MB): peak = 5698.934 ; gain = 0.000 ; free physical = 4620 ; free virtual = 18274
Write Physdb Complete: Time (s): cpu = 00:00:04 ; elapsed = 00:00:02 . Memory (MB): peak = 5698.934 ; gain = 0.000 ; free physical = 4620 ; free virtual = 18274
INFO: [Common 17-1381] The checkpoint '/media/thifj/923884033883E497/Linux_usable/hls4ml/vivado_project/hlsforml/hlsforml.runs/impl_1/design_1_wrapper_physopt.dcp' has been generated.
Command: route_design
Attempting to get a license for feature 'Implementation' and/or device 'xczu7ev'
INFO: [Common 17-349] Got license for feature 'Implementation' and/or device 'xczu7ev'


Starting Routing Task
INFO: [Route 35-254] Multithreading enabled for route_design using a maximum of 8 CPUs

Phase 1 Build RT Design
Checksum: PlaceDB: a5c13937 ConstDB: 0 ShapeSum: 73fed580 RouteDB: 6e2eb08e
Nodegraph reading from file.  Time (s): cpu = 00:00:00.64 ; elapsed = 00:00:00.69 . Memory (MB): peak = 5698.934 ; gain = 0.000 ; free physical = 4671 ; free virtual = 18263
Post Restoration Checksum: NetGraph: f0438d74 | NumContArr: eb65f796 | Constraints: a063918e | Timing: c2a8fa9d
Phase 1 Build RT Design | Checksum: 33eb61135

Time (s): cpu = 00:00:14 ; elapsed = 00:00:05 . Memory (MB): peak = 5698.934 ; gain = 0.000 ; free physical = 4700 ; free virtual = 18294

Phase 2 Router Initialization

Phase 2.1 Fix Topology Constraints
Phase 2.1 Fix Topology Constraints | Checksum: 33eb61135

Time (s): cpu = 00:00:14 ; elapsed = 00:00:05 . Memory (MB): peak = 5698.934 ; gain = 0.000 ; free physical = 4700 ; free virtual = 18294

Phase 2.2 Pre Route Cleanup
Phase 2.2 Pre Route Cleanup | Checksum: 33eb61135

Time (s): cpu = 00:00:14 ; elapsed = 00:00:05 . Memory (MB): peak = 5698.934 ; gain = 0.000 ; free physical = 4708 ; free virtual = 18302

Phase 2.3 Global Clock Net Routing
 Number of Nodes with overlaps = 0
Phase 2.3 Global Clock Net Routing | Checksum: 269475275

Time (s): cpu = 00:00:16 ; elapsed = 00:00:06 . Memory (MB): peak = 5698.934 ; gain = 0.000 ; free physical = 4713 ; free virtual = 18307

Phase 2.4 Update Timing
Phase 2.4 Update Timing | Checksum: 266cf7ecc

Time (s): cpu = 00:00:21 ; elapsed = 00:00:07 . Memory (MB): peak = 5698.934 ; gain = 0.000 ; free physical = 4724 ; free virtual = 18318
INFO: [Route 35-416] Intermediate Timing Summary | WNS=5.307  | TNS=0.000  | WHS=-0.051 | THS=-1.989 |


Phase 2.5 Soft Constraint Pins - Fast Budgeting
Phase 2.5 Soft Constraint Pins - Fast Budgeting | Checksum: 20fa8bc7f

Time (s): cpu = 00:00:33 ; elapsed = 00:00:10 . Memory (MB): peak = 5698.934 ; gain = 0.000 ; free physical = 4740 ; free virtual = 18335

Router Utilization Summary
  Global Vertical Routing Utilization    = 0 %
  Global Horizontal Routing Utilization  = 0 %
  Routable Net Status*
  *Does not include unroutable nets such as driverless and loadless.
  Run report_route_status for detailed report.
  Number of Failed Nets               = 24720
    (Failed Nets is the sum of unrouted and partially routed nets)
  Number of Unrouted Nets             = 22681
  Number of Partially Routed Nets     = 2039
  Number of Node Overlaps             = 0

Phase 2 Router Initialization | Checksum: 1b3871445

Time (s): cpu = 00:00:35 ; elapsed = 00:00:10 . Memory (MB): peak = 5698.934 ; gain = 0.000 ; free physical = 4745 ; free virtual = 18340

Phase 3 Global Routing
Phase 3 Global Routing | Checksum: 1b3871445

Time (s): cpu = 00:00:35 ; elapsed = 00:00:10 . Memory (MB): peak = 5698.934 ; gain = 0.000 ; free physical = 4745 ; free virtual = 18340

Phase 4 Initial Routing

Phase 4.1 Initial Net Routing Pass
Phase 4.1 Initial Net Routing Pass | Checksum: 245ac9b3d

Time (s): cpu = 00:00:42 ; elapsed = 00:00:12 . Memory (MB): peak = 5698.934 ; gain = 0.000 ; free physical = 4773 ; free virtual = 18368
Phase 4 Initial Routing | Checksum: 2465caa0b

Time (s): cpu = 00:00:42 ; elapsed = 00:00:12 . Memory (MB): peak = 5698.934 ; gain = 0.000 ; free physical = 4773 ; free virtual = 18368

Phase 5 Rip-up And Reroute

Phase 5.1 Global Iteration 0
 Number of Nodes with overlaps = 3235
 Number of Nodes with overlaps = 195
 Number of Nodes with overlaps = 11
 Number of Nodes with overlaps = 4
 Number of Nodes with overlaps = 2
 Number of Nodes with overlaps = 0
INFO: [Route 35-416] Intermediate Timing Summary | WNS=3.789  | TNS=0.000  | WHS=0.000  | THS=0.000  |

Phase 5.1 Global Iteration 0 | Checksum: 1697355da

Time (s): cpu = 00:01:14 ; elapsed = 00:00:24 . Memory (MB): peak = 5698.934 ; gain = 0.000 ; free physical = 4767 ; free virtual = 18383

Phase 5.2 Additional Iteration for Hold
Phase 5.2 Additional Iteration for Hold | Checksum: 1cc2a9eb9

Time (s): cpu = 00:01:14 ; elapsed = 00:00:24 . Memory (MB): peak = 5698.934 ; gain = 0.000 ; free physical = 4767 ; free virtual = 18383
Phase 5 Rip-up And Reroute | Checksum: 1cc2a9eb9

Time (s): cpu = 00:01:14 ; elapsed = 00:00:24 . Memory (MB): peak = 5698.934 ; gain = 0.000 ; free physical = 4767 ; free virtual = 18383

Phase 6 Delay and Skew Optimization

Phase 6.1 Delay CleanUp
Phase 6.1 Delay CleanUp | Checksum: 2045a8e79

Time (s): cpu = 00:01:14 ; elapsed = 00:00:24 . Memory (MB): peak = 5698.934 ; gain = 0.000 ; free physical = 4767 ; free virtual = 18383

Phase 6.2 Clock Skew Optimization
Phase 6.2 Clock Skew Optimization | Checksum: 2045a8e79

Time (s): cpu = 00:01:14 ; elapsed = 00:00:24 . Memory (MB): peak = 5698.934 ; gain = 0.000 ; free physical = 4767 ; free virtual = 18383
Phase 6 Delay and Skew Optimization | Checksum: 2045a8e79

Time (s): cpu = 00:01:14 ; elapsed = 00:00:24 . Memory (MB): peak = 5698.934 ; gain = 0.000 ; free physical = 4767 ; free virtual = 18383

Phase 7 Post Hold Fix

Phase 7.1 Hold Fix Iter
INFO: [Route 35-416] Intermediate Timing Summary | WNS=3.789  | TNS=0.000  | WHS=0.000  | THS=0.000  |

Phase 7.1 Hold Fix Iter | Checksum: 2e28703fe

Time (s): cpu = 00:01:20 ; elapsed = 00:00:25 . Memory (MB): peak = 5698.934 ; gain = 0.000 ; free physical = 4766 ; free virtual = 18382

Phase 7.2 Non Free Resource Hold Fix Iter
Phase 7.2 Non Free Resource Hold Fix Iter | Checksum: 2bfe41bc9

Time (s): cpu = 00:01:20 ; elapsed = 00:00:26 . Memory (MB): peak = 5698.934 ; gain = 0.000 ; free physical = 4766 ; free virtual = 18382
Phase 7 Post Hold Fix | Checksum: 2bfe41bc9

Time (s): cpu = 00:01:20 ; elapsed = 00:00:26 . Memory (MB): peak = 5698.934 ; gain = 0.000 ; free physical = 4766 ; free virtual = 18382

Phase 8 Route finalize

Router Utilization Summary
  Global Vertical Routing Utilization    = 2.2379 %
  Global Horizontal Routing Utilization  = 2.27306 %
  Routable Net Status*
  *Does not include unroutable nets such as driverless and loadless.
  Run report_route_status for detailed report.
  Number of Failed Nets               = 0
    (Failed Nets is the sum of unrouted and partially routed nets)
  Number of Unrouted Nets             = 0
  Number of Partially Routed Nets     = 0
  Number of Node Overlaps             = 0

Phase 8 Route finalize | Checksum: 2bfe41bc9

Time (s): cpu = 00:01:21 ; elapsed = 00:00:26 . Memory (MB): peak = 5698.934 ; gain = 0.000 ; free physical = 4766 ; free virtual = 18382

Phase 9 Verifying routed nets

 Verification completed successfully
Phase 9 Verifying routed nets | Checksum: 2bfe41bc9

Time (s): cpu = 00:01:21 ; elapsed = 00:00:26 . Memory (MB): peak = 5698.934 ; gain = 0.000 ; free physical = 4766 ; free virtual = 18382

Phase 10 Depositing Routes
Phase 10 Depositing Routes | Checksum: 2bfe41bc9

Time (s): cpu = 00:01:23 ; elapsed = 00:00:27 . Memory (MB): peak = 5698.934 ; gain = 0.000 ; free physical = 4766 ; free virtual = 18382

Phase 11 Resolve XTalk
Phase 11 Resolve XTalk | Checksum: 2bfe41bc9

Time (s): cpu = 00:01:23 ; elapsed = 00:00:27 . Memory (MB): peak = 5698.934 ; gain = 0.000 ; free physical = 4766 ; free virtual = 18382

Phase 12 Post Process Routing
Phase 12 Post Process Routing | Checksum: 2bfe41bc9

Time (s): cpu = 00:01:23 ; elapsed = 00:00:27 . Memory (MB): peak = 5698.934 ; gain = 0.000 ; free physical = 4766 ; free virtual = 18382

Phase 13 Post Router Timing

Phase 13.1 Update Timing
Phase 13.1 Update Timing | Checksum: 2bfe41bc9

Time (s): cpu = 00:01:27 ; elapsed = 00:00:28 . Memory (MB): peak = 5698.934 ; gain = 0.000 ; free physical = 4766 ; free virtual = 18382
INFO: [Route 35-57] Estimated Timing Summary | WNS=3.789  | TNS=0.000  | WHS=0.011  | THS=0.000  |

INFO: [Route 35-327] The final timing numbers are based on the router estimated timing analysis. For a complete and accurate timing signoff, please run report_timing_summary.
Phase 13 Post Router Timing | Checksum: 2bfe41bc9

Time (s): cpu = 00:01:27 ; elapsed = 00:00:28 . Memory (MB): peak = 5698.934 ; gain = 0.000 ; free physical = 4766 ; free virtual = 18382
Total Elapsed time in route_design: 27.85 secs

Phase 14 Post-Route Event Processing
Phase 14 Post-Route Event Processing | Checksum: 224aa7504

Time (s): cpu = 00:01:28 ; elapsed = 00:00:28 . Memory (MB): peak = 5698.934 ; gain = 0.000 ; free physical = 4766 ; free virtual = 18382
INFO: [Route 35-16] Router Completed Successfully
Ending Routing Task | Checksum: 224aa7504

Time (s): cpu = 00:01:28 ; elapsed = 00:00:28 . Memory (MB): peak = 5698.934 ; gain = 0.000 ; free physical = 4766 ; free virtual = 18382

Routing Is Done.
INFO: [Common 17-83] Releasing license: Implementation
111 Infos, 0 Warnings, 0 Critical Warnings and 0 Errors encountered.
route_design completed successfully
route_design: Time (s): cpu = 00:01:29 ; elapsed = 00:00:28 . Memory (MB): peak = 5698.934 ; gain = 0.000 ; free physical = 4766 ; free virtual = 18382
INFO: [Vivado 12-24828] Executing command : report_drc -file design_1_wrapper_drc_routed.rpt -pb design_1_wrapper_drc_routed.pb -rpx design_1_wrapper_drc_routed.rpx
Command: report_drc -file design_1_wrapper_drc_routed.rpt -pb design_1_wrapper_drc_routed.pb -rpx design_1_wrapper_drc_routed.rpx
INFO: [IP_Flow 19-1839] IP Catalog is up to date.
INFO: [DRC 23-27] Running DRC with 8 threads
INFO: [Vivado_Tcl 2-168] The results of DRC are in file /media/thifj/923884033883E497/Linux_usable/hls4ml/vivado_project/hlsforml/hlsforml.runs/impl_1/design_1_wrapper_drc_routed.rpt.
report_drc completed successfully
INFO: [Vivado 12-24828] Executing command : report_methodology -file design_1_wrapper_methodology_drc_routed.rpt -pb design_1_wrapper_methodology_drc_routed.pb -rpx design_1_wrapper_methodology_drc_routed.rpx
Command: report_methodology -file design_1_wrapper_methodology_drc_routed.rpt -pb design_1_wrapper_methodology_drc_routed.pb -rpx design_1_wrapper_methodology_drc_routed.rpx
INFO: [Timing 38-35] Done setting XDC timing constraints.
INFO: [DRC 23-133] Running Methodology with 8 threads
INFO: [Vivado_Tcl 2-1520] The results of Report Methodology are in file /media/thifj/923884033883E497/Linux_usable/hls4ml/vivado_project/hlsforml/hlsforml.runs/impl_1/design_1_wrapper_methodology_drc_routed.rpt.
report_methodology completed successfully
report_methodology: Time (s): cpu = 00:00:36 ; elapsed = 00:00:07 . Memory (MB): peak = 5698.934 ; gain = 0.000 ; free physical = 4722 ; free virtual = 18341
INFO: [Vivado 12-24828] Executing command : report_timing_summary -max_paths 10 -routable_nets -report_unconstrained -file design_1_wrapper_timing_summary_routed.rpt -pb design_1_wrapper_timing_summary_routed.pb -rpx design_1_wrapper_timing_summary_routed.rpx -warn_on_violation 
INFO: [Timing 38-35] Done setting XDC timing constraints.
INFO: [Timing 38-91] UpdateTimingParams: Speed grade: -2, Temperature grade: E, Delay Type: min_max.
INFO: [Timing 38-191] Multithreading enabled for timing update using a maximum of 8 CPUs
INFO: [Vivado 12-24838] Running report commands "report_bus_skew, report_incremental_reuse, report_route_status" in parallel.
Running report generation with 3 threads.
INFO: [Vivado 12-24828] Executing command : report_incremental_reuse -file design_1_wrapper_incremental_reuse_routed.rpt
INFO: [Vivado_Tcl 4-1062] Incremental flow is disabled. No incremental reuse Info to report.
INFO: [Vivado 12-24828] Executing command : report_bus_skew -warn_on_violation -file design_1_wrapper_bus_skew_routed.rpt -pb design_1_wrapper_bus_skew_routed.pb -rpx design_1_wrapper_bus_skew_routed.rpx
INFO: [Timing 38-91] UpdateTimingParams: Speed grade: -2, Temperature grade: E, Delay Type: min_max.
INFO: [Timing 38-191] Multithreading enabled for timing update using a maximum of 8 CPUs
INFO: [Vivado 12-24828] Executing command : report_route_status -file design_1_wrapper_route_status.rpt -pb design_1_wrapper_route_status.pb
INFO: [Vivado 12-24828] Executing command : report_power -file design_1_wrapper_power_routed.rpt -pb design_1_wrapper_power_summary_routed.pb -rpx design_1_wrapper_power_routed.rpx
Command: report_power -file design_1_wrapper_power_routed.rpt -pb design_1_wrapper_power_summary_routed.pb -rpx design_1_wrapper_power_routed.rpx
Running Vector-less Activity Propagation...

Finished Running Vector-less Activity Propagation
131 Infos, 0 Warnings, 0 Critical Warnings and 0 Errors encountered.
report_power completed successfully
report_power: Time (s): cpu = 00:00:11 ; elapsed = 00:00:06 . Memory (MB): peak = 5754.961 ; gain = 56.027 ; free physical = 4461 ; free virtual = 18166
INFO: [Vivado 12-24828] Executing command : report_clock_utilization -file design_1_wrapper_clock_utilization_routed.rpt
generate_parallel_reports: Time (s): cpu = 00:01:20 ; elapsed = 00:00:26 . Memory (MB): peak = 5754.961 ; gain = 56.027 ; free physical = 4402 ; free virtual = 18120
INFO: [Timing 38-480] Writing timing data to binary archive.
Write ShapeDB Complete: Time (s): cpu = 00:00:00.26 ; elapsed = 00:00:00.06 . Memory (MB): peak = 5754.961 ; gain = 0.000 ; free physical = 4387 ; free virtual = 18124
Wrote PlaceDB: Time (s): cpu = 00:00:04 ; elapsed = 00:00:01 . Memory (MB): peak = 5754.961 ; gain = 0.000 ; free physical = 4228 ; free virtual = 18044
Wrote PulsedLatchDB: Time (s): cpu = 00:00:00 ; elapsed = 00:00:00 . Memory (MB): peak = 5754.961 ; gain = 0.000 ; free physical = 4228 ; free virtual = 18044
Writing XDEF routing.
Writing XDEF routing logical nets.
Writing XDEF routing special nets.
Wrote RouteStorage: Time (s): cpu = 00:00:00.6 ; elapsed = 00:00:00.47 . Memory (MB): peak = 5754.961 ; gain = 0.000 ; free physical = 4194 ; free virtual = 18035
Wrote Netlist Cache: Time (s): cpu = 00:00:00.05 ; elapsed = 00:00:00.06 . Memory (MB): peak = 5754.961 ; gain = 0.000 ; free physical = 4176 ; free virtual = 18023
Wrote Device Cache: Time (s): cpu = 00:00:00.02 ; elapsed = 00:00:00.01 . Memory (MB): peak = 5754.961 ; gain = 0.000 ; free physical = 4167 ; free virtual = 18019
Write Physdb Complete: Time (s): cpu = 00:00:05 ; elapsed = 00:00:02 . Memory (MB): peak = 5754.961 ; gain = 0.000 ; free physical = 4160 ; free virtual = 18011
INFO: [Common 17-1381] The checkpoint '/media/thifj/923884033883E497/Linux_usable/hls4ml/vivado_project/hlsforml/hlsforml.runs/impl_1/design_1_wrapper_routed.dcp' has been generated.
INFO: [Memdata 28-167] Found XPM memory block design_1_i/axi_smc/inst/switchboards/i_nodes/i_w_node/inst/inst_si_handler/gen_si_handler.gen_request_fifos.gen_req_fifo[1].inst_req_fifo/gen_xpm_memory_fifo.inst_fifo/gen_mem_rep[0].inst_xpm_memory/xpm_memory_base_inst with a P_MEMORY_PRIMITIVE property set to distributed. A value of block is required. You will not be able to use the updatemem program to update the bitstream with new data for the design_1_i/axi_smc/inst/switchboards/i_nodes/i_w_node/inst/inst_si_handler/gen_si_handler.gen_request_fifos.gen_req_fifo[1].inst_req_fifo/gen_xpm_memory_fifo.inst_fifo/gen_mem_rep[0].inst_xpm_memory/xpm_memory_base_inst block.
INFO: [Memdata 28-167] Found XPM memory block design_1_i/axi_smc/inst/switchboards/i_nodes/i_w_node/inst/inst_si_handler/gen_si_handler.gen_request_fifos.gen_req_fifo[0].inst_req_fifo/gen_xpm_memory_fifo.inst_fifo/gen_mem_rep[0].inst_xpm_memory/xpm_memory_base_inst with a P_MEMORY_PRIMITIVE property set to distributed. A value of block is required. You will not be able to use the updatemem program to update the bitstream with new data for the design_1_i/axi_smc/inst/switchboards/i_nodes/i_w_node/inst/inst_si_handler/gen_si_handler.gen_request_fifos.gen_req_fifo[0].inst_req_fifo/gen_xpm_memory_fifo.inst_fifo/gen_mem_rep[0].inst_xpm_memory/xpm_memory_base_inst block.
INFO: [Memdata 28-167] Found XPM memory block design_1_i/axi_dma_0/U0/I_PRMRY_DATAMOVER/GEN_S2MM_FULL.I_S2MM_FULL_WRAPPER/GEN_ENABLE_INDET_BTT_SF.I_INDET_BTT/I_XD_FIFO/NON_BLK_MEM.I_SYNC_FIFOGEN_FIFO/xpm_fifo_base_inst/gen_sdpram.xpm_memory_base_inst with a P_MEMORY_PRIMITIVE property set to auto. A value of block is required. You will not be able to use the updatemem program to update the bitstream with new data for the design_1_i/axi_dma_0/U0/I_PRMRY_DATAMOVER/GEN_S2MM_FULL.I_S2MM_FULL_WRAPPER/GEN_ENABLE_INDET_BTT_SF.I_INDET_BTT/I_XD_FIFO/NON_BLK_MEM.I_SYNC_FIFOGEN_FIFO/xpm_fifo_base_inst/gen_sdpram.xpm_memory_base_inst block.
INFO: [Memdata 28-208] The XPM instance: <design_1_i/axi_dma_0/U0/I_PRMRY_DATAMOVER/GEN_S2MM_FULL.I_S2MM_FULL_WRAPPER/GEN_ENABLE_INDET_BTT_SF.I_INDET_BTT/I_DATA_FIFO/BLK_MEM.I_SYNC_FIFOGEN_FIFO/xpm_fifo_base_inst/gen_sdpram.xpm_memory_base_inst> is part of IP: <design_1_i/axi_dma_0>. This XPM instance will be excluded from the .mmi because updatemem is prohibited from making changes to an XPM that is part of an IP.
INFO: [Memdata 28-208] The XPM instance: <design_1_i/axi_dma_0/U0/I_PRMRY_DATAMOVER/GEN_MM2S_FULL.I_MM2S_FULL_WRAPPER/GEN_INCLUDE_MM2S_SF.I_RD_SF/I_DATA_FIFO/BLK_MEM.I_SYNC_FIFOGEN_FIFO/xpm_fifo_base_inst/gen_sdpram.xpm_memory_base_inst> is part of IP: <design_1_i/axi_dma_0>. This XPM instance will be excluded from the .mmi because updatemem is prohibited from making changes to an XPM that is part of an IP.
Command: write_bitstream -force design_1_wrapper.bit
Attempting to get a license for feature 'Implementation' and/or device 'xczu7ev'
INFO: [Common 17-349] Got license for feature 'Implementation' and/or device 'xczu7ev'
Running DRC as a precondition to command write_bitstream
INFO: [IP_Flow 19-1839] IP Catalog is up to date.
INFO: [DRC 23-27] Running DRC with 8 threads
INFO: [Vivado 12-3199] DRC finished with 0 Errors
INFO: [Vivado 12-3200] Please refer to the DRC report (report_drc) for more information.
INFO: [Designutils 20-2272] Running write_bitstream with 8 threads.
Loading data files...
Loading site data...
Loading route data...
Processing options...
Creating bitmap...
Creating bitstream...
Writing bitstream ./design_1_wrapper.bit...
INFO: [Vivado 12-1842] Bitgen Completed Successfully.
INFO: [Project 1-1876] WebTalk data collection is mandatory when using a ULT device. To see the specific WebTalk data collected for your design, open the usage_statistics_webtalk.html or usage_statistics_webtalk.xml file in the implementation directory.
INFO: [Common 17-83] Releasing license: Implementation
148 Infos, 0 Warnings, 0 Critical Warnings and 0 Errors encountered.
write_bitstream completed successfully
write_bitstream: Time (s): cpu = 00:00:26 ; elapsed = 00:00:32 . Memory (MB): peak = 5802.984 ; gain = 0.000 ; free physical = 4101 ; free virtual = 17920
INFO: [Common 17-206] Exiting Vivado at Thu Mar 26 14:21:19 2026...
